<?xml version="1.0" encoding="utf-8"?><testsuites><testsuite errors="0" failures="0" hostname="fv-az90-231" name="pytest" skipped="0" tests="86" time="2.032" timestamp="2021-09-21T10:57:41.045272"><testcase classname="pytest_steps.tests.test_all" name="test_run_all_tests[test_steps_parammode_with_results_basic.py]" time="0.088" /><testcase classname="pytest_steps.tests.test_all" name="test_run_all_tests[test_steps_parammode_with_results_complex.py]" time="0.115" /><testcase classname="pytest_steps.tests.test_all" name="test_run_all_tests[test_steps_genmode.py]" time="0.265" /><testcase classname="pytest_steps.tests.test_all" name="test_run_all_tests[test_steps_genmode_dependency_tree.py]" time="0.126" /><testcase classname="pytest_steps.tests.test_all" name="test_run_all_tests[test_wrapped_in_class.py]" time="0.087" /><testcase classname="pytest_steps.tests.test_all" name="test_run_all_tests[test_steps_parammode_stackoverflow2.py]" time="0.079" /><testcase classname="pytest_steps.tests.test_all" name="test_run_all_tests[test_steps_genmode_does_not_change_order.py]" time="0.087" /><testcase classname="pytest_steps.tests.test_all" name="test_run_all_tests[test_steps_parammode_no_results.py]" time="0.081" /><testcase classname="pytest_steps.tests.test_all" name="test_run_all_tests[test_pytest_parametrization_capabilities.py]" time="0.113" /><testcase classname="pytest_steps.tests.test_all" name="test_run_all_tests[test_steps_parammode_dependencies.py]" time="0.111" /><testcase classname="pytest_steps.tests.test_all" name="test_run_all_tests[test_steps_parammode_stackoverflow.py]" time="0.080" /><testcase classname="pytest_steps.tests.test_cross_steps_fixture" name="test_gen_mode[0-a]" time="0.001" /><testcase classname="pytest_steps.tests.test_cross_steps_fixture" name="test_gen_mode[0-b]" time="0.001" /><testcase classname="pytest_steps.tests.test_cross_steps_fixture" name="test_params_mode[0-step_a]" time="0.001" /><testcase classname="pytest_steps.tests.test_cross_steps_fixture" name="test_params_mode[0-step_b]" time="0.001" /><testcase classname="pytest_steps.tests.test_cross_steps_fixture" name="test_fixture_has_been_called_once_per_fun" time="0.001" /><testcase classname="pytest_steps.tests.test_docs_example_manual_call" name="test_dummy_gen[first]" time="0.001" /><testcase classname="pytest_steps.tests.test_docs_example_manual_call" name="test_dummy_gen[second]" time="0.001" /><testcase classname="pytest_steps.tests.test_docs_example_manual_call" name="test_dummy_param_deps[first]" time="0.001" /><testcase classname="pytest_steps.tests.test_docs_example_manual_call" name="test_dummy_param_deps[second]" time="0.001" /><testcase classname="pytest_steps.tests.test_docs_example_manual_call" name="test_dummy_param[first]" time="0.001" /><testcase classname="pytest_steps.tests.test_docs_example_manual_call" name="test_dummy_param[second]" time="0.001" /><testcase classname="pytest_steps.tests.test_docs_example_manual_call" name="test_manual_call[test_dummy_gen]" time="0.007" /><testcase classname="pytest_steps.tests.test_docs_example_manual_call" name="test_manual_call[test_dummy_param_deps]" time="0.001" /><testcase classname="pytest_steps.tests.test_docs_example_manual_call" name="test_manual_call[test_dummy_param]" time="0.001" /><testcase classname="pytest_steps.tests.test_docs_example_with_harvest" name="test_my_app_bench[A-1-train]" time="0.001" /><testcase classname="pytest_steps.tests.test_docs_example_with_harvest" name="test_my_app_bench[A-1-score]" time="0.001" /><testcase classname="pytest_steps.tests.test_docs_example_with_harvest" name="test_my_app_bench[A-2-train]" time="0.001" /><testcase classname="pytest_steps.tests.test_docs_example_with_harvest" name="test_my_app_bench[A-2-score]" time="0.001" /><testcase classname="pytest_steps.tests.test_docs_example_with_harvest" name="test_my_app_bench[B-1-train]" time="0.001" /><testcase classname="pytest_steps.tests.test_docs_example_with_harvest" name="test_my_app_bench[B-1-score]" time="0.001" /><testcase classname="pytest_steps.tests.test_docs_example_with_harvest" name="test_my_app_bench[B-2-train]" time="0.001" /><testcase classname="pytest_steps.tests.test_docs_example_with_harvest" name="test_my_app_bench[B-2-score]" time="0.001" /><testcase classname="pytest_steps.tests.test_docs_example_with_harvest" name="test_my_app_bench[C-1-train]" time="0.001" /><testcase classname="pytest_steps.tests.test_docs_example_with_harvest" name="test_my_app_bench[C-1-score]" time="0.001" /><testcase classname="pytest_steps.tests.test_docs_example_with_harvest" name="test_my_app_bench[C-2-train]" time="0.001" /><testcase classname="pytest_steps.tests.test_docs_example_with_harvest" name="test_my_app_bench[C-2-score]" time="0.001" /><testcase classname="pytest_steps.tests.test_docs_example_with_harvest" name="test_synthesis_df" time="0.069" /><testcase classname="pytest_steps.tests.test_step_id_conflicts" name="test_step_id_gen_mode_approx_conflict_params[p=a-a]" time="0.001" /><testcase classname="pytest_steps.tests.test_step_id_conflicts" name="test_step_id_gen_mode_approx_conflict_params[p=a-b]" time="0.001" /><testcase classname="pytest_steps.tests.test_step_id_conflicts" name="test_step_id_gen_mode_approx_conflict_params[p=b-a]" time="0.001" /><testcase classname="pytest_steps.tests.test_step_id_conflicts" name="test_step_id_gen_mode_approx_conflict_params[p=b-b]" time="0.001" /><testcase classname="pytest_steps.tests.test_step_id_conflicts" name="test_step_id_gen_mode_approx_conflict_fixture[hello-b-foo-a]" time="0.001" /><testcase classname="pytest_steps.tests.test_step_id_conflicts" name="test_step_id_gen_mode_approx_conflict_fixture[hello-b-foo-b]" time="0.001" /><testcase classname="pytest_steps.tests.test_step_id_conflicts" name="test_step_id_gen_mode_approx_conflict_params_and_no_conflict_fixture[1-p=a-a]" time="0.001" /><testcase classname="pytest_steps.tests.test_step_id_conflicts" name="test_step_id_gen_mode_approx_conflict_params_and_no_conflict_fixture[1-p=a-b]" time="0.001" /><testcase classname="pytest_steps.tests.test_step_id_conflicts" name="test_step_id_gen_mode_approx_conflict_params_and_no_conflict_fixture[1-p=b-a]" time="0.001" /><testcase classname="pytest_steps.tests.test_step_id_conflicts" name="test_step_id_gen_mode_approx_conflict_params_and_no_conflict_fixture[1-p=b-b]" time="0.001" /><testcase classname="pytest_steps.tests.test_step_id_conflicts" name="test_step_id_gen_mode_exact_conflict_with_param[a-a]" time="0.001" /><testcase classname="pytest_steps.tests.test_step_id_conflicts" name="test_step_id_gen_mode_exact_conflict_with_param[a-b]" time="0.001" /><testcase classname="pytest_steps.tests.test_step_id_conflicts" name="test_step_id_gen_mode_exact_conflict_with_param[b-a]" time="0.001" /><testcase classname="pytest_steps.tests.test_step_id_conflicts" name="test_step_id_gen_mode_exact_conflict_with_param[b-b]" time="0.001" /><testcase classname="pytest_steps.tests.test_step_id_conflicts" name="test_step_id_gen_mode_exact_conflict_with_fixture[b-a]" time="0.001" /><testcase classname="pytest_steps.tests.test_step_id_conflicts" name="test_step_id_gen_mode_exact_conflict_with_fixture[b-b]" time="0.001" /><testcase classname="pytest_steps.tests.test_step_id_conflicts" name="test_step_id_gen_mode_exact_conflict_with_param_and_fixture[b-a-a]" time="0.001" /><testcase classname="pytest_steps.tests.test_step_id_conflicts" name="test_step_id_gen_mode_exact_conflict_with_param_and_fixture[b-a-b]" time="0.001" /><testcase classname="pytest_steps.tests.test_step_id_conflicts" name="test_step_id_gen_mode_exact_conflict_with_param_and_fixture[b-b-a]" time="0.001" /><testcase classname="pytest_steps.tests.test_step_id_conflicts" name="test_step_id_gen_mode_exact_conflict_with_param_and_fixture[b-b-b]" time="0.001" /><testcase classname="pytest_steps.tests.test_step_id_conflicts" name="test_step_id_parametrize_mode_approx_conflict[p=a-a]" time="0.001" /><testcase classname="pytest_steps.tests.test_step_id_conflicts" name="test_step_id_parametrize_mode_approx_conflict[p=a-b]" time="0.001" /><testcase classname="pytest_steps.tests.test_step_id_conflicts" name="test_step_id_parametrize_mode_approx_conflict[p=b-a]" time="0.001" /><testcase classname="pytest_steps.tests.test_step_id_conflicts" name="test_step_id_parametrize_mode_approx_conflict[p=b-b]" time="0.001" /><testcase classname="pytest_steps.tests.test_step_id_conflicts" name="test_step_id_conflicts_parametrized2[1-p=a-a]" time="0.001" /><testcase classname="pytest_steps.tests.test_step_id_conflicts" name="test_step_id_conflicts_parametrized2[1-p=a-b]" time="0.001" /><testcase classname="pytest_steps.tests.test_step_id_conflicts" name="test_step_id_conflicts_parametrized2[1-p=b-a]" time="0.001" /><testcase classname="pytest_steps.tests.test_step_id_conflicts" name="test_step_id_conflicts_parametrized2[1-p=b-b]" time="0.001" /><testcase classname="pytest_steps.tests.test_step_id_conflicts" name="test_step_id_conflicts_parametrized3[b-p=a-a]" time="0.001" /><testcase classname="pytest_steps.tests.test_step_id_conflicts" name="test_step_id_conflicts_parametrized3[b-p=a-b]" time="0.001" /><testcase classname="pytest_steps.tests.test_step_id_conflicts" name="test_step_id_conflicts_parametrized3[b-p=b-a]" time="0.001" /><testcase classname="pytest_steps.tests.test_step_id_conflicts" name="test_step_id_conflicts_parametrized3[b-p=b-b]" time="0.001" /><testcase classname="pytest_steps.tests.test_steps_harvest" name="test_my_app_bench[A-1-train]" time="0.002" /><testcase classname="pytest_steps.tests.test_steps_harvest" name="test_my_app_bench[A-1-score]" time="0.001" /><testcase classname="pytest_steps.tests.test_steps_harvest" name="test_my_app_bench[A-2-train]" time="0.001" /><testcase classname="pytest_steps.tests.test_steps_harvest" name="test_my_app_bench[A-2-score]" time="0.001" /><testcase classname="pytest_steps.tests.test_steps_harvest" name="test_my_app_bench[B-1-train]" time="0.001" /><testcase classname="pytest_steps.tests.test_steps_harvest" name="test_my_app_bench[B-1-score]" time="0.001" /><testcase classname="pytest_steps.tests.test_steps_harvest" name="test_my_app_bench[B-2-train]" time="0.001" /><testcase classname="pytest_steps.tests.test_steps_harvest" name="test_my_app_bench[B-2-score]" time="0.001" /><testcase classname="pytest_steps.tests.test_steps_harvest" name="test_my_app_bench[C-1-train]" time="0.001" /><testcase classname="pytest_steps.tests.test_steps_harvest" name="test_my_app_bench[C-1-score]" time="0.001" /><testcase classname="pytest_steps.tests.test_steps_harvest" name="test_my_app_bench[C-2-train]" time="0.001" /><testcase classname="pytest_steps.tests.test_steps_harvest" name="test_my_app_bench[C-2-score]" time="0.001" /><testcase classname="pytest_steps.tests.test_steps_harvest" name="test_basic" time="0.001" /><testcase classname="pytest_steps.tests.test_steps_harvest" name="test_synthesis" time="0.029" /><testcase classname="pytest_steps.tests.test_with_cases" name="test_basic_modeling[dummy-a]" time="0.001" /><testcase classname="pytest_steps.tests.test_with_cases" name="test_basic_modeling[dummy-b]" time="0.003" /></testsuite></testsuites>