<?xml version="1.0" encoding="utf-8"?><testsuite errors="0" failures="0" name="pytest" skips="0" tests="68" time="0.393"><testcase classname="pytest_steps.tests.test_pytest_capabilities" file="pytest_steps/tests/test_pytest_capabilities.py" line="83" name="test_manual_pytest_equivalent[F-1a-test_step0-2A]" time="0.004399538040161133"><system-out>step a - 1a2AF
</system-out></testcase><testcase classname="pytest_steps.tests.test_pytest_capabilities" file="pytest_steps/tests/test_pytest_capabilities.py" line="83" name="test_manual_pytest_equivalent[F-1a-test_step0-2B]" time="0.0020132064819335938"><system-out>step a - 1a2BF
</system-out></testcase><testcase classname="pytest_steps.tests.test_pytest_capabilities" file="pytest_steps/tests/test_pytest_capabilities.py" line="83" name="test_manual_pytest_equivalent[F-1a-test_step1-2A]" time="0.002011537551879883"><system-out>step b - 1a2AF
some intermediate result created in step a for test 1a2AF ... augmented
</system-out></testcase><testcase classname="pytest_steps.tests.test_pytest_capabilities" file="pytest_steps/tests/test_pytest_capabilities.py" line="83" name="test_manual_pytest_equivalent[F-1a-test_step1-2B]" time="0.00243377685546875"><system-out>step b - 1a2BF
some intermediate result created in step a for test 1a2BF ... augmented
</system-out></testcase><testcase classname="pytest_steps.tests.test_pytest_capabilities" file="pytest_steps/tests/test_pytest_capabilities.py" line="83" name="test_manual_pytest_equivalent[F-1b-test_step0-2A]" time="0.0020036697387695312"><system-out>step a - 1b2AF
</system-out></testcase><testcase classname="pytest_steps.tests.test_pytest_capabilities" file="pytest_steps/tests/test_pytest_capabilities.py" line="83" name="test_manual_pytest_equivalent[F-1b-test_step0-2B]" time="0.0018935203552246094"><system-out>step a - 1b2BF
</system-out></testcase><testcase classname="pytest_steps.tests.test_pytest_capabilities" file="pytest_steps/tests/test_pytest_capabilities.py" line="83" name="test_manual_pytest_equivalent[F-1b-test_step1-2A]" time="0.0021169185638427734"><system-out>step b - 1b2AF
some intermediate result created in step a for test 1b2AF ... augmented
</system-out></testcase><testcase classname="pytest_steps.tests.test_pytest_capabilities" file="pytest_steps/tests/test_pytest_capabilities.py" line="83" name="test_manual_pytest_equivalent[F-1b-test_step1-2B]" time="0.0020148754119873047"><system-out>step b - 1b2BF
some intermediate result created in step a for test 1b2BF ... augmented
</system-out></testcase><testcase classname="pytest_steps.tests.test_pytest_capabilities" file="pytest_steps/tests/test_pytest_capabilities.py" line="83" name="test_manual_pytest_equivalent[G-1a-test_step0-2A]" time="0.0018470287322998047"><system-out>step a - 1a2AG
</system-out></testcase><testcase classname="pytest_steps.tests.test_pytest_capabilities" file="pytest_steps/tests/test_pytest_capabilities.py" line="83" name="test_manual_pytest_equivalent[G-1a-test_step0-2B]" time="0.0019655227661132812"><system-out>step a - 1a2BG
</system-out></testcase><testcase classname="pytest_steps.tests.test_pytest_capabilities" file="pytest_steps/tests/test_pytest_capabilities.py" line="83" name="test_manual_pytest_equivalent[G-1a-test_step1-2A]" time="0.0021245479583740234"><system-out>step b - 1a2AG
some intermediate result created in step a for test 1a2AG ... augmented
</system-out></testcase><testcase classname="pytest_steps.tests.test_pytest_capabilities" file="pytest_steps/tests/test_pytest_capabilities.py" line="83" name="test_manual_pytest_equivalent[G-1a-test_step1-2B]" time="0.0019161701202392578"><system-out>step b - 1a2BG
some intermediate result created in step a for test 1a2BG ... augmented
</system-out></testcase><testcase classname="pytest_steps.tests.test_pytest_capabilities" file="pytest_steps/tests/test_pytest_capabilities.py" line="83" name="test_manual_pytest_equivalent[G-1b-test_step0-2A]" time="0.0017185211181640625"><system-out>step a - 1b2AG
</system-out></testcase><testcase classname="pytest_steps.tests.test_pytest_capabilities" file="pytest_steps/tests/test_pytest_capabilities.py" line="83" name="test_manual_pytest_equivalent[G-1b-test_step0-2B]" time="0.0010159015655517578"><system-out>step a - 1b2BG
</system-out></testcase><testcase classname="pytest_steps.tests.test_pytest_capabilities" file="pytest_steps/tests/test_pytest_capabilities.py" line="83" name="test_manual_pytest_equivalent[G-1b-test_step1-2A]" time="0.0016448497772216797"><system-out>step b - 1b2AG
some intermediate result created in step a for test 1b2AG ... augmented
</system-out></testcase><testcase classname="pytest_steps.tests.test_pytest_capabilities" file="pytest_steps/tests/test_pytest_capabilities.py" line="83" name="test_manual_pytest_equivalent[G-1b-test_step1-2B]" time="0.0018339157104492188"><system-out>step b - 1b2BG
some intermediate result created in step a for test 1b2BG ... augmented
</system-out></testcase><testcase classname="pytest_steps.tests.test_stackoverflow" file="pytest_steps/tests/test_stackoverflow.py" line="29" name="test_suite_with_shared_results[step_first]" time="0.0011086463928222656"></testcase><testcase classname="pytest_steps.tests.test_stackoverflow" file="pytest_steps/tests/test_stackoverflow.py" line="29" name="test_suite_with_shared_results[step_conversion]" time="0.0014111995697021484"></testcase><testcase classname="pytest_steps.tests.test_stackoverflow" file="pytest_steps/tests/test_stackoverflow.py" line="29" name="test_suite_with_shared_results[step_a_works_with_b]" time="0.0014431476593017578"></testcase><testcase classname="pytest_steps.tests.test_stackoverflow2" file="&lt;decorator-gen-3&gt;" line="0" name="test_suite[step_instance_start]" time="0.0021343231201171875"></testcase><testcase classname="pytest_steps.tests.test_stackoverflow2" file="&lt;decorator-gen-3&gt;" line="0" name="test_suite[step_instance_stop]" time="0.0007877349853515625"></testcase><testcase classname="pytest_steps.tests.test_stackoverflow2" file="&lt;decorator-gen-3&gt;" line="0" name="test_suite[step_instance_delete]" time="0.0006060600280761719"></testcase><testcase classname="pytest_steps.tests.test_steps_dependencies" file="pytest_steps/tests/test_steps_dependencies.py" line="4" name="test_suite_1[step_a]" time="0.001401662826538086"><system-out>step a
</system-out></testcase><testcase classname="pytest_steps.tests.test_steps_dependencies" file="pytest_steps/tests/test_steps_dependencies.py" line="4" name="test_suite_1[step_b]" time="0.0011992454528808594"><system-out>step b
</system-out></testcase><testcase classname="pytest_steps.tests.test_steps_dependencies" file="pytest_steps/tests/test_steps_dependencies.py" line="4" name="test_suite_1[step_c]" time="0.0017132759094238281"><system-out>step c
</system-out></testcase><testcase classname="pytest_steps.tests.test_steps_dependencies" file="&lt;decorator-gen-4&gt;" line="0" name="test_suite_no_results[step_a]" time="0.0016353130340576172"><system-out>step a
</system-out></testcase><testcase classname="pytest_steps.tests.test_steps_dependencies" file="&lt;decorator-gen-4&gt;" line="0" name="test_suite_no_results[step_b]" time="0.0017595291137695312"><system-out>step b
</system-out></testcase><testcase classname="pytest_steps.tests.test_steps_dependencies" file="&lt;decorator-gen-4&gt;" line="0" name="test_suite_no_results[step_c]" time="0.0018622875213623047"><system-out>step c
</system-out></testcase><testcase classname="pytest_steps.tests.test_steps_new_with_generator" file="&lt;decorator-gen-10&gt;" line="0" name="test_suite_fixture[step_a]" time="0.0013461112976074219"><system-out>created new fixture 140393115635384
step a
140393115635384 called for the 1-th time
</system-out></testcase><testcase classname="pytest_steps.tests.test_steps_new_with_generator" file="&lt;decorator-gen-10&gt;" line="0" name="test_suite_fixture[step_b]" time="0.0006661415100097656"><system-out>created new fixture 140393115603240
step b
140393115603240 called for the 1-th time
</system-out></testcase><testcase classname="pytest_steps.tests.test_steps_new_with_generator" file="&lt;decorator-gen-5&gt;" line="0" name="test_suite_shared_results_no_yield_names[step_a]" time="0.0015556812286376953"><system-out>step a
</system-out></testcase><testcase classname="pytest_steps.tests.test_steps_new_with_generator" file="&lt;decorator-gen-5&gt;" line="0" name="test_suite_shared_results_no_yield_names[step_b]" time="0.001653909683227539"><system-out>step b
</system-out></testcase><testcase classname="pytest_steps.tests.test_steps_new_with_generator" file="&lt;decorator-gen-5&gt;" line="0" name="test_suite_shared_results_no_yield_names[step_c]" time="0.0021872520446777344"><system-out>step c
some intermediate result created in step a ... augmented
</system-out></testcase><testcase classname="pytest_steps.tests.test_steps_new_with_generator" file="&lt;decorator-gen-6&gt;" line="0" name="test_suite_exception_on_mandatory_step[step_a]" time="0.0020270347595214844"><system-out>step a
</system-out></testcase><testcase classname="pytest_steps.tests.test_steps_new_with_generator" file="&lt;decorator-gen-6&gt;" line="0" name="test_suite_exception_on_mandatory_step[step_b]" time="0.0009903907775878906"><system-out>step b
</system-out></testcase><testcase classname="pytest_steps.tests.test_steps_new_with_generator" file="&lt;decorator-gen-6&gt;" line="0" name="test_suite_exception_on_mandatory_step[step_c]" time="0.0018112659454345703"><system-out>step c
</system-out></testcase><testcase classname="pytest_steps.tests.test_steps_new_with_generator" file="&lt;decorator-gen-7&gt;" line="0" name="test_suite_optional_and_dependent_steps[step_a]" time="0.001903533935546875"><system-out>step a
</system-out></testcase><testcase classname="pytest_steps.tests.test_steps_new_with_generator" file="&lt;decorator-gen-7&gt;" line="0" name="test_suite_optional_and_dependent_steps[step_b]" time="0.002128124237060547"><system-out>step b
</system-out></testcase><testcase classname="pytest_steps.tests.test_steps_new_with_generator" file="&lt;decorator-gen-7&gt;" line="0" name="test_suite_optional_and_dependent_steps[step_c]" time="0.0029993057250976562"><system-out>step c
</system-out></testcase><testcase classname="pytest_steps.tests.test_steps_new_with_generator" file="&lt;decorator-gen-7&gt;" line="0" name="test_suite_optional_and_dependent_steps[step_d]" time="0.0011076927185058594"><system-out>step d
</system-out></testcase><testcase classname="pytest_steps.tests.test_steps_new_with_generator" file="&lt;decorator-gen-8&gt;" line="0" name="test_suite_parametrized[i=0-step_a]" time="0.0019087791442871094"><system-out>step a, i=0
</system-out></testcase><testcase classname="pytest_steps.tests.test_steps_new_with_generator" file="&lt;decorator-gen-8&gt;" line="0" name="test_suite_parametrized[i=0-step_b]" time="0.002166271209716797"><system-out>step b, i=0
</system-out></testcase><testcase classname="pytest_steps.tests.test_steps_new_with_generator" file="&lt;decorator-gen-8&gt;" line="0" name="test_suite_parametrized[i=1-step_a]" time="0.0018918514251708984"><system-out>step a, i=1
</system-out></testcase><testcase classname="pytest_steps.tests.test_steps_new_with_generator" file="&lt;decorator-gen-8&gt;" line="0" name="test_suite_parametrized[i=1-step_b]" time="0.00199127197265625"><system-out>step b, i=1
</system-out></testcase><testcase classname="pytest_steps.tests.test_steps_no_results" file="pytest_steps/tests/test_steps_no_results.py" line="3" name="test_suite_no_results_str[step_a]" time="0.0015132427215576172"><system-out>step a
</system-out></testcase><testcase classname="pytest_steps.tests.test_steps_no_results" file="pytest_steps/tests/test_steps_no_results.py" line="3" name="test_suite_no_results_str[step_b]" time="0.0016274452209472656"><system-out>step b
</system-out></testcase><testcase classname="pytest_steps.tests.test_steps_no_results" file="pytest_steps/tests/test_steps_no_results.py" line="30" name="test_suite_no_results_fun[step_a]" time="0.0015251636505126953"><system-out>step a
</system-out></testcase><testcase classname="pytest_steps.tests.test_steps_no_results" file="pytest_steps/tests/test_steps_no_results.py" line="30" name="test_suite_no_results_fun[step_b]" time="0.0010762214660644531"><system-out>step b
</system-out></testcase><testcase classname="pytest_steps.tests.test_steps_with_results_basic" file="pytest_steps/tests/test_steps_with_results_basic.py" line="3" name="test_suite_with_shared_results[step_a]" time="0.001051187515258789"><system-out>step a
</system-out></testcase><testcase classname="pytest_steps.tests.test_steps_with_results_basic" file="pytest_steps/tests/test_steps_with_results_basic.py" line="3" name="test_suite_with_shared_results[step_b]" time="0.002014636993408203"><system-out>step b
some intermediate result created in step a ... augmented
</system-out></testcase><testcase classname="pytest_steps.tests.test_steps_with_results_basic" file="pytest_steps/tests/test_steps_with_results_basic.py" line="45" name="test_suite_with_steps_data[step_a]" time="0.001850128173828125"><system-out>step a
</system-out></testcase><testcase classname="pytest_steps.tests.test_steps_with_results_basic" file="pytest_steps/tests/test_steps_with_results_basic.py" line="45" name="test_suite_with_steps_data[step_b]" time="0.001619100570678711"><system-out>step b
some intermediate result created in step a ... augmented
</system-out></testcase><testcase classname="pytest_steps.tests.test_steps_with_results_complex" file="pytest_steps/tests/test_steps_with_results_complex.py" line="46" name="test_suite_with_results[F-1a-step_a-2A]" time="0.0018310546875"><system-out>step a - 1a2AF
</system-out></testcase><testcase classname="pytest_steps.tests.test_steps_with_results_complex" file="pytest_steps/tests/test_steps_with_results_complex.py" line="46" name="test_suite_with_results[F-1a-step_a-2B]" time="0.0019445419311523438"><system-out>step a - 1a2BF
</system-out></testcase><testcase classname="pytest_steps.tests.test_steps_with_results_complex" file="pytest_steps/tests/test_steps_with_results_complex.py" line="46" name="test_suite_with_results[F-1a-step_b-2A]" time="0.0020554065704345703"><system-out>step b - 1a2AF
some intermediate result created in step a for test 1a2AF ... augmented
</system-out></testcase><testcase classname="pytest_steps.tests.test_steps_with_results_complex" file="pytest_steps/tests/test_steps_with_results_complex.py" line="46" name="test_suite_with_results[F-1a-step_b-2B]" time="0.0010788440704345703"><system-out>step b - 1a2BF
some intermediate result created in step a for test 1a2BF ... augmented
</system-out></testcase><testcase classname="pytest_steps.tests.test_steps_with_results_complex" file="pytest_steps/tests/test_steps_with_results_complex.py" line="46" name="test_suite_with_results[F-1b-step_a-2A]" time="0.0007789134979248047"><system-out>step a - 1b2AF
</system-out></testcase><testcase classname="pytest_steps.tests.test_steps_with_results_complex" file="pytest_steps/tests/test_steps_with_results_complex.py" line="46" name="test_suite_with_results[F-1b-step_a-2B]" time="0.0009427070617675781"><system-out>step a - 1b2BF
</system-out></testcase><testcase classname="pytest_steps.tests.test_steps_with_results_complex" file="pytest_steps/tests/test_steps_with_results_complex.py" line="46" name="test_suite_with_results[F-1b-step_b-2A]" time="0.0007202625274658203"><system-out>step b - 1b2AF
some intermediate result created in step a for test 1b2AF ... augmented
</system-out></testcase><testcase classname="pytest_steps.tests.test_steps_with_results_complex" file="pytest_steps/tests/test_steps_with_results_complex.py" line="46" name="test_suite_with_results[F-1b-step_b-2B]" time="0.002070188522338867"><system-out>step b - 1b2BF
some intermediate result created in step a for test 1b2BF ... augmented
</system-out></testcase><testcase classname="pytest_steps.tests.test_steps_with_results_complex" file="pytest_steps/tests/test_steps_with_results_complex.py" line="46" name="test_suite_with_results[G-1a-step_a-2A]" time="0.002106189727783203"><system-out>step a - 1a2AG
</system-out></testcase><testcase classname="pytest_steps.tests.test_steps_with_results_complex" file="pytest_steps/tests/test_steps_with_results_complex.py" line="46" name="test_suite_with_results[G-1a-step_a-2B]" time="0.002050161361694336"><system-out>step a - 1a2BG
</system-out></testcase><testcase classname="pytest_steps.tests.test_steps_with_results_complex" file="pytest_steps/tests/test_steps_with_results_complex.py" line="46" name="test_suite_with_results[G-1a-step_b-2A]" time="0.002037525177001953"><system-out>step b - 1a2AG
some intermediate result created in step a for test 1a2AG ... augmented
</system-out></testcase><testcase classname="pytest_steps.tests.test_steps_with_results_complex" file="pytest_steps/tests/test_steps_with_results_complex.py" line="46" name="test_suite_with_results[G-1a-step_b-2B]" time="0.0015196800231933594"><system-out>step b - 1a2BG
some intermediate result created in step a for test 1a2BG ... augmented
</system-out></testcase><testcase classname="pytest_steps.tests.test_steps_with_results_complex" file="pytest_steps/tests/test_steps_with_results_complex.py" line="46" name="test_suite_with_results[G-1b-step_a-2A]" time="0.00183868408203125"><system-out>step a - 1b2AG
</system-out></testcase><testcase classname="pytest_steps.tests.test_steps_with_results_complex" file="pytest_steps/tests/test_steps_with_results_complex.py" line="46" name="test_suite_with_results[G-1b-step_a-2B]" time="0.002035856246948242"><system-out>step a - 1b2BG
</system-out></testcase><testcase classname="pytest_steps.tests.test_steps_with_results_complex" file="pytest_steps/tests/test_steps_with_results_complex.py" line="46" name="test_suite_with_results[G-1b-step_b-2A]" time="0.001928567886352539"><system-out>step b - 1b2AG
some intermediate result created in step a for test 1b2AG ... augmented
</system-out></testcase><testcase classname="pytest_steps.tests.test_steps_with_results_complex" file="pytest_steps/tests/test_steps_with_results_complex.py" line="46" name="test_suite_with_results[G-1b-step_b-2B]" time="0.0021812915802001953"><system-out>step b - 1b2BG
some intermediate result created in step a for test 1b2BG ... augmented
</system-out></testcase></testsuite>