<?xml version="1.0" encoding="utf-8"?><testsuite errors="0" failures="0" name="pytest" skips="0" tests="86" time="1.334"><testcase classname="pytest_steps.tests.test_all" file="pytest_steps/tests/test_all.py" line="21" name="test_run_all_tests[test_steps_parammode_stackoverflow.py]" time="0.037902116775512695"><system-out>
Testing that running pytest on file test_steps_parammode_stackoverflow.py results in {&apos;skipped&apos;: 0, &apos;passed&apos;: 3, &apos;failed&apos;: 0}
============================= test session starts ==============================
platform linux -- Python 3.5.6, pytest-2.9.2, py-1.8.1, pluggy-0.3.1
rootdir: /tmp/pytest-of-travis/pytest-0/testdir/test_run_all_tests0, inifile: 
plugins: steps-1.7.2, logging-2015.11.4, html-1.9.0, harvest-1.7.4, cov-2.6.0, cases-1.12.0
collected 3 items

test_run_all_tests.py ...

=========================== 3 passed in 0.01 seconds ===========================
</system-out></testcase><testcase classname="pytest_steps.tests.test_all" file="pytest_steps/tests/test_all.py" line="21" name="test_run_all_tests[test_steps_parammode_with_results_basic.py]" time="0.03564929962158203"><system-out>
Testing that running pytest on file test_steps_parammode_with_results_basic.py results in {&apos;skipped&apos;: 0, &apos;passed&apos;: 4, &apos;failed&apos;: 0}
============================= test session starts ==============================
platform linux -- Python 3.5.6, pytest-2.9.2, py-1.8.1, pluggy-0.3.1
rootdir: /tmp/pytest-of-travis/pytest-0/testdir/test_run_all_tests1, inifile: 
plugins: steps-1.7.2, logging-2015.11.4, html-1.9.0, harvest-1.7.4, cov-2.6.0, cases-1.12.0
collected 4 items

test_run_all_tests.py ....

=========================== 4 passed in 0.01 seconds ===========================
</system-out></testcase><testcase classname="pytest_steps.tests.test_all" file="pytest_steps/tests/test_all.py" line="21" name="test_run_all_tests[test_steps_genmode.py]" time="0.14663982391357422"><system-out>
Testing that running pytest on file test_steps_genmode.py results in {&apos;skipped&apos;: 2, &apos;passed&apos;: 15, &apos;failed&apos;: 2}
============================= test session starts ==============================
platform linux -- Python 3.5.6, pytest-2.9.2, py-1.8.1, pluggy-0.3.1
rootdir: /tmp/pytest-of-travis/pytest-0/testdir/test_run_all_tests2, inifile: 
plugins: steps-1.7.2, logging-2015.11.4, html-1.9.0, harvest-1.7.4, cov-2.6.0, cases-1.12.0
collected 19 items

test_run_all_tests.py .....Fs.Fs.........

=================================== FAILURES ===================================
________________ test_suite_exception_on_mandatory_step[step_b] ________________

________step_name_ = &apos;step_b&apos;
request = &lt;FixtureRequest for &lt;Function &apos;test_suite_exception_on_mandatory_step[step_b]&apos;&gt;&gt;

&gt;   ???

&lt;makefun-gen-35&gt;:2: 
_ _ _ _ _ _ _ _ _ _ _ _ _ _ _ _ _ _ _ _ _ _ _ _ _ _ _ _ _ _ _ _ _ _ _ _ _ _ _ _ 
/home/travis/build/smarie/python-pytest-steps/pytest_steps/steps_generator.py:493: in wrapped_test_function
    steps_monitor.execute(step_name, args, kwargs)
/home/travis/build/smarie/python-pytest-steps/pytest_steps/steps_generator.py:299: in execute
    res = next(self.gen)
_ _ _ _ _ _ _ _ _ _ _ _ _ _ _ _ _ _ _ _ _ _ _ _ _ _ _ _ _ _ _ _ _ _ _ _ _ _ _ _ 

    @test_steps(&apos;step_a&apos;, &apos;step_b&apos;, &apos;step_c&apos;)
    def test_suite_exception_on_mandatory_step():
        &quot;&quot;&quot; &quot;&quot;&quot;
    
        # Step A
        print(&quot;step a&quot;)
        assert not False  # replace with your logic
        yield &apos;step_a&apos;
    
        # Step B
        print(&quot;step b&quot;)
&gt;       pytest.fail(&quot;Failed intentionally - this is normal&quot;)  # replace with your logic
E       Failed: Failed intentionally - this is normal

test_run_all_tests.py:60: Failed
----------------------------- Captured stdout call -----------------------------
step b
_______________ test_suite_optional_and_dependent_steps[step_b] ________________

________step_name_ = &apos;step_b&apos;
request = &lt;FixtureRequest for &lt;Function &apos;test_suite_optional_and_dependent_steps[step_b]&apos;&gt;&gt;

&gt;   ???

&lt;makefun-gen-36&gt;:2: 
_ _ _ _ _ _ _ _ _ _ _ _ _ _ _ _ _ _ _ _ _ _ _ _ _ _ _ _ _ _ _ _ _ _ _ _ _ _ _ _ 
/home/travis/build/smarie/python-pytest-steps/pytest_steps/steps_generator.py:493: in wrapped_test_function
    steps_monitor.execute(step_name, args, kwargs)
/home/travis/build/smarie/python-pytest-steps/pytest_steps/steps_generator.py:321: in execute
    reraise(res.exec_result.exc_type, res.exec_result.exc_val, res.exec_result.tb)
/home/travis/miniconda/envs/test-environment/lib/python3.5/site-packages/six.py:693: in reraise
    raise value
_ _ _ _ _ _ _ _ _ _ _ _ _ _ _ _ _ _ _ _ _ _ _ _ _ _ _ _ _ _ _ _ _ _ _ _ _ _ _ _ 

    @test_steps(&apos;step_a&apos;, &apos;step_b&apos;, &apos;step_c&apos;, &apos;step_d&apos;)
    def test_suite_optional_and_dependent_steps():
        &quot;&quot;&quot; &quot;&quot;&quot;
    
        # Step A
        print(&quot;step a&quot;)
        assert not False
        yield &apos;step_a&apos;
    
        # Step B
        with optional_step(&apos;step_b&apos;) as step_b:
            print(&quot;step b&quot;)
&gt;           pytest.fail(&quot;Failed intentionally - this is normal&quot;)
E           Failed: Failed intentionally - this is normal

test_run_all_tests.py:81: Failed
----------------------------- Captured stdout call -----------------------------
step b
================ 2 failed, 15 passed, 2 skipped in 0.12 seconds ================
</system-out></testcase><testcase classname="pytest_steps.tests.test_all" file="pytest_steps/tests/test_all.py" line="21" name="test_run_all_tests[test_wrapped_in_class.py]" time="0.06996870040893555"><system-out>
Testing that running pytest on file test_wrapped_in_class.py results in {&apos;skipped&apos;: 0, &apos;passed&apos;: 6, &apos;failed&apos;: 0}
============================= test session starts ==============================
platform linux -- Python 3.5.6, pytest-2.9.2, py-1.8.1, pluggy-0.3.1
rootdir: /tmp/pytest-of-travis/pytest-0/testdir/test_run_all_tests3, inifile: 
plugins: steps-1.7.2, logging-2015.11.4, html-1.9.0, harvest-1.7.4, cov-2.6.0, cases-1.12.0
collected 6 items

test_run_all_tests.py ......

=========================== 6 passed in 0.05 seconds ===========================
</system-out></testcase><testcase classname="pytest_steps.tests.test_all" file="pytest_steps/tests/test_all.py" line="21" name="test_run_all_tests[test_pytest_parametrization_capabilities.py]" time="0.05069780349731445"><system-out>
Testing that running pytest on file test_pytest_parametrization_capabilities.py results in {&apos;skipped&apos;: 0, &apos;passed&apos;: 16, &apos;failed&apos;: 0}
============================= test session starts ==============================
platform linux -- Python 3.5.6, pytest-2.9.2, py-1.8.1, pluggy-0.3.1
rootdir: /tmp/pytest-of-travis/pytest-0/testdir/test_run_all_tests4, inifile: 
plugins: steps-1.7.2, logging-2015.11.4, html-1.9.0, harvest-1.7.4, cov-2.6.0, cases-1.12.0
collected 16 items

test_run_all_tests.py ................

========================== 16 passed in 0.03 seconds ===========================
</system-out></testcase><testcase classname="pytest_steps.tests.test_all" file="pytest_steps/tests/test_all.py" line="21" name="test_run_all_tests[test_steps_genmode_does_not_change_order.py]" time="0.036267995834350586"><system-out>
Testing that running pytest on file test_steps_genmode_does_not_change_order.py results in {&apos;skipped&apos;: 0, &apos;passed&apos;: 5, &apos;failed&apos;: 0}
============================= test session starts ==============================
platform linux -- Python 3.5.6, pytest-2.9.2, py-1.8.1, pluggy-0.3.1
rootdir: /tmp/pytest-of-travis/pytest-0/testdir/test_run_all_tests5, inifile: 
plugins: steps-1.7.2, logging-2015.11.4, html-1.9.0, harvest-1.7.4, cov-2.6.0, cases-1.12.0
collected 5 items

test_run_all_tests.py .....

=========================== 5 passed in 0.01 seconds ===========================
</system-out></testcase><testcase classname="pytest_steps.tests.test_all" file="pytest_steps/tests/test_all.py" line="21" name="test_run_all_tests[test_steps_parammode_no_results.py]" time="0.033524274826049805"><system-out>
Testing that running pytest on file test_steps_parammode_no_results.py results in {&apos;skipped&apos;: 0, &apos;passed&apos;: 4, &apos;failed&apos;: 0}
============================= test session starts ==============================
platform linux -- Python 3.5.6, pytest-2.9.2, py-1.8.1, pluggy-0.3.1
rootdir: /tmp/pytest-of-travis/pytest-0/testdir/test_run_all_tests6, inifile: 
plugins: steps-1.7.2, logging-2015.11.4, html-1.9.0, harvest-1.7.4, cov-2.6.0, cases-1.12.0
collected 4 items

test_run_all_tests.py ....

=========================== 4 passed in 0.01 seconds ===========================
</system-out></testcase><testcase classname="pytest_steps.tests.test_all" file="pytest_steps/tests/test_all.py" line="21" name="test_run_all_tests[test_steps_genmode_dependency_tree.py]" time="0.07430791854858398"><system-out>
Testing that running pytest on file test_steps_genmode_dependency_tree.py results in {&apos;skipped&apos;: 5, &apos;passed&apos;: 8, &apos;failed&apos;: 1}
============================= test session starts ==============================
platform linux -- Python 3.5.6, pytest-2.9.2, py-1.8.1, pluggy-0.3.1
rootdir: /tmp/pytest-of-travis/pytest-0/testdir/test_run_all_tests7, inifile: 
plugins: steps-1.7.2, logging-2015.11.4, html-1.9.0, harvest-1.7.4, cov-2.6.0, cases-1.12.0
collected 14 items

test_run_all_tests.py ....Fs....ssss

=================================== FAILURES ===================================
_____________________________ test_3_4[p=b-step3] ______________________________

p = &apos;b&apos;
results_dct = {&apos;step1&apos;: 1, &apos;step2&apos;: &apos;hello&apos;, &apos;step3&apos;: {&apos;a&apos;: &apos;bla&apos;, &apos;b&apos;: &apos;bla&apos;}, &apos;step4&apos;: {&apos;a&apos;: &apos;blabla&apos;}}
________step_name_ = &apos;step3&apos;
request = &lt;FixtureRequest for &lt;Function &apos;test_3_4[p=b-step3]&apos;&gt;&gt;

&gt;   ???

&lt;makefun-gen-51&gt;:2: 
_ _ _ _ _ _ _ _ _ _ _ _ _ _ _ _ _ _ _ _ _ _ _ _ _ _ _ _ _ _ _ _ _ _ _ _ _ _ _ _ 
/home/travis/build/smarie/python-pytest-steps/pytest_steps/steps_generator.py:493: in wrapped_test_function
    steps_monitor.execute(step_name, args, kwargs)
/home/travis/build/smarie/python-pytest-steps/pytest_steps/steps_generator.py:299: in execute
    res = next(self.gen)
_ _ _ _ _ _ _ _ _ _ _ _ _ _ _ _ _ _ _ _ _ _ _ _ _ _ _ _ _ _ _ _ _ _ _ _ _ _ _ _ 

p = &apos;b&apos;
results_dct = {&apos;step1&apos;: 1, &apos;step2&apos;: &apos;hello&apos;, &apos;step3&apos;: {&apos;a&apos;: &apos;bla&apos;, &apos;b&apos;: &apos;bla&apos;}, &apos;step4&apos;: {&apos;a&apos;: &apos;blabla&apos;}}

    @test_steps(&apos;step3&apos;, &apos;step4&apos;)
    @pytest.mark.parametrize(&apos;p&apos;, [&apos;a&apos;, &apos;b&apos;], ids=&quot;p={}&quot;.format)
    def test_3_4(p, results_dct):
        if &apos;step2&apos; not in results_dct:
            pytest.skip(&quot;Can not start step 3: step 2 has not run successfuly&quot;)
        # step 3
        results_dct.setdefault(&apos;step3&apos;, dict())[p] = &apos;bla&apos;
        if p == &apos;b&apos;:
&gt;           pytest.fail(&quot;Failed intentionally - this is normal&quot;)
E           Failed: Failed intentionally - this is normal

test_run_all_tests.py:33: Failed
================ 1 failed, 8 passed, 5 skipped in 0.05 seconds =================
</system-out></testcase><testcase classname="pytest_steps.tests.test_all" file="pytest_steps/tests/test_all.py" line="21" name="test_run_all_tests[test_steps_parammode_dependencies.py]" time="0.06769227981567383"><system-out>
Testing that running pytest on file test_steps_parammode_dependencies.py results in {&apos;skipped&apos;: 1, &apos;passed&apos;: 4, &apos;failed&apos;: 2}
============================= test session starts ==============================
platform linux -- Python 3.5.6, pytest-2.9.2, py-1.8.1, pluggy-0.3.1
rootdir: /tmp/pytest-of-travis/pytest-0/testdir/test_run_all_tests8, inifile: 
plugins: steps-1.7.2, logging-2015.11.4, html-1.9.0, harvest-1.7.4, cov-2.6.0, cases-1.12.0
collected 7 items

test_run_all_tests.py .Fs..F.

=================================== FAILURES ===================================
________________________ test_suite_no_results[step_b] _________________________

request = &lt;FixtureRequest for &lt;Function &apos;test_suite_no_results[step_b]&apos;&gt;&gt;
test_step = &lt;function step_b at 0x7f0bf45fd950&gt;

&gt;   ???

&lt;makefun-gen-53&gt;:2: 
_ _ _ _ _ _ _ _ _ _ _ _ _ _ _ _ _ _ _ _ _ _ _ _ _ _ _ _ _ _ _ _ _ _ _ _ _ _ _ _ 
/home/travis/build/smarie/python-pytest-steps/pytest_steps/steps_parametrizer.py:173: in wrapped_test_function
    res = test_func(*args, **kwargs)
test_run_all_tests.py:54: in test_suite_no_results
    test_step()
_ _ _ _ _ _ _ _ _ _ _ _ _ _ _ _ _ _ _ _ _ _ _ _ _ _ _ _ _ _ _ _ _ _ _ _ _ _ _ _ 

    def step_b():
        &quot;&quot;&quot; Step a of the test &quot;&quot;&quot;
    
        # perform this step
        print(&quot;step b&quot;)
&gt;       pytest.fail(&quot;Failed intentionally - this is normal&quot;)
E       Failed: Failed intentionally - this is normal

test_run_all_tests.py:37: Failed
----------------------------- Captured stdout call -----------------------------
step b
_____________________________ test_suite_1[step_b] _____________________________

test_step = &apos;step_b&apos;
request = &lt;FixtureRequest for &lt;Function &apos;test_suite_1[step_b]&apos;&gt;&gt;

&gt;   ???

&lt;makefun-gen-54&gt;:2: 
_ _ _ _ _ _ _ _ _ _ _ _ _ _ _ _ _ _ _ _ _ _ _ _ _ _ _ _ _ _ _ _ _ _ _ _ _ _ _ _ 
/home/travis/build/smarie/python-pytest-steps/pytest_steps/steps_parametrizer.py:130: in wrapped_test_function
    return test_func(*args, **kwargs)
test_run_all_tests.py:83: in test_suite_1
    step_b()
_ _ _ _ _ _ _ _ _ _ _ _ _ _ _ _ _ _ _ _ _ _ _ _ _ _ _ _ _ _ _ _ _ _ _ _ _ _ _ _ 

    def step_b():
        &quot;&quot;&quot; Step a of the test &quot;&quot;&quot;
    
        # perform this step
        print(&quot;step b&quot;)
&gt;       pytest.fail(&quot;Failed intentionally - this is normal&quot;)
E       Failed: Failed intentionally - this is normal

test_run_all_tests.py:37: Failed
----------------------------- Captured stdout call -----------------------------
step b
================ 2 failed, 4 passed, 1 skipped in 0.04 seconds =================
</system-out></testcase><testcase classname="pytest_steps.tests.test_all" file="pytest_steps/tests/test_all.py" line="21" name="test_run_all_tests[test_steps_parammode_stackoverflow2.py]" time="0.0332331657409668"><system-out>
Testing that running pytest on file test_steps_parammode_stackoverflow2.py results in {&apos;skipped&apos;: 0, &apos;passed&apos;: 3, &apos;failed&apos;: 0}
============================= test session starts ==============================
platform linux -- Python 3.5.6, pytest-2.9.2, py-1.8.1, pluggy-0.3.1
rootdir: /tmp/pytest-of-travis/pytest-0/testdir/test_run_all_tests9, inifile: 
plugins: steps-1.7.2, logging-2015.11.4, html-1.9.0, harvest-1.7.4, cov-2.6.0, cases-1.12.0
collected 3 items

test_run_all_tests.py ...

=========================== 3 passed in 0.01 seconds ===========================
</system-out></testcase><testcase classname="pytest_steps.tests.test_all" file="pytest_steps/tests/test_all.py" line="21" name="test_run_all_tests[test_steps_parammode_with_results_complex.py]" time="0.0516357421875"><system-out>
Testing that running pytest on file test_steps_parammode_with_results_complex.py results in {&apos;skipped&apos;: 0, &apos;passed&apos;: 16, &apos;failed&apos;: 0}
============================= test session starts ==============================
platform linux -- Python 3.5.6, pytest-2.9.2, py-1.8.1, pluggy-0.3.1
rootdir: /tmp/pytest-of-travis/pytest-0/testdir/test_run_all_tests10, inifile: 
plugins: steps-1.7.2, logging-2015.11.4, html-1.9.0, harvest-1.7.4, cov-2.6.0, cases-1.12.0
collected 16 items

test_run_all_tests.py ................

========================== 16 passed in 0.03 seconds ===========================
</system-out></testcase><testcase classname="pytest_steps.tests.test_cross_steps_fixture" file="pytest_steps/tests/test_cross_steps_fixture.py" line="17" name="test_gen_mode[0-a]" time="0.0008974075317382812"><system-out>hello
</system-out></testcase><testcase classname="pytest_steps.tests.test_cross_steps_fixture" file="pytest_steps/tests/test_cross_steps_fixture.py" line="17" name="test_gen_mode[0-b]" time="0.0011551380157470703"><system-out>world
</system-out></testcase><testcase classname="pytest_steps.tests.test_cross_steps_fixture" file="pytest_steps/tests/test_cross_steps_fixture.py" line="34" name="test_params_mode[step_a-0]" time="0.0008168220520019531"><system-out>hello
</system-out></testcase><testcase classname="pytest_steps.tests.test_cross_steps_fixture" file="pytest_steps/tests/test_cross_steps_fixture.py" line="34" name="test_params_mode[step_b-0]" time="0.0007648468017578125"><system-out>world
</system-out></testcase><testcase classname="pytest_steps.tests.test_cross_steps_fixture" file="pytest_steps/tests/test_cross_steps_fixture.py" line="40" name="test_fixture_has_been_called_once_per_fun" time="0.0005657672882080078"></testcase><testcase classname="pytest_steps.tests.test_docs_example_manual_call" file="pytest_steps/tests/test_docs_example_manual_call.py" line="5" name="test_dummy_gen[first]" time="0.0007834434509277344"><system-out>hello
</system-out></testcase><testcase classname="pytest_steps.tests.test_docs_example_manual_call" file="pytest_steps/tests/test_docs_example_manual_call.py" line="5" name="test_dummy_gen[second]" time="0.0008027553558349609"><system-out>world
</system-out></testcase><testcase classname="pytest_steps.tests.test_docs_example_manual_call" file="pytest_steps/tests/test_docs_example_manual_call.py" line="22" name="test_dummy_param_deps[first]" time="0.0007200241088867188"><system-out>hello
</system-out></testcase><testcase classname="pytest_steps.tests.test_docs_example_manual_call" file="pytest_steps/tests/test_docs_example_manual_call.py" line="22" name="test_dummy_param_deps[second]" time="0.0007579326629638672"><system-out>world
</system-out></testcase><testcase classname="pytest_steps.tests.test_docs_example_manual_call" file="pytest_steps/tests/test_docs_example_manual_call.py" line="27" name="test_dummy_param[first]" time="0.00069427490234375"><system-out>hello
</system-out></testcase><testcase classname="pytest_steps.tests.test_docs_example_manual_call" file="pytest_steps/tests/test_docs_example_manual_call.py" line="27" name="test_dummy_param[second]" time="0.0006945133209228516"><system-out>world
</system-out></testcase><testcase classname="pytest_steps.tests.test_docs_example_manual_call" file="pytest_steps/tests/test_docs_example_manual_call.py" line="35" name="test_manual_call[test_dummy_gen]" time="0.0047266483306884766"><system-out>Help on function test_dummy_gen in module pytest_steps.tests.test_docs_example_manual_call:

test_dummy_gen(________step_name_, request)

None
hello
world
hello
hello
world
</system-out></testcase><testcase classname="pytest_steps.tests.test_docs_example_manual_call" file="pytest_steps/tests/test_docs_example_manual_call.py" line="35" name="test_manual_call[test_dummy_param_deps]" time="0.0015804767608642578"><system-out>Help on function test_dummy_param_deps in module pytest_steps.tests.test_docs_example_manual_call:

test_dummy_param_deps(test_step, request)
    Executes the current step only if its dependencies are correct, and registers its execution result

None
hello
world
hello
hello
world
world
</system-out></testcase><testcase classname="pytest_steps.tests.test_docs_example_manual_call" file="pytest_steps/tests/test_docs_example_manual_call.py" line="35" name="test_manual_call[test_dummy_param]" time="0.001104116439819336"><system-out>Help on function test_dummy_param in module pytest_steps.tests.test_docs_example_manual_call:

test_dummy_param(test_step, request)

None
hello
world
hello
hello
world
world
</system-out></testcase><testcase classname="pytest_steps.tests.test_docs_example_with_harvest" file="pytest_steps/tests/test_docs_example_with_harvest.py" line="32" name="test_my_app_bench[1-A-train]" time="0.001088857650756836"></testcase><testcase classname="pytest_steps.tests.test_docs_example_with_harvest" file="pytest_steps/tests/test_docs_example_with_harvest.py" line="32" name="test_my_app_bench[1-A-score]" time="0.000997304916381836"></testcase><testcase classname="pytest_steps.tests.test_docs_example_with_harvest" file="pytest_steps/tests/test_docs_example_with_harvest.py" line="32" name="test_my_app_bench[1-B-train]" time="0.0012319087982177734"></testcase><testcase classname="pytest_steps.tests.test_docs_example_with_harvest" file="pytest_steps/tests/test_docs_example_with_harvest.py" line="32" name="test_my_app_bench[1-B-score]" time="0.0009708404541015625"></testcase><testcase classname="pytest_steps.tests.test_docs_example_with_harvest" file="pytest_steps/tests/test_docs_example_with_harvest.py" line="32" name="test_my_app_bench[1-C-train]" time="0.0009818077087402344"></testcase><testcase classname="pytest_steps.tests.test_docs_example_with_harvest" file="pytest_steps/tests/test_docs_example_with_harvest.py" line="32" name="test_my_app_bench[1-C-score]" time="0.0011992454528808594"></testcase><testcase classname="pytest_steps.tests.test_docs_example_with_harvest" file="pytest_steps/tests/test_docs_example_with_harvest.py" line="32" name="test_my_app_bench[2-A-train]" time="0.001253366470336914"></testcase><testcase classname="pytest_steps.tests.test_docs_example_with_harvest" file="pytest_steps/tests/test_docs_example_with_harvest.py" line="32" name="test_my_app_bench[2-A-score]" time="0.0010862350463867188"></testcase><testcase classname="pytest_steps.tests.test_docs_example_with_harvest" file="pytest_steps/tests/test_docs_example_with_harvest.py" line="32" name="test_my_app_bench[2-B-train]" time="0.0010764598846435547"></testcase><testcase classname="pytest_steps.tests.test_docs_example_with_harvest" file="pytest_steps/tests/test_docs_example_with_harvest.py" line="32" name="test_my_app_bench[2-B-score]" time="0.0009806156158447266"></testcase><testcase classname="pytest_steps.tests.test_docs_example_with_harvest" file="pytest_steps/tests/test_docs_example_with_harvest.py" line="32" name="test_my_app_bench[2-C-train]" time="0.0010251998901367188"></testcase><testcase classname="pytest_steps.tests.test_docs_example_with_harvest" file="pytest_steps/tests/test_docs_example_with_harvest.py" line="32" name="test_my_app_bench[2-C-score]" time="0.0009562969207763672"></testcase><testcase classname="pytest_steps.tests.test_docs_example_with_harvest" file="pytest_steps/tests/test_docs_example_with_harvest.py" line="53" name="test_synthesis_df" time="0.08271932601928711"><system-out>
   `module_results_df` dataframe:

                                status    ...     accuracy
test_id                step_id            ...             
test_my_app_bench[1-A] train    passed    ...     0.073622
                       score    passed    ...          NaN
test_my_app_bench[1-B] train    passed    ...     0.658073
                       score    passed    ...          NaN
test_my_app_bench[1-C] train    passed    ...     0.472761
                       score    passed    ...          NaN
test_my_app_bench[2-A] train    passed    ...     0.185034
                       score    passed    ...          NaN
test_my_app_bench[2-B] train    passed    ...     0.640523
                       score    passed    ...          NaN
test_my_app_bench[2-C] train    passed    ...     0.619060
                       score    passed    ...          NaN

[12 rows x 6 columns]
                                     status      duration_ms    algo_param  dataset_param    dataset           accuracy
-----------------------------------  --------  -------------  ------------  ---------------  -------------  -----------
(&apos;test_my_app_bench[1-A]&apos;, &apos;train&apos;)  passed         0.216484             1  A                my dataset #A    0.0736217
(&apos;test_my_app_bench[1-A]&apos;, &apos;score&apos;)  passed         0.19908              1  A                my dataset #A  nan
(&apos;test_my_app_bench[1-B]&apos;, &apos;train&apos;)  passed         0.189781             1  B                my dataset #B    0.658073
(&apos;test_my_app_bench[1-B]&apos;, &apos;score&apos;)  passed         0.17786              1  B                my dataset #B  nan
(&apos;test_my_app_bench[1-C]&apos;, &apos;train&apos;)  passed         0.192642             1  C                my dataset #C    0.472761
(&apos;test_my_app_bench[1-C]&apos;, &apos;score&apos;)  passed         0.279665             1  C                my dataset #C  nan
(&apos;test_my_app_bench[2-A]&apos;, &apos;train&apos;)  passed         0.441074             2  A                my dataset #A    0.185034
(&apos;test_my_app_bench[2-A]&apos;, &apos;score&apos;)  passed         0.178814             2  A                my dataset #A  nan
(&apos;test_my_app_bench[2-B]&apos;, &apos;train&apos;)  passed         0.281811             2  B                my dataset #B    0.640523
(&apos;test_my_app_bench[2-B]&apos;, &apos;score&apos;)  passed         0.177383             2  B                my dataset #B  nan
(&apos;test_my_app_bench[2-C]&apos;, &apos;train&apos;)  passed         0.216722             2  C                my dataset #C    0.61906
(&apos;test_my_app_bench[2-C]&apos;, &apos;score&apos;)  passed         0.177622             2  C                my dataset #C  nan

   `module_results_df_steps_pivoted` dataframe:

                        algo_param      ...        score/dataset
test_id                                 ...                     
test_my_app_bench[1-A]           1      ...        my dataset #A
test_my_app_bench[1-B]           1      ...        my dataset #B
test_my_app_bench[1-C]           1      ...        my dataset #C
test_my_app_bench[2-A]           2      ...        my dataset #A
test_my_app_bench[2-B]           2      ...        my dataset #B
test_my_app_bench[2-C]           2      ...        my dataset #C

[6 rows x 9 columns]
test_id                   algo_param  dataset_param    train/status      train/duration_ms  train/dataset      train/accuracy  score/status      score/duration_ms  score/dataset
----------------------  ------------  ---------------  --------------  -------------------  ---------------  ----------------  --------------  -------------------  ---------------
test_my_app_bench[1-A]             1  A                passed                     0.216484  my dataset #A           0.0736217  passed                     0.19908   my dataset #A
test_my_app_bench[1-B]             1  B                passed                     0.189781  my dataset #B           0.658073   passed                     0.17786   my dataset #B
test_my_app_bench[1-C]             1  C                passed                     0.192642  my dataset #C           0.472761   passed                     0.279665  my dataset #C
test_my_app_bench[2-A]             2  A                passed                     0.441074  my dataset #A           0.185034   passed                     0.178814  my dataset #A
test_my_app_bench[2-B]             2  B                passed                     0.281811  my dataset #B           0.640523   passed                     0.177383  my dataset #B
test_my_app_bench[2-C]             2  C                passed                     0.216722  my dataset #C           0.61906    passed                     0.177622  my dataset #C
</system-out><system-err>/home/travis/miniconda/envs/test-environment/lib/python3.5/site-packages/pandas/core/reshape/merge.py:544: UserWarning: merging between different levels can give an unintended result (1 levels on the left, 2 on the right)
  warnings.warn(msg, UserWarning)
</system-err></testcase><testcase classname="pytest_steps.tests.test_step_id_conflicts" file="pytest_steps/tests/test_step_id_conflicts.py" line="26" name="test_step_id_gen_mode_approx_conflict_params[p=a-a]" time="0.0010523796081542969"></testcase><testcase classname="pytest_steps.tests.test_step_id_conflicts" file="pytest_steps/tests/test_step_id_conflicts.py" line="26" name="test_step_id_gen_mode_approx_conflict_params[p=a-b]" time="0.0010075569152832031"></testcase><testcase classname="pytest_steps.tests.test_step_id_conflicts" file="pytest_steps/tests/test_step_id_conflicts.py" line="26" name="test_step_id_gen_mode_approx_conflict_params[p=b-a]" time="0.0011539459228515625"></testcase><testcase classname="pytest_steps.tests.test_step_id_conflicts" file="pytest_steps/tests/test_step_id_conflicts.py" line="26" name="test_step_id_gen_mode_approx_conflict_params[p=b-b]" time="0.0013704299926757812"></testcase><testcase classname="pytest_steps.tests.test_step_id_conflicts" file="pytest_steps/tests/test_step_id_conflicts.py" line="33" name="test_step_id_gen_mode_approx_conflict_fixture[hello-b-foo-a]" time="0.0009107589721679688"></testcase><testcase classname="pytest_steps.tests.test_step_id_conflicts" file="pytest_steps/tests/test_step_id_conflicts.py" line="33" name="test_step_id_gen_mode_approx_conflict_fixture[hello-b-foo-b]" time="0.0008721351623535156"></testcase><testcase classname="pytest_steps.tests.test_step_id_conflicts" file="pytest_steps/tests/test_step_id_conflicts.py" line="39" name="test_step_id_gen_mode_approx_conflict_params_and_no_conflict_fixture[p=a-1-a]" time="0.0011005401611328125"><system-out>a
</system-out></testcase><testcase classname="pytest_steps.tests.test_step_id_conflicts" file="pytest_steps/tests/test_step_id_conflicts.py" line="39" name="test_step_id_gen_mode_approx_conflict_params_and_no_conflict_fixture[p=a-1-b]" time="0.0010728836059570312"><system-out>b
</system-out></testcase><testcase classname="pytest_steps.tests.test_step_id_conflicts" file="pytest_steps/tests/test_step_id_conflicts.py" line="39" name="test_step_id_gen_mode_approx_conflict_params_and_no_conflict_fixture[p=b-1-a]" time="0.0025277137756347656"><system-out>a
</system-out></testcase><testcase classname="pytest_steps.tests.test_step_id_conflicts" file="pytest_steps/tests/test_step_id_conflicts.py" line="39" name="test_step_id_gen_mode_approx_conflict_params_and_no_conflict_fixture[p=b-1-b]" time="0.0010597705841064453"><system-out>b
</system-out></testcase><testcase classname="pytest_steps.tests.test_step_id_conflicts" file="pytest_steps/tests/test_step_id_conflicts.py" line="50" name="test_step_id_gen_mode_exact_conflict_with_param[a-a]" time="0.0014412403106689453"><system-out>a
</system-out></testcase><testcase classname="pytest_steps.tests.test_step_id_conflicts" file="pytest_steps/tests/test_step_id_conflicts.py" line="50" name="test_step_id_gen_mode_exact_conflict_with_param[a-b]" time="0.0012843608856201172"><system-out>b
</system-out></testcase><testcase classname="pytest_steps.tests.test_step_id_conflicts" file="pytest_steps/tests/test_step_id_conflicts.py" line="50" name="test_step_id_gen_mode_exact_conflict_with_param[b-a]" time="0.0016901493072509766"><system-out>a
</system-out></testcase><testcase classname="pytest_steps.tests.test_step_id_conflicts" file="pytest_steps/tests/test_step_id_conflicts.py" line="50" name="test_step_id_gen_mode_exact_conflict_with_param[b-b]" time="0.0012881755828857422"><system-out>b
</system-out></testcase><testcase classname="pytest_steps.tests.test_step_id_conflicts" file="pytest_steps/tests/test_step_id_conflicts.py" line="59" name="test_step_id_gen_mode_exact_conflict_with_fixture[b-a]" time="0.0010838508605957031"><system-out>a
</system-out></testcase><testcase classname="pytest_steps.tests.test_step_id_conflicts" file="pytest_steps/tests/test_step_id_conflicts.py" line="59" name="test_step_id_gen_mode_exact_conflict_with_fixture[b-b]" time="0.00101470947265625"><system-out>b
</system-out></testcase><testcase classname="pytest_steps.tests.test_step_id_conflicts" file="pytest_steps/tests/test_step_id_conflicts.py" line="67" name="test_step_id_gen_mode_exact_conflict_with_param_and_fixture[a-b-a]" time="0.0011479854583740234"><system-out>a
</system-out></testcase><testcase classname="pytest_steps.tests.test_step_id_conflicts" file="pytest_steps/tests/test_step_id_conflicts.py" line="67" name="test_step_id_gen_mode_exact_conflict_with_param_and_fixture[a-b-b]" time="0.0016453266143798828"><system-out>b
</system-out></testcase><testcase classname="pytest_steps.tests.test_step_id_conflicts" file="pytest_steps/tests/test_step_id_conflicts.py" line="67" name="test_step_id_gen_mode_exact_conflict_with_param_and_fixture[b-b-a]" time="0.0010492801666259766"><system-out>a
</system-out></testcase><testcase classname="pytest_steps.tests.test_step_id_conflicts" file="pytest_steps/tests/test_step_id_conflicts.py" line="67" name="test_step_id_gen_mode_exact_conflict_with_param_and_fixture[b-b-b]" time="0.0010638236999511719"><system-out>b
</system-out></testcase><testcase classname="pytest_steps.tests.test_step_id_conflicts" file="pytest_steps/tests/test_step_id_conflicts.py" line="79" name="test_step_id_parametrize_mode_approx_conflict[a-p=a]" time="0.0011341571807861328"><system-out>a
</system-out></testcase><testcase classname="pytest_steps.tests.test_step_id_conflicts" file="pytest_steps/tests/test_step_id_conflicts.py" line="79" name="test_step_id_parametrize_mode_approx_conflict[a-p=b]" time="0.0020842552185058594"><system-out>a
</system-out></testcase><testcase classname="pytest_steps.tests.test_step_id_conflicts" file="pytest_steps/tests/test_step_id_conflicts.py" line="79" name="test_step_id_parametrize_mode_approx_conflict[b-p=a]" time="0.0010559558868408203"><system-out>b
</system-out></testcase><testcase classname="pytest_steps.tests.test_step_id_conflicts" file="pytest_steps/tests/test_step_id_conflicts.py" line="79" name="test_step_id_parametrize_mode_approx_conflict[b-p=b]" time="0.0009992122650146484"><system-out>b
</system-out></testcase><testcase classname="pytest_steps.tests.test_step_id_conflicts" file="pytest_steps/tests/test_step_id_conflicts.py" line="88" name="test_step_id_conflicts_parametrized2[a-p=a-1]" time="0.0010232925415039062"><system-out>a
</system-out></testcase><testcase classname="pytest_steps.tests.test_step_id_conflicts" file="pytest_steps/tests/test_step_id_conflicts.py" line="88" name="test_step_id_conflicts_parametrized2[a-p=b-1]" time="0.0010616779327392578"><system-out>a
</system-out></testcase><testcase classname="pytest_steps.tests.test_step_id_conflicts" file="pytest_steps/tests/test_step_id_conflicts.py" line="88" name="test_step_id_conflicts_parametrized2[b-p=a-1]" time="0.0009667873382568359"><system-out>b
</system-out></testcase><testcase classname="pytest_steps.tests.test_step_id_conflicts" file="pytest_steps/tests/test_step_id_conflicts.py" line="88" name="test_step_id_conflicts_parametrized2[b-p=b-1]" time="0.0009503364562988281"><system-out>b
</system-out></testcase><testcase classname="pytest_steps.tests.test_step_id_conflicts" file="pytest_steps/tests/test_step_id_conflicts.py" line="97" name="test_step_id_conflicts_parametrized3[a-p=a-b]" time="0.001058340072631836"><system-out>a
</system-out></testcase><testcase classname="pytest_steps.tests.test_step_id_conflicts" file="pytest_steps/tests/test_step_id_conflicts.py" line="97" name="test_step_id_conflicts_parametrized3[a-p=b-b]" time="0.0009455680847167969"><system-out>a
</system-out></testcase><testcase classname="pytest_steps.tests.test_step_id_conflicts" file="pytest_steps/tests/test_step_id_conflicts.py" line="97" name="test_step_id_conflicts_parametrized3[b-p=a-b]" time="0.0010039806365966797"><system-out>b
</system-out></testcase><testcase classname="pytest_steps.tests.test_step_id_conflicts" file="pytest_steps/tests/test_step_id_conflicts.py" line="97" name="test_step_id_conflicts_parametrized3[b-p=b-b]" time="0.0009262561798095703"><system-out>b
</system-out></testcase><testcase classname="pytest_steps.tests.test_steps_harvest" file="pytest_steps/tests/test_steps_harvest.py" line="32" name="test_my_app_bench[1-A-train]" time="0.0012352466583251953"></testcase><testcase classname="pytest_steps.tests.test_steps_harvest" file="pytest_steps/tests/test_steps_harvest.py" line="32" name="test_my_app_bench[1-A-score]" time="0.0011010169982910156"></testcase><testcase classname="pytest_steps.tests.test_steps_harvest" file="pytest_steps/tests/test_steps_harvest.py" line="32" name="test_my_app_bench[1-B-train]" time="0.001451730728149414"></testcase><testcase classname="pytest_steps.tests.test_steps_harvest" file="pytest_steps/tests/test_steps_harvest.py" line="32" name="test_my_app_bench[1-B-score]" time="0.00106048583984375"></testcase><testcase classname="pytest_steps.tests.test_steps_harvest" file="pytest_steps/tests/test_steps_harvest.py" line="32" name="test_my_app_bench[1-C-train]" time="0.0010581016540527344"></testcase><testcase classname="pytest_steps.tests.test_steps_harvest" file="pytest_steps/tests/test_steps_harvest.py" line="32" name="test_my_app_bench[1-C-score]" time="0.0010769367218017578"></testcase><testcase classname="pytest_steps.tests.test_steps_harvest" file="pytest_steps/tests/test_steps_harvest.py" line="32" name="test_my_app_bench[2-A-train]" time="0.0011174678802490234"></testcase><testcase classname="pytest_steps.tests.test_steps_harvest" file="pytest_steps/tests/test_steps_harvest.py" line="32" name="test_my_app_bench[2-A-score]" time="0.001018524169921875"></testcase><testcase classname="pytest_steps.tests.test_steps_harvest" file="pytest_steps/tests/test_steps_harvest.py" line="32" name="test_my_app_bench[2-B-train]" time="0.0010616779327392578"></testcase><testcase classname="pytest_steps.tests.test_steps_harvest" file="pytest_steps/tests/test_steps_harvest.py" line="32" name="test_my_app_bench[2-B-score]" time="0.0010759830474853516"></testcase><testcase classname="pytest_steps.tests.test_steps_harvest" file="pytest_steps/tests/test_steps_harvest.py" line="32" name="test_my_app_bench[2-C-train]" time="0.0010704994201660156"></testcase><testcase classname="pytest_steps.tests.test_steps_harvest" file="pytest_steps/tests/test_steps_harvest.py" line="32" name="test_my_app_bench[2-C-score]" time="0.0010068416595458984"></testcase><testcase classname="pytest_steps.tests.test_steps_harvest" file="pytest_steps/tests/test_steps_harvest.py" line="53" name="test_basic" time="0.0005347728729248047"></testcase><testcase classname="pytest_steps.tests.test_steps_harvest" file="pytest_steps/tests/test_steps_harvest.py" line="58" name="test_synthesis" time="0.053772687911987305"><system-out>test_id                   algo_param  dataset_param    train/status      train/duration_ms  train/dataset      train/accuracy  score/status      score/duration_ms  score/dataset    -/status      -/duration_ms
----------------------  ------------  ---------------  --------------  -------------------  ---------------  ----------------  --------------  -------------------  ---------------  ----------  ---------------
test_my_app_bench[1-A]             1  A                passed                     0.255346  my dataset #A           0.994009   passed                     0.219584  my dataset #A    nan              nan
test_my_app_bench[1-B]             1  B                passed                     0.212669  my dataset #B           0.673355   passed                     0.2141    my dataset #B    nan              nan
test_my_app_bench[1-C]             1  C                passed                     0.217199  my dataset #C           0.0140495  passed                     0.212908  my dataset #C    nan              nan
test_my_app_bench[2-A]             2  A                passed                     0.260592  my dataset #A           0.173455   passed                     0.205278  my dataset #A    nan              nan
test_my_app_bench[2-B]             2  B                passed                     0.215054  my dataset #B           0.530706   passed                     0.191689  my dataset #B    nan              nan
test_my_app_bench[2-C]             2  C                passed                     0.211     my dataset #C           0.482951   passed                     0.197172  my dataset #C    nan              nan
test_basic                       nan  nan              nan                      nan         nan                   nan          nan                      nan         nan              passed             0.130892
</system-out></testcase><testcase classname="pytest_steps.tests.test_with_cases" file="pytest_steps/tests/test_with_cases.py" line="8" name="test_basic_modeling[case_dummy-a]" time="0.001020669937133789"></testcase><testcase classname="pytest_steps.tests.test_with_cases" file="pytest_steps/tests/test_with_cases.py" line="8" name="test_basic_modeling[case_dummy-b]" time="0.0012331008911132812"></testcase></testsuite>