<?xml version="1.0" encoding="utf-8"?><testsuite errors="0" failures="0" name="pytest" skips="0" tests="68" time="0.569"><testcase classname="pytest_steps.tests.test_pytest_capabilities" file="pytest_steps/tests/test_pytest_capabilities.py" line="83" name="test_manual_pytest_equivalent[F-1a-step_a-2A]" time="0.003100156784057617"><system-out>step a - 1a2AF
</system-out></testcase><testcase classname="pytest_steps.tests.test_pytest_capabilities" file="pytest_steps/tests/test_pytest_capabilities.py" line="83" name="test_manual_pytest_equivalent[F-1a-step_a-2B]" time="0.002563953399658203"><system-out>step a - 1a2BF
</system-out></testcase><testcase classname="pytest_steps.tests.test_pytest_capabilities" file="pytest_steps/tests/test_pytest_capabilities.py" line="83" name="test_manual_pytest_equivalent[F-1a-step_b-2A]" time="0.0028655529022216797"><system-out>step b - 1a2AF
some intermediate result created in step a for test 1a2AF ... augmented
</system-out></testcase><testcase classname="pytest_steps.tests.test_pytest_capabilities" file="pytest_steps/tests/test_pytest_capabilities.py" line="83" name="test_manual_pytest_equivalent[F-1a-step_b-2B]" time="0.0025169849395751953"><system-out>step b - 1a2BF
some intermediate result created in step a for test 1a2BF ... augmented
</system-out></testcase><testcase classname="pytest_steps.tests.test_pytest_capabilities" file="pytest_steps/tests/test_pytest_capabilities.py" line="83" name="test_manual_pytest_equivalent[F-1b-step_a-2A]" time="0.0029404163360595703"><system-out>step a - 1b2AF
</system-out></testcase><testcase classname="pytest_steps.tests.test_pytest_capabilities" file="pytest_steps/tests/test_pytest_capabilities.py" line="83" name="test_manual_pytest_equivalent[F-1b-step_a-2B]" time="0.002347230911254883"><system-out>step a - 1b2BF
</system-out></testcase><testcase classname="pytest_steps.tests.test_pytest_capabilities" file="pytest_steps/tests/test_pytest_capabilities.py" line="83" name="test_manual_pytest_equivalent[F-1b-step_b-2A]" time="0.002498626708984375"><system-out>step b - 1b2AF
some intermediate result created in step a for test 1b2AF ... augmented
</system-out></testcase><testcase classname="pytest_steps.tests.test_pytest_capabilities" file="pytest_steps/tests/test_pytest_capabilities.py" line="83" name="test_manual_pytest_equivalent[F-1b-step_b-2B]" time="0.0028235912322998047"><system-out>step b - 1b2BF
some intermediate result created in step a for test 1b2BF ... augmented
</system-out></testcase><testcase classname="pytest_steps.tests.test_pytest_capabilities" file="pytest_steps/tests/test_pytest_capabilities.py" line="83" name="test_manual_pytest_equivalent[G-1a-step_a-2A]" time="0.0019292831420898438"><system-out>step a - 1a2AG
</system-out></testcase><testcase classname="pytest_steps.tests.test_pytest_capabilities" file="pytest_steps/tests/test_pytest_capabilities.py" line="83" name="test_manual_pytest_equivalent[G-1a-step_a-2B]" time="0.0026857852935791016"><system-out>step a - 1a2BG
</system-out></testcase><testcase classname="pytest_steps.tests.test_pytest_capabilities" file="pytest_steps/tests/test_pytest_capabilities.py" line="83" name="test_manual_pytest_equivalent[G-1a-step_b-2A]" time="0.0024650096893310547"><system-out>step b - 1a2AG
some intermediate result created in step a for test 1a2AG ... augmented
</system-out></testcase><testcase classname="pytest_steps.tests.test_pytest_capabilities" file="pytest_steps/tests/test_pytest_capabilities.py" line="83" name="test_manual_pytest_equivalent[G-1a-step_b-2B]" time="0.0027015209197998047"><system-out>step b - 1a2BG
some intermediate result created in step a for test 1a2BG ... augmented
</system-out></testcase><testcase classname="pytest_steps.tests.test_pytest_capabilities" file="pytest_steps/tests/test_pytest_capabilities.py" line="83" name="test_manual_pytest_equivalent[G-1b-step_a-2A]" time="0.0025987625122070312"><system-out>step a - 1b2AG
</system-out></testcase><testcase classname="pytest_steps.tests.test_pytest_capabilities" file="pytest_steps/tests/test_pytest_capabilities.py" line="83" name="test_manual_pytest_equivalent[G-1b-step_a-2B]" time="0.002081155776977539"><system-out>step a - 1b2BG
</system-out></testcase><testcase classname="pytest_steps.tests.test_pytest_capabilities" file="pytest_steps/tests/test_pytest_capabilities.py" line="83" name="test_manual_pytest_equivalent[G-1b-step_b-2A]" time="0.002993345260620117"><system-out>step b - 1b2AG
some intermediate result created in step a for test 1b2AG ... augmented
</system-out></testcase><testcase classname="pytest_steps.tests.test_pytest_capabilities" file="pytest_steps/tests/test_pytest_capabilities.py" line="83" name="test_manual_pytest_equivalent[G-1b-step_b-2B]" time="0.0024001598358154297"><system-out>step b - 1b2BG
some intermediate result created in step a for test 1b2BG ... augmented
</system-out></testcase><testcase classname="pytest_steps.tests.test_stackoverflow" file="pytest_steps/tests/test_stackoverflow.py" line="29" name="test_suite_with_shared_results[step_first]" time="0.002105236053466797"></testcase><testcase classname="pytest_steps.tests.test_stackoverflow" file="pytest_steps/tests/test_stackoverflow.py" line="29" name="test_suite_with_shared_results[step_conversion]" time="0.001999378204345703"></testcase><testcase classname="pytest_steps.tests.test_stackoverflow" file="pytest_steps/tests/test_stackoverflow.py" line="29" name="test_suite_with_shared_results[step_a_works_with_b]" time="0.0013718605041503906"></testcase><testcase classname="pytest_steps.tests.test_stackoverflow2" file="&lt;decorator-gen-3&gt;" line="0" name="test_suite[step_instance_start]" time="0.0017147064208984375"></testcase><testcase classname="pytest_steps.tests.test_stackoverflow2" file="&lt;decorator-gen-3&gt;" line="0" name="test_suite[step_instance_stop]" time="0.0023508071899414062"></testcase><testcase classname="pytest_steps.tests.test_stackoverflow2" file="&lt;decorator-gen-3&gt;" line="0" name="test_suite[step_instance_delete]" time="0.0019230842590332031"></testcase><testcase classname="pytest_steps.tests.test_steps_dependencies" file="pytest_steps/tests/test_steps_dependencies.py" line="4" name="test_suite_1[step_a]" time="0.0017786026000976562"><system-out>step a
</system-out></testcase><testcase classname="pytest_steps.tests.test_steps_dependencies" file="pytest_steps/tests/test_steps_dependencies.py" line="4" name="test_suite_1[step_b]" time="0.001783132553100586"><system-out>step b
</system-out></testcase><testcase classname="pytest_steps.tests.test_steps_dependencies" file="pytest_steps/tests/test_steps_dependencies.py" line="4" name="test_suite_1[step_c]" time="0.0011966228485107422"><system-out>step c
</system-out></testcase><testcase classname="pytest_steps.tests.test_steps_dependencies" file="&lt;decorator-gen-4&gt;" line="0" name="test_suite_no_results[step_a]" time="0.003463268280029297"><system-out>step a
</system-out></testcase><testcase classname="pytest_steps.tests.test_steps_dependencies" file="&lt;decorator-gen-4&gt;" line="0" name="test_suite_no_results[step_b]" time="0.0016140937805175781"><system-out>step b
</system-out></testcase><testcase classname="pytest_steps.tests.test_steps_dependencies" file="&lt;decorator-gen-4&gt;" line="0" name="test_suite_no_results[step_c]" time="0.0021224021911621094"><system-out>step c
</system-out></testcase><testcase classname="pytest_steps.tests.test_steps_new_with_generator" file="&lt;decorator-gen-10&gt;" line="0" name="test_suite_fixture[step_a]" time="0.0025777816772460938"><system-out>created new fixture 140499795619288
step a
140499795619288 called for the 1-th time
</system-out></testcase><testcase classname="pytest_steps.tests.test_steps_new_with_generator" file="&lt;decorator-gen-10&gt;" line="0" name="test_suite_fixture[step_b]" time="0.0015308856964111328"><system-out>created new fixture 140499795633208
step b
140499795633208 called for the 1-th time
</system-out></testcase><testcase classname="pytest_steps.tests.test_steps_new_with_generator" file="&lt;decorator-gen-5&gt;" line="0" name="test_suite_shared_results_no_yield_names[step_a]" time="0.0017011165618896484"><system-out>step a
</system-out></testcase><testcase classname="pytest_steps.tests.test_steps_new_with_generator" file="&lt;decorator-gen-5&gt;" line="0" name="test_suite_shared_results_no_yield_names[step_b]" time="0.0020759105682373047"><system-out>step b
</system-out></testcase><testcase classname="pytest_steps.tests.test_steps_new_with_generator" file="&lt;decorator-gen-5&gt;" line="0" name="test_suite_shared_results_no_yield_names[step_c]" time="0.0016562938690185547"><system-out>step c
some intermediate result created in step a ... augmented
</system-out></testcase><testcase classname="pytest_steps.tests.test_steps_new_with_generator" file="&lt;decorator-gen-6&gt;" line="0" name="test_suite_exception_on_mandatory_step[step_a]" time="0.02112865447998047"><system-out>step a
</system-out></testcase><testcase classname="pytest_steps.tests.test_steps_new_with_generator" file="&lt;decorator-gen-6&gt;" line="0" name="test_suite_exception_on_mandatory_step[step_b]" time="0.001631021499633789"><system-out>step b
</system-out></testcase><testcase classname="pytest_steps.tests.test_steps_new_with_generator" file="&lt;decorator-gen-6&gt;" line="0" name="test_suite_exception_on_mandatory_step[step_c]" time="0.0017893314361572266"><system-out>step c
</system-out></testcase><testcase classname="pytest_steps.tests.test_steps_new_with_generator" file="&lt;decorator-gen-7&gt;" line="0" name="test_suite_optional_and_dependent_steps[step_a]" time="0.002223491668701172"><system-out>step a
</system-out></testcase><testcase classname="pytest_steps.tests.test_steps_new_with_generator" file="&lt;decorator-gen-7&gt;" line="0" name="test_suite_optional_and_dependent_steps[step_b]" time="0.0025382041931152344"><system-out>step b
</system-out></testcase><testcase classname="pytest_steps.tests.test_steps_new_with_generator" file="&lt;decorator-gen-7&gt;" line="0" name="test_suite_optional_and_dependent_steps[step_c]" time="0.0043430328369140625"><system-out>step c
</system-out></testcase><testcase classname="pytest_steps.tests.test_steps_new_with_generator" file="&lt;decorator-gen-7&gt;" line="0" name="test_suite_optional_and_dependent_steps[step_d]" time="0.0020389556884765625"><system-out>step d
</system-out></testcase><testcase classname="pytest_steps.tests.test_steps_new_with_generator" file="&lt;decorator-gen-8&gt;" line="0" name="test_suite_parametrized[i=0-step_a]" time="0.0017058849334716797"><system-out>step a, i=0
</system-out></testcase><testcase classname="pytest_steps.tests.test_steps_new_with_generator" file="&lt;decorator-gen-8&gt;" line="0" name="test_suite_parametrized[i=0-step_b]" time="0.0025789737701416016"><system-out>step b, i=0
</system-out></testcase><testcase classname="pytest_steps.tests.test_steps_new_with_generator" file="&lt;decorator-gen-8&gt;" line="0" name="test_suite_parametrized[i=1-step_a]" time="0.0025157928466796875"><system-out>step a, i=1
</system-out></testcase><testcase classname="pytest_steps.tests.test_steps_new_with_generator" file="&lt;decorator-gen-8&gt;" line="0" name="test_suite_parametrized[i=1-step_b]" time="0.001955270767211914"><system-out>step b, i=1
</system-out></testcase><testcase classname="pytest_steps.tests.test_steps_no_results" file="pytest_steps/tests/test_steps_no_results.py" line="3" name="test_suite_no_results_str[step_a]" time="0.001699209213256836"><system-out>step a
</system-out></testcase><testcase classname="pytest_steps.tests.test_steps_no_results" file="pytest_steps/tests/test_steps_no_results.py" line="3" name="test_suite_no_results_str[step_b]" time="0.0011894702911376953"><system-out>step b
</system-out></testcase><testcase classname="pytest_steps.tests.test_steps_no_results" file="pytest_steps/tests/test_steps_no_results.py" line="30" name="test_suite_no_results_fun[step_a]" time="0.0018305778503417969"><system-out>step a
</system-out></testcase><testcase classname="pytest_steps.tests.test_steps_no_results" file="pytest_steps/tests/test_steps_no_results.py" line="30" name="test_suite_no_results_fun[step_b]" time="0.0019314289093017578"><system-out>step b
</system-out></testcase><testcase classname="pytest_steps.tests.test_steps_with_results_basic" file="pytest_steps/tests/test_steps_with_results_basic.py" line="3" name="test_suite_with_shared_results[step_a]" time="0.0016412734985351562"><system-out>step a
</system-out></testcase><testcase classname="pytest_steps.tests.test_steps_with_results_basic" file="pytest_steps/tests/test_steps_with_results_basic.py" line="3" name="test_suite_with_shared_results[step_b]" time="0.0018808841705322266"><system-out>step b
some intermediate result created in step a ... augmented
</system-out></testcase><testcase classname="pytest_steps.tests.test_steps_with_results_basic" file="pytest_steps/tests/test_steps_with_results_basic.py" line="45" name="test_suite_with_steps_data[step_a]" time="0.0017642974853515625"><system-out>step a
</system-out></testcase><testcase classname="pytest_steps.tests.test_steps_with_results_basic" file="pytest_steps/tests/test_steps_with_results_basic.py" line="45" name="test_suite_with_steps_data[step_b]" time="0.0014617443084716797"><system-out>step b
some intermediate result created in step a ... augmented
</system-out></testcase><testcase classname="pytest_steps.tests.test_steps_with_results_complex" file="pytest_steps/tests/test_steps_with_results_complex.py" line="46" name="test_suite_with_results[F-1a-step_a-2A]" time="0.002688884735107422"><system-out>step a - 1a2AF
</system-out></testcase><testcase classname="pytest_steps.tests.test_steps_with_results_complex" file="pytest_steps/tests/test_steps_with_results_complex.py" line="46" name="test_suite_with_results[F-1a-step_a-2B]" time="0.002293825149536133"><system-out>step a - 1a2BF
</system-out></testcase><testcase classname="pytest_steps.tests.test_steps_with_results_complex" file="pytest_steps/tests/test_steps_with_results_complex.py" line="46" name="test_suite_with_results[F-1a-step_b-2A]" time="0.0024704933166503906"><system-out>step b - 1a2AF
some intermediate result created in step a for test 1a2AF ... augmented
</system-out></testcase><testcase classname="pytest_steps.tests.test_steps_with_results_complex" file="pytest_steps/tests/test_steps_with_results_complex.py" line="46" name="test_suite_with_results[F-1a-step_b-2B]" time="0.002582073211669922"><system-out>step b - 1a2BF
some intermediate result created in step a for test 1a2BF ... augmented
</system-out></testcase><testcase classname="pytest_steps.tests.test_steps_with_results_complex" file="pytest_steps/tests/test_steps_with_results_complex.py" line="46" name="test_suite_with_results[F-1b-step_a-2A]" time="0.002205371856689453"><system-out>step a - 1b2AF
</system-out></testcase><testcase classname="pytest_steps.tests.test_steps_with_results_complex" file="pytest_steps/tests/test_steps_with_results_complex.py" line="46" name="test_suite_with_results[F-1b-step_a-2B]" time="0.002595663070678711"><system-out>step a - 1b2BF
</system-out></testcase><testcase classname="pytest_steps.tests.test_steps_with_results_complex" file="pytest_steps/tests/test_steps_with_results_complex.py" line="46" name="test_suite_with_results[F-1b-step_b-2A]" time="0.0021424293518066406"><system-out>step b - 1b2AF
some intermediate result created in step a for test 1b2AF ... augmented
</system-out></testcase><testcase classname="pytest_steps.tests.test_steps_with_results_complex" file="pytest_steps/tests/test_steps_with_results_complex.py" line="46" name="test_suite_with_results[F-1b-step_b-2B]" time="0.0025200843811035156"><system-out>step b - 1b2BF
some intermediate result created in step a for test 1b2BF ... augmented
</system-out></testcase><testcase classname="pytest_steps.tests.test_steps_with_results_complex" file="pytest_steps/tests/test_steps_with_results_complex.py" line="46" name="test_suite_with_results[G-1a-step_a-2A]" time="0.0022792816162109375"><system-out>step a - 1a2AG
</system-out></testcase><testcase classname="pytest_steps.tests.test_steps_with_results_complex" file="pytest_steps/tests/test_steps_with_results_complex.py" line="46" name="test_suite_with_results[G-1a-step_a-2B]" time="0.002370595932006836"><system-out>step a - 1a2BG
</system-out></testcase><testcase classname="pytest_steps.tests.test_steps_with_results_complex" file="pytest_steps/tests/test_steps_with_results_complex.py" line="46" name="test_suite_with_results[G-1a-step_b-2A]" time="0.002087831497192383"><system-out>step b - 1a2AG
some intermediate result created in step a for test 1a2AG ... augmented
</system-out></testcase><testcase classname="pytest_steps.tests.test_steps_with_results_complex" file="pytest_steps/tests/test_steps_with_results_complex.py" line="46" name="test_suite_with_results[G-1a-step_b-2B]" time="0.002293825149536133"><system-out>step b - 1a2BG
some intermediate result created in step a for test 1a2BG ... augmented
</system-out></testcase><testcase classname="pytest_steps.tests.test_steps_with_results_complex" file="pytest_steps/tests/test_steps_with_results_complex.py" line="46" name="test_suite_with_results[G-1b-step_a-2A]" time="0.0023717880249023438"><system-out>step a - 1b2AG
</system-out></testcase><testcase classname="pytest_steps.tests.test_steps_with_results_complex" file="pytest_steps/tests/test_steps_with_results_complex.py" line="46" name="test_suite_with_results[G-1b-step_a-2B]" time="0.002262115478515625"><system-out>step a - 1b2BG
</system-out></testcase><testcase classname="pytest_steps.tests.test_steps_with_results_complex" file="pytest_steps/tests/test_steps_with_results_complex.py" line="46" name="test_suite_with_results[G-1b-step_b-2A]" time="0.0022602081298828125"><system-out>step b - 1b2AG
some intermediate result created in step a for test 1b2AG ... augmented
</system-out></testcase><testcase classname="pytest_steps.tests.test_steps_with_results_complex" file="pytest_steps/tests/test_steps_with_results_complex.py" line="46" name="test_suite_with_results[G-1b-step_b-2B]" time="0.0020389556884765625"><system-out>step b - 1b2BG
some intermediate result created in step a for test 1b2BG ... augmented
</system-out></testcase></testsuite>