<?xml version="1.0" encoding="utf-8"?><testsuite errors="0" failures="0" name="pytest" skips="0" tests="68" time="0.697"><testcase classname="pytest_steps.tests.test_pytest_capabilities" file="pytest_steps/tests/test_pytest_capabilities.py" line="83" name="test_manual_pytest_equivalent[F-1a-step_a-2A]" time="0.003592967987060547"><system-out>step a - 1a2AF
</system-out></testcase><testcase classname="pytest_steps.tests.test_pytest_capabilities" file="pytest_steps/tests/test_pytest_capabilities.py" line="83" name="test_manual_pytest_equivalent[F-1a-step_a-2B]" time="0.002852201461791992"><system-out>step a - 1a2BF
</system-out></testcase><testcase classname="pytest_steps.tests.test_pytest_capabilities" file="pytest_steps/tests/test_pytest_capabilities.py" line="83" name="test_manual_pytest_equivalent[F-1a-step_b-2A]" time="0.002657175064086914"><system-out>step b - 1a2AF
some intermediate result created in step a for test 1a2AF ... augmented
</system-out></testcase><testcase classname="pytest_steps.tests.test_pytest_capabilities" file="pytest_steps/tests/test_pytest_capabilities.py" line="83" name="test_manual_pytest_equivalent[F-1a-step_b-2B]" time="0.0025980472564697266"><system-out>step b - 1a2BF
some intermediate result created in step a for test 1a2BF ... augmented
</system-out></testcase><testcase classname="pytest_steps.tests.test_pytest_capabilities" file="pytest_steps/tests/test_pytest_capabilities.py" line="83" name="test_manual_pytest_equivalent[F-1b-step_a-2A]" time="0.002789020538330078"><system-out>step a - 1b2AF
</system-out></testcase><testcase classname="pytest_steps.tests.test_pytest_capabilities" file="pytest_steps/tests/test_pytest_capabilities.py" line="83" name="test_manual_pytest_equivalent[F-1b-step_a-2B]" time="0.0027418136596679688"><system-out>step a - 1b2BF
</system-out></testcase><testcase classname="pytest_steps.tests.test_pytest_capabilities" file="pytest_steps/tests/test_pytest_capabilities.py" line="83" name="test_manual_pytest_equivalent[F-1b-step_b-2A]" time="0.002935171127319336"><system-out>step b - 1b2AF
some intermediate result created in step a for test 1b2AF ... augmented
</system-out></testcase><testcase classname="pytest_steps.tests.test_pytest_capabilities" file="pytest_steps/tests/test_pytest_capabilities.py" line="83" name="test_manual_pytest_equivalent[F-1b-step_b-2B]" time="0.002530336380004883"><system-out>step b - 1b2BF
some intermediate result created in step a for test 1b2BF ... augmented
</system-out></testcase><testcase classname="pytest_steps.tests.test_pytest_capabilities" file="pytest_steps/tests/test_pytest_capabilities.py" line="83" name="test_manual_pytest_equivalent[G-1a-step_a-2A]" time="0.002412080764770508"><system-out>step a - 1a2AG
</system-out></testcase><testcase classname="pytest_steps.tests.test_pytest_capabilities" file="pytest_steps/tests/test_pytest_capabilities.py" line="83" name="test_manual_pytest_equivalent[G-1a-step_a-2B]" time="0.0028676986694335938"><system-out>step a - 1a2BG
</system-out></testcase><testcase classname="pytest_steps.tests.test_pytest_capabilities" file="pytest_steps/tests/test_pytest_capabilities.py" line="83" name="test_manual_pytest_equivalent[G-1a-step_b-2A]" time="0.0027282238006591797"><system-out>step b - 1a2AG
some intermediate result created in step a for test 1a2AG ... augmented
</system-out></testcase><testcase classname="pytest_steps.tests.test_pytest_capabilities" file="pytest_steps/tests/test_pytest_capabilities.py" line="83" name="test_manual_pytest_equivalent[G-1a-step_b-2B]" time="0.002710580825805664"><system-out>step b - 1a2BG
some intermediate result created in step a for test 1a2BG ... augmented
</system-out></testcase><testcase classname="pytest_steps.tests.test_pytest_capabilities" file="pytest_steps/tests/test_pytest_capabilities.py" line="83" name="test_manual_pytest_equivalent[G-1b-step_a-2A]" time="0.0025506019592285156"><system-out>step a - 1b2AG
</system-out></testcase><testcase classname="pytest_steps.tests.test_pytest_capabilities" file="pytest_steps/tests/test_pytest_capabilities.py" line="83" name="test_manual_pytest_equivalent[G-1b-step_a-2B]" time="0.0024051666259765625"><system-out>step a - 1b2BG
</system-out></testcase><testcase classname="pytest_steps.tests.test_pytest_capabilities" file="pytest_steps/tests/test_pytest_capabilities.py" line="83" name="test_manual_pytest_equivalent[G-1b-step_b-2A]" time="0.0029981136322021484"><system-out>step b - 1b2AG
some intermediate result created in step a for test 1b2AG ... augmented
</system-out></testcase><testcase classname="pytest_steps.tests.test_pytest_capabilities" file="pytest_steps/tests/test_pytest_capabilities.py" line="83" name="test_manual_pytest_equivalent[G-1b-step_b-2B]" time="0.0027370452880859375"><system-out>step b - 1b2BG
some intermediate result created in step a for test 1b2BG ... augmented
</system-out></testcase><testcase classname="pytest_steps.tests.test_stackoverflow" file="pytest_steps/tests/test_stackoverflow.py" line="29" name="test_suite_with_shared_results[step_first]" time="0.0019948482513427734"></testcase><testcase classname="pytest_steps.tests.test_stackoverflow" file="pytest_steps/tests/test_stackoverflow.py" line="29" name="test_suite_with_shared_results[step_conversion]" time="0.0018684864044189453"></testcase><testcase classname="pytest_steps.tests.test_stackoverflow" file="pytest_steps/tests/test_stackoverflow.py" line="29" name="test_suite_with_shared_results[step_a_works_with_b]" time="0.0017082691192626953"></testcase><testcase classname="pytest_steps.tests.test_stackoverflow2" file="&lt;decorator-gen-3&gt;" line="0" name="test_suite[step_instance_start]" time="0.0017518997192382812"></testcase><testcase classname="pytest_steps.tests.test_stackoverflow2" file="&lt;decorator-gen-3&gt;" line="0" name="test_suite[step_instance_stop]" time="0.0016863346099853516"></testcase><testcase classname="pytest_steps.tests.test_stackoverflow2" file="&lt;decorator-gen-3&gt;" line="0" name="test_suite[step_instance_delete]" time="0.0016536712646484375"></testcase><testcase classname="pytest_steps.tests.test_steps_dependencies" file="pytest_steps/tests/test_steps_dependencies.py" line="4" name="test_suite_1[step_a]" time="0.0016956329345703125"><system-out>step a
</system-out></testcase><testcase classname="pytest_steps.tests.test_steps_dependencies" file="pytest_steps/tests/test_steps_dependencies.py" line="4" name="test_suite_1[step_b]" time="0.0016634464263916016"><system-out>step b
</system-out></testcase><testcase classname="pytest_steps.tests.test_steps_dependencies" file="pytest_steps/tests/test_steps_dependencies.py" line="4" name="test_suite_1[step_c]" time="0.001590728759765625"><system-out>step c
</system-out></testcase><testcase classname="pytest_steps.tests.test_steps_dependencies" file="&lt;decorator-gen-4&gt;" line="0" name="test_suite_no_results[step_a]" time="0.0018548965454101562"><system-out>step a
</system-out></testcase><testcase classname="pytest_steps.tests.test_steps_dependencies" file="&lt;decorator-gen-4&gt;" line="0" name="test_suite_no_results[step_b]" time="0.0018355846405029297"><system-out>step b
</system-out></testcase><testcase classname="pytest_steps.tests.test_steps_dependencies" file="&lt;decorator-gen-4&gt;" line="0" name="test_suite_no_results[step_c]" time="0.001886129379272461"><system-out>step c
</system-out></testcase><testcase classname="pytest_steps.tests.test_steps_new_with_generator" file="&lt;decorator-gen-10&gt;" line="0" name="test_suite_fixture[step_a]" time="0.0028007030487060547"><system-out>created new fixture 139799886931896
step a
139799886931896 called for the 1-th time
</system-out></testcase><testcase classname="pytest_steps.tests.test_steps_new_with_generator" file="&lt;decorator-gen-10&gt;" line="0" name="test_suite_fixture[step_b]" time="0.0018210411071777344"><system-out>created new fixture 139799886933464
step b
139799886931896 called for the 2-th time
</system-out></testcase><testcase classname="pytest_steps.tests.test_steps_new_with_generator" file="&lt;decorator-gen-5&gt;" line="0" name="test_suite_shared_results_no_yield_names[step_a]" time="0.0017621517181396484"><system-out>step a
</system-out></testcase><testcase classname="pytest_steps.tests.test_steps_new_with_generator" file="&lt;decorator-gen-5&gt;" line="0" name="test_suite_shared_results_no_yield_names[step_b]" time="0.0017354488372802734"><system-out>step b
</system-out></testcase><testcase classname="pytest_steps.tests.test_steps_new_with_generator" file="&lt;decorator-gen-5&gt;" line="0" name="test_suite_shared_results_no_yield_names[step_c]" time="0.0018303394317626953"><system-out>step c
some intermediate result created in step a ... augmented
</system-out></testcase><testcase classname="pytest_steps.tests.test_steps_new_with_generator" file="&lt;decorator-gen-6&gt;" line="0" name="test_suite_exception_on_mandatory_step[step_a]" time="0.0018768310546875"><system-out>step a
</system-out></testcase><testcase classname="pytest_steps.tests.test_steps_new_with_generator" file="&lt;decorator-gen-6&gt;" line="0" name="test_suite_exception_on_mandatory_step[step_b]" time="0.0016546249389648438"><system-out>step b
</system-out></testcase><testcase classname="pytest_steps.tests.test_steps_new_with_generator" file="&lt;decorator-gen-6&gt;" line="0" name="test_suite_exception_on_mandatory_step[step_c]" time="0.0015871524810791016"><system-out>step c
</system-out></testcase><testcase classname="pytest_steps.tests.test_steps_new_with_generator" file="&lt;decorator-gen-7&gt;" line="0" name="test_suite_optional_and_dependent_steps[step_a]" time="0.0017304420471191406"><system-out>step a
</system-out></testcase><testcase classname="pytest_steps.tests.test_steps_new_with_generator" file="&lt;decorator-gen-7&gt;" line="0" name="test_suite_optional_and_dependent_steps[step_b]" time="0.0018200874328613281"><system-out>step b
</system-out></testcase><testcase classname="pytest_steps.tests.test_steps_new_with_generator" file="&lt;decorator-gen-7&gt;" line="0" name="test_suite_optional_and_dependent_steps[step_c]" time="0.00449681282043457"><system-out>step c
</system-out></testcase><testcase classname="pytest_steps.tests.test_steps_new_with_generator" file="&lt;decorator-gen-7&gt;" line="0" name="test_suite_optional_and_dependent_steps[step_d]" time="0.001689910888671875"><system-out>step d
</system-out></testcase><testcase classname="pytest_steps.tests.test_steps_new_with_generator" file="&lt;decorator-gen-8&gt;" line="0" name="test_suite_parametrized[i=0-step_a]" time="0.0018160343170166016"><system-out>step a, i=0
</system-out></testcase><testcase classname="pytest_steps.tests.test_steps_new_with_generator" file="&lt;decorator-gen-8&gt;" line="0" name="test_suite_parametrized[i=0-step_b]" time="0.002029895782470703"><system-out>step b, i=0
</system-out></testcase><testcase classname="pytest_steps.tests.test_steps_new_with_generator" file="&lt;decorator-gen-8&gt;" line="0" name="test_suite_parametrized[i=1-step_a]" time="0.0021572113037109375"><system-out>step a, i=1
</system-out></testcase><testcase classname="pytest_steps.tests.test_steps_new_with_generator" file="&lt;decorator-gen-8&gt;" line="0" name="test_suite_parametrized[i=1-step_b]" time="0.0020318031311035156"><system-out>step b, i=1
</system-out></testcase><testcase classname="pytest_steps.tests.test_steps_no_results" file="pytest_steps/tests/test_steps_no_results.py" line="3" name="test_suite_no_results_str[step_a]" time="0.0016543865203857422"><system-out>step a
</system-out></testcase><testcase classname="pytest_steps.tests.test_steps_no_results" file="pytest_steps/tests/test_steps_no_results.py" line="3" name="test_suite_no_results_str[step_b]" time="0.0014028549194335938"><system-out>step b
</system-out></testcase><testcase classname="pytest_steps.tests.test_steps_no_results" file="pytest_steps/tests/test_steps_no_results.py" line="30" name="test_suite_no_results_fun[step_a]" time="0.0022308826446533203"><system-out>step a
</system-out></testcase><testcase classname="pytest_steps.tests.test_steps_no_results" file="pytest_steps/tests/test_steps_no_results.py" line="30" name="test_suite_no_results_fun[step_b]" time="0.001825094223022461"><system-out>step b
</system-out></testcase><testcase classname="pytest_steps.tests.test_steps_with_results_basic" file="pytest_steps/tests/test_steps_with_results_basic.py" line="3" name="test_suite_with_shared_results[step_a]" time="0.0020318031311035156"><system-out>step a
</system-out></testcase><testcase classname="pytest_steps.tests.test_steps_with_results_basic" file="pytest_steps/tests/test_steps_with_results_basic.py" line="3" name="test_suite_with_shared_results[step_b]" time="0.0020933151245117188"><system-out>step b
some intermediate result created in step a ... augmented
</system-out></testcase><testcase classname="pytest_steps.tests.test_steps_with_results_basic" file="pytest_steps/tests/test_steps_with_results_basic.py" line="45" name="test_suite_with_steps_data[step_a]" time="0.001676321029663086"><system-out>step a
</system-out></testcase><testcase classname="pytest_steps.tests.test_steps_with_results_basic" file="pytest_steps/tests/test_steps_with_results_basic.py" line="45" name="test_suite_with_steps_data[step_b]" time="0.0020220279693603516"><system-out>step b
some intermediate result created in step a ... augmented
</system-out></testcase><testcase classname="pytest_steps.tests.test_steps_with_results_complex" file="pytest_steps/tests/test_steps_with_results_complex.py" line="46" name="test_suite_with_results[F-1a-step_a-2A]" time="0.002834796905517578"><system-out>step a - 1a2AF
</system-out></testcase><testcase classname="pytest_steps.tests.test_steps_with_results_complex" file="pytest_steps/tests/test_steps_with_results_complex.py" line="46" name="test_suite_with_results[F-1a-step_a-2B]" time="0.0028192996978759766"><system-out>step a - 1a2BF
</system-out></testcase><testcase classname="pytest_steps.tests.test_steps_with_results_complex" file="pytest_steps/tests/test_steps_with_results_complex.py" line="46" name="test_suite_with_results[F-1a-step_b-2A]" time="0.002819061279296875"><system-out>step b - 1a2AF
some intermediate result created in step a for test 1a2AF ... augmented
</system-out></testcase><testcase classname="pytest_steps.tests.test_steps_with_results_complex" file="pytest_steps/tests/test_steps_with_results_complex.py" line="46" name="test_suite_with_results[F-1a-step_b-2B]" time="0.0024878978729248047"><system-out>step b - 1a2BF
some intermediate result created in step a for test 1a2BF ... augmented
</system-out></testcase><testcase classname="pytest_steps.tests.test_steps_with_results_complex" file="pytest_steps/tests/test_steps_with_results_complex.py" line="46" name="test_suite_with_results[F-1b-step_a-2A]" time="0.0027441978454589844"><system-out>step a - 1b2AF
</system-out></testcase><testcase classname="pytest_steps.tests.test_steps_with_results_complex" file="pytest_steps/tests/test_steps_with_results_complex.py" line="46" name="test_suite_with_results[F-1b-step_a-2B]" time="0.002703428268432617"><system-out>step a - 1b2BF
</system-out></testcase><testcase classname="pytest_steps.tests.test_steps_with_results_complex" file="pytest_steps/tests/test_steps_with_results_complex.py" line="46" name="test_suite_with_results[F-1b-step_b-2A]" time="0.0029706954956054688"><system-out>step b - 1b2AF
some intermediate result created in step a for test 1b2AF ... augmented
</system-out></testcase><testcase classname="pytest_steps.tests.test_steps_with_results_complex" file="pytest_steps/tests/test_steps_with_results_complex.py" line="46" name="test_suite_with_results[F-1b-step_b-2B]" time="0.002662181854248047"><system-out>step b - 1b2BF
some intermediate result created in step a for test 1b2BF ... augmented
</system-out></testcase><testcase classname="pytest_steps.tests.test_steps_with_results_complex" file="pytest_steps/tests/test_steps_with_results_complex.py" line="46" name="test_suite_with_results[G-1a-step_a-2A]" time="0.0027005672454833984"><system-out>step a - 1a2AG
</system-out></testcase><testcase classname="pytest_steps.tests.test_steps_with_results_complex" file="pytest_steps/tests/test_steps_with_results_complex.py" line="46" name="test_suite_with_results[G-1a-step_a-2B]" time="0.0028171539306640625"><system-out>step a - 1a2BG
</system-out></testcase><testcase classname="pytest_steps.tests.test_steps_with_results_complex" file="pytest_steps/tests/test_steps_with_results_complex.py" line="46" name="test_suite_with_results[G-1a-step_b-2A]" time="0.002805471420288086"><system-out>step b - 1a2AG
some intermediate result created in step a for test 1a2AG ... augmented
</system-out></testcase><testcase classname="pytest_steps.tests.test_steps_with_results_complex" file="pytest_steps/tests/test_steps_with_results_complex.py" line="46" name="test_suite_with_results[G-1a-step_b-2B]" time="0.003040790557861328"><system-out>step b - 1a2BG
some intermediate result created in step a for test 1a2BG ... augmented
</system-out></testcase><testcase classname="pytest_steps.tests.test_steps_with_results_complex" file="pytest_steps/tests/test_steps_with_results_complex.py" line="46" name="test_suite_with_results[G-1b-step_a-2A]" time="0.0025634765625"><system-out>step a - 1b2AG
</system-out></testcase><testcase classname="pytest_steps.tests.test_steps_with_results_complex" file="pytest_steps/tests/test_steps_with_results_complex.py" line="46" name="test_suite_with_results[G-1b-step_a-2B]" time="0.0027687549591064453"><system-out>step a - 1b2BG
</system-out></testcase><testcase classname="pytest_steps.tests.test_steps_with_results_complex" file="pytest_steps/tests/test_steps_with_results_complex.py" line="46" name="test_suite_with_results[G-1b-step_b-2A]" time="0.002743244171142578"><system-out>step b - 1b2AG
some intermediate result created in step a for test 1b2AG ... augmented
</system-out></testcase><testcase classname="pytest_steps.tests.test_steps_with_results_complex" file="pytest_steps/tests/test_steps_with_results_complex.py" line="46" name="test_suite_with_results[G-1b-step_b-2B]" time="0.0031447410583496094"><system-out>step b - 1b2BG
some intermediate result created in step a for test 1b2BG ... augmented
</system-out></testcase></testsuite>