<?xml version="1.0" encoding="utf-8"?><testsuite errors="0" failures="0" name="pytest" skips="0" tests="41" time="1.416"><testcase classname="pytest_steps.tests.test_all" file="pytest_steps/tests/test_all.py" line="21" name="test_run_all_tests[test_steps_with_results_complex.py]" time="0.06606888771057129"><system-out>
Testing that running pytest on file test_steps_with_results_complex.py results in {&apos;failed&apos;: 0, &apos;skipped&apos;: 0, &apos;passed&apos;: 16}
============================= test session starts ==============================
platform linux -- Python 3.5.6, pytest-2.9.2, py-1.7.0, pluggy-0.3.1
rootdir: /tmp/pytest-of-travis/pytest-0/testdir/test_run_all_tests0, inifile: 
plugins: logging-2015.11.4, html-1.9.0, harvest-1.0.1, faulthandler-1.5.0, cov-2.6.0
collected 16 items

test_run_all_tests.py ................

========================== 16 passed in 0.03 seconds ===========================
</system-out></testcase><testcase classname="pytest_steps.tests.test_all" file="pytest_steps/tests/test_all.py" line="21" name="test_run_all_tests[test_steps_generator_does_not_change_order.py]" time="0.0408174991607666"><system-out>
Testing that running pytest on file test_steps_generator_does_not_change_order.py results in {&apos;failed&apos;: 0, &apos;skipped&apos;: 0, &apos;passed&apos;: 3}
============================= test session starts ==============================
platform linux -- Python 3.5.6, pytest-2.9.2, py-1.7.0, pluggy-0.3.1
rootdir: /tmp/pytest-of-travis/pytest-0/testdir/test_run_all_tests1, inifile: 
plugins: logging-2015.11.4, html-1.9.0, harvest-1.0.1, faulthandler-1.5.0, cov-2.6.0
collected 3 items

test_run_all_tests.py ...

=========================== 3 passed in 0.01 seconds ===========================
</system-out></testcase><testcase classname="pytest_steps.tests.test_all" file="pytest_steps/tests/test_all.py" line="21" name="test_run_all_tests[test_wrapped_in_class.py]" time="0.036017656326293945"><system-out>
Testing that running pytest on file test_wrapped_in_class.py results in {&apos;failed&apos;: 0, &apos;skipped&apos;: 0, &apos;passed&apos;: 1}
============================= test session starts ==============================
platform linux -- Python 3.5.6, pytest-2.9.2, py-1.7.0, pluggy-0.3.1
rootdir: /tmp/pytest-of-travis/pytest-0/testdir/test_run_all_tests2, inifile: 
plugins: logging-2015.11.4, html-1.9.0, harvest-1.0.1, faulthandler-1.5.0, cov-2.6.0
collected 1 items

test_run_all_tests.py .

=========================== 1 passed in 0.01 seconds ===========================
</system-out></testcase><testcase classname="pytest_steps.tests.test_all" file="pytest_steps/tests/test_all.py" line="21" name="test_run_all_tests[test_stackoverflow.py]" time="0.03976273536682129"><system-out>
Testing that running pytest on file test_stackoverflow.py results in {&apos;failed&apos;: 0, &apos;skipped&apos;: 0, &apos;passed&apos;: 3}
============================= test session starts ==============================
platform linux -- Python 3.5.6, pytest-2.9.2, py-1.7.0, pluggy-0.3.1
rootdir: /tmp/pytest-of-travis/pytest-0/testdir/test_run_all_tests3, inifile: 
plugins: logging-2015.11.4, html-1.9.0, harvest-1.0.1, faulthandler-1.5.0, cov-2.6.0
collected 3 items

test_run_all_tests.py ...

=========================== 3 passed in 0.01 seconds ===========================
</system-out></testcase><testcase classname="pytest_steps.tests.test_all" file="pytest_steps/tests/test_all.py" line="21" name="test_run_all_tests[test_steps_new_with_generator.py]" time="0.23066091537475586"><system-out>
Testing that running pytest on file test_steps_new_with_generator.py results in {&apos;failed&apos;: 2, &apos;skipped&apos;: 2, &apos;passed&apos;: 12}
============================= test session starts ==============================
platform linux -- Python 3.5.6, pytest-2.9.2, py-1.7.0, pluggy-0.3.1
rootdir: /tmp/pytest-of-travis/pytest-0/testdir/test_run_all_tests4, inifile: 
plugins: logging-2015.11.4, html-1.9.0, harvest-1.0.1, faulthandler-1.5.0, cov-2.6.0
collected 16 items

test_run_all_tests.py ....Fs.Fs.......

=================================== FAILURES ===================================
________________ test_suite_exception_on_mandatory_step[step_b] ________________

________step_name_ = &apos;step_b&apos;
request = &lt;FixtureRequest for &lt;Function &apos;test_suite_exception_on_mandatory_step[step_b]&apos;&gt;&gt;

&gt;   ???

&lt;decorator-gen-11&gt;:2: 
_ _ _ _ _ _ _ _ _ _ _ _ _ _ _ _ _ _ _ _ _ _ _ _ _ _ _ _ _ _ _ _ _ _ _ _ _ _ _ _ 
/home/travis/build/smarie/python-pytest-steps/pytest_steps/decorator_hack.py:167: in caller
    **kwargs)
/home/travis/build/smarie/python-pytest-steps/pytest_steps/steps_generator.py:431: in step_function_wrapper
    steps_monitor.execute(step_name, *args, **kwargs)
/home/travis/build/smarie/python-pytest-steps/pytest_steps/steps_generator.py:270: in execute
    res = next(self.gen)
_ _ _ _ _ _ _ _ _ _ _ _ _ _ _ _ _ _ _ _ _ _ _ _ _ _ _ _ _ _ _ _ _ _ _ _ _ _ _ _ 

    @test_steps(&apos;step_a&apos;, &apos;step_b&apos;, &apos;step_c&apos;)
    def test_suite_exception_on_mandatory_step():
        &quot;&quot;&quot; &quot;&quot;&quot;
    
        # Step A
        print(&quot;step a&quot;)
        assert not False  # replace with your logic
        yield &apos;step_a&apos;
    
        # Step B
        print(&quot;step b&quot;)
&gt;       assert False  # replace with your logic
E       assert False

test_run_all_tests.py:43: AssertionError
----------------------------- Captured stdout call -----------------------------
step b
_______________ test_suite_optional_and_dependent_steps[step_b] ________________

________step_name_ = &apos;step_b&apos;
request = &lt;FixtureRequest for &lt;Function &apos;test_suite_optional_and_dependent_steps[step_b]&apos;&gt;&gt;

&gt;   ???

&lt;decorator-gen-12&gt;:2: 
_ _ _ _ _ _ _ _ _ _ _ _ _ _ _ _ _ _ _ _ _ _ _ _ _ _ _ _ _ _ _ _ _ _ _ _ _ _ _ _ 
/home/travis/build/smarie/python-pytest-steps/pytest_steps/decorator_hack.py:167: in caller
    **kwargs)
/home/travis/build/smarie/python-pytest-steps/pytest_steps/steps_generator.py:431: in step_function_wrapper
    steps_monitor.execute(step_name, *args, **kwargs)
/home/travis/build/smarie/python-pytest-steps/pytest_steps/steps_generator.py:292: in execute
    raise six.reraise(res.exec_result.exc_type, res.exec_result.exc_val, res.exec_result.tb)
/home/travis/miniconda/envs/test-environment/lib/python3.5/site-packages/six.py:693: in reraise
    raise value
_ _ _ _ _ _ _ _ _ _ _ _ _ _ _ _ _ _ _ _ _ _ _ _ _ _ _ _ _ _ _ _ _ _ _ _ _ _ _ _ 

    @test_steps(&apos;step_a&apos;, &apos;step_b&apos;, &apos;step_c&apos;, &apos;step_d&apos;)
    def test_suite_optional_and_dependent_steps():
        &quot;&quot;&quot; &quot;&quot;&quot;
    
        # Step A
        print(&quot;step a&quot;)
        assert not False
        yield &apos;step_a&apos;
    
        # Step B
        with optional_step(&apos;step_b&apos;) as step_b:
            print(&quot;step b&quot;)
&gt;           assert False
E           assert False

test_run_all_tests.py:64: AssertionError
----------------------------- Captured stdout call -----------------------------
step b
================ 2 failed, 12 passed, 2 skipped in 0.20 seconds ================
</system-out></testcase><testcase classname="pytest_steps.tests.test_all" file="pytest_steps/tests/test_all.py" line="21" name="test_run_all_tests[test_pytest_capabilities.py]" time="0.06397891044616699"><system-out>
Testing that running pytest on file test_pytest_capabilities.py results in {&apos;failed&apos;: 0, &apos;skipped&apos;: 0, &apos;passed&apos;: 16}
============================= test session starts ==============================
platform linux -- Python 3.5.6, pytest-2.9.2, py-1.7.0, pluggy-0.3.1
rootdir: /tmp/pytest-of-travis/pytest-0/testdir/test_run_all_tests5, inifile: 
plugins: logging-2015.11.4, html-1.9.0, harvest-1.0.1, faulthandler-1.5.0, cov-2.6.0
collected 16 items

test_run_all_tests.py ................

========================== 16 passed in 0.04 seconds ===========================
</system-out></testcase><testcase classname="pytest_steps.tests.test_all" file="pytest_steps/tests/test_all.py" line="21" name="test_run_all_tests[test_steps_with_results_basic.py]" time="0.04304242134094238"><system-out>
Testing that running pytest on file test_steps_with_results_basic.py results in {&apos;failed&apos;: 0, &apos;skipped&apos;: 0, &apos;passed&apos;: 4}
============================= test session starts ==============================
platform linux -- Python 3.5.6, pytest-2.9.2, py-1.7.0, pluggy-0.3.1
rootdir: /tmp/pytest-of-travis/pytest-0/testdir/test_run_all_tests6, inifile: 
plugins: logging-2015.11.4, html-1.9.0, harvest-1.0.1, faulthandler-1.5.0, cov-2.6.0
collected 4 items

test_run_all_tests.py ....

=========================== 4 passed in 0.01 seconds ===========================
</system-out></testcase><testcase classname="pytest_steps.tests.test_all" file="pytest_steps/tests/test_all.py" line="21" name="test_run_all_tests[test_steps_no_results.py]" time="0.040729522705078125"><system-out>
Testing that running pytest on file test_steps_no_results.py results in {&apos;failed&apos;: 0, &apos;skipped&apos;: 0, &apos;passed&apos;: 4}
============================= test session starts ==============================
platform linux -- Python 3.5.6, pytest-2.9.2, py-1.7.0, pluggy-0.3.1
rootdir: /tmp/pytest-of-travis/pytest-0/testdir/test_run_all_tests7, inifile: 
plugins: logging-2015.11.4, html-1.9.0, harvest-1.0.1, faulthandler-1.5.0, cov-2.6.0
collected 4 items

test_run_all_tests.py ....

=========================== 4 passed in 0.01 seconds ===========================
</system-out></testcase><testcase classname="pytest_steps.tests.test_all" file="pytest_steps/tests/test_all.py" line="21" name="test_run_all_tests[test_steps_dependencies.py]" time="0.05478501319885254"><system-out>
Testing that running pytest on file test_steps_dependencies.py results in {&apos;failed&apos;: 2, &apos;skipped&apos;: 1, &apos;passed&apos;: 3}
============================= test session starts ==============================
platform linux -- Python 3.5.6, pytest-2.9.2, py-1.7.0, pluggy-0.3.1
rootdir: /tmp/pytest-of-travis/pytest-0/testdir/test_run_all_tests8, inifile: 
plugins: logging-2015.11.4, html-1.9.0, harvest-1.0.1, faulthandler-1.5.0, cov-2.6.0
collected 6 items

test_run_all_tests.py .Fs.F.

=================================== FAILURES ===================================
________________________ test_suite_no_results[step_b] _________________________

test_step = &lt;function step_b at 0x7fb2ce3d02f0&gt;
request = &lt;FixtureRequest for &lt;Function &apos;test_suite_no_results[step_b]&apos;&gt;&gt;

    @test_steps(step_a, step_b, step_c)
    def test_suite_no_results(test_step, request):
        &quot;&quot;&quot; In this test suite, the last step will be skipped because the second step failed (and there is a dependency) &quot;&quot;&quot;
    
        # Execute the step
&gt;       test_step()

test_run_all_tests.py:37: 
_ _ _ _ _ _ _ _ _ _ _ _ _ _ _ _ _ _ _ _ _ _ _ _ _ _ _ _ _ _ _ _ _ _ _ _ _ _ _ _ 

    def step_b():
        &quot;&quot;&quot; Step a of the test &quot;&quot;&quot;
    
        # perform this step
        print(&quot;step b&quot;)
&gt;       assert False
E       assert False

test_run_all_tests.py:20: AssertionError
----------------------------- Captured stdout call -----------------------------
step b
_____________________________ test_suite_1[step_b] _____________________________

test_step = &apos;step_b&apos;

    @test_steps(&apos;step_a&apos;, &apos;step_b&apos;, &apos;step_c&apos;)
    def test_suite_1(test_step):
        &quot;&quot;&quot; In this test suite the last step can &quot;see&quot; the dependency so it is still executed ...&quot;&quot;&quot;
        # Execute the step according to name
        if test_step == &apos;step_a&apos;:
            step_a()
        elif test_step == &apos;step_b&apos;:
&gt;           step_b()

test_run_all_tests.py:47: 
_ _ _ _ _ _ _ _ _ _ _ _ _ _ _ _ _ _ _ _ _ _ _ _ _ _ _ _ _ _ _ _ _ _ _ _ _ _ _ _ 

    def step_b():
        &quot;&quot;&quot; Step a of the test &quot;&quot;&quot;
    
        # perform this step
        print(&quot;step b&quot;)
&gt;       assert False
E       assert False

test_run_all_tests.py:20: AssertionError
----------------------------- Captured stdout call -----------------------------
step b
================ 2 failed, 3 passed, 1 skipped in 0.03 seconds =================
</system-out></testcase><testcase classname="pytest_steps.tests.test_all" file="pytest_steps/tests/test_all.py" line="21" name="test_run_all_tests[test_stackoverflow2.py]" time="0.04045891761779785"><system-out>
Testing that running pytest on file test_stackoverflow2.py results in {&apos;failed&apos;: 0, &apos;skipped&apos;: 0, &apos;passed&apos;: 3}
============================= test session starts ==============================
platform linux -- Python 3.5.6, pytest-2.9.2, py-1.7.0, pluggy-0.3.1
rootdir: /tmp/pytest-of-travis/pytest-0/testdir/test_run_all_tests9, inifile: 
plugins: logging-2015.11.4, html-1.9.0, harvest-1.0.1, faulthandler-1.5.0, cov-2.6.0
collected 3 items

test_run_all_tests.py ...

=========================== 3 passed in 0.01 seconds ===========================
</system-out></testcase><testcase classname="pytest_steps.tests.test_decorator" file="pytest_steps/tests/test_decorator.py" line="28" name="test_normal_normal" time="0.0012350082397460938"></testcase><testcase classname="pytest_steps.tests.test_decorator" file="pytest_steps/tests/test_decorator.py" line="36" name="test_normal_gen" time="0.0012059211730957031"></testcase><testcase classname="pytest_steps.tests.test_decorator" file="pytest_steps/tests/test_decorator.py" line="47" name="test_gen_gen" time="0.0013000965118408203"></testcase><testcase classname="pytest_steps.tests.test_decorator" file="pytest_steps/tests/test_decorator.py" line="56" name="test_gen_normal" time="0.0013554096221923828"></testcase><testcase classname="pytest_steps.tests.test_docs_example_with_harvest" file="pytest_steps/tests/test_docs_example_with_harvest.py" line="50" name="test_my_app_bench[A-1-train]" time="0.002359628677368164"></testcase><testcase classname="pytest_steps.tests.test_docs_example_with_harvest" file="pytest_steps/tests/test_docs_example_with_harvest.py" line="50" name="test_my_app_bench[A-1-score]" time="0.001781463623046875"></testcase><testcase classname="pytest_steps.tests.test_docs_example_with_harvest" file="pytest_steps/tests/test_docs_example_with_harvest.py" line="50" name="test_my_app_bench[A-2-train]" time="0.001806020736694336"></testcase><testcase classname="pytest_steps.tests.test_docs_example_with_harvest" file="pytest_steps/tests/test_docs_example_with_harvest.py" line="50" name="test_my_app_bench[A-2-score]" time="0.0016477108001708984"></testcase><testcase classname="pytest_steps.tests.test_docs_example_with_harvest" file="pytest_steps/tests/test_docs_example_with_harvest.py" line="50" name="test_my_app_bench[B-1-train]" time="0.0017113685607910156"></testcase><testcase classname="pytest_steps.tests.test_docs_example_with_harvest" file="pytest_steps/tests/test_docs_example_with_harvest.py" line="50" name="test_my_app_bench[B-1-score]" time="0.0016450881958007812"></testcase><testcase classname="pytest_steps.tests.test_docs_example_with_harvest" file="pytest_steps/tests/test_docs_example_with_harvest.py" line="50" name="test_my_app_bench[B-2-train]" time="0.0017206668853759766"></testcase><testcase classname="pytest_steps.tests.test_docs_example_with_harvest" file="pytest_steps/tests/test_docs_example_with_harvest.py" line="50" name="test_my_app_bench[B-2-score]" time="0.001703023910522461"></testcase><testcase classname="pytest_steps.tests.test_docs_example_with_harvest" file="pytest_steps/tests/test_docs_example_with_harvest.py" line="50" name="test_my_app_bench[C-1-train]" time="0.0023391246795654297"></testcase><testcase classname="pytest_steps.tests.test_docs_example_with_harvest" file="pytest_steps/tests/test_docs_example_with_harvest.py" line="50" name="test_my_app_bench[C-1-score]" time="0.001710653305053711"></testcase><testcase classname="pytest_steps.tests.test_docs_example_with_harvest" file="pytest_steps/tests/test_docs_example_with_harvest.py" line="50" name="test_my_app_bench[C-2-train]" time="0.001794576644897461"></testcase><testcase classname="pytest_steps.tests.test_docs_example_with_harvest" file="pytest_steps/tests/test_docs_example_with_harvest.py" line="50" name="test_my_app_bench[C-2-score]" time="0.0013070106506347656"></testcase><testcase classname="pytest_steps.tests.test_docs_example_with_harvest" file="pytest_steps/tests/test_docs_example_with_harvest.py" line="71" name="test_synthesis" time="0.04173731803894043"><system-out>
Keys:
(&apos;test_my_app_bench[A-1]&apos;, &apos;train&apos;)
(&apos;test_my_app_bench[A-1]&apos;, &apos;score&apos;)
(&apos;test_my_app_bench[A-2]&apos;, &apos;train&apos;)
(&apos;test_my_app_bench[A-2]&apos;, &apos;score&apos;)
(&apos;test_my_app_bench[B-1]&apos;, &apos;train&apos;)
(&apos;test_my_app_bench[B-1]&apos;, &apos;score&apos;)
(&apos;test_my_app_bench[B-2]&apos;, &apos;train&apos;)
(&apos;test_my_app_bench[B-2]&apos;, &apos;score&apos;)
(&apos;test_my_app_bench[C-1]&apos;, &apos;train&apos;)
(&apos;test_my_app_bench[C-1]&apos;, &apos;score&apos;)
(&apos;test_my_app_bench[C-2]&apos;, &apos;train&apos;)
(&apos;test_my_app_bench[C-2]&apos;, &apos;score&apos;)

First node:
&apos;pytest_obj&apos;: &lt;function test_my_app_bench at 0x7fb2ce5d8158&gt;
&apos;status&apos;: &apos;passed&apos;
&apos;duration_ms&apos;: 0.4627704620361328
&apos;algo_param&apos;: 1
&apos;dataset&apos;: &apos;my dataset #A&apos;
&apos;accuracy&apos;: 0.040932190798875556
                                     status      duration_ms    algo_param  dataset           accuracy
-----------------------------------  --------  -------------  ------------  -------------  -----------
(&apos;test_my_app_bench[A-1]&apos;, &apos;train&apos;)  passed         0.46277              1  my dataset #A    0.0409322
(&apos;test_my_app_bench[A-1]&apos;, &apos;score&apos;)  passed         0.509977             1  my dataset #A  nan
(&apos;test_my_app_bench[A-2]&apos;, &apos;train&apos;)  passed         0.426054             2  my dataset #A    0.86434
(&apos;test_my_app_bench[A-2]&apos;, &apos;score&apos;)  passed         0.400782             2  my dataset #A  nan
(&apos;test_my_app_bench[B-1]&apos;, &apos;train&apos;)  passed         0.315905             1  my dataset #B    0.520866
(&apos;test_my_app_bench[B-1]&apos;, &apos;score&apos;)  passed         0.453711             1  my dataset #B  nan
(&apos;test_my_app_bench[B-2]&apos;, &apos;train&apos;)  passed         0.422239             2  my dataset #B    0.442703
(&apos;test_my_app_bench[B-2]&apos;, &apos;score&apos;)  passed         0.427246             2  my dataset #B  nan
(&apos;test_my_app_bench[C-1]&apos;, &apos;train&apos;)  passed         0.814438             1  my dataset #C    0.28081
(&apos;test_my_app_bench[C-1]&apos;, &apos;score&apos;)  passed         0.332355             1  my dataset #C  nan
(&apos;test_my_app_bench[C-2]&apos;, &apos;train&apos;)  passed         0.446796             2  my dataset #C    0.115892
(&apos;test_my_app_bench[C-2]&apos;, &apos;score&apos;)  passed         0.303268             2  my dataset #C  nan
test_id                   algo_param  dataset        train/status      train/duration_ms    train/accuracy  score/status      score/duration_ms
----------------------  ------------  -------------  --------------  -------------------  ----------------  --------------  -------------------
test_my_app_bench[A-1]             1  my dataset #A  passed                     0.46277          0.0409322  passed                     0.509977
test_my_app_bench[A-2]             2  my dataset #A  passed                     0.426054         0.86434    passed                     0.400782
test_my_app_bench[B-1]             1  my dataset #B  passed                     0.315905         0.520866   passed                     0.453711
test_my_app_bench[B-2]             2  my dataset #B  passed                     0.422239         0.442703   passed                     0.427246
test_my_app_bench[C-1]             1  my dataset #C  passed                     0.814438         0.28081    passed                     0.332355
test_my_app_bench[C-2]             2  my dataset #C  passed                     0.446796         0.115892   passed                     0.303268
</system-out><system-err>/home/travis/miniconda/envs/test-environment/lib/python3.5/site-packages/pandas/core/reshape/merge.py:544: UserWarning: merging between different levels can give an unintended result (1 levels on the left, 2 on the right)
  warnings.warn(msg, UserWarning)
</system-err></testcase><testcase classname="pytest_steps.tests.test_steps_harvest" file="pytest_steps/tests/test_steps_harvest.py" line="64" name="test_my_app_bench[A-1-train]" time="0.0021479129791259766"></testcase><testcase classname="pytest_steps.tests.test_steps_harvest" file="pytest_steps/tests/test_steps_harvest.py" line="64" name="test_my_app_bench[A-1-score]" time="0.0018801689147949219"></testcase><testcase classname="pytest_steps.tests.test_steps_harvest" file="pytest_steps/tests/test_steps_harvest.py" line="64" name="test_my_app_bench[A-2-train]" time="0.001920938491821289"></testcase><testcase classname="pytest_steps.tests.test_steps_harvest" file="pytest_steps/tests/test_steps_harvest.py" line="64" name="test_my_app_bench[A-2-score]" time="0.0024476051330566406"></testcase><testcase classname="pytest_steps.tests.test_steps_harvest" file="pytest_steps/tests/test_steps_harvest.py" line="64" name="test_my_app_bench[B-1-train]" time="0.001901388168334961"></testcase><testcase classname="pytest_steps.tests.test_steps_harvest" file="pytest_steps/tests/test_steps_harvest.py" line="64" name="test_my_app_bench[B-1-score]" time="0.0017261505126953125"></testcase><testcase classname="pytest_steps.tests.test_steps_harvest" file="pytest_steps/tests/test_steps_harvest.py" line="64" name="test_my_app_bench[B-2-train]" time="0.0012629032135009766"></testcase><testcase classname="pytest_steps.tests.test_steps_harvest" file="pytest_steps/tests/test_steps_harvest.py" line="64" name="test_my_app_bench[B-2-score]" time="0.003599882125854492"></testcase><testcase classname="pytest_steps.tests.test_steps_harvest" file="pytest_steps/tests/test_steps_harvest.py" line="64" name="test_my_app_bench[C-1-train]" time="0.0018308162689208984"></testcase><testcase classname="pytest_steps.tests.test_steps_harvest" file="pytest_steps/tests/test_steps_harvest.py" line="64" name="test_my_app_bench[C-1-score]" time="0.0020341873168945312"></testcase><testcase classname="pytest_steps.tests.test_steps_harvest" file="pytest_steps/tests/test_steps_harvest.py" line="64" name="test_my_app_bench[C-2-train]" time="0.0017158985137939453"></testcase><testcase classname="pytest_steps.tests.test_steps_harvest" file="pytest_steps/tests/test_steps_harvest.py" line="64" name="test_my_app_bench[C-2-score]" time="0.002326488494873047"></testcase><testcase classname="pytest_steps.tests.test_steps_harvest" file="pytest_steps/tests/test_steps_harvest.py" line="85" name="test_basic" time="0.0008988380432128906"></testcase><testcase classname="pytest_steps.tests.test_steps_harvest" file="pytest_steps/tests/test_steps_harvest.py" line="90" name="test_synthesis" time="0.07045602798461914"><system-out>
Keys:
test_my_app_bench[A-1-train]
test_my_app_bench[A-1-score]
test_my_app_bench[A-2-train]
test_my_app_bench[A-2-score]
test_my_app_bench[B-1-train]
test_my_app_bench[B-1-score]
test_my_app_bench[B-2-train]
test_my_app_bench[B-2-score]
test_my_app_bench[C-1-train]
test_my_app_bench[C-1-score]
test_my_app_bench[C-2-train]
test_my_app_bench[C-2-score]
test_basic

First node:
&apos;pytest_obj&apos;: &lt;function test_my_app_bench at 0x7fb2ce5d8d08&gt;
&apos;status&apos;: &apos;passed&apos;
&apos;duration_ms&apos;: 0.4420280456542969
&apos;________step_name_&apos;: &apos;train&apos;
&apos;algo_param&apos;: 1
&apos;dataset&apos;: &apos;my dataset #A&apos;
&apos;accuracy&apos;: 0.9307143444358933

Pivoted table:
test_id                   algo_param  dataset        train/status      train/duration_ms    train/accuracy  score/status      score/duration_ms  -/status      -/duration_ms
----------------------  ------------  -------------  --------------  -------------------  ----------------  --------------  -------------------  ----------  ---------------
test_my_app_bench[A-1]             1  my dataset #A  passed                     0.442028         0.930714   passed                     0.502348  nan              nan
test_my_app_bench[A-2]             2  my dataset #A  passed                     0.442982         0.229827   passed                     0.36931   nan              nan
test_my_app_bench[B-1]             1  my dataset #B  passed                     0.44632          0.70571    passed                     0.444412  nan              nan
test_my_app_bench[B-2]             2  my dataset #B  passed                     0.310183         0.14001    passed                     0.43416   nan              nan
test_my_app_bench[C-1]             1  my dataset #C  passed                     0.460625         0.468813   passed                     0.483513  nan              nan
test_my_app_bench[C-2]             2  my dataset #C  passed                     0.445127         0.0990448  passed                     1.0078    nan              nan
test_basic                       nan  nan            nan                      nan              nan          nan                      nan         passed             0.280857

Pivoted table (2):
test_id                   algo_param  dataset        train/status      train/duration_ms    train/accuracy  score/status      score/duration_ms  -/status      -/duration_ms
----------------------  ------------  -------------  --------------  -------------------  ----------------  --------------  -------------------  ----------  ---------------
test_my_app_bench[A-1]             1  my dataset #A  passed                     0.442028         0.930714   passed                     0.502348  nan              nan
test_my_app_bench[A-2]             2  my dataset #A  passed                     0.442982         0.229827   passed                     0.36931   nan              nan
test_my_app_bench[B-1]             1  my dataset #B  passed                     0.44632          0.70571    passed                     0.444412  nan              nan
test_my_app_bench[B-2]             2  my dataset #B  passed                     0.310183         0.14001    passed                     0.43416   nan              nan
test_my_app_bench[C-1]             1  my dataset #C  passed                     0.460625         0.468813   passed                     0.483513  nan              nan
test_my_app_bench[C-2]             2  my dataset #C  passed                     0.445127         0.0990448  passed                     1.0078    nan              nan
test_basic                       nan  nan            nan                      nan              nan          nan                      nan         passed             0.280857
</system-out></testcase></testsuite>