<?xml version="1.0" encoding="utf-8"?><testsuite errors="0" failures="0" name="pytest" skips="0" tests="86" time="1.705"><testcase classname="pytest_steps.tests.test_all" file="pytest_steps/tests/test_all.py" line="21" name="test_run_all_tests[test_steps_parammode_stackoverflow.py]" time="0.046906232833862305"><system-out>
Testing that running pytest on file test_steps_parammode_stackoverflow.py results in {&apos;failed&apos;: 0, &apos;passed&apos;: 3, &apos;skipped&apos;: 0}
============================= test session starts ==============================
platform linux -- Python 3.5.6, pytest-2.9.2, py-1.8.0, pluggy-0.3.1
rootdir: /tmp/pytest-of-travis/pytest-0/testdir/test_run_all_tests0, inifile: 
plugins: steps-1.6.4, logging-2015.11.4, html-1.9.0, harvest-1.7.3, cov-2.6.0, cases-1.11.4
collected 3 items

test_run_all_tests.py ...

=========================== 3 passed in 0.01 seconds ===========================
</system-out></testcase><testcase classname="pytest_steps.tests.test_all" file="pytest_steps/tests/test_all.py" line="21" name="test_run_all_tests[test_steps_parammode_with_results_basic.py]" time="0.04825472831726074"><system-out>
Testing that running pytest on file test_steps_parammode_with_results_basic.py results in {&apos;failed&apos;: 0, &apos;passed&apos;: 4, &apos;skipped&apos;: 0}
============================= test session starts ==============================
platform linux -- Python 3.5.6, pytest-2.9.2, py-1.8.0, pluggy-0.3.1
rootdir: /tmp/pytest-of-travis/pytest-0/testdir/test_run_all_tests1, inifile: 
plugins: steps-1.6.4, logging-2015.11.4, html-1.9.0, harvest-1.7.3, cov-2.6.0, cases-1.11.4
collected 4 items

test_run_all_tests.py ....

=========================== 4 passed in 0.02 seconds ===========================
</system-out></testcase><testcase classname="pytest_steps.tests.test_all" file="pytest_steps/tests/test_all.py" line="21" name="test_run_all_tests[test_steps_genmode.py]" time="0.1950523853302002"><system-out>
Testing that running pytest on file test_steps_genmode.py results in {&apos;failed&apos;: 2, &apos;passed&apos;: 15, &apos;skipped&apos;: 2}
============================= test session starts ==============================
platform linux -- Python 3.5.6, pytest-2.9.2, py-1.8.0, pluggy-0.3.1
rootdir: /tmp/pytest-of-travis/pytest-0/testdir/test_run_all_tests2, inifile: 
plugins: steps-1.6.4, logging-2015.11.4, html-1.9.0, harvest-1.7.3, cov-2.6.0, cases-1.11.4
collected 19 items

test_run_all_tests.py .....Fs.Fs.........

=================================== FAILURES ===================================
________________ test_suite_exception_on_mandatory_step[step_b] ________________

request = &lt;FixtureRequest for &lt;Function &apos;test_suite_exception_on_mandatory_step[step_b]&apos;&gt;&gt;
________step_name_ = &apos;step_b&apos;

&gt;   ???

&lt;makefun-gen-35&gt;:2: 
_ _ _ _ _ _ _ _ _ _ _ _ _ _ _ _ _ _ _ _ _ _ _ _ _ _ _ _ _ _ _ _ _ _ _ _ _ _ _ _ 
/home/travis/build/smarie/python-pytest-steps/pytest_steps/steps_generator.py:488: in wrapped_test_function
    steps_monitor.execute(step_name, *args, **kwargs)
/home/travis/build/smarie/python-pytest-steps/pytest_steps/steps_generator.py:296: in execute
    res = next(self.gen)
_ _ _ _ _ _ _ _ _ _ _ _ _ _ _ _ _ _ _ _ _ _ _ _ _ _ _ _ _ _ _ _ _ _ _ _ _ _ _ _ 

    @test_steps(&apos;step_a&apos;, &apos;step_b&apos;, &apos;step_c&apos;)
    def test_suite_exception_on_mandatory_step():
        &quot;&quot;&quot; &quot;&quot;&quot;
    
        # Step A
        print(&quot;step a&quot;)
        assert not False  # replace with your logic
        yield &apos;step_a&apos;
    
        # Step B
        print(&quot;step b&quot;)
&gt;       pytest.fail(&quot;Failed intentionally - this is normal&quot;)  # replace with your logic
E       Failed: Failed intentionally - this is normal

test_run_all_tests.py:60: Failed
----------------------------- Captured stdout call -----------------------------
step b
_______________ test_suite_optional_and_dependent_steps[step_b] ________________

request = &lt;FixtureRequest for &lt;Function &apos;test_suite_optional_and_dependent_steps[step_b]&apos;&gt;&gt;
________step_name_ = &apos;step_b&apos;

&gt;   ???

&lt;makefun-gen-36&gt;:2: 
_ _ _ _ _ _ _ _ _ _ _ _ _ _ _ _ _ _ _ _ _ _ _ _ _ _ _ _ _ _ _ _ _ _ _ _ _ _ _ _ 
/home/travis/build/smarie/python-pytest-steps/pytest_steps/steps_generator.py:488: in wrapped_test_function
    steps_monitor.execute(step_name, *args, **kwargs)
/home/travis/build/smarie/python-pytest-steps/pytest_steps/steps_generator.py:318: in execute
    reraise(res.exec_result.exc_type, res.exec_result.exc_val, res.exec_result.tb)
/home/travis/miniconda/envs/test-environment/lib/python3.5/site-packages/six.py:693: in reraise
    raise value
_ _ _ _ _ _ _ _ _ _ _ _ _ _ _ _ _ _ _ _ _ _ _ _ _ _ _ _ _ _ _ _ _ _ _ _ _ _ _ _ 

    @test_steps(&apos;step_a&apos;, &apos;step_b&apos;, &apos;step_c&apos;, &apos;step_d&apos;)
    def test_suite_optional_and_dependent_steps():
        &quot;&quot;&quot; &quot;&quot;&quot;
    
        # Step A
        print(&quot;step a&quot;)
        assert not False
        yield &apos;step_a&apos;
    
        # Step B
        with optional_step(&apos;step_b&apos;) as step_b:
            print(&quot;step b&quot;)
&gt;           pytest.fail(&quot;Failed intentionally - this is normal&quot;)
E           Failed: Failed intentionally - this is normal

test_run_all_tests.py:81: Failed
----------------------------- Captured stdout call -----------------------------
step b
================ 2 failed, 15 passed, 2 skipped in 0.16 seconds ================
</system-out></testcase><testcase classname="pytest_steps.tests.test_all" file="pytest_steps/tests/test_all.py" line="21" name="test_run_all_tests[test_wrapped_in_class.py]" time="0.03969717025756836"><system-out>
Testing that running pytest on file test_wrapped_in_class.py results in {&apos;failed&apos;: 0, &apos;passed&apos;: 1, &apos;skipped&apos;: 0}
============================= test session starts ==============================
platform linux -- Python 3.5.6, pytest-2.9.2, py-1.8.0, pluggy-0.3.1
rootdir: /tmp/pytest-of-travis/pytest-0/testdir/test_run_all_tests3, inifile: 
plugins: steps-1.6.4, logging-2015.11.4, html-1.9.0, harvest-1.7.3, cov-2.6.0, cases-1.11.4
collected 1 items

test_run_all_tests.py .

=========================== 1 passed in 0.01 seconds ===========================
</system-out></testcase><testcase classname="pytest_steps.tests.test_all" file="pytest_steps/tests/test_all.py" line="21" name="test_run_all_tests[test_pytest_parametrization_capabilities.py]" time="0.12058186531066895"><system-out>
Testing that running pytest on file test_pytest_parametrization_capabilities.py results in {&apos;failed&apos;: 0, &apos;passed&apos;: 16, &apos;skipped&apos;: 0}
============================= test session starts ==============================
platform linux -- Python 3.5.6, pytest-2.9.2, py-1.8.0, pluggy-0.3.1
rootdir: /tmp/pytest-of-travis/pytest-0/testdir/test_run_all_tests4, inifile: 
plugins: steps-1.6.4, logging-2015.11.4, html-1.9.0, harvest-1.7.3, cov-2.6.0, cases-1.11.4
collected 16 items

test_run_all_tests.py ................

========================== 16 passed in 0.04 seconds ===========================
</system-out></testcase><testcase classname="pytest_steps.tests.test_all" file="pytest_steps/tests/test_all.py" line="21" name="test_run_all_tests[test_steps_genmode_does_not_change_order.py]" time="0.05053567886352539"><system-out>
Testing that running pytest on file test_steps_genmode_does_not_change_order.py results in {&apos;failed&apos;: 0, &apos;passed&apos;: 5, &apos;skipped&apos;: 0}
============================= test session starts ==============================
platform linux -- Python 3.5.6, pytest-2.9.2, py-1.8.0, pluggy-0.3.1
rootdir: /tmp/pytest-of-travis/pytest-0/testdir/test_run_all_tests5, inifile: 
plugins: steps-1.6.4, logging-2015.11.4, html-1.9.0, harvest-1.7.3, cov-2.6.0, cases-1.11.4
collected 5 items

test_run_all_tests.py .....

=========================== 5 passed in 0.02 seconds ===========================
</system-out></testcase><testcase classname="pytest_steps.tests.test_all" file="pytest_steps/tests/test_all.py" line="21" name="test_run_all_tests[test_steps_parammode_no_results.py]" time="0.04613804817199707"><system-out>
Testing that running pytest on file test_steps_parammode_no_results.py results in {&apos;failed&apos;: 0, &apos;passed&apos;: 4, &apos;skipped&apos;: 0}
============================= test session starts ==============================
platform linux -- Python 3.5.6, pytest-2.9.2, py-1.8.0, pluggy-0.3.1
rootdir: /tmp/pytest-of-travis/pytest-0/testdir/test_run_all_tests6, inifile: 
plugins: steps-1.6.4, logging-2015.11.4, html-1.9.0, harvest-1.7.3, cov-2.6.0, cases-1.11.4
collected 4 items

test_run_all_tests.py ....

=========================== 4 passed in 0.01 seconds ===========================
</system-out></testcase><testcase classname="pytest_steps.tests.test_all" file="pytest_steps/tests/test_all.py" line="21" name="test_run_all_tests[test_steps_genmode_dependency_tree.py]" time="0.09190225601196289"><system-out>
Testing that running pytest on file test_steps_genmode_dependency_tree.py results in {&apos;failed&apos;: 1, &apos;passed&apos;: 8, &apos;skipped&apos;: 5}
============================= test session starts ==============================
platform linux -- Python 3.5.6, pytest-2.9.2, py-1.8.0, pluggy-0.3.1
rootdir: /tmp/pytest-of-travis/pytest-0/testdir/test_run_all_tests7, inifile: 
plugins: steps-1.6.4, logging-2015.11.4, html-1.9.0, harvest-1.7.3, cov-2.6.0, cases-1.11.4
collected 14 items

test_run_all_tests.py ...F.s..ss..ss

=================================== FAILURES ===================================
_____________________________ test_3_4[step3-p=b] ______________________________

request = &lt;FixtureRequest for &lt;Function &apos;test_3_4[step3-p=b]&apos;&gt;&gt;
________step_name_ = &apos;step3&apos;, p = &apos;b&apos;
results_dct = {&apos;step1&apos;: 1, &apos;step2&apos;: &apos;hello&apos;, &apos;step3&apos;: {&apos;a&apos;: &apos;bla&apos;, &apos;b&apos;: &apos;bla&apos;}}

&gt;   ???

&lt;makefun-gen-49&gt;:2: 
_ _ _ _ _ _ _ _ _ _ _ _ _ _ _ _ _ _ _ _ _ _ _ _ _ _ _ _ _ _ _ _ _ _ _ _ _ _ _ _ 
/home/travis/build/smarie/python-pytest-steps/pytest_steps/steps_generator.py:488: in wrapped_test_function
    steps_monitor.execute(step_name, *args, **kwargs)
/home/travis/build/smarie/python-pytest-steps/pytest_steps/steps_generator.py:296: in execute
    res = next(self.gen)
_ _ _ _ _ _ _ _ _ _ _ _ _ _ _ _ _ _ _ _ _ _ _ _ _ _ _ _ _ _ _ _ _ _ _ _ _ _ _ _ 

p = &apos;b&apos;
results_dct = {&apos;step1&apos;: 1, &apos;step2&apos;: &apos;hello&apos;, &apos;step3&apos;: {&apos;a&apos;: &apos;bla&apos;, &apos;b&apos;: &apos;bla&apos;}}

    @test_steps(&apos;step3&apos;, &apos;step4&apos;)
    @pytest.mark.parametrize(&apos;p&apos;, [&apos;a&apos;, &apos;b&apos;], ids=&quot;p={}&quot;.format)
    def test_3_4(p, results_dct):
        if &apos;step2&apos; not in results_dct:
            pytest.skip(&quot;Can not start step 3: step 2 has not run successfuly&quot;)
        # step 3
        results_dct.setdefault(&apos;step3&apos;, dict())[p] = &apos;bla&apos;
        if p == &apos;b&apos;:
&gt;           pytest.fail(&quot;Failed intentionally - this is normal&quot;)
E           Failed: Failed intentionally - this is normal

test_run_all_tests.py:33: Failed
================ 1 failed, 8 passed, 5 skipped in 0.06 seconds =================
</system-out></testcase><testcase classname="pytest_steps.tests.test_all" file="pytest_steps/tests/test_all.py" line="21" name="test_run_all_tests[test_steps_parammode_dependencies.py]" time="0.08554959297180176"><system-out>
Testing that running pytest on file test_steps_parammode_dependencies.py results in {&apos;failed&apos;: 2, &apos;passed&apos;: 4, &apos;skipped&apos;: 1}
============================= test session starts ==============================
platform linux -- Python 3.5.6, pytest-2.9.2, py-1.8.0, pluggy-0.3.1
rootdir: /tmp/pytest-of-travis/pytest-0/testdir/test_run_all_tests8, inifile: 
plugins: steps-1.6.4, logging-2015.11.4, html-1.9.0, harvest-1.7.3, cov-2.6.0, cases-1.11.4
collected 7 items

test_run_all_tests.py .Fs..F.

=================================== FAILURES ===================================
________________________ test_suite_no_results[step_b] _________________________

request = &lt;FixtureRequest for &lt;Function &apos;test_suite_no_results[step_b]&apos;&gt;&gt;
test_step = &lt;function step_b at 0x7f3446a9f400&gt;

&gt;   ???

&lt;makefun-gen-51&gt;:2: 
_ _ _ _ _ _ _ _ _ _ _ _ _ _ _ _ _ _ _ _ _ _ _ _ _ _ _ _ _ _ _ _ _ _ _ _ _ _ _ _ 
/home/travis/build/smarie/python-pytest-steps/pytest_steps/steps_parametrizer.py:172: in wrapped_test_function
    res = test_func(*args, **kwargs)
test_run_all_tests.py:54: in test_suite_no_results
    test_step()
_ _ _ _ _ _ _ _ _ _ _ _ _ _ _ _ _ _ _ _ _ _ _ _ _ _ _ _ _ _ _ _ _ _ _ _ _ _ _ _ 

    def step_b():
        &quot;&quot;&quot; Step a of the test &quot;&quot;&quot;
    
        # perform this step
        print(&quot;step b&quot;)
&gt;       pytest.fail(&quot;Failed intentionally - this is normal&quot;)
E       Failed: Failed intentionally - this is normal

test_run_all_tests.py:37: Failed
----------------------------- Captured stdout call -----------------------------
step b
_____________________________ test_suite_1[step_b] _____________________________

request = &lt;FixtureRequest for &lt;Function &apos;test_suite_1[step_b]&apos;&gt;&gt;
test_step = &apos;step_b&apos;

&gt;   ???

&lt;makefun-gen-52&gt;:2: 
_ _ _ _ _ _ _ _ _ _ _ _ _ _ _ _ _ _ _ _ _ _ _ _ _ _ _ _ _ _ _ _ _ _ _ _ _ _ _ _ 
/home/travis/build/smarie/python-pytest-steps/pytest_steps/steps_parametrizer.py:129: in wrapped_test_function
    return test_func(*args, **kwargs)
test_run_all_tests.py:83: in test_suite_1
    step_b()
_ _ _ _ _ _ _ _ _ _ _ _ _ _ _ _ _ _ _ _ _ _ _ _ _ _ _ _ _ _ _ _ _ _ _ _ _ _ _ _ 

    def step_b():
        &quot;&quot;&quot; Step a of the test &quot;&quot;&quot;
    
        # perform this step
        print(&quot;step b&quot;)
&gt;       pytest.fail(&quot;Failed intentionally - this is normal&quot;)
E       Failed: Failed intentionally - this is normal

test_run_all_tests.py:37: Failed
----------------------------- Captured stdout call -----------------------------
step b
================ 2 failed, 4 passed, 1 skipped in 0.06 seconds =================
</system-out></testcase><testcase classname="pytest_steps.tests.test_all" file="pytest_steps/tests/test_all.py" line="21" name="test_run_all_tests[test_steps_parammode_stackoverflow2.py]" time="0.043500661849975586"><system-out>
Testing that running pytest on file test_steps_parammode_stackoverflow2.py results in {&apos;failed&apos;: 0, &apos;passed&apos;: 3, &apos;skipped&apos;: 0}
============================= test session starts ==============================
platform linux -- Python 3.5.6, pytest-2.9.2, py-1.8.0, pluggy-0.3.1
rootdir: /tmp/pytest-of-travis/pytest-0/testdir/test_run_all_tests9, inifile: 
plugins: steps-1.6.4, logging-2015.11.4, html-1.9.0, harvest-1.7.3, cov-2.6.0, cases-1.11.4
collected 3 items

test_run_all_tests.py ...

=========================== 3 passed in 0.01 seconds ===========================
</system-out></testcase><testcase classname="pytest_steps.tests.test_all" file="pytest_steps/tests/test_all.py" line="21" name="test_run_all_tests[test_steps_parammode_with_results_complex.py]" time="0.06711649894714355"><system-out>
Testing that running pytest on file test_steps_parammode_with_results_complex.py results in {&apos;failed&apos;: 0, &apos;passed&apos;: 16, &apos;skipped&apos;: 0}
============================= test session starts ==============================
platform linux -- Python 3.5.6, pytest-2.9.2, py-1.8.0, pluggy-0.3.1
rootdir: /tmp/pytest-of-travis/pytest-0/testdir/test_run_all_tests10, inifile: 
plugins: steps-1.6.4, logging-2015.11.4, html-1.9.0, harvest-1.7.3, cov-2.6.0, cases-1.11.4
collected 16 items

test_run_all_tests.py ................

========================== 16 passed in 0.04 seconds ===========================
</system-out></testcase><testcase classname="pytest_steps.tests.test_cross_steps_fixture" file="pytest_steps/tests/test_cross_steps_fixture.py" line="17" name="test_gen_mode[a-0]" time="0.0012226104736328125"><system-out>hello
</system-out></testcase><testcase classname="pytest_steps.tests.test_cross_steps_fixture" file="pytest_steps/tests/test_cross_steps_fixture.py" line="17" name="test_gen_mode[b-0]" time="0.0017430782318115234"><system-out>world
</system-out></testcase><testcase classname="pytest_steps.tests.test_cross_steps_fixture" file="pytest_steps/tests/test_cross_steps_fixture.py" line="34" name="test_params_mode[step_a-0]" time="0.0010933876037597656"><system-out>hello
</system-out></testcase><testcase classname="pytest_steps.tests.test_cross_steps_fixture" file="pytest_steps/tests/test_cross_steps_fixture.py" line="34" name="test_params_mode[step_b-0]" time="0.0011639595031738281"><system-out>world
</system-out></testcase><testcase classname="pytest_steps.tests.test_cross_steps_fixture" file="pytest_steps/tests/test_cross_steps_fixture.py" line="40" name="test_fixture_has_been_called_once_per_fun" time="0.0007462501525878906"></testcase><testcase classname="pytest_steps.tests.test_docs_example_manual_call" file="pytest_steps/tests/test_docs_example_manual_call.py" line="5" name="test_dummy_gen[first]" time="0.0011284351348876953"><system-out>hello
</system-out></testcase><testcase classname="pytest_steps.tests.test_docs_example_manual_call" file="pytest_steps/tests/test_docs_example_manual_call.py" line="5" name="test_dummy_gen[second]" time="0.0015711784362792969"><system-out>world
</system-out></testcase><testcase classname="pytest_steps.tests.test_docs_example_manual_call" file="pytest_steps/tests/test_docs_example_manual_call.py" line="22" name="test_dummy_param_deps[first]" time="0.001100778579711914"><system-out>hello
</system-out></testcase><testcase classname="pytest_steps.tests.test_docs_example_manual_call" file="pytest_steps/tests/test_docs_example_manual_call.py" line="22" name="test_dummy_param_deps[second]" time="0.00103759765625"><system-out>world
</system-out></testcase><testcase classname="pytest_steps.tests.test_docs_example_manual_call" file="pytest_steps/tests/test_docs_example_manual_call.py" line="27" name="test_dummy_param[first]" time="0.0010068416595458984"><system-out>hello
</system-out></testcase><testcase classname="pytest_steps.tests.test_docs_example_manual_call" file="pytest_steps/tests/test_docs_example_manual_call.py" line="27" name="test_dummy_param[second]" time="0.0010230541229248047"><system-out>world
</system-out></testcase><testcase classname="pytest_steps.tests.test_docs_example_manual_call" file="pytest_steps/tests/test_docs_example_manual_call.py" line="35" name="test_manual_call[test_dummy_gen]" time="0.007661104202270508"><system-out>Help on function test_dummy_gen in module pytest_steps.tests.test_docs_example_manual_call:

test_dummy_gen(request, ________step_name_)

None
hello
world
hello
hello
world
</system-out></testcase><testcase classname="pytest_steps.tests.test_docs_example_manual_call" file="pytest_steps/tests/test_docs_example_manual_call.py" line="35" name="test_manual_call[test_dummy_param_deps]" time="0.003000020980834961"><system-out>Help on function test_dummy_param_deps in module pytest_steps.tests.test_docs_example_manual_call:

test_dummy_param_deps(request, test_step)
    Executes the current step only if its dependencies are correct, and registers its execution result

None
hello
world
hello
hello
world
world
</system-out></testcase><testcase classname="pytest_steps.tests.test_docs_example_manual_call" file="pytest_steps/tests/test_docs_example_manual_call.py" line="35" name="test_manual_call[test_dummy_param]" time="0.0018956661224365234"><system-out>Help on function test_dummy_param in module pytest_steps.tests.test_docs_example_manual_call:

test_dummy_param(request, test_step)

None
hello
world
hello
hello
world
world
</system-out></testcase><testcase classname="pytest_steps.tests.test_docs_example_with_harvest" file="pytest_steps/tests/test_docs_example_with_harvest.py" line="32" name="test_my_app_bench[train-1-A]" time="0.0012450218200683594"></testcase><testcase classname="pytest_steps.tests.test_docs_example_with_harvest" file="pytest_steps/tests/test_docs_example_with_harvest.py" line="32" name="test_my_app_bench[train-1-B]" time="0.002835988998413086"></testcase><testcase classname="pytest_steps.tests.test_docs_example_with_harvest" file="pytest_steps/tests/test_docs_example_with_harvest.py" line="32" name="test_my_app_bench[train-1-C]" time="0.0031714439392089844"></testcase><testcase classname="pytest_steps.tests.test_docs_example_with_harvest" file="pytest_steps/tests/test_docs_example_with_harvest.py" line="32" name="test_my_app_bench[train-2-A]" time="0.0020194053649902344"></testcase><testcase classname="pytest_steps.tests.test_docs_example_with_harvest" file="pytest_steps/tests/test_docs_example_with_harvest.py" line="32" name="test_my_app_bench[train-2-B]" time="0.0011243820190429688"></testcase><testcase classname="pytest_steps.tests.test_docs_example_with_harvest" file="pytest_steps/tests/test_docs_example_with_harvest.py" line="32" name="test_my_app_bench[train-2-C]" time="0.0009181499481201172"></testcase><testcase classname="pytest_steps.tests.test_docs_example_with_harvest" file="pytest_steps/tests/test_docs_example_with_harvest.py" line="32" name="test_my_app_bench[score-1-A]" time="0.0023021697998046875"></testcase><testcase classname="pytest_steps.tests.test_docs_example_with_harvest" file="pytest_steps/tests/test_docs_example_with_harvest.py" line="32" name="test_my_app_bench[score-1-B]" time="0.0014023780822753906"></testcase><testcase classname="pytest_steps.tests.test_docs_example_with_harvest" file="pytest_steps/tests/test_docs_example_with_harvest.py" line="32" name="test_my_app_bench[score-1-C]" time="0.0016927719116210938"></testcase><testcase classname="pytest_steps.tests.test_docs_example_with_harvest" file="pytest_steps/tests/test_docs_example_with_harvest.py" line="32" name="test_my_app_bench[score-2-A]" time="0.0016217231750488281"></testcase><testcase classname="pytest_steps.tests.test_docs_example_with_harvest" file="pytest_steps/tests/test_docs_example_with_harvest.py" line="32" name="test_my_app_bench[score-2-B]" time="0.0020890235900878906"></testcase><testcase classname="pytest_steps.tests.test_docs_example_with_harvest" file="pytest_steps/tests/test_docs_example_with_harvest.py" line="32" name="test_my_app_bench[score-2-C]" time="0.0016345977783203125"></testcase><testcase classname="pytest_steps.tests.test_docs_example_with_harvest" file="pytest_steps/tests/test_docs_example_with_harvest.py" line="53" name="test_synthesis_df" time="0.09073352813720703"><system-out>
   `module_results_df` dataframe:

                                status    ...     accuracy
test_id                step_id            ...             
test_my_app_bench[1-A] train    passed    ...     0.387909
test_my_app_bench[1-B] train    passed    ...     0.976414
test_my_app_bench[1-C] train    passed    ...     0.926301
test_my_app_bench[2-A] train    passed    ...     0.477854
test_my_app_bench[2-B] train    passed    ...     0.317981
test_my_app_bench[2-C] train    passed    ...     0.231418
test_my_app_bench[1-A] score    passed    ...          NaN
test_my_app_bench[1-B] score    passed    ...          NaN
test_my_app_bench[1-C] score    passed    ...          NaN
test_my_app_bench[2-A] score    passed    ...          NaN
test_my_app_bench[2-B] score    passed    ...          NaN
test_my_app_bench[2-C] score    passed    ...          NaN

[12 rows x 6 columns]
                                     status      duration_ms    algo_param  dataset_param    dataset          accuracy
-----------------------------------  --------  -------------  ------------  ---------------  -------------  ----------
(&apos;test_my_app_bench[1-A]&apos;, &apos;train&apos;)  passed         0.22769              1  A                my dataset #A    0.387909
(&apos;test_my_app_bench[1-B]&apos;, &apos;train&apos;)  passed         0.338793             1  B                my dataset #B    0.976414
(&apos;test_my_app_bench[1-C]&apos;, &apos;train&apos;)  passed         0.640631             1  C                my dataset #C    0.926301
(&apos;test_my_app_bench[2-A]&apos;, &apos;train&apos;)  passed         0.202894             2  A                my dataset #A    0.477854
(&apos;test_my_app_bench[2-B]&apos;, &apos;train&apos;)  passed         0.190735             2  B                my dataset #B    0.317981
(&apos;test_my_app_bench[2-C]&apos;, &apos;train&apos;)  passed         0.181198             2  C                my dataset #C    0.231418
(&apos;test_my_app_bench[1-A]&apos;, &apos;score&apos;)  passed         0.36788              1  A                my dataset #A  nan
(&apos;test_my_app_bench[1-B]&apos;, &apos;score&apos;)  passed         0.296354             1  B                my dataset #B  nan
(&apos;test_my_app_bench[1-C]&apos;, &apos;score&apos;)  passed         0.302076             1  C                my dataset #C  nan
(&apos;test_my_app_bench[2-A]&apos;, &apos;score&apos;)  passed         0.279903             2  A                my dataset #A  nan
(&apos;test_my_app_bench[2-B]&apos;, &apos;score&apos;)  passed         0.817299             2  B                my dataset #B  nan
(&apos;test_my_app_bench[2-C]&apos;, &apos;score&apos;)  passed         0.334263             2  C                my dataset #C  nan

   `module_results_df_steps_pivoted` dataframe:

                        algo_param      ...        score/dataset
test_id                                 ...                     
test_my_app_bench[1-A]           1      ...        my dataset #A
test_my_app_bench[1-B]           1      ...        my dataset #B
test_my_app_bench[1-C]           1      ...        my dataset #C
test_my_app_bench[2-A]           2      ...        my dataset #A
test_my_app_bench[2-B]           2      ...        my dataset #B
test_my_app_bench[2-C]           2      ...        my dataset #C

[6 rows x 9 columns]
test_id                   algo_param  dataset_param    train/status      train/duration_ms  train/dataset      train/accuracy  score/status      score/duration_ms  score/dataset
----------------------  ------------  ---------------  --------------  -------------------  ---------------  ----------------  --------------  -------------------  ---------------
test_my_app_bench[1-A]             1  A                passed                     0.22769   my dataset #A            0.387909  passed                     0.36788   my dataset #A
test_my_app_bench[1-B]             1  B                passed                     0.338793  my dataset #B            0.976414  passed                     0.296354  my dataset #B
test_my_app_bench[1-C]             1  C                passed                     0.640631  my dataset #C            0.926301  passed                     0.302076  my dataset #C
test_my_app_bench[2-A]             2  A                passed                     0.202894  my dataset #A            0.477854  passed                     0.279903  my dataset #A
test_my_app_bench[2-B]             2  B                passed                     0.190735  my dataset #B            0.317981  passed                     0.817299  my dataset #B
test_my_app_bench[2-C]             2  C                passed                     0.181198  my dataset #C            0.231418  passed                     0.334263  my dataset #C
</system-out><system-err>/home/travis/miniconda/envs/test-environment/lib/python3.5/site-packages/pandas/core/reshape/merge.py:544: UserWarning: merging between different levels can give an unintended result (1 levels on the left, 2 on the right)
  warnings.warn(msg, UserWarning)
</system-err></testcase><testcase classname="pytest_steps.tests.test_step_id_conflicts" file="pytest_steps/tests/test_step_id_conflicts.py" line="26" name="test_step_id_gen_mode_approx_conflict_params[a-p=a]" time="0.0013489723205566406"></testcase><testcase classname="pytest_steps.tests.test_step_id_conflicts" file="pytest_steps/tests/test_step_id_conflicts.py" line="26" name="test_step_id_gen_mode_approx_conflict_params[a-p=b]" time="0.0013666152954101562"></testcase><testcase classname="pytest_steps.tests.test_step_id_conflicts" file="pytest_steps/tests/test_step_id_conflicts.py" line="26" name="test_step_id_gen_mode_approx_conflict_params[b-p=a]" time="0.0011754035949707031"></testcase><testcase classname="pytest_steps.tests.test_step_id_conflicts" file="pytest_steps/tests/test_step_id_conflicts.py" line="26" name="test_step_id_gen_mode_approx_conflict_params[b-p=b]" time="0.0016329288482666016"></testcase><testcase classname="pytest_steps.tests.test_step_id_conflicts" file="pytest_steps/tests/test_step_id_conflicts.py" line="33" name="test_step_id_gen_mode_approx_conflict_fixture[a-hello-b-foo]" time="0.0012121200561523438"></testcase><testcase classname="pytest_steps.tests.test_step_id_conflicts" file="pytest_steps/tests/test_step_id_conflicts.py" line="33" name="test_step_id_gen_mode_approx_conflict_fixture[b-hello-b-foo]" time="0.0011680126190185547"></testcase><testcase classname="pytest_steps.tests.test_step_id_conflicts" file="pytest_steps/tests/test_step_id_conflicts.py" line="39" name="test_step_id_gen_mode_approx_conflict_params_and_no_conflict_fixture[a-p=a-1]" time="0.0013897418975830078"><system-out>a
</system-out></testcase><testcase classname="pytest_steps.tests.test_step_id_conflicts" file="pytest_steps/tests/test_step_id_conflicts.py" line="39" name="test_step_id_gen_mode_approx_conflict_params_and_no_conflict_fixture[a-p=b-1]" time="0.0014605522155761719"><system-out>a
</system-out></testcase><testcase classname="pytest_steps.tests.test_step_id_conflicts" file="pytest_steps/tests/test_step_id_conflicts.py" line="39" name="test_step_id_gen_mode_approx_conflict_params_and_no_conflict_fixture[b-p=a-1]" time="0.003032684326171875"><system-out>b
</system-out></testcase><testcase classname="pytest_steps.tests.test_step_id_conflicts" file="pytest_steps/tests/test_step_id_conflicts.py" line="39" name="test_step_id_gen_mode_approx_conflict_params_and_no_conflict_fixture[b-p=b-1]" time="0.0022156238555908203"><system-out>b
</system-out></testcase><testcase classname="pytest_steps.tests.test_step_id_conflicts" file="pytest_steps/tests/test_step_id_conflicts.py" line="50" name="test_step_id_gen_mode_exact_conflict_with_param[a-a]" time="0.0007116794586181641"><system-out>a
</system-out></testcase><testcase classname="pytest_steps.tests.test_step_id_conflicts" file="pytest_steps/tests/test_step_id_conflicts.py" line="50" name="test_step_id_gen_mode_exact_conflict_with_param[a-b]" time="0.0013422966003417969"><system-out>a
</system-out></testcase><testcase classname="pytest_steps.tests.test_step_id_conflicts" file="pytest_steps/tests/test_step_id_conflicts.py" line="50" name="test_step_id_gen_mode_exact_conflict_with_param[b-a]" time="0.001753091812133789"><system-out>b
</system-out></testcase><testcase classname="pytest_steps.tests.test_step_id_conflicts" file="pytest_steps/tests/test_step_id_conflicts.py" line="50" name="test_step_id_gen_mode_exact_conflict_with_param[b-b]" time="0.0012214183807373047"><system-out>b
</system-out></testcase><testcase classname="pytest_steps.tests.test_step_id_conflicts" file="pytest_steps/tests/test_step_id_conflicts.py" line="59" name="test_step_id_gen_mode_exact_conflict_with_fixture[a-b]" time="0.0013804435729980469"><system-out>a
</system-out></testcase><testcase classname="pytest_steps.tests.test_step_id_conflicts" file="pytest_steps/tests/test_step_id_conflicts.py" line="59" name="test_step_id_gen_mode_exact_conflict_with_fixture[b-b]" time="0.0013785362243652344"><system-out>b
</system-out></testcase><testcase classname="pytest_steps.tests.test_step_id_conflicts" file="pytest_steps/tests/test_step_id_conflicts.py" line="67" name="test_step_id_gen_mode_exact_conflict_with_param_and_fixture[a-a-b]" time="0.0012600421905517578"><system-out>a
</system-out></testcase><testcase classname="pytest_steps.tests.test_step_id_conflicts" file="pytest_steps/tests/test_step_id_conflicts.py" line="67" name="test_step_id_gen_mode_exact_conflict_with_param_and_fixture[a-b-b]" time="0.0027818679809570312"><system-out>a
</system-out></testcase><testcase classname="pytest_steps.tests.test_step_id_conflicts" file="pytest_steps/tests/test_step_id_conflicts.py" line="67" name="test_step_id_gen_mode_exact_conflict_with_param_and_fixture[b-a-b]" time="0.0011179447174072266"><system-out>b
</system-out></testcase><testcase classname="pytest_steps.tests.test_step_id_conflicts" file="pytest_steps/tests/test_step_id_conflicts.py" line="67" name="test_step_id_gen_mode_exact_conflict_with_param_and_fixture[b-b-b]" time="0.0030469894409179688"><system-out>b
</system-out></testcase><testcase classname="pytest_steps.tests.test_step_id_conflicts" file="pytest_steps/tests/test_step_id_conflicts.py" line="79" name="test_step_id_parametrize_mode_approx_conflict[a-p=a]" time="0.0007462501525878906"><system-out>a
</system-out></testcase><testcase classname="pytest_steps.tests.test_step_id_conflicts" file="pytest_steps/tests/test_step_id_conflicts.py" line="79" name="test_step_id_parametrize_mode_approx_conflict[a-p=b]" time="0.001003265380859375"><system-out>a
</system-out></testcase><testcase classname="pytest_steps.tests.test_step_id_conflicts" file="pytest_steps/tests/test_step_id_conflicts.py" line="79" name="test_step_id_parametrize_mode_approx_conflict[b-p=a]" time="0.002154827117919922"><system-out>b
</system-out></testcase><testcase classname="pytest_steps.tests.test_step_id_conflicts" file="pytest_steps/tests/test_step_id_conflicts.py" line="79" name="test_step_id_parametrize_mode_approx_conflict[b-p=b]" time="0.003240346908569336"><system-out>b
</system-out></testcase><testcase classname="pytest_steps.tests.test_step_id_conflicts" file="pytest_steps/tests/test_step_id_conflicts.py" line="88" name="test_step_id_conflicts_parametrized2[a-p=a-1]" time="0.001455545425415039"><system-out>a
</system-out></testcase><testcase classname="pytest_steps.tests.test_step_id_conflicts" file="pytest_steps/tests/test_step_id_conflicts.py" line="88" name="test_step_id_conflicts_parametrized2[a-p=b-1]" time="0.0019533634185791016"><system-out>a
</system-out></testcase><testcase classname="pytest_steps.tests.test_step_id_conflicts" file="pytest_steps/tests/test_step_id_conflicts.py" line="88" name="test_step_id_conflicts_parametrized2[b-p=a-1]" time="0.0020487308502197266"><system-out>b
</system-out></testcase><testcase classname="pytest_steps.tests.test_step_id_conflicts" file="pytest_steps/tests/test_step_id_conflicts.py" line="88" name="test_step_id_conflicts_parametrized2[b-p=b-1]" time="0.0013289451599121094"><system-out>b
</system-out></testcase><testcase classname="pytest_steps.tests.test_step_id_conflicts" file="pytest_steps/tests/test_step_id_conflicts.py" line="97" name="test_step_id_conflicts_parametrized3[a-p=a-b]" time="0.0014455318450927734"><system-out>a
</system-out></testcase><testcase classname="pytest_steps.tests.test_step_id_conflicts" file="pytest_steps/tests/test_step_id_conflicts.py" line="97" name="test_step_id_conflicts_parametrized3[a-p=b-b]" time="0.0016796588897705078"><system-out>a
</system-out></testcase><testcase classname="pytest_steps.tests.test_step_id_conflicts" file="pytest_steps/tests/test_step_id_conflicts.py" line="97" name="test_step_id_conflicts_parametrized3[b-p=a-b]" time="0.0018966197967529297"><system-out>b
</system-out></testcase><testcase classname="pytest_steps.tests.test_step_id_conflicts" file="pytest_steps/tests/test_step_id_conflicts.py" line="97" name="test_step_id_conflicts_parametrized3[b-p=b-b]" time="0.0027670860290527344"><system-out>b
</system-out></testcase><testcase classname="pytest_steps.tests.test_steps_harvest" file="pytest_steps/tests/test_steps_harvest.py" line="32" name="test_my_app_bench[train-1-A]" time="0.002061128616333008"></testcase><testcase classname="pytest_steps.tests.test_steps_harvest" file="pytest_steps/tests/test_steps_harvest.py" line="32" name="test_my_app_bench[train-1-B]" time="0.001440286636352539"></testcase><testcase classname="pytest_steps.tests.test_steps_harvest" file="pytest_steps/tests/test_steps_harvest.py" line="32" name="test_my_app_bench[train-1-C]" time="0.0007810592651367188"></testcase><testcase classname="pytest_steps.tests.test_steps_harvest" file="pytest_steps/tests/test_steps_harvest.py" line="32" name="test_my_app_bench[train-2-A]" time="0.0017385482788085938"></testcase><testcase classname="pytest_steps.tests.test_steps_harvest" file="pytest_steps/tests/test_steps_harvest.py" line="32" name="test_my_app_bench[train-2-B]" time="0.0013780593872070312"></testcase><testcase classname="pytest_steps.tests.test_steps_harvest" file="pytest_steps/tests/test_steps_harvest.py" line="32" name="test_my_app_bench[train-2-C]" time="0.001360177993774414"></testcase><testcase classname="pytest_steps.tests.test_steps_harvest" file="pytest_steps/tests/test_steps_harvest.py" line="32" name="test_my_app_bench[score-1-A]" time="0.0017695426940917969"></testcase><testcase classname="pytest_steps.tests.test_steps_harvest" file="pytest_steps/tests/test_steps_harvest.py" line="32" name="test_my_app_bench[score-1-B]" time="0.00182342529296875"></testcase><testcase classname="pytest_steps.tests.test_steps_harvest" file="pytest_steps/tests/test_steps_harvest.py" line="32" name="test_my_app_bench[score-1-C]" time="0.0015645027160644531"></testcase><testcase classname="pytest_steps.tests.test_steps_harvest" file="pytest_steps/tests/test_steps_harvest.py" line="32" name="test_my_app_bench[score-2-A]" time="0.0015559196472167969"></testcase><testcase classname="pytest_steps.tests.test_steps_harvest" file="pytest_steps/tests/test_steps_harvest.py" line="32" name="test_my_app_bench[score-2-B]" time="0.0021538734436035156"></testcase><testcase classname="pytest_steps.tests.test_steps_harvest" file="pytest_steps/tests/test_steps_harvest.py" line="32" name="test_my_app_bench[score-2-C]" time="0.001657247543334961"></testcase><testcase classname="pytest_steps.tests.test_steps_harvest" file="pytest_steps/tests/test_steps_harvest.py" line="53" name="test_basic" time="0.0007302761077880859"></testcase><testcase classname="pytest_steps.tests.test_steps_harvest" file="pytest_steps/tests/test_steps_harvest.py" line="58" name="test_synthesis" time="0.03999137878417969"><system-out>test_id                   algo_param  dataset_param    train/status      train/duration_ms  train/dataset      train/accuracy  score/status      score/duration_ms  score/dataset    -/status      -/duration_ms
----------------------  ------------  ---------------  --------------  -------------------  ---------------  ----------------  --------------  -------------------  ---------------  ----------  ---------------
test_my_app_bench[1-A]             1  A                passed                     0.513315  my dataset #A            0.164811  passed                     0.401497  my dataset #A    nan              nan
test_my_app_bench[1-B]             1  B                passed                     0.546455  my dataset #B            0.709742  passed                     0.332832  my dataset #B    nan              nan
test_my_app_bench[1-C]             1  C                passed                     0.162363  my dataset #C            0.220878  passed                     0.28348   my dataset #C    nan              nan
test_my_app_bench[2-A]             2  A                passed                     0.261068  my dataset #A            0.185268  passed                     0.29707   my dataset #A    nan              nan
test_my_app_bench[2-B]             2  B                passed                     0.303507  my dataset #B            0.944527  passed                     0.283957  my dataset #B    nan              nan
test_my_app_bench[2-C]             2  C                passed                     0.270367  my dataset #C            0.253987  passed                     0.320196  my dataset #C    nan              nan
test_basic                       nan  nan              nan                      nan         nan                    nan         nan                      nan         nan              passed             0.222683
</system-out></testcase><testcase classname="pytest_steps.tests.test_with_cases" file="pytest_steps/tests/test_with_cases.py" line="8" name="test_basic_modeling[a-case_dummy]" time="0.00164794921875"></testcase><testcase classname="pytest_steps.tests.test_with_cases" file="pytest_steps/tests/test_with_cases.py" line="8" name="test_basic_modeling[b-case_dummy]" time="0.0020110607147216797"></testcase></testsuite>