<?xml version="1.0" encoding="utf-8"?><testsuite errors="0" failures="0" name="pytest" skips="0" tests="41" time="1.363"><testcase classname="pytest_steps.tests.test_all" file="pytest_steps/tests/test_all.py" line="21" name="test_run_all_tests[test_steps_with_results_complex.py]" time="0.06617212295532227"><system-out>
Testing that running pytest on file test_steps_with_results_complex.py results in {&apos;skipped&apos;: 0, &apos;passed&apos;: 16, &apos;failed&apos;: 0}
============================= test session starts ==============================
platform linux -- Python 3.5.6, pytest-2.9.2, py-1.7.0, pluggy-0.3.1
rootdir: /tmp/pytest-of-travis/pytest-0/testdir/test_run_all_tests0, inifile: 
plugins: logging-2015.11.4, html-1.9.0, harvest-1.0.0, faulthandler-1.5.0, cov-2.6.0
collected 16 items

test_run_all_tests.py ................

========================== 16 passed in 0.03 seconds ===========================
</system-out></testcase><testcase classname="pytest_steps.tests.test_all" file="pytest_steps/tests/test_all.py" line="21" name="test_run_all_tests[test_steps_generator_does_not_change_order.py]" time="0.04458284378051758"><system-out>
Testing that running pytest on file test_steps_generator_does_not_change_order.py results in {&apos;skipped&apos;: 0, &apos;passed&apos;: 3, &apos;failed&apos;: 0}
============================= test session starts ==============================
platform linux -- Python 3.5.6, pytest-2.9.2, py-1.7.0, pluggy-0.3.1
rootdir: /tmp/pytest-of-travis/pytest-0/testdir/test_run_all_tests1, inifile: 
plugins: logging-2015.11.4, html-1.9.0, harvest-1.0.0, faulthandler-1.5.0, cov-2.6.0
collected 3 items

test_run_all_tests.py ...

=========================== 3 passed in 0.01 seconds ===========================
</system-out></testcase><testcase classname="pytest_steps.tests.test_all" file="pytest_steps/tests/test_all.py" line="21" name="test_run_all_tests[test_wrapped_in_class.py]" time="0.03659176826477051"><system-out>
Testing that running pytest on file test_wrapped_in_class.py results in {&apos;skipped&apos;: 0, &apos;passed&apos;: 1, &apos;failed&apos;: 0}
============================= test session starts ==============================
platform linux -- Python 3.5.6, pytest-2.9.2, py-1.7.0, pluggy-0.3.1
rootdir: /tmp/pytest-of-travis/pytest-0/testdir/test_run_all_tests2, inifile: 
plugins: logging-2015.11.4, html-1.9.0, harvest-1.0.0, faulthandler-1.5.0, cov-2.6.0
collected 1 items

test_run_all_tests.py .

=========================== 1 passed in 0.01 seconds ===========================
</system-out></testcase><testcase classname="pytest_steps.tests.test_all" file="pytest_steps/tests/test_all.py" line="21" name="test_run_all_tests[test_stackoverflow.py]" time="0.03985786437988281"><system-out>
Testing that running pytest on file test_stackoverflow.py results in {&apos;skipped&apos;: 0, &apos;passed&apos;: 3, &apos;failed&apos;: 0}
============================= test session starts ==============================
platform linux -- Python 3.5.6, pytest-2.9.2, py-1.7.0, pluggy-0.3.1
rootdir: /tmp/pytest-of-travis/pytest-0/testdir/test_run_all_tests3, inifile: 
plugins: logging-2015.11.4, html-1.9.0, harvest-1.0.0, faulthandler-1.5.0, cov-2.6.0
collected 3 items

test_run_all_tests.py ...

=========================== 3 passed in 0.01 seconds ===========================
</system-out></testcase><testcase classname="pytest_steps.tests.test_all" file="pytest_steps/tests/test_all.py" line="21" name="test_run_all_tests[test_steps_new_with_generator.py]" time="0.2119917869567871"><system-out>
Testing that running pytest on file test_steps_new_with_generator.py results in {&apos;skipped&apos;: 2, &apos;passed&apos;: 12, &apos;failed&apos;: 2}
============================= test session starts ==============================
platform linux -- Python 3.5.6, pytest-2.9.2, py-1.7.0, pluggy-0.3.1
rootdir: /tmp/pytest-of-travis/pytest-0/testdir/test_run_all_tests4, inifile: 
plugins: logging-2015.11.4, html-1.9.0, harvest-1.0.0, faulthandler-1.5.0, cov-2.6.0
collected 16 items

test_run_all_tests.py ....Fs.Fs.......

=================================== FAILURES ===================================
________________ test_suite_exception_on_mandatory_step[step_b] ________________

________step_name_ = &apos;step_b&apos;
request = &lt;FixtureRequest for &lt;Function &apos;test_suite_exception_on_mandatory_step[step_b]&apos;&gt;&gt;

&gt;   ???

&lt;decorator-gen-11&gt;:2: 
_ _ _ _ _ _ _ _ _ _ _ _ _ _ _ _ _ _ _ _ _ _ _ _ _ _ _ _ _ _ _ _ _ _ _ _ _ _ _ _ 
/home/travis/build/smarie/python-pytest-steps/pytest_steps/decorator_hack.py:167: in caller
    **kwargs)
/home/travis/build/smarie/python-pytest-steps/pytest_steps/steps_generator.py:431: in step_function_wrapper
    steps_monitor.execute(step_name, *args, **kwargs)
/home/travis/build/smarie/python-pytest-steps/pytest_steps/steps_generator.py:270: in execute
    res = next(self.gen)
_ _ _ _ _ _ _ _ _ _ _ _ _ _ _ _ _ _ _ _ _ _ _ _ _ _ _ _ _ _ _ _ _ _ _ _ _ _ _ _ 

    @test_steps(&apos;step_a&apos;, &apos;step_b&apos;, &apos;step_c&apos;)
    def test_suite_exception_on_mandatory_step():
        &quot;&quot;&quot; &quot;&quot;&quot;
    
        # Step A
        print(&quot;step a&quot;)
        assert not False  # replace with your logic
        yield &apos;step_a&apos;
    
        # Step B
        print(&quot;step b&quot;)
&gt;       assert False  # replace with your logic
E       assert False

test_run_all_tests.py:43: AssertionError
----------------------------- Captured stdout call -----------------------------
step b
_______________ test_suite_optional_and_dependent_steps[step_b] ________________

________step_name_ = &apos;step_b&apos;
request = &lt;FixtureRequest for &lt;Function &apos;test_suite_optional_and_dependent_steps[step_b]&apos;&gt;&gt;

&gt;   ???

&lt;decorator-gen-12&gt;:2: 
_ _ _ _ _ _ _ _ _ _ _ _ _ _ _ _ _ _ _ _ _ _ _ _ _ _ _ _ _ _ _ _ _ _ _ _ _ _ _ _ 
/home/travis/build/smarie/python-pytest-steps/pytest_steps/decorator_hack.py:167: in caller
    **kwargs)
/home/travis/build/smarie/python-pytest-steps/pytest_steps/steps_generator.py:431: in step_function_wrapper
    steps_monitor.execute(step_name, *args, **kwargs)
/home/travis/build/smarie/python-pytest-steps/pytest_steps/steps_generator.py:292: in execute
    raise six.reraise(res.exec_result.exc_type, res.exec_result.exc_val, res.exec_result.tb)
/home/travis/miniconda/envs/test-environment/lib/python3.5/site-packages/six.py:693: in reraise
    raise value
_ _ _ _ _ _ _ _ _ _ _ _ _ _ _ _ _ _ _ _ _ _ _ _ _ _ _ _ _ _ _ _ _ _ _ _ _ _ _ _ 

    @test_steps(&apos;step_a&apos;, &apos;step_b&apos;, &apos;step_c&apos;, &apos;step_d&apos;)
    def test_suite_optional_and_dependent_steps():
        &quot;&quot;&quot; &quot;&quot;&quot;
    
        # Step A
        print(&quot;step a&quot;)
        assert not False
        yield &apos;step_a&apos;
    
        # Step B
        with optional_step(&apos;step_b&apos;) as step_b:
            print(&quot;step b&quot;)
&gt;           assert False
E           assert False

test_run_all_tests.py:64: AssertionError
----------------------------- Captured stdout call -----------------------------
step b
================ 2 failed, 12 passed, 2 skipped in 0.18 seconds ================
</system-out></testcase><testcase classname="pytest_steps.tests.test_all" file="pytest_steps/tests/test_all.py" line="21" name="test_run_all_tests[test_pytest_capabilities.py]" time="0.06121516227722168"><system-out>
Testing that running pytest on file test_pytest_capabilities.py results in {&apos;skipped&apos;: 0, &apos;passed&apos;: 16, &apos;failed&apos;: 0}
============================= test session starts ==============================
platform linux -- Python 3.5.6, pytest-2.9.2, py-1.7.0, pluggy-0.3.1
rootdir: /tmp/pytest-of-travis/pytest-0/testdir/test_run_all_tests5, inifile: 
plugins: logging-2015.11.4, html-1.9.0, harvest-1.0.0, faulthandler-1.5.0, cov-2.6.0
collected 16 items

test_run_all_tests.py ................

========================== 16 passed in 0.03 seconds ===========================
</system-out></testcase><testcase classname="pytest_steps.tests.test_all" file="pytest_steps/tests/test_all.py" line="21" name="test_run_all_tests[test_steps_with_results_basic.py]" time="0.04113006591796875"><system-out>
Testing that running pytest on file test_steps_with_results_basic.py results in {&apos;skipped&apos;: 0, &apos;passed&apos;: 4, &apos;failed&apos;: 0}
============================= test session starts ==============================
platform linux -- Python 3.5.6, pytest-2.9.2, py-1.7.0, pluggy-0.3.1
rootdir: /tmp/pytest-of-travis/pytest-0/testdir/test_run_all_tests6, inifile: 
plugins: logging-2015.11.4, html-1.9.0, harvest-1.0.0, faulthandler-1.5.0, cov-2.6.0
collected 4 items

test_run_all_tests.py ....

=========================== 4 passed in 0.01 seconds ===========================
</system-out></testcase><testcase classname="pytest_steps.tests.test_all" file="pytest_steps/tests/test_all.py" line="21" name="test_run_all_tests[test_steps_no_results.py]" time="0.039525747299194336"><system-out>
Testing that running pytest on file test_steps_no_results.py results in {&apos;skipped&apos;: 0, &apos;passed&apos;: 4, &apos;failed&apos;: 0}
============================= test session starts ==============================
platform linux -- Python 3.5.6, pytest-2.9.2, py-1.7.0, pluggy-0.3.1
rootdir: /tmp/pytest-of-travis/pytest-0/testdir/test_run_all_tests7, inifile: 
plugins: logging-2015.11.4, html-1.9.0, harvest-1.0.0, faulthandler-1.5.0, cov-2.6.0
collected 4 items

test_run_all_tests.py ....

=========================== 4 passed in 0.01 seconds ===========================
</system-out></testcase><testcase classname="pytest_steps.tests.test_all" file="pytest_steps/tests/test_all.py" line="21" name="test_run_all_tests[test_steps_dependencies.py]" time="0.05291485786437988"><system-out>
Testing that running pytest on file test_steps_dependencies.py results in {&apos;skipped&apos;: 1, &apos;passed&apos;: 3, &apos;failed&apos;: 2}
============================= test session starts ==============================
platform linux -- Python 3.5.6, pytest-2.9.2, py-1.7.0, pluggy-0.3.1
rootdir: /tmp/pytest-of-travis/pytest-0/testdir/test_run_all_tests8, inifile: 
plugins: logging-2015.11.4, html-1.9.0, harvest-1.0.0, faulthandler-1.5.0, cov-2.6.0
collected 6 items

test_run_all_tests.py .Fs.F.

=================================== FAILURES ===================================
________________________ test_suite_no_results[step_b] _________________________

test_step = &lt;function step_b at 0x7fade6c8b378&gt;
request = &lt;FixtureRequest for &lt;Function &apos;test_suite_no_results[step_b]&apos;&gt;&gt;

    @test_steps(step_a, step_b, step_c)
    def test_suite_no_results(test_step, request):
        &quot;&quot;&quot; In this test suite, the last step will be skipped because the second step failed (and there is a dependency) &quot;&quot;&quot;
    
        # Execute the step
&gt;       test_step()

test_run_all_tests.py:37: 
_ _ _ _ _ _ _ _ _ _ _ _ _ _ _ _ _ _ _ _ _ _ _ _ _ _ _ _ _ _ _ _ _ _ _ _ _ _ _ _ 

    def step_b():
        &quot;&quot;&quot; Step a of the test &quot;&quot;&quot;
    
        # perform this step
        print(&quot;step b&quot;)
&gt;       assert False
E       assert False

test_run_all_tests.py:20: AssertionError
----------------------------- Captured stdout call -----------------------------
step b
_____________________________ test_suite_1[step_b] _____________________________

test_step = &apos;step_b&apos;

    @test_steps(&apos;step_a&apos;, &apos;step_b&apos;, &apos;step_c&apos;)
    def test_suite_1(test_step):
        &quot;&quot;&quot; In this test suite the last step can &quot;see&quot; the dependency so it is still executed ...&quot;&quot;&quot;
        # Execute the step according to name
        if test_step == &apos;step_a&apos;:
            step_a()
        elif test_step == &apos;step_b&apos;:
&gt;           step_b()

test_run_all_tests.py:47: 
_ _ _ _ _ _ _ _ _ _ _ _ _ _ _ _ _ _ _ _ _ _ _ _ _ _ _ _ _ _ _ _ _ _ _ _ _ _ _ _ 

    def step_b():
        &quot;&quot;&quot; Step a of the test &quot;&quot;&quot;
    
        # perform this step
        print(&quot;step b&quot;)
&gt;       assert False
E       assert False

test_run_all_tests.py:20: AssertionError
----------------------------- Captured stdout call -----------------------------
step b
================ 2 failed, 3 passed, 1 skipped in 0.03 seconds =================
</system-out></testcase><testcase classname="pytest_steps.tests.test_all" file="pytest_steps/tests/test_all.py" line="21" name="test_run_all_tests[test_stackoverflow2.py]" time="0.03847908973693848"><system-out>
Testing that running pytest on file test_stackoverflow2.py results in {&apos;skipped&apos;: 0, &apos;passed&apos;: 3, &apos;failed&apos;: 0}
============================= test session starts ==============================
platform linux -- Python 3.5.6, pytest-2.9.2, py-1.7.0, pluggy-0.3.1
rootdir: /tmp/pytest-of-travis/pytest-0/testdir/test_run_all_tests9, inifile: 
plugins: logging-2015.11.4, html-1.9.0, harvest-1.0.0, faulthandler-1.5.0, cov-2.6.0
collected 3 items

test_run_all_tests.py ...

=========================== 3 passed in 0.01 seconds ===========================
</system-out></testcase><testcase classname="pytest_steps.tests.test_decorator" file="pytest_steps/tests/test_decorator.py" line="28" name="test_normal_normal" time="0.0011060237884521484"></testcase><testcase classname="pytest_steps.tests.test_decorator" file="pytest_steps/tests/test_decorator.py" line="36" name="test_normal_gen" time="0.0010235309600830078"></testcase><testcase classname="pytest_steps.tests.test_decorator" file="pytest_steps/tests/test_decorator.py" line="47" name="test_gen_gen" time="0.0010342597961425781"></testcase><testcase classname="pytest_steps.tests.test_decorator" file="pytest_steps/tests/test_decorator.py" line="56" name="test_gen_normal" time="0.0010986328125"></testcase><testcase classname="pytest_steps.tests.test_docs_example_with_harvest" file="pytest_steps/tests/test_docs_example_with_harvest.py" line="50" name="test_my_app_bench[A-1-train]" time="0.0018961429595947266"></testcase><testcase classname="pytest_steps.tests.test_docs_example_with_harvest" file="pytest_steps/tests/test_docs_example_with_harvest.py" line="50" name="test_my_app_bench[A-1-score]" time="0.001531362533569336"></testcase><testcase classname="pytest_steps.tests.test_docs_example_with_harvest" file="pytest_steps/tests/test_docs_example_with_harvest.py" line="50" name="test_my_app_bench[A-2-train]" time="0.0017061233520507812"></testcase><testcase classname="pytest_steps.tests.test_docs_example_with_harvest" file="pytest_steps/tests/test_docs_example_with_harvest.py" line="50" name="test_my_app_bench[A-2-score]" time="0.001547098159790039"></testcase><testcase classname="pytest_steps.tests.test_docs_example_with_harvest" file="pytest_steps/tests/test_docs_example_with_harvest.py" line="50" name="test_my_app_bench[B-1-train]" time="0.002017498016357422"></testcase><testcase classname="pytest_steps.tests.test_docs_example_with_harvest" file="pytest_steps/tests/test_docs_example_with_harvest.py" line="50" name="test_my_app_bench[B-1-score]" time="0.0014982223510742188"></testcase><testcase classname="pytest_steps.tests.test_docs_example_with_harvest" file="pytest_steps/tests/test_docs_example_with_harvest.py" line="50" name="test_my_app_bench[B-2-train]" time="0.0015120506286621094"></testcase><testcase classname="pytest_steps.tests.test_docs_example_with_harvest" file="pytest_steps/tests/test_docs_example_with_harvest.py" line="50" name="test_my_app_bench[B-2-score]" time="0.0012881755828857422"></testcase><testcase classname="pytest_steps.tests.test_docs_example_with_harvest" file="pytest_steps/tests/test_docs_example_with_harvest.py" line="50" name="test_my_app_bench[C-1-train]" time="0.0016646385192871094"></testcase><testcase classname="pytest_steps.tests.test_docs_example_with_harvest" file="pytest_steps/tests/test_docs_example_with_harvest.py" line="50" name="test_my_app_bench[C-1-score]" time="0.0014526844024658203"></testcase><testcase classname="pytest_steps.tests.test_docs_example_with_harvest" file="pytest_steps/tests/test_docs_example_with_harvest.py" line="50" name="test_my_app_bench[C-2-train]" time="0.001485586166381836"></testcase><testcase classname="pytest_steps.tests.test_docs_example_with_harvest" file="pytest_steps/tests/test_docs_example_with_harvest.py" line="50" name="test_my_app_bench[C-2-score]" time="0.0015006065368652344"></testcase><testcase classname="pytest_steps.tests.test_docs_example_with_harvest" file="pytest_steps/tests/test_docs_example_with_harvest.py" line="71" name="test_synthesis" time="0.04267001152038574"><system-out>
Keys:
(&apos;test_my_app_bench[A-1]&apos;, &apos;train&apos;)
(&apos;test_my_app_bench[A-1]&apos;, &apos;score&apos;)
(&apos;test_my_app_bench[A-2]&apos;, &apos;train&apos;)
(&apos;test_my_app_bench[A-2]&apos;, &apos;score&apos;)
(&apos;test_my_app_bench[B-1]&apos;, &apos;train&apos;)
(&apos;test_my_app_bench[B-1]&apos;, &apos;score&apos;)
(&apos;test_my_app_bench[B-2]&apos;, &apos;train&apos;)
(&apos;test_my_app_bench[B-2]&apos;, &apos;score&apos;)
(&apos;test_my_app_bench[C-1]&apos;, &apos;train&apos;)
(&apos;test_my_app_bench[C-1]&apos;, &apos;score&apos;)
(&apos;test_my_app_bench[C-2]&apos;, &apos;train&apos;)
(&apos;test_my_app_bench[C-2]&apos;, &apos;score&apos;)

First node:
&apos;pytest_obj&apos;: &lt;function test_my_app_bench at 0x7fade6e961e0&gt;
&apos;status&apos;: &apos;passed&apos;
&apos;duration_ms&apos;: 0.4394054412841797
&apos;algo_param&apos;: 1
&apos;dataset&apos;: &apos;my dataset #A&apos;
&apos;accuracy&apos;: 0.48225895663058005
                                     status      duration_ms    algo_param  dataset           accuracy
-----------------------------------  --------  -------------  ------------  -------------  -----------
(&apos;test_my_app_bench[A-1]&apos;, &apos;train&apos;)  passed         0.439405             1  my dataset #A    0.482259
(&apos;test_my_app_bench[A-1]&apos;, &apos;score&apos;)  passed         0.364304             1  my dataset #A  nan
(&apos;test_my_app_bench[A-2]&apos;, &apos;train&apos;)  passed         0.375032             2  my dataset #A    0.350162
(&apos;test_my_app_bench[A-2]&apos;, &apos;score&apos;)  passed         0.365019             2  my dataset #A  nan
(&apos;test_my_app_bench[B-1]&apos;, &apos;train&apos;)  passed         0.408888             1  my dataset #B    0.947735
(&apos;test_my_app_bench[B-1]&apos;, &apos;score&apos;)  passed         0.3829               1  my dataset #B  nan
(&apos;test_my_app_bench[B-2]&apos;, &apos;train&apos;)  passed         0.393391             2  my dataset #B    0.0969167
(&apos;test_my_app_bench[B-2]&apos;, &apos;score&apos;)  passed         0.303984             2  my dataset #B  nan
(&apos;test_my_app_bench[C-1]&apos;, &apos;train&apos;)  passed         0.678301             1  my dataset #C    0.526507
(&apos;test_my_app_bench[C-1]&apos;, &apos;score&apos;)  passed         0.348091             1  my dataset #C  nan
(&apos;test_my_app_bench[C-2]&apos;, &apos;train&apos;)  passed         0.359297             2  my dataset #C    0.61898
(&apos;test_my_app_bench[C-2]&apos;, &apos;score&apos;)  passed         0.355005             2  my dataset #C  nan
test_id                   algo_param  dataset        train/status      train/duration_ms    train/accuracy  score/status      score/duration_ms
----------------------  ------------  -------------  --------------  -------------------  ----------------  --------------  -------------------
test_my_app_bench[A-1]             1  my dataset #A  passed                     0.439405         0.482259   passed                     0.364304
test_my_app_bench[A-2]             2  my dataset #A  passed                     0.375032         0.350162   passed                     0.365019
test_my_app_bench[B-1]             1  my dataset #B  passed                     0.408888         0.947735   passed                     0.3829
test_my_app_bench[B-2]             2  my dataset #B  passed                     0.393391         0.0969167  passed                     0.303984
test_my_app_bench[C-1]             1  my dataset #C  passed                     0.678301         0.526507   passed                     0.348091
test_my_app_bench[C-2]             2  my dataset #C  passed                     0.359297         0.61898    passed                     0.355005
</system-out><system-err>/home/travis/miniconda/envs/test-environment/lib/python3.5/site-packages/pandas/core/reshape/merge.py:544: UserWarning: merging between different levels can give an unintended result (1 levels on the left, 2 on the right)
  warnings.warn(msg, UserWarning)
</system-err></testcase><testcase classname="pytest_steps.tests.test_steps_harvest" file="pytest_steps/tests/test_steps_harvest.py" line="64" name="test_my_app_bench[A-1-train]" time="0.0017099380493164062"></testcase><testcase classname="pytest_steps.tests.test_steps_harvest" file="pytest_steps/tests/test_steps_harvest.py" line="64" name="test_my_app_bench[A-1-score]" time="0.0015218257904052734"></testcase><testcase classname="pytest_steps.tests.test_steps_harvest" file="pytest_steps/tests/test_steps_harvest.py" line="64" name="test_my_app_bench[A-2-train]" time="0.001543283462524414"></testcase><testcase classname="pytest_steps.tests.test_steps_harvest" file="pytest_steps/tests/test_steps_harvest.py" line="64" name="test_my_app_bench[A-2-score]" time="0.001789093017578125"></testcase><testcase classname="pytest_steps.tests.test_steps_harvest" file="pytest_steps/tests/test_steps_harvest.py" line="64" name="test_my_app_bench[B-1-train]" time="0.0015716552734375"></testcase><testcase classname="pytest_steps.tests.test_steps_harvest" file="pytest_steps/tests/test_steps_harvest.py" line="64" name="test_my_app_bench[B-1-score]" time="0.0015819072723388672"></testcase><testcase classname="pytest_steps.tests.test_steps_harvest" file="pytest_steps/tests/test_steps_harvest.py" line="64" name="test_my_app_bench[B-2-train]" time="0.0015864372253417969"></testcase><testcase classname="pytest_steps.tests.test_steps_harvest" file="pytest_steps/tests/test_steps_harvest.py" line="64" name="test_my_app_bench[B-2-score]" time="0.0028934478759765625"></testcase><testcase classname="pytest_steps.tests.test_steps_harvest" file="pytest_steps/tests/test_steps_harvest.py" line="64" name="test_my_app_bench[C-1-train]" time="0.0014765262603759766"></testcase><testcase classname="pytest_steps.tests.test_steps_harvest" file="pytest_steps/tests/test_steps_harvest.py" line="64" name="test_my_app_bench[C-1-score]" time="0.0015079975128173828"></testcase><testcase classname="pytest_steps.tests.test_steps_harvest" file="pytest_steps/tests/test_steps_harvest.py" line="64" name="test_my_app_bench[C-2-train]" time="0.001371622085571289"></testcase><testcase classname="pytest_steps.tests.test_steps_harvest" file="pytest_steps/tests/test_steps_harvest.py" line="64" name="test_my_app_bench[C-2-score]" time="0.0017871856689453125"></testcase><testcase classname="pytest_steps.tests.test_steps_harvest" file="pytest_steps/tests/test_steps_harvest.py" line="85" name="test_basic" time="0.0007288455963134766"></testcase><testcase classname="pytest_steps.tests.test_steps_harvest" file="pytest_steps/tests/test_steps_harvest.py" line="90" name="test_synthesis" time="0.06978154182434082"><system-out>
Keys:
test_my_app_bench[A-1-train]
test_my_app_bench[A-1-score]
test_my_app_bench[A-2-train]
test_my_app_bench[A-2-score]
test_my_app_bench[B-1-train]
test_my_app_bench[B-1-score]
test_my_app_bench[B-2-train]
test_my_app_bench[B-2-score]
test_my_app_bench[C-1-train]
test_my_app_bench[C-1-score]
test_my_app_bench[C-2-train]
test_my_app_bench[C-2-score]
test_basic

First node:
&apos;pytest_obj&apos;: &lt;function test_my_app_bench at 0x7fade6e96c80&gt;
&apos;status&apos;: &apos;passed&apos;
&apos;duration_ms&apos;: 0.4012584686279297
&apos;________step_name_&apos;: &apos;train&apos;
&apos;algo_param&apos;: 1
&apos;dataset&apos;: &apos;my dataset #A&apos;
&apos;accuracy&apos;: 0.6916657127141747

Pivoted table:
test_id                   algo_param  dataset        train/status      train/duration_ms    train/accuracy  score/status      score/duration_ms  -/status      -/duration_ms
----------------------  ------------  -------------  --------------  -------------------  ----------------  --------------  -------------------  ----------  ---------------
test_my_app_bench[A-1]             1  my dataset #A  passed                     0.401258          0.691666  passed                     0.360012  nan              nan
test_my_app_bench[A-2]             2  my dataset #A  passed                     0.375032          0.585596  passed                     0.325918  nan              nan
test_my_app_bench[B-1]             1  my dataset #B  passed                     0.398159          0.162741  passed                     0.423193  nan              nan
test_my_app_bench[B-2]             2  my dataset #B  passed                     0.430822          0.423246  passed                     0.348091  nan              nan
test_my_app_bench[C-1]             1  my dataset #C  passed                     0.353098          0.716805  passed                     0.367641  nan              nan
test_my_app_bench[C-2]             2  my dataset #C  passed                     0.319719          0.570453  passed                     0.775814  nan              nan
test_basic                       nan  nan            nan                      nan               nan         nan                      nan         passed             0.178576

Pivoted table (2):
test_id                   algo_param  dataset        train/status      train/duration_ms    train/accuracy  score/status      score/duration_ms  -/status      -/duration_ms
----------------------  ------------  -------------  --------------  -------------------  ----------------  --------------  -------------------  ----------  ---------------
test_my_app_bench[A-1]             1  my dataset #A  passed                     0.401258          0.691666  passed                     0.360012  nan              nan
test_my_app_bench[A-2]             2  my dataset #A  passed                     0.375032          0.585596  passed                     0.325918  nan              nan
test_my_app_bench[B-1]             1  my dataset #B  passed                     0.398159          0.162741  passed                     0.423193  nan              nan
test_my_app_bench[B-2]             2  my dataset #B  passed                     0.430822          0.423246  passed                     0.348091  nan              nan
test_my_app_bench[C-1]             1  my dataset #C  passed                     0.353098          0.716805  passed                     0.367641  nan              nan
test_my_app_bench[C-2]             2  my dataset #C  passed                     0.319719          0.570453  passed                     0.775814  nan              nan
test_basic                       nan  nan            nan                      nan               nan         nan                      nan         passed             0.178576
</system-out></testcase></testsuite>