<?xml version="1.0" encoding="utf-8"?><testsuite errors="0" failures="0" name="pytest" skips="0" tests="84" time="1.731"><testcase classname="pytest_steps.tests.test_all" file="pytest_steps/tests/test_all.py" line="21" name="test_run_all_tests[test_wrapped_in_class.py]" time="0.0392603874206543"><system-out>
Testing that running pytest on file test_wrapped_in_class.py results in {&apos;failed&apos;: 0, &apos;skipped&apos;: 0, &apos;passed&apos;: 1}
============================= test session starts ==============================
platform linux -- Python 3.5.6, pytest-2.9.2, py-1.8.0, pluggy-0.3.1
rootdir: /tmp/pytest-of-travis/pytest-0/testdir/test_run_all_tests0, inifile: 
plugins: steps-1.6.1.dev1+g55334da, logging-2015.11.4, html-1.9.0, harvest-1.6.1, faulthandler-1.5.0, cov-2.6.0
collected 1 items

test_run_all_tests.py .

=========================== 1 passed in 0.01 seconds ===========================
</system-out></testcase><testcase classname="pytest_steps.tests.test_all" file="pytest_steps/tests/test_all.py" line="21" name="test_run_all_tests[test_steps_parammode_with_results_complex.py]" time="0.06142854690551758"><system-out>
Testing that running pytest on file test_steps_parammode_with_results_complex.py results in {&apos;failed&apos;: 0, &apos;skipped&apos;: 0, &apos;passed&apos;: 16}
============================= test session starts ==============================
platform linux -- Python 3.5.6, pytest-2.9.2, py-1.8.0, pluggy-0.3.1
rootdir: /tmp/pytest-of-travis/pytest-0/testdir/test_run_all_tests1, inifile: 
plugins: steps-1.6.1.dev1+g55334da, logging-2015.11.4, html-1.9.0, harvest-1.6.1, faulthandler-1.5.0, cov-2.6.0
collected 16 items

test_run_all_tests.py ................

========================== 16 passed in 0.03 seconds ===========================
</system-out></testcase><testcase classname="pytest_steps.tests.test_all" file="pytest_steps/tests/test_all.py" line="21" name="test_run_all_tests[test_steps_parammode_dependencies.py]" time="0.11076092720031738"><system-out>
Testing that running pytest on file test_steps_parammode_dependencies.py results in {&apos;failed&apos;: 2, &apos;skipped&apos;: 1, &apos;passed&apos;: 4}
============================= test session starts ==============================
platform linux -- Python 3.5.6, pytest-2.9.2, py-1.8.0, pluggy-0.3.1
rootdir: /tmp/pytest-of-travis/pytest-0/testdir/test_run_all_tests2, inifile: 
plugins: steps-1.6.1.dev1+g55334da, logging-2015.11.4, html-1.9.0, harvest-1.6.1, faulthandler-1.5.0, cov-2.6.0
collected 7 items

test_run_all_tests.py .Fs..F.

=================================== FAILURES ===================================
________________________ test_suite_no_results[step_b] _________________________

request = &lt;FixtureRequest for &lt;Function &apos;test_suite_no_results[step_b]&apos;&gt;&gt;
test_step = &lt;function step_b at 0x7f2891145158&gt;

&gt;   ???

&lt;makefun-gen-26&gt;:2: 
_ _ _ _ _ _ _ _ _ _ _ _ _ _ _ _ _ _ _ _ _ _ _ _ _ _ _ _ _ _ _ _ _ _ _ _ _ _ _ _ 
/home/travis/build/smarie/python-pytest-steps/pytest_steps/steps_parametrizer.py:172: in wrapped_test_function
    res = test_func(*args, **kwargs)
test_run_all_tests.py:54: in test_suite_no_results
    test_step()
_ _ _ _ _ _ _ _ _ _ _ _ _ _ _ _ _ _ _ _ _ _ _ _ _ _ _ _ _ _ _ _ _ _ _ _ _ _ _ _ 

    def step_b():
        &quot;&quot;&quot; Step a of the test &quot;&quot;&quot;
    
        # perform this step
        print(&quot;step b&quot;)
&gt;       pytest.fail(&quot;Failed intentionally - this is normal&quot;)
E       Failed: Failed intentionally - this is normal

test_run_all_tests.py:37: Failed
----------------------------- Captured stdout call -----------------------------
step b
_____________________________ test_suite_1[step_b] _____________________________

request = &lt;FixtureRequest for &lt;Function &apos;test_suite_1[step_b]&apos;&gt;&gt;
test_step = &apos;step_b&apos;

&gt;   ???

&lt;makefun-gen-27&gt;:2: 
_ _ _ _ _ _ _ _ _ _ _ _ _ _ _ _ _ _ _ _ _ _ _ _ _ _ _ _ _ _ _ _ _ _ _ _ _ _ _ _ 
/home/travis/build/smarie/python-pytest-steps/pytest_steps/steps_parametrizer.py:129: in wrapped_test_function
    return test_func(*args, **kwargs)
test_run_all_tests.py:83: in test_suite_1
    step_b()
_ _ _ _ _ _ _ _ _ _ _ _ _ _ _ _ _ _ _ _ _ _ _ _ _ _ _ _ _ _ _ _ _ _ _ _ _ _ _ _ 

    def step_b():
        &quot;&quot;&quot; Step a of the test &quot;&quot;&quot;
    
        # perform this step
        print(&quot;step b&quot;)
&gt;       pytest.fail(&quot;Failed intentionally - this is normal&quot;)
E       Failed: Failed intentionally - this is normal

test_run_all_tests.py:37: Failed
----------------------------- Captured stdout call -----------------------------
step b
================ 2 failed, 4 passed, 1 skipped in 0.08 seconds =================
</system-out></testcase><testcase classname="pytest_steps.tests.test_all" file="pytest_steps/tests/test_all.py" line="21" name="test_run_all_tests[test_steps_parammode_no_results.py]" time="0.04505729675292969"><system-out>
Testing that running pytest on file test_steps_parammode_no_results.py results in {&apos;failed&apos;: 0, &apos;skipped&apos;: 0, &apos;passed&apos;: 4}
============================= test session starts ==============================
platform linux -- Python 3.5.6, pytest-2.9.2, py-1.8.0, pluggy-0.3.1
rootdir: /tmp/pytest-of-travis/pytest-0/testdir/test_run_all_tests3, inifile: 
plugins: steps-1.6.1.dev1+g55334da, logging-2015.11.4, html-1.9.0, harvest-1.6.1, faulthandler-1.5.0, cov-2.6.0
collected 4 items

test_run_all_tests.py ....

=========================== 4 passed in 0.01 seconds ===========================
</system-out></testcase><testcase classname="pytest_steps.tests.test_all" file="pytest_steps/tests/test_all.py" line="21" name="test_run_all_tests[test_steps_genmode.py]" time="0.18382477760314941"><system-out>
Testing that running pytest on file test_steps_genmode.py results in {&apos;failed&apos;: 2, &apos;skipped&apos;: 2, &apos;passed&apos;: 15}
============================= test session starts ==============================
platform linux -- Python 3.5.6, pytest-2.9.2, py-1.8.0, pluggy-0.3.1
rootdir: /tmp/pytest-of-travis/pytest-0/testdir/test_run_all_tests4, inifile: 
plugins: steps-1.6.1.dev1+g55334da, logging-2015.11.4, html-1.9.0, harvest-1.6.1, faulthandler-1.5.0, cov-2.6.0
collected 19 items

test_run_all_tests.py .....Fs.Fs.........

=================================== FAILURES ===================================
________________ test_suite_exception_on_mandatory_step[step_b] ________________

request = &lt;FixtureRequest for &lt;Function &apos;test_suite_exception_on_mandatory_step[step_b]&apos;&gt;&gt;
________step_name_ = &apos;step_b&apos;

&gt;   ???

&lt;makefun-gen-31&gt;:2: 
_ _ _ _ _ _ _ _ _ _ _ _ _ _ _ _ _ _ _ _ _ _ _ _ _ _ _ _ _ _ _ _ _ _ _ _ _ _ _ _ 
/home/travis/build/smarie/python-pytest-steps/pytest_steps/steps_generator.py:488: in wrapped_test_function
    steps_monitor.execute(step_name, *args, **kwargs)
/home/travis/build/smarie/python-pytest-steps/pytest_steps/steps_generator.py:296: in execute
    res = next(self.gen)
_ _ _ _ _ _ _ _ _ _ _ _ _ _ _ _ _ _ _ _ _ _ _ _ _ _ _ _ _ _ _ _ _ _ _ _ _ _ _ _ 

    @test_steps(&apos;step_a&apos;, &apos;step_b&apos;, &apos;step_c&apos;)
    def test_suite_exception_on_mandatory_step():
        &quot;&quot;&quot; &quot;&quot;&quot;
    
        # Step A
        print(&quot;step a&quot;)
        assert not False  # replace with your logic
        yield &apos;step_a&apos;
    
        # Step B
        print(&quot;step b&quot;)
&gt;       pytest.fail(&quot;Failed intentionally - this is normal&quot;)  # replace with your logic
E       Failed: Failed intentionally - this is normal

test_run_all_tests.py:59: Failed
----------------------------- Captured stdout call -----------------------------
step b
_______________ test_suite_optional_and_dependent_steps[step_b] ________________

request = &lt;FixtureRequest for &lt;Function &apos;test_suite_optional_and_dependent_steps[step_b]&apos;&gt;&gt;
________step_name_ = &apos;step_b&apos;

&gt;   ???

&lt;makefun-gen-32&gt;:2: 
_ _ _ _ _ _ _ _ _ _ _ _ _ _ _ _ _ _ _ _ _ _ _ _ _ _ _ _ _ _ _ _ _ _ _ _ _ _ _ _ 
/home/travis/build/smarie/python-pytest-steps/pytest_steps/steps_generator.py:488: in wrapped_test_function
    steps_monitor.execute(step_name, *args, **kwargs)
/home/travis/build/smarie/python-pytest-steps/pytest_steps/steps_generator.py:318: in execute
    reraise(res.exec_result.exc_type, res.exec_result.exc_val, res.exec_result.tb)
/home/travis/miniconda/envs/test-environment/lib/python3.5/site-packages/six.py:693: in reraise
    raise value
_ _ _ _ _ _ _ _ _ _ _ _ _ _ _ _ _ _ _ _ _ _ _ _ _ _ _ _ _ _ _ _ _ _ _ _ _ _ _ _ 

    @test_steps(&apos;step_a&apos;, &apos;step_b&apos;, &apos;step_c&apos;, &apos;step_d&apos;)
    def test_suite_optional_and_dependent_steps():
        &quot;&quot;&quot; &quot;&quot;&quot;
    
        # Step A
        print(&quot;step a&quot;)
        assert not False
        yield &apos;step_a&apos;
    
        # Step B
        with optional_step(&apos;step_b&apos;) as step_b:
            print(&quot;step b&quot;)
&gt;           pytest.fail(&quot;Failed intentionally - this is normal&quot;)
E           Failed: Failed intentionally - this is normal

test_run_all_tests.py:80: Failed
----------------------------- Captured stdout call -----------------------------
step b
================ 2 failed, 15 passed, 2 skipped in 0.16 seconds ================
</system-out></testcase><testcase classname="pytest_steps.tests.test_all" file="pytest_steps/tests/test_all.py" line="21" name="test_run_all_tests[test_steps_parammode_stackoverflow2.py]" time="0.03640389442443848"><system-out>
Testing that running pytest on file test_steps_parammode_stackoverflow2.py results in {&apos;failed&apos;: 0, &apos;skipped&apos;: 0, &apos;passed&apos;: 3}
============================= test session starts ==============================
platform linux -- Python 3.5.6, pytest-2.9.2, py-1.8.0, pluggy-0.3.1
rootdir: /tmp/pytest-of-travis/pytest-0/testdir/test_run_all_tests5, inifile: 
plugins: steps-1.6.1.dev1+g55334da, logging-2015.11.4, html-1.9.0, harvest-1.6.1, faulthandler-1.5.0, cov-2.6.0
collected 3 items

test_run_all_tests.py ...

=========================== 3 passed in 0.01 seconds ===========================
</system-out></testcase><testcase classname="pytest_steps.tests.test_all" file="pytest_steps/tests/test_all.py" line="21" name="test_run_all_tests[test_steps_parammode_with_results_basic.py]" time="0.042418479919433594"><system-out>
Testing that running pytest on file test_steps_parammode_with_results_basic.py results in {&apos;failed&apos;: 0, &apos;skipped&apos;: 0, &apos;passed&apos;: 4}
============================= test session starts ==============================
platform linux -- Python 3.5.6, pytest-2.9.2, py-1.8.0, pluggy-0.3.1
rootdir: /tmp/pytest-of-travis/pytest-0/testdir/test_run_all_tests6, inifile: 
plugins: steps-1.6.1.dev1+g55334da, logging-2015.11.4, html-1.9.0, harvest-1.6.1, faulthandler-1.5.0, cov-2.6.0
collected 4 items

test_run_all_tests.py ....

=========================== 4 passed in 0.01 seconds ===========================
</system-out></testcase><testcase classname="pytest_steps.tests.test_all" file="pytest_steps/tests/test_all.py" line="21" name="test_run_all_tests[test_steps_genmode_does_not_change_order.py]" time="0.04190945625305176"><system-out>
Testing that running pytest on file test_steps_genmode_does_not_change_order.py results in {&apos;failed&apos;: 0, &apos;skipped&apos;: 0, &apos;passed&apos;: 5}
============================= test session starts ==============================
platform linux -- Python 3.5.6, pytest-2.9.2, py-1.8.0, pluggy-0.3.1
rootdir: /tmp/pytest-of-travis/pytest-0/testdir/test_run_all_tests7, inifile: 
plugins: steps-1.6.1.dev1+g55334da, logging-2015.11.4, html-1.9.0, harvest-1.6.1, faulthandler-1.5.0, cov-2.6.0
collected 5 items

test_run_all_tests.py .....

=========================== 5 passed in 0.01 seconds ===========================
</system-out></testcase><testcase classname="pytest_steps.tests.test_all" file="pytest_steps/tests/test_all.py" line="21" name="test_run_all_tests[test_steps_parammode_stackoverflow.py]" time="0.03801846504211426"><system-out>
Testing that running pytest on file test_steps_parammode_stackoverflow.py results in {&apos;failed&apos;: 0, &apos;skipped&apos;: 0, &apos;passed&apos;: 3}
============================= test session starts ==============================
platform linux -- Python 3.5.6, pytest-2.9.2, py-1.8.0, pluggy-0.3.1
rootdir: /tmp/pytest-of-travis/pytest-0/testdir/test_run_all_tests8, inifile: 
plugins: steps-1.6.1.dev1+g55334da, logging-2015.11.4, html-1.9.0, harvest-1.6.1, faulthandler-1.5.0, cov-2.6.0
collected 3 items

test_run_all_tests.py ...

=========================== 3 passed in 0.01 seconds ===========================
</system-out></testcase><testcase classname="pytest_steps.tests.test_all" file="pytest_steps/tests/test_all.py" line="21" name="test_run_all_tests[test_pytest_parametrization_capabilities.py]" time="0.06048107147216797"><system-out>
Testing that running pytest on file test_pytest_parametrization_capabilities.py results in {&apos;failed&apos;: 0, &apos;skipped&apos;: 0, &apos;passed&apos;: 16}
============================= test session starts ==============================
platform linux -- Python 3.5.6, pytest-2.9.2, py-1.8.0, pluggy-0.3.1
rootdir: /tmp/pytest-of-travis/pytest-0/testdir/test_run_all_tests9, inifile: 
plugins: steps-1.6.1.dev1+g55334da, logging-2015.11.4, html-1.9.0, harvest-1.6.1, faulthandler-1.5.0, cov-2.6.0
collected 16 items

test_run_all_tests.py ................

========================== 16 passed in 0.03 seconds ===========================
</system-out></testcase><testcase classname="pytest_steps.tests.test_all" file="pytest_steps/tests/test_all.py" line="21" name="test_run_all_tests[test_steps_genmode_dependency_tree.py]" time="0.08132386207580566"><system-out>
Testing that running pytest on file test_steps_genmode_dependency_tree.py results in {&apos;failed&apos;: 1, &apos;skipped&apos;: 5, &apos;passed&apos;: 8}
============================= test session starts ==============================
platform linux -- Python 3.5.6, pytest-2.9.2, py-1.8.0, pluggy-0.3.1
rootdir: /tmp/pytest-of-travis/pytest-0/testdir/test_run_all_tests10, inifile: 
plugins: steps-1.6.1.dev1+g55334da, logging-2015.11.4, html-1.9.0, harvest-1.6.1, faulthandler-1.5.0, cov-2.6.0
collected 14 items

test_run_all_tests.py ....Fs....ssss

=================================== FAILURES ===================================
_____________________________ test_3_4[p=b-step3] ______________________________

request = &lt;FixtureRequest for &lt;Function &apos;test_3_4[p=b-step3]&apos;&gt;&gt;
________step_name_ = &apos;step3&apos;, p = &apos;b&apos;
results_dct = {&apos;step1&apos;: 1, &apos;step2&apos;: &apos;hello&apos;, &apos;step3&apos;: {&apos;a&apos;: &apos;bla&apos;, &apos;b&apos;: &apos;bla&apos;}, &apos;step4&apos;: {&apos;a&apos;: &apos;blabla&apos;}}

&gt;   ???

&lt;makefun-gen-47&gt;:2: 
_ _ _ _ _ _ _ _ _ _ _ _ _ _ _ _ _ _ _ _ _ _ _ _ _ _ _ _ _ _ _ _ _ _ _ _ _ _ _ _ 
/home/travis/build/smarie/python-pytest-steps/pytest_steps/steps_generator.py:488: in wrapped_test_function
    steps_monitor.execute(step_name, *args, **kwargs)
/home/travis/build/smarie/python-pytest-steps/pytest_steps/steps_generator.py:296: in execute
    res = next(self.gen)
_ _ _ _ _ _ _ _ _ _ _ _ _ _ _ _ _ _ _ _ _ _ _ _ _ _ _ _ _ _ _ _ _ _ _ _ _ _ _ _ 

p = &apos;b&apos;
results_dct = {&apos;step1&apos;: 1, &apos;step2&apos;: &apos;hello&apos;, &apos;step3&apos;: {&apos;a&apos;: &apos;bla&apos;, &apos;b&apos;: &apos;bla&apos;}, &apos;step4&apos;: {&apos;a&apos;: &apos;blabla&apos;}}

    @test_steps(&apos;step3&apos;, &apos;step4&apos;)
    @pytest.mark.parametrize(&apos;p&apos;, [&apos;a&apos;, &apos;b&apos;], ids=&quot;p={}&quot;.format)
    def test_3_4(p, results_dct):
        if &apos;step2&apos; not in results_dct:
            pytest.skip(&quot;Can not start step 3: step 2 has not run successfuly&quot;)
        # step 3
        results_dct.setdefault(&apos;step3&apos;, dict())[p] = &apos;bla&apos;
        if p == &apos;b&apos;:
&gt;           pytest.fail(&quot;Failed intentionally - this is normal&quot;)
E           Failed: Failed intentionally - this is normal

test_run_all_tests.py:33: Failed
================ 1 failed, 8 passed, 5 skipped in 0.05 seconds =================
</system-out></testcase><testcase classname="pytest_steps.tests.test_cross_steps_fixture" file="pytest_steps/tests/test_cross_steps_fixture.py" line="17" name="test_gen_mode[0-a]" time="0.0013475418090820312"><system-out>hello
</system-out></testcase><testcase classname="pytest_steps.tests.test_cross_steps_fixture" file="pytest_steps/tests/test_cross_steps_fixture.py" line="17" name="test_gen_mode[0-b]" time="0.0010271072387695312"><system-out>world
</system-out></testcase><testcase classname="pytest_steps.tests.test_cross_steps_fixture" file="pytest_steps/tests/test_cross_steps_fixture.py" line="34" name="test_params_mode[0-step_a]" time="0.0014390945434570312"><system-out>hello
</system-out></testcase><testcase classname="pytest_steps.tests.test_cross_steps_fixture" file="pytest_steps/tests/test_cross_steps_fixture.py" line="34" name="test_params_mode[0-step_b]" time="0.0011515617370605469"><system-out>world
</system-out></testcase><testcase classname="pytest_steps.tests.test_cross_steps_fixture" file="pytest_steps/tests/test_cross_steps_fixture.py" line="40" name="test_fixture_has_been_called_once_per_fun" time="0.0007488727569580078"></testcase><testcase classname="pytest_steps.tests.test_docs_example_manual_call" file="pytest_steps/tests/test_docs_example_manual_call.py" line="5" name="test_dummy_gen[first]" time="0.0010187625885009766"><system-out>hello
</system-out></testcase><testcase classname="pytest_steps.tests.test_docs_example_manual_call" file="pytest_steps/tests/test_docs_example_manual_call.py" line="5" name="test_dummy_gen[second]" time="0.0007939338684082031"><system-out>world
</system-out></testcase><testcase classname="pytest_steps.tests.test_docs_example_manual_call" file="pytest_steps/tests/test_docs_example_manual_call.py" line="22" name="test_dummy_param_deps[first]" time="0.0013875961303710938"><system-out>hello
</system-out></testcase><testcase classname="pytest_steps.tests.test_docs_example_manual_call" file="pytest_steps/tests/test_docs_example_manual_call.py" line="22" name="test_dummy_param_deps[second]" time="0.000885009765625"><system-out>world
</system-out></testcase><testcase classname="pytest_steps.tests.test_docs_example_manual_call" file="pytest_steps/tests/test_docs_example_manual_call.py" line="27" name="test_dummy_param[first]" time="0.0007457733154296875"><system-out>hello
</system-out></testcase><testcase classname="pytest_steps.tests.test_docs_example_manual_call" file="pytest_steps/tests/test_docs_example_manual_call.py" line="27" name="test_dummy_param[second]" time="0.0007290840148925781"><system-out>world
</system-out></testcase><testcase classname="pytest_steps.tests.test_docs_example_manual_call" file="pytest_steps/tests/test_docs_example_manual_call.py" line="35" name="test_manual_call[test_dummy_gen]" time="0.00650334358215332"><system-out>Help on function test_dummy_gen in module pytest_steps.tests.test_docs_example_manual_call:

test_dummy_gen(request, ________step_name_)

None
hello
world
hello
hello
world
</system-out></testcase><testcase classname="pytest_steps.tests.test_docs_example_manual_call" file="pytest_steps/tests/test_docs_example_manual_call.py" line="35" name="test_manual_call[test_dummy_param_deps]" time="0.0029616355895996094"><system-out>Help on function test_dummy_param_deps in module pytest_steps.tests.test_docs_example_manual_call:

test_dummy_param_deps(request, test_step)
    Executes the current step only if its dependencies are correct, and registers its execution result

None
hello
world
hello
hello
world
world
</system-out></testcase><testcase classname="pytest_steps.tests.test_docs_example_manual_call" file="pytest_steps/tests/test_docs_example_manual_call.py" line="35" name="test_manual_call[test_dummy_param]" time="0.0015375614166259766"><system-out>Help on function test_dummy_param in module pytest_steps.tests.test_docs_example_manual_call:

test_dummy_param(request, test_step)

None
hello
world
hello
hello
world
world
</system-out></testcase><testcase classname="pytest_steps.tests.test_docs_example_with_harvest" file="pytest_steps/tests/test_docs_example_with_harvest.py" line="32" name="test_my_app_bench[A-1-train]" time="0.0021491050720214844"></testcase><testcase classname="pytest_steps.tests.test_docs_example_with_harvest" file="pytest_steps/tests/test_docs_example_with_harvest.py" line="32" name="test_my_app_bench[A-1-score]" time="0.0011196136474609375"></testcase><testcase classname="pytest_steps.tests.test_docs_example_with_harvest" file="pytest_steps/tests/test_docs_example_with_harvest.py" line="32" name="test_my_app_bench[A-2-train]" time="0.00153350830078125"></testcase><testcase classname="pytest_steps.tests.test_docs_example_with_harvest" file="pytest_steps/tests/test_docs_example_with_harvest.py" line="32" name="test_my_app_bench[A-2-score]" time="0.0014643669128417969"></testcase><testcase classname="pytest_steps.tests.test_docs_example_with_harvest" file="pytest_steps/tests/test_docs_example_with_harvest.py" line="32" name="test_my_app_bench[B-1-train]" time="0.001463174819946289"></testcase><testcase classname="pytest_steps.tests.test_docs_example_with_harvest" file="pytest_steps/tests/test_docs_example_with_harvest.py" line="32" name="test_my_app_bench[B-1-score]" time="0.0014643669128417969"></testcase><testcase classname="pytest_steps.tests.test_docs_example_with_harvest" file="pytest_steps/tests/test_docs_example_with_harvest.py" line="32" name="test_my_app_bench[B-2-train]" time="0.0014536380767822266"></testcase><testcase classname="pytest_steps.tests.test_docs_example_with_harvest" file="pytest_steps/tests/test_docs_example_with_harvest.py" line="32" name="test_my_app_bench[B-2-score]" time="0.001451730728149414"></testcase><testcase classname="pytest_steps.tests.test_docs_example_with_harvest" file="pytest_steps/tests/test_docs_example_with_harvest.py" line="32" name="test_my_app_bench[C-1-train]" time="0.001377105712890625"></testcase><testcase classname="pytest_steps.tests.test_docs_example_with_harvest" file="pytest_steps/tests/test_docs_example_with_harvest.py" line="32" name="test_my_app_bench[C-1-score]" time="0.0010709762573242188"></testcase><testcase classname="pytest_steps.tests.test_docs_example_with_harvest" file="pytest_steps/tests/test_docs_example_with_harvest.py" line="32" name="test_my_app_bench[C-2-train]" time="0.0010459423065185547"></testcase><testcase classname="pytest_steps.tests.test_docs_example_with_harvest" file="pytest_steps/tests/test_docs_example_with_harvest.py" line="32" name="test_my_app_bench[C-2-score]" time="0.0018033981323242188"></testcase><testcase classname="pytest_steps.tests.test_docs_example_with_harvest" file="pytest_steps/tests/test_docs_example_with_harvest.py" line="53" name="test_synthesis_df" time="0.09900116920471191"><system-out>
   `module_results_df` dataframe:

                                status    ...     accuracy
test_id                step_id            ...             
test_my_app_bench[A-1] train    passed    ...     0.699407
                       score    passed    ...          NaN
test_my_app_bench[A-2] train    passed    ...     0.347810
                       score    passed    ...          NaN
test_my_app_bench[B-1] train    passed    ...     0.086728
                       score    passed    ...          NaN
test_my_app_bench[B-2] train    passed    ...     0.785476
                       score    passed    ...          NaN
test_my_app_bench[C-1] train    passed    ...     0.868340
                       score    passed    ...          NaN
test_my_app_bench[C-2] train    passed    ...     0.665746
                       score    passed    ...          NaN

[12 rows x 6 columns]
                                     status      duration_ms    algo_param  dataset_param    dataset          accuracy
-----------------------------------  --------  -------------  ------------  ---------------  -------------  ----------
(&apos;test_my_app_bench[A-1]&apos;, &apos;train&apos;)  passed         0.346899             1  A                my dataset #A    0.699407
(&apos;test_my_app_bench[A-1]&apos;, &apos;score&apos;)  passed         0.224829             1  A                my dataset #A  nan
(&apos;test_my_app_bench[A-2]&apos;, &apos;train&apos;)  passed         0.599623             2  A                my dataset #A    0.34781
(&apos;test_my_app_bench[A-2]&apos;, &apos;score&apos;)  passed         0.292063             2  A                my dataset #A  nan
(&apos;test_my_app_bench[B-1]&apos;, &apos;train&apos;)  passed         0.328779             1  B                my dataset #B    0.086728
(&apos;test_my_app_bench[B-1]&apos;, &apos;score&apos;)  passed         0.324965             1  B                my dataset #B  nan
(&apos;test_my_app_bench[B-2]&apos;, &apos;train&apos;)  passed         0.340939             2  B                my dataset #B    0.785476
(&apos;test_my_app_bench[B-2]&apos;, &apos;score&apos;)  passed         0.255108             2  B                my dataset #B  nan
(&apos;test_my_app_bench[C-1]&apos;, &apos;train&apos;)  passed         0.240088             1  C                my dataset #C    0.86834
(&apos;test_my_app_bench[C-1]&apos;, &apos;score&apos;)  passed         0.20647              1  C                my dataset #C  nan
(&apos;test_my_app_bench[C-2]&apos;, &apos;train&apos;)  passed         0.208855             2  C                my dataset #C    0.665746
(&apos;test_my_app_bench[C-2]&apos;, &apos;score&apos;)  passed         0.301123             2  C                my dataset #C  nan

   `module_results_df_steps_pivoted` dataframe:

                        algo_param      ...        score/dataset
test_id                                 ...                     
test_my_app_bench[A-1]           1      ...        my dataset #A
test_my_app_bench[A-2]           2      ...        my dataset #A
test_my_app_bench[B-1]           1      ...        my dataset #B
test_my_app_bench[B-2]           2      ...        my dataset #B
test_my_app_bench[C-1]           1      ...        my dataset #C
test_my_app_bench[C-2]           2      ...        my dataset #C

[6 rows x 9 columns]
test_id                   algo_param  dataset_param    train/status      train/duration_ms  train/dataset      train/accuracy  score/status      score/duration_ms  score/dataset
----------------------  ------------  ---------------  --------------  -------------------  ---------------  ----------------  --------------  -------------------  ---------------
test_my_app_bench[A-1]             1  A                passed                     0.346899  my dataset #A            0.699407  passed                     0.224829  my dataset #A
test_my_app_bench[A-2]             2  A                passed                     0.599623  my dataset #A            0.34781   passed                     0.292063  my dataset #A
test_my_app_bench[B-1]             1  B                passed                     0.328779  my dataset #B            0.086728  passed                     0.324965  my dataset #B
test_my_app_bench[B-2]             2  B                passed                     0.340939  my dataset #B            0.785476  passed                     0.255108  my dataset #B
test_my_app_bench[C-1]             1  C                passed                     0.240088  my dataset #C            0.86834   passed                     0.20647   my dataset #C
test_my_app_bench[C-2]             2  C                passed                     0.208855  my dataset #C            0.665746  passed                     0.301123  my dataset #C
</system-out><system-err>/home/travis/miniconda/envs/test-environment/lib/python3.5/site-packages/pandas/core/reshape/merge.py:544: UserWarning: merging between different levels can give an unintended result (1 levels on the left, 2 on the right)
  warnings.warn(msg, UserWarning)
</system-err></testcase><testcase classname="pytest_steps.tests.test_step_id_conflicts" file="pytest_steps/tests/test_step_id_conflicts.py" line="26" name="test_step_id_gen_mode_approx_conflict_params[p=a-a]" time="0.001310110092163086"></testcase><testcase classname="pytest_steps.tests.test_step_id_conflicts" file="pytest_steps/tests/test_step_id_conflicts.py" line="26" name="test_step_id_gen_mode_approx_conflict_params[p=a-b]" time="0.0011546611785888672"></testcase><testcase classname="pytest_steps.tests.test_step_id_conflicts" file="pytest_steps/tests/test_step_id_conflicts.py" line="26" name="test_step_id_gen_mode_approx_conflict_params[p=b-a]" time="0.0010426044464111328"></testcase><testcase classname="pytest_steps.tests.test_step_id_conflicts" file="pytest_steps/tests/test_step_id_conflicts.py" line="26" name="test_step_id_gen_mode_approx_conflict_params[p=b-b]" time="0.0013649463653564453"></testcase><testcase classname="pytest_steps.tests.test_step_id_conflicts" file="pytest_steps/tests/test_step_id_conflicts.py" line="33" name="test_step_id_gen_mode_approx_conflict_fixture[hello-b-foo-a]" time="0.0009963512420654297"></testcase><testcase classname="pytest_steps.tests.test_step_id_conflicts" file="pytest_steps/tests/test_step_id_conflicts.py" line="33" name="test_step_id_gen_mode_approx_conflict_fixture[hello-b-foo-b]" time="0.0009558200836181641"></testcase><testcase classname="pytest_steps.tests.test_step_id_conflicts" file="pytest_steps/tests/test_step_id_conflicts.py" line="39" name="test_step_id_gen_mode_approx_conflict_params_and_no_conflict_fixture[1-p=a-a]" time="0.0011241436004638672"><system-out>a
</system-out></testcase><testcase classname="pytest_steps.tests.test_step_id_conflicts" file="pytest_steps/tests/test_step_id_conflicts.py" line="39" name="test_step_id_gen_mode_approx_conflict_params_and_no_conflict_fixture[1-p=a-b]" time="0.0012874603271484375"><system-out>b
</system-out></testcase><testcase classname="pytest_steps.tests.test_step_id_conflicts" file="pytest_steps/tests/test_step_id_conflicts.py" line="39" name="test_step_id_gen_mode_approx_conflict_params_and_no_conflict_fixture[1-p=b-a]" time="0.0015947818756103516"><system-out>a
</system-out></testcase><testcase classname="pytest_steps.tests.test_step_id_conflicts" file="pytest_steps/tests/test_step_id_conflicts.py" line="39" name="test_step_id_gen_mode_approx_conflict_params_and_no_conflict_fixture[1-p=b-b]" time="0.0012195110321044922"><system-out>b
</system-out></testcase><testcase classname="pytest_steps.tests.test_step_id_conflicts" file="pytest_steps/tests/test_step_id_conflicts.py" line="50" name="test_step_id_gen_mode_exact_conflict_with_param[a-a]" time="0.0008673667907714844"><system-out>a
</system-out></testcase><testcase classname="pytest_steps.tests.test_step_id_conflicts" file="pytest_steps/tests/test_step_id_conflicts.py" line="50" name="test_step_id_gen_mode_exact_conflict_with_param[a-b]" time="0.0009255409240722656"><system-out>b
</system-out></testcase><testcase classname="pytest_steps.tests.test_step_id_conflicts" file="pytest_steps/tests/test_step_id_conflicts.py" line="50" name="test_step_id_gen_mode_exact_conflict_with_param[b-a]" time="0.001516103744506836"><system-out>a
</system-out></testcase><testcase classname="pytest_steps.tests.test_step_id_conflicts" file="pytest_steps/tests/test_step_id_conflicts.py" line="50" name="test_step_id_gen_mode_exact_conflict_with_param[b-b]" time="0.0011396408081054688"><system-out>b
</system-out></testcase><testcase classname="pytest_steps.tests.test_step_id_conflicts" file="pytest_steps/tests/test_step_id_conflicts.py" line="59" name="test_step_id_gen_mode_exact_conflict_with_fixture[b-a]" time="0.0011131763458251953"><system-out>a
</system-out></testcase><testcase classname="pytest_steps.tests.test_step_id_conflicts" file="pytest_steps/tests/test_step_id_conflicts.py" line="59" name="test_step_id_gen_mode_exact_conflict_with_fixture[b-b]" time="0.0010859966278076172"><system-out>b
</system-out></testcase><testcase classname="pytest_steps.tests.test_step_id_conflicts" file="pytest_steps/tests/test_step_id_conflicts.py" line="67" name="test_step_id_gen_mode_exact_conflict_with_param_and_fixture[b-a-a]" time="0.0012974739074707031"><system-out>a
</system-out></testcase><testcase classname="pytest_steps.tests.test_step_id_conflicts" file="pytest_steps/tests/test_step_id_conflicts.py" line="67" name="test_step_id_gen_mode_exact_conflict_with_param_and_fixture[b-a-b]" time="0.0011925697326660156"><system-out>b
</system-out></testcase><testcase classname="pytest_steps.tests.test_step_id_conflicts" file="pytest_steps/tests/test_step_id_conflicts.py" line="67" name="test_step_id_gen_mode_exact_conflict_with_param_and_fixture[b-b-a]" time="0.0011701583862304688"><system-out>a
</system-out></testcase><testcase classname="pytest_steps.tests.test_step_id_conflicts" file="pytest_steps/tests/test_step_id_conflicts.py" line="67" name="test_step_id_gen_mode_exact_conflict_with_param_and_fixture[b-b-b]" time="0.0008709430694580078"><system-out>b
</system-out></testcase><testcase classname="pytest_steps.tests.test_step_id_conflicts" file="pytest_steps/tests/test_step_id_conflicts.py" line="79" name="test_step_id_parametrize_mode_approx_conflict[p=a-a]" time="0.0009343624114990234"><system-out>a
</system-out></testcase><testcase classname="pytest_steps.tests.test_step_id_conflicts" file="pytest_steps/tests/test_step_id_conflicts.py" line="79" name="test_step_id_parametrize_mode_approx_conflict[p=a-b]" time="0.0014638900756835938"><system-out>b
</system-out></testcase><testcase classname="pytest_steps.tests.test_step_id_conflicts" file="pytest_steps/tests/test_step_id_conflicts.py" line="79" name="test_step_id_parametrize_mode_approx_conflict[p=b-a]" time="0.0012056827545166016"><system-out>a
</system-out></testcase><testcase classname="pytest_steps.tests.test_step_id_conflicts" file="pytest_steps/tests/test_step_id_conflicts.py" line="79" name="test_step_id_parametrize_mode_approx_conflict[p=b-b]" time="0.0011234283447265625"><system-out>b
</system-out></testcase><testcase classname="pytest_steps.tests.test_step_id_conflicts" file="pytest_steps/tests/test_step_id_conflicts.py" line="88" name="test_step_id_conflicts_parametrized2[1-p=a-a]" time="0.001245260238647461"><system-out>a
</system-out></testcase><testcase classname="pytest_steps.tests.test_step_id_conflicts" file="pytest_steps/tests/test_step_id_conflicts.py" line="88" name="test_step_id_conflicts_parametrized2[1-p=a-b]" time="0.0024917125701904297"><system-out>b
</system-out></testcase><testcase classname="pytest_steps.tests.test_step_id_conflicts" file="pytest_steps/tests/test_step_id_conflicts.py" line="88" name="test_step_id_conflicts_parametrized2[1-p=b-a]" time="0.0013155937194824219"><system-out>a
</system-out></testcase><testcase classname="pytest_steps.tests.test_step_id_conflicts" file="pytest_steps/tests/test_step_id_conflicts.py" line="88" name="test_step_id_conflicts_parametrized2[1-p=b-b]" time="0.0009670257568359375"><system-out>b
</system-out></testcase><testcase classname="pytest_steps.tests.test_step_id_conflicts" file="pytest_steps/tests/test_step_id_conflicts.py" line="97" name="test_step_id_conflicts_parametrized3[b-p=a-a]" time="0.00093841552734375"><system-out>a
</system-out></testcase><testcase classname="pytest_steps.tests.test_step_id_conflicts" file="pytest_steps/tests/test_step_id_conflicts.py" line="97" name="test_step_id_conflicts_parametrized3[b-p=a-b]" time="0.0015044212341308594"><system-out>b
</system-out></testcase><testcase classname="pytest_steps.tests.test_step_id_conflicts" file="pytest_steps/tests/test_step_id_conflicts.py" line="97" name="test_step_id_conflicts_parametrized3[b-p=b-a]" time="0.0013318061828613281"><system-out>a
</system-out></testcase><testcase classname="pytest_steps.tests.test_step_id_conflicts" file="pytest_steps/tests/test_step_id_conflicts.py" line="97" name="test_step_id_conflicts_parametrized3[b-p=b-b]" time="0.001306295394897461"><system-out>b
</system-out></testcase><testcase classname="pytest_steps.tests.test_steps_harvest" file="pytest_steps/tests/test_steps_harvest.py" line="32" name="test_my_app_bench[A-1-train]" time="0.0016973018646240234"></testcase><testcase classname="pytest_steps.tests.test_steps_harvest" file="pytest_steps/tests/test_steps_harvest.py" line="32" name="test_my_app_bench[A-1-score]" time="0.001974821090698242"></testcase><testcase classname="pytest_steps.tests.test_steps_harvest" file="pytest_steps/tests/test_steps_harvest.py" line="32" name="test_my_app_bench[A-2-train]" time="0.0015997886657714844"></testcase><testcase classname="pytest_steps.tests.test_steps_harvest" file="pytest_steps/tests/test_steps_harvest.py" line="32" name="test_my_app_bench[A-2-score]" time="0.0013318061828613281"></testcase><testcase classname="pytest_steps.tests.test_steps_harvest" file="pytest_steps/tests/test_steps_harvest.py" line="32" name="test_my_app_bench[B-1-train]" time="0.0011982917785644531"></testcase><testcase classname="pytest_steps.tests.test_steps_harvest" file="pytest_steps/tests/test_steps_harvest.py" line="32" name="test_my_app_bench[B-1-score]" time="0.001657724380493164"></testcase><testcase classname="pytest_steps.tests.test_steps_harvest" file="pytest_steps/tests/test_steps_harvest.py" line="32" name="test_my_app_bench[B-2-train]" time="0.0014214515686035156"></testcase><testcase classname="pytest_steps.tests.test_steps_harvest" file="pytest_steps/tests/test_steps_harvest.py" line="32" name="test_my_app_bench[B-2-score]" time="0.0014564990997314453"></testcase><testcase classname="pytest_steps.tests.test_steps_harvest" file="pytest_steps/tests/test_steps_harvest.py" line="32" name="test_my_app_bench[C-1-train]" time="0.0014758110046386719"></testcase><testcase classname="pytest_steps.tests.test_steps_harvest" file="pytest_steps/tests/test_steps_harvest.py" line="32" name="test_my_app_bench[C-1-score]" time="0.0015079975128173828"></testcase><testcase classname="pytest_steps.tests.test_steps_harvest" file="pytest_steps/tests/test_steps_harvest.py" line="32" name="test_my_app_bench[C-2-train]" time="0.0018460750579833984"></testcase><testcase classname="pytest_steps.tests.test_steps_harvest" file="pytest_steps/tests/test_steps_harvest.py" line="32" name="test_my_app_bench[C-2-score]" time="0.0014233589172363281"></testcase><testcase classname="pytest_steps.tests.test_steps_harvest" file="pytest_steps/tests/test_steps_harvest.py" line="53" name="test_basic" time="0.0005676746368408203"></testcase><testcase classname="pytest_steps.tests.test_steps_harvest" file="pytest_steps/tests/test_steps_harvest.py" line="58" name="test_synthesis" time="0.06832623481750488"><system-out>test_id                   algo_param  dataset_param    train/status      train/duration_ms  train/dataset      train/accuracy  score/status      score/duration_ms  score/dataset    -/status      -/duration_ms
----------------------  ------------  ---------------  --------------  -------------------  ---------------  ----------------  --------------  -------------------  ---------------  ----------  ---------------
test_my_app_bench[A-1]             1  A                passed                     0.347853  my dataset #A            0.915441  passed                     0.70262   my dataset #A    nan              nan
test_my_app_bench[A-2]             2  A                passed                     0.342607  my dataset #A            0.845545  passed                     0.235558  my dataset #A    nan              nan
test_my_app_bench[B-1]             1  B                passed                     0.220299  my dataset #B            0.604943  passed                     0.261784  my dataset #B    nan              nan
test_my_app_bench[B-2]             2  B                passed                     0.32115   my dataset #B            0.33454   passed                     0.294685  my dataset #B    nan              nan
test_my_app_bench[C-1]             1  C                passed                     0.302792  my dataset #C            0.679161  passed                     0.291109  my dataset #C    nan              nan
test_my_app_bench[C-2]             2  C                passed                     0.2985    my dataset #C            0.938489  passed                     0.291109  my dataset #C    nan              nan
test_basic                       nan  nan              nan                      nan         nan                    nan         nan                      nan         nan              passed             0.144243
</system-out></testcase></testsuite>