<?xml version="1.0" encoding="utf-8"?><testsuite errors="0" failures="0" name="pytest" skips="0" tests="45" time="0.346"><testcase classname="pytest_steps.tests.test_pytest_capabilities" file="pytest_steps/tests/test_pytest_capabilities.py" line="74" name="test_manual_pytest_equivalent[F-1a-step_a-2A]" time="0.005175352096557617"><system-out>step a - 1a2AF
</system-out></testcase><testcase classname="pytest_steps.tests.test_pytest_capabilities" file="pytest_steps/tests/test_pytest_capabilities.py" line="74" name="test_manual_pytest_equivalent[F-1a-step_a-2B]" time="0.002903461456298828"><system-out>step a - 1a2BF
</system-out></testcase><testcase classname="pytest_steps.tests.test_pytest_capabilities" file="pytest_steps/tests/test_pytest_capabilities.py" line="74" name="test_manual_pytest_equivalent[F-1a-step_b-2A]" time="0.0035910606384277344"><system-out>step b - 1a2AF
some intermediate result created in step a for test 1a2AF ... augmented
</system-out></testcase><testcase classname="pytest_steps.tests.test_pytest_capabilities" file="pytest_steps/tests/test_pytest_capabilities.py" line="74" name="test_manual_pytest_equivalent[F-1a-step_b-2B]" time="0.0032935142517089844"><system-out>step b - 1a2BF
some intermediate result created in step a for test 1a2BF ... augmented
</system-out></testcase><testcase classname="pytest_steps.tests.test_pytest_capabilities" file="pytest_steps/tests/test_pytest_capabilities.py" line="74" name="test_manual_pytest_equivalent[F-1b-step_a-2A]" time="0.0038149356842041016"><system-out>step a - 1b2AF
</system-out></testcase><testcase classname="pytest_steps.tests.test_pytest_capabilities" file="pytest_steps/tests/test_pytest_capabilities.py" line="74" name="test_manual_pytest_equivalent[F-1b-step_a-2B]" time="0.002800464630126953"><system-out>step a - 1b2BF
</system-out></testcase><testcase classname="pytest_steps.tests.test_pytest_capabilities" file="pytest_steps/tests/test_pytest_capabilities.py" line="74" name="test_manual_pytest_equivalent[F-1b-step_b-2A]" time="0.002548694610595703"><system-out>step b - 1b2AF
some intermediate result created in step a for test 1b2AF ... augmented
</system-out></testcase><testcase classname="pytest_steps.tests.test_pytest_capabilities" file="pytest_steps/tests/test_pytest_capabilities.py" line="74" name="test_manual_pytest_equivalent[F-1b-step_b-2B]" time="0.0026133060455322266"><system-out>step b - 1b2BF
some intermediate result created in step a for test 1b2BF ... augmented
</system-out></testcase><testcase classname="pytest_steps.tests.test_pytest_capabilities" file="pytest_steps/tests/test_pytest_capabilities.py" line="74" name="test_manual_pytest_equivalent[G-1a-step_a-2A]" time="0.002366304397583008"><system-out>step a - 1a2AG
</system-out></testcase><testcase classname="pytest_steps.tests.test_pytest_capabilities" file="pytest_steps/tests/test_pytest_capabilities.py" line="74" name="test_manual_pytest_equivalent[G-1a-step_a-2B]" time="0.002893686294555664"><system-out>step a - 1a2BG
</system-out></testcase><testcase classname="pytest_steps.tests.test_pytest_capabilities" file="pytest_steps/tests/test_pytest_capabilities.py" line="74" name="test_manual_pytest_equivalent[G-1a-step_b-2A]" time="0.0028009414672851562"><system-out>step b - 1a2AG
some intermediate result created in step a for test 1a2AG ... augmented
</system-out></testcase><testcase classname="pytest_steps.tests.test_pytest_capabilities" file="pytest_steps/tests/test_pytest_capabilities.py" line="74" name="test_manual_pytest_equivalent[G-1a-step_b-2B]" time="0.003011465072631836"><system-out>step b - 1a2BG
some intermediate result created in step a for test 1a2BG ... augmented
</system-out></testcase><testcase classname="pytest_steps.tests.test_pytest_capabilities" file="pytest_steps/tests/test_pytest_capabilities.py" line="74" name="test_manual_pytest_equivalent[G-1b-step_a-2A]" time="0.002714395523071289"><system-out>step a - 1b2AG
</system-out></testcase><testcase classname="pytest_steps.tests.test_pytest_capabilities" file="pytest_steps/tests/test_pytest_capabilities.py" line="74" name="test_manual_pytest_equivalent[G-1b-step_a-2B]" time="0.00316619873046875"><system-out>step a - 1b2BG
</system-out></testcase><testcase classname="pytest_steps.tests.test_pytest_capabilities" file="pytest_steps/tests/test_pytest_capabilities.py" line="74" name="test_manual_pytest_equivalent[G-1b-step_b-2A]" time="0.0027663707733154297"><system-out>step b - 1b2AG
some intermediate result created in step a for test 1b2AG ... augmented
</system-out></testcase><testcase classname="pytest_steps.tests.test_pytest_capabilities" file="pytest_steps/tests/test_pytest_capabilities.py" line="74" name="test_manual_pytest_equivalent[G-1b-step_b-2B]" time="0.0025920867919921875"><system-out>step b - 1b2BG
some intermediate result created in step a for test 1b2BG ... augmented
</system-out></testcase><testcase classname="pytest_steps.tests.test_stackoverflow" file="pytest_steps/tests/test_stackoverflow.py" line="29" name="test_suite_with_shared_results[step_first]" time="0.002198457717895508"></testcase><testcase classname="pytest_steps.tests.test_stackoverflow" file="pytest_steps/tests/test_stackoverflow.py" line="29" name="test_suite_with_shared_results[step_conversion]" time="0.002529621124267578"></testcase><testcase classname="pytest_steps.tests.test_stackoverflow" file="pytest_steps/tests/test_stackoverflow.py" line="29" name="test_suite_with_shared_results[step_a_works_with_b]" time="0.0022416114807128906"></testcase><testcase classname="pytest_steps.tests.test_stackoverflow2" file="&lt;decorator-gen-1&gt;" line="0" name="test_suite[step_instance_start]" time="0.002301931381225586"></testcase><testcase classname="pytest_steps.tests.test_stackoverflow2" file="&lt;decorator-gen-1&gt;" line="0" name="test_suite[step_instance_stop]" time="0.0023479461669921875"></testcase><testcase classname="pytest_steps.tests.test_stackoverflow2" file="&lt;decorator-gen-1&gt;" line="0" name="test_suite[step_instance_delete]" time="0.0019063949584960938"></testcase><testcase classname="pytest_steps.tests.test_steps_dependencies" file="&lt;decorator-gen-2&gt;" line="0" name="test_suite_no_results[step_a]" time="0.0017199516296386719"><system-out>step a
</system-out></testcase><testcase classname="pytest_steps.tests.test_steps_dependencies" file="&lt;decorator-gen-2&gt;" line="0" name="test_suite_no_results[step_b]" time="0.0021986961364746094"><system-out>step b
</system-out></testcase><testcase classname="pytest_steps.tests.test_steps_dependencies" file="&lt;decorator-gen-2&gt;" line="0" name="test_suite_no_results[step_c]" time="0.001706838607788086"><system-out>step c
</system-out></testcase><testcase classname="pytest_steps.tests.test_steps_no_results" file="pytest_steps/tests/test_steps_no_results.py" line="21" name="test_suite_no_results[step_a]" time="0.0019114017486572266"><system-out>step a
</system-out></testcase><testcase classname="pytest_steps.tests.test_steps_no_results" file="pytest_steps/tests/test_steps_no_results.py" line="21" name="test_suite_no_results[step_b]" time="0.0009534358978271484"><system-out>step b
</system-out></testcase><testcase classname="pytest_steps.tests.test_steps_with_results_basic" file="pytest_steps/tests/test_steps_with_results_basic.py" line="32" name="test_suite_with_steps_data[step_a]" time="0.001306772232055664"><system-out>step a
</system-out></testcase><testcase classname="pytest_steps.tests.test_steps_with_results_basic" file="pytest_steps/tests/test_steps_with_results_basic.py" line="32" name="test_suite_with_steps_data[step_b]" time="0.0019788742065429688"><system-out>step b
some intermediate result created in step a ... augmented
</system-out></testcase><testcase classname="pytest_steps.tests.test_steps_with_results_complex" file="pytest_steps/tests/test_steps_with_results_complex.py" line="44" name="test_suite_with_results[F-1a-step_a-2A]" time="0.002801656723022461"><system-out>step a - 1a2AF
</system-out></testcase><testcase classname="pytest_steps.tests.test_steps_with_results_complex" file="pytest_steps/tests/test_steps_with_results_complex.py" line="44" name="test_suite_with_results[F-1a-step_a-2B]" time="0.0026514530181884766"><system-out>step a - 1a2BF
</system-out></testcase><testcase classname="pytest_steps.tests.test_steps_with_results_complex" file="pytest_steps/tests/test_steps_with_results_complex.py" line="44" name="test_suite_with_results[F-1a-step_b-2A]" time="0.002745389938354492"><system-out>step b - 1a2AF
some intermediate result created in step a for test 1a2AF ... augmented
</system-out></testcase><testcase classname="pytest_steps.tests.test_steps_with_results_complex" file="pytest_steps/tests/test_steps_with_results_complex.py" line="44" name="test_suite_with_results[F-1a-step_b-2B]" time="0.0025696754455566406"><system-out>step b - 1a2BF
some intermediate result created in step a for test 1a2BF ... augmented
</system-out></testcase><testcase classname="pytest_steps.tests.test_steps_with_results_complex" file="pytest_steps/tests/test_steps_with_results_complex.py" line="44" name="test_suite_with_results[F-1b-step_a-2A]" time="0.00244140625"><system-out>step a - 1b2AF
</system-out></testcase><testcase classname="pytest_steps.tests.test_steps_with_results_complex" file="pytest_steps/tests/test_steps_with_results_complex.py" line="44" name="test_suite_with_results[F-1b-step_a-2B]" time="0.002289295196533203"><system-out>step a - 1b2BF
</system-out></testcase><testcase classname="pytest_steps.tests.test_steps_with_results_complex" file="pytest_steps/tests/test_steps_with_results_complex.py" line="44" name="test_suite_with_results[F-1b-step_b-2A]" time="0.0018010139465332031"><system-out>step b - 1b2AF
some intermediate result created in step a for test 1b2AF ... augmented
</system-out></testcase><testcase classname="pytest_steps.tests.test_steps_with_results_complex" file="pytest_steps/tests/test_steps_with_results_complex.py" line="44" name="test_suite_with_results[F-1b-step_b-2B]" time="0.0026235580444335938"><system-out>step b - 1b2BF
some intermediate result created in step a for test 1b2BF ... augmented
</system-out></testcase><testcase classname="pytest_steps.tests.test_steps_with_results_complex" file="pytest_steps/tests/test_steps_with_results_complex.py" line="44" name="test_suite_with_results[G-1a-step_a-2A]" time="0.0027115345001220703"><system-out>step a - 1a2AG
</system-out></testcase><testcase classname="pytest_steps.tests.test_steps_with_results_complex" file="pytest_steps/tests/test_steps_with_results_complex.py" line="44" name="test_suite_with_results[G-1a-step_a-2B]" time="0.0026175975799560547"><system-out>step a - 1a2BG
</system-out></testcase><testcase classname="pytest_steps.tests.test_steps_with_results_complex" file="pytest_steps/tests/test_steps_with_results_complex.py" line="44" name="test_suite_with_results[G-1a-step_b-2A]" time="0.002964019775390625"><system-out>step b - 1a2AG
some intermediate result created in step a for test 1a2AG ... augmented
</system-out></testcase><testcase classname="pytest_steps.tests.test_steps_with_results_complex" file="pytest_steps/tests/test_steps_with_results_complex.py" line="44" name="test_suite_with_results[G-1a-step_b-2B]" time="0.0026662349700927734"><system-out>step b - 1a2BG
some intermediate result created in step a for test 1a2BG ... augmented
</system-out></testcase><testcase classname="pytest_steps.tests.test_steps_with_results_complex" file="pytest_steps/tests/test_steps_with_results_complex.py" line="44" name="test_suite_with_results[G-1b-step_a-2A]" time="0.003100156784057617"><system-out>step a - 1b2AG
</system-out></testcase><testcase classname="pytest_steps.tests.test_steps_with_results_complex" file="pytest_steps/tests/test_steps_with_results_complex.py" line="44" name="test_suite_with_results[G-1b-step_a-2B]" time="0.0027887821197509766"><system-out>step a - 1b2BG
</system-out></testcase><testcase classname="pytest_steps.tests.test_steps_with_results_complex" file="pytest_steps/tests/test_steps_with_results_complex.py" line="44" name="test_suite_with_results[G-1b-step_b-2A]" time="0.003827333450317383"><system-out>step b - 1b2AG
some intermediate result created in step a for test 1b2AG ... augmented
</system-out></testcase><testcase classname="pytest_steps.tests.test_steps_with_results_complex" file="pytest_steps/tests/test_steps_with_results_complex.py" line="44" name="test_suite_with_results[G-1b-step_b-2B]" time="0.003222227096557617"><system-out>step b - 1b2BG
some intermediate result created in step a for test 1b2BG ... augmented
</system-out></testcase></testsuite>