<?xml version="1.0" encoding="utf-8"?><testsuite errors="0" failures="0" name="pytest" skips="0" tests="41" time="1.807"><testcase classname="pytest_steps.tests.test_all" file="pytest_steps/tests/test_all.py" line="21" name="test_run_all_tests[test_steps_with_results_complex.py]" time="0.1120905876159668"><system-out>
Testing that running pytest on file test_steps_with_results_complex.py results in {&apos;skipped&apos;: 0, &apos;failed&apos;: 0, &apos;passed&apos;: 16}
============================= test session starts ==============================
platform linux -- Python 3.5.6, pytest-3.10.1, py-1.7.0, pluggy-0.8.0
rootdir: /tmp/pytest-of-travis/pytest-0/test_run_all_tests0, inifile:
plugins: metadata-1.7.0, html-1.19.0, harvest-1.0.1, faulthandler-1.5.0, cov-2.6.0
collected 16 items

test_run_all_tests.py ................                                   [100%]

========================== 16 passed in 0.06 seconds ===========================
</system-out></testcase><testcase classname="pytest_steps.tests.test_all" file="pytest_steps/tests/test_all.py" line="21" name="test_run_all_tests[test_steps_generator_does_not_change_order.py]" time="0.07089829444885254"><system-out>
Testing that running pytest on file test_steps_generator_does_not_change_order.py results in {&apos;skipped&apos;: 0, &apos;failed&apos;: 0, &apos;passed&apos;: 3}
============================= test session starts ==============================
platform linux -- Python 3.5.6, pytest-3.10.1, py-1.7.0, pluggy-0.8.0
rootdir: /tmp/pytest-of-travis/pytest-0/test_run_all_tests1, inifile:
plugins: metadata-1.7.0, html-1.19.0, harvest-1.0.1, faulthandler-1.5.0, cov-2.6.0
collected 3 items

test_run_all_tests.py ...                                                [100%]

=============================== warnings summary ===============================
test_run_all_tests.py::test_synthesis
  /home/travis/miniconda/envs/test-environment/lib/python3.5/site-packages/pytest_harvest/results_session.py:341: UserWarning: [pytest-harvest] Test items status is not available. You should maybe install pytest-harvest with pip. If it is already the case, you case try to force-use it by adding `pytest_plugins = [&apos;harvest&apos;]` to your conftest.py. But for normal use this should not be required, installing with pip should be enough.
    warn(&quot;[pytest-harvest] Test items status is not available. You should maybe install pytest-harvest with &quot;

-- Docs: https://docs.pytest.org/en/latest/warnings.html
===================== 3 passed, 1 warnings in 0.02 seconds =====================
</system-out></testcase><testcase classname="pytest_steps.tests.test_all" file="pytest_steps/tests/test_all.py" line="21" name="test_run_all_tests[test_wrapped_in_class.py]" time="0.0650181770324707"><system-out>
Testing that running pytest on file test_wrapped_in_class.py results in {&apos;skipped&apos;: 0, &apos;failed&apos;: 0, &apos;passed&apos;: 1}
============================= test session starts ==============================
platform linux -- Python 3.5.6, pytest-3.10.1, py-1.7.0, pluggy-0.8.0
rootdir: /tmp/pytest-of-travis/pytest-0/test_run_all_tests2, inifile:
plugins: metadata-1.7.0, html-1.19.0, harvest-1.0.1, faulthandler-1.5.0, cov-2.6.0
collected 1 item

test_run_all_tests.py .                                                  [100%]

=========================== 1 passed in 0.02 seconds ===========================
</system-out></testcase><testcase classname="pytest_steps.tests.test_all" file="pytest_steps/tests/test_all.py" line="21" name="test_run_all_tests[test_stackoverflow.py]" time="0.1070864200592041"><system-out>
Testing that running pytest on file test_stackoverflow.py results in {&apos;skipped&apos;: 0, &apos;failed&apos;: 0, &apos;passed&apos;: 3}
============================= test session starts ==============================
platform linux -- Python 3.5.6, pytest-3.10.1, py-1.7.0, pluggy-0.8.0
rootdir: /tmp/pytest-of-travis/pytest-0/test_run_all_tests3, inifile:
plugins: metadata-1.7.0, html-1.19.0, harvest-1.0.1, faulthandler-1.5.0, cov-2.6.0
collected 3 items

test_run_all_tests.py ...                                                [100%]

=========================== 3 passed in 0.06 seconds ===========================
</system-out></testcase><testcase classname="pytest_steps.tests.test_all" file="pytest_steps/tests/test_all.py" line="21" name="test_run_all_tests[test_steps_new_with_generator.py]" time="0.21757197380065918"><system-out>
Testing that running pytest on file test_steps_new_with_generator.py results in {&apos;skipped&apos;: 2, &apos;failed&apos;: 2, &apos;passed&apos;: 12}
============================= test session starts ==============================
platform linux -- Python 3.5.6, pytest-3.10.1, py-1.7.0, pluggy-0.8.0
rootdir: /tmp/pytest-of-travis/pytest-0/test_run_all_tests4, inifile:
plugins: metadata-1.7.0, html-1.19.0, harvest-1.0.1, faulthandler-1.5.0, cov-2.6.0
collected 16 items

test_run_all_tests.py ....Fs.Fs.......                                   [100%]

=================================== FAILURES ===================================
________________ test_suite_exception_on_mandatory_step[step_b] ________________

________step_name_ = &apos;step_b&apos;
request = &lt;FixtureRequest for &lt;Function &apos;test_suite_exception_on_mandatory_step[step_b]&apos;&gt;&gt;

&gt;   ???

&lt;decorator-gen-11&gt;:2: 
_ _ _ _ _ _ _ _ _ _ _ _ _ _ _ _ _ _ _ _ _ _ _ _ _ _ _ _ _ _ _ _ _ _ _ _ _ _ _ _ 
/home/travis/build/smarie/python-pytest-steps/pytest_steps/decorator_hack.py:167: in caller
    **kwargs)
/home/travis/build/smarie/python-pytest-steps/pytest_steps/steps_generator.py:431: in step_function_wrapper
    steps_monitor.execute(step_name, *args, **kwargs)
/home/travis/build/smarie/python-pytest-steps/pytest_steps/steps_generator.py:270: in execute
    res = next(self.gen)
_ _ _ _ _ _ _ _ _ _ _ _ _ _ _ _ _ _ _ _ _ _ _ _ _ _ _ _ _ _ _ _ _ _ _ _ _ _ _ _ 

    @test_steps(&apos;step_a&apos;, &apos;step_b&apos;, &apos;step_c&apos;)
    def test_suite_exception_on_mandatory_step():
        &quot;&quot;&quot; &quot;&quot;&quot;
    
        # Step A
        print(&quot;step a&quot;)
        assert not False  # replace with your logic
        yield &apos;step_a&apos;
    
        # Step B
        print(&quot;step b&quot;)
&gt;       assert False  # replace with your logic
E       assert False

test_run_all_tests.py:43: AssertionError
----------------------------- Captured stdout call -----------------------------
step b
_______________ test_suite_optional_and_dependent_steps[step_b] ________________

________step_name_ = &apos;step_b&apos;
request = &lt;FixtureRequest for &lt;Function &apos;test_suite_optional_and_dependent_steps[step_b]&apos;&gt;&gt;

&gt;   ???

&lt;decorator-gen-12&gt;:2: 
_ _ _ _ _ _ _ _ _ _ _ _ _ _ _ _ _ _ _ _ _ _ _ _ _ _ _ _ _ _ _ _ _ _ _ _ _ _ _ _ 
/home/travis/build/smarie/python-pytest-steps/pytest_steps/decorator_hack.py:167: in caller
    **kwargs)
/home/travis/build/smarie/python-pytest-steps/pytest_steps/steps_generator.py:431: in step_function_wrapper
    steps_monitor.execute(step_name, *args, **kwargs)
/home/travis/build/smarie/python-pytest-steps/pytest_steps/steps_generator.py:292: in execute
    raise six.reraise(res.exec_result.exc_type, res.exec_result.exc_val, res.exec_result.tb)
/home/travis/miniconda/envs/test-environment/lib/python3.5/site-packages/six.py:693: in reraise
    raise value
_ _ _ _ _ _ _ _ _ _ _ _ _ _ _ _ _ _ _ _ _ _ _ _ _ _ _ _ _ _ _ _ _ _ _ _ _ _ _ _ 

    @test_steps(&apos;step_a&apos;, &apos;step_b&apos;, &apos;step_c&apos;, &apos;step_d&apos;)
    def test_suite_optional_and_dependent_steps():
        &quot;&quot;&quot; &quot;&quot;&quot;
    
        # Step A
        print(&quot;step a&quot;)
        assert not False
        yield &apos;step_a&apos;
    
        # Step B
        with optional_step(&apos;step_b&apos;) as step_b:
            print(&quot;step b&quot;)
&gt;           assert False
E           assert False

test_run_all_tests.py:64: AssertionError
----------------------------- Captured stdout call -----------------------------
step b
================ 2 failed, 12 passed, 2 skipped in 0.17 seconds ================
</system-out></testcase><testcase classname="pytest_steps.tests.test_all" file="pytest_steps/tests/test_all.py" line="21" name="test_run_all_tests[test_pytest_capabilities.py]" time="0.10619497299194336"><system-out>
Testing that running pytest on file test_pytest_capabilities.py results in {&apos;skipped&apos;: 0, &apos;failed&apos;: 0, &apos;passed&apos;: 16}
============================= test session starts ==============================
platform linux -- Python 3.5.6, pytest-3.10.1, py-1.7.0, pluggy-0.8.0
rootdir: /tmp/pytest-of-travis/pytest-0/test_run_all_tests5, inifile:
plugins: metadata-1.7.0, html-1.19.0, harvest-1.0.1, faulthandler-1.5.0, cov-2.6.0
collected 16 items

test_run_all_tests.py ................                                   [100%]

========================== 16 passed in 0.06 seconds ===========================
</system-out></testcase><testcase classname="pytest_steps.tests.test_all" file="pytest_steps/tests/test_all.py" line="21" name="test_run_all_tests[test_steps_with_results_basic.py]" time="0.08218216896057129"><system-out>
Testing that running pytest on file test_steps_with_results_basic.py results in {&apos;skipped&apos;: 0, &apos;failed&apos;: 0, &apos;passed&apos;: 4}
============================= test session starts ==============================
platform linux -- Python 3.5.6, pytest-3.10.1, py-1.7.0, pluggy-0.8.0
rootdir: /tmp/pytest-of-travis/pytest-0/test_run_all_tests6, inifile:
plugins: metadata-1.7.0, html-1.19.0, harvest-1.0.1, faulthandler-1.5.0, cov-2.6.0
collected 4 items

test_run_all_tests.py ....                                               [100%]

=========================== 4 passed in 0.03 seconds ===========================
</system-out></testcase><testcase classname="pytest_steps.tests.test_all" file="pytest_steps/tests/test_all.py" line="21" name="test_run_all_tests[test_steps_no_results.py]" time="0.07139062881469727"><system-out>
Testing that running pytest on file test_steps_no_results.py results in {&apos;skipped&apos;: 0, &apos;failed&apos;: 0, &apos;passed&apos;: 4}
============================= test session starts ==============================
platform linux -- Python 3.5.6, pytest-3.10.1, py-1.7.0, pluggy-0.8.0
rootdir: /tmp/pytest-of-travis/pytest-0/test_run_all_tests7, inifile:
plugins: metadata-1.7.0, html-1.19.0, harvest-1.0.1, faulthandler-1.5.0, cov-2.6.0
collected 4 items

test_run_all_tests.py ....                                               [100%]

=========================== 4 passed in 0.02 seconds ===========================
</system-out></testcase><testcase classname="pytest_steps.tests.test_all" file="pytest_steps/tests/test_all.py" line="21" name="test_run_all_tests[test_steps_dependencies.py]" time="0.09035515785217285"><system-out>
Testing that running pytest on file test_steps_dependencies.py results in {&apos;skipped&apos;: 1, &apos;failed&apos;: 2, &apos;passed&apos;: 3}
============================= test session starts ==============================
platform linux -- Python 3.5.6, pytest-3.10.1, py-1.7.0, pluggy-0.8.0
rootdir: /tmp/pytest-of-travis/pytest-0/test_run_all_tests8, inifile:
plugins: metadata-1.7.0, html-1.19.0, harvest-1.0.1, faulthandler-1.5.0, cov-2.6.0
collected 6 items

test_run_all_tests.py .Fs.F.                                             [100%]

=================================== FAILURES ===================================
________________________ test_suite_no_results[step_b] _________________________

test_step = &lt;function step_b at 0x7fce2ca739d8&gt;
request = &lt;FixtureRequest for &lt;Function &apos;test_suite_no_results[step_b]&apos;&gt;&gt;

    @test_steps(step_a, step_b, step_c)
    def test_suite_no_results(test_step, request):
        &quot;&quot;&quot; In this test suite, the last step will be skipped because the second step failed (and there is a dependency) &quot;&quot;&quot;
    
        # Execute the step
&gt;       test_step()

test_run_all_tests.py:37: 
_ _ _ _ _ _ _ _ _ _ _ _ _ _ _ _ _ _ _ _ _ _ _ _ _ _ _ _ _ _ _ _ _ _ _ _ _ _ _ _ 

    def step_b():
        &quot;&quot;&quot; Step a of the test &quot;&quot;&quot;
    
        # perform this step
        print(&quot;step b&quot;)
&gt;       assert False
E       assert False

test_run_all_tests.py:20: AssertionError
----------------------------- Captured stdout call -----------------------------
step b
_____________________________ test_suite_1[step_b] _____________________________

test_step = &apos;step_b&apos;

    @test_steps(&apos;step_a&apos;, &apos;step_b&apos;, &apos;step_c&apos;)
    def test_suite_1(test_step):
        &quot;&quot;&quot; In this test suite the last step can &quot;see&quot; the dependency so it is still executed ...&quot;&quot;&quot;
        # Execute the step according to name
        if test_step == &apos;step_a&apos;:
            step_a()
        elif test_step == &apos;step_b&apos;:
&gt;           step_b()

test_run_all_tests.py:47: 
_ _ _ _ _ _ _ _ _ _ _ _ _ _ _ _ _ _ _ _ _ _ _ _ _ _ _ _ _ _ _ _ _ _ _ _ _ _ _ _ 

    def step_b():
        &quot;&quot;&quot; Step a of the test &quot;&quot;&quot;
    
        # perform this step
        print(&quot;step b&quot;)
&gt;       assert False
E       assert False

test_run_all_tests.py:20: AssertionError
----------------------------- Captured stdout call -----------------------------
step b
================ 2 failed, 3 passed, 1 skipped in 0.04 seconds =================
</system-out></testcase><testcase classname="pytest_steps.tests.test_all" file="pytest_steps/tests/test_all.py" line="21" name="test_run_all_tests[test_stackoverflow2.py]" time="0.0699605941772461"><system-out>
Testing that running pytest on file test_stackoverflow2.py results in {&apos;skipped&apos;: 0, &apos;failed&apos;: 0, &apos;passed&apos;: 3}
============================= test session starts ==============================
platform linux -- Python 3.5.6, pytest-3.10.1, py-1.7.0, pluggy-0.8.0
rootdir: /tmp/pytest-of-travis/pytest-0/test_run_all_tests9, inifile:
plugins: metadata-1.7.0, html-1.19.0, harvest-1.0.1, faulthandler-1.5.0, cov-2.6.0
collected 3 items

test_run_all_tests.py ...                                                [100%]

=========================== 3 passed in 0.02 seconds ===========================
</system-out></testcase><testcase classname="pytest_steps.tests.test_decorator" file="pytest_steps/tests/test_decorator.py" line="32" name="test_normal_normal" time="0.002355337142944336"><system-out>0
1
2
3
4
5
6
7
8
9
</system-out></testcase><testcase classname="pytest_steps.tests.test_decorator" file="pytest_steps/tests/test_decorator.py" line="42" name="test_normal_gen" time="0.0025365352630615234"><system-out>0
1
2
3
4
5
6
7
8
9
</system-out></testcase><testcase classname="pytest_steps.tests.test_decorator" file="pytest_steps/tests/test_decorator.py" line="55" name="test_gen_gen" time="0.0012793540954589844"><system-out>0
</system-out></testcase><testcase classname="pytest_steps.tests.test_decorator" file="pytest_steps/tests/test_decorator.py" line="66" name="test_gen_normal" time="0.001962900161743164"><system-out>0
1
2
3
4
5
6
7
8
9
</system-out></testcase><testcase classname="pytest_steps.tests.test_docs_example_with_harvest" file="pytest_steps/tests/test_docs_example_with_harvest.py" line="50" name="test_my_app_bench[A-1-train]" time="0.0039784908294677734"></testcase><testcase classname="pytest_steps.tests.test_docs_example_with_harvest" file="pytest_steps/tests/test_docs_example_with_harvest.py" line="50" name="test_my_app_bench[A-1-score]" time="0.0037384033203125"></testcase><testcase classname="pytest_steps.tests.test_docs_example_with_harvest" file="pytest_steps/tests/test_docs_example_with_harvest.py" line="50" name="test_my_app_bench[A-2-train]" time="0.0021257400512695312"></testcase><testcase classname="pytest_steps.tests.test_docs_example_with_harvest" file="pytest_steps/tests/test_docs_example_with_harvest.py" line="50" name="test_my_app_bench[A-2-score]" time="0.0075871944427490234"></testcase><testcase classname="pytest_steps.tests.test_docs_example_with_harvest" file="pytest_steps/tests/test_docs_example_with_harvest.py" line="50" name="test_my_app_bench[B-1-train]" time="0.0021958351135253906"></testcase><testcase classname="pytest_steps.tests.test_docs_example_with_harvest" file="pytest_steps/tests/test_docs_example_with_harvest.py" line="50" name="test_my_app_bench[B-1-score]" time="0.0020782947540283203"></testcase><testcase classname="pytest_steps.tests.test_docs_example_with_harvest" file="pytest_steps/tests/test_docs_example_with_harvest.py" line="50" name="test_my_app_bench[B-2-train]" time="0.0025086402893066406"></testcase><testcase classname="pytest_steps.tests.test_docs_example_with_harvest" file="pytest_steps/tests/test_docs_example_with_harvest.py" line="50" name="test_my_app_bench[B-2-score]" time="0.0021429061889648438"></testcase><testcase classname="pytest_steps.tests.test_docs_example_with_harvest" file="pytest_steps/tests/test_docs_example_with_harvest.py" line="50" name="test_my_app_bench[C-1-train]" time="0.002138376235961914"></testcase><testcase classname="pytest_steps.tests.test_docs_example_with_harvest" file="pytest_steps/tests/test_docs_example_with_harvest.py" line="50" name="test_my_app_bench[C-1-score]" time="0.0035080909729003906"></testcase><testcase classname="pytest_steps.tests.test_docs_example_with_harvest" file="pytest_steps/tests/test_docs_example_with_harvest.py" line="50" name="test_my_app_bench[C-2-train]" time="0.0037038326263427734"></testcase><testcase classname="pytest_steps.tests.test_docs_example_with_harvest" file="pytest_steps/tests/test_docs_example_with_harvest.py" line="50" name="test_my_app_bench[C-2-score]" time="0.002780914306640625"></testcase><testcase classname="pytest_steps.tests.test_docs_example_with_harvest" file="pytest_steps/tests/test_docs_example_with_harvest.py" line="71" name="test_synthesis" time="0.03729510307312012"><system-out>
Keys:
(&apos;test_my_app_bench[A-1]&apos;, &apos;train&apos;)
(&apos;test_my_app_bench[A-1]&apos;, &apos;score&apos;)
(&apos;test_my_app_bench[A-2]&apos;, &apos;train&apos;)
(&apos;test_my_app_bench[A-2]&apos;, &apos;score&apos;)
(&apos;test_my_app_bench[B-1]&apos;, &apos;train&apos;)
(&apos;test_my_app_bench[B-1]&apos;, &apos;score&apos;)
(&apos;test_my_app_bench[B-2]&apos;, &apos;train&apos;)
(&apos;test_my_app_bench[B-2]&apos;, &apos;score&apos;)
(&apos;test_my_app_bench[C-1]&apos;, &apos;train&apos;)
(&apos;test_my_app_bench[C-1]&apos;, &apos;score&apos;)
(&apos;test_my_app_bench[C-2]&apos;, &apos;train&apos;)
(&apos;test_my_app_bench[C-2]&apos;, &apos;score&apos;)

First node:
&apos;pytest_obj&apos;: &lt;function test_my_app_bench at 0x7fce2cd34488&gt;
&apos;status&apos;: &apos;passed&apos;
&apos;duration_ms&apos;: 0.9071826934814453
&apos;algo_param&apos;: 1
&apos;dataset&apos;: &apos;my dataset #A&apos;
&apos;accuracy&apos;: 0.8377050698669043
                                     status      duration_ms    algo_param  dataset            accuracy
-----------------------------------  --------  -------------  ------------  -------------  ------------
(&apos;test_my_app_bench[A-1]&apos;, &apos;train&apos;)  passed         0.907183             1  my dataset #A    0.837705
(&apos;test_my_app_bench[A-1]&apos;, &apos;score&apos;)  passed         0.927687             1  my dataset #A  nan
(&apos;test_my_app_bench[A-2]&apos;, &apos;train&apos;)  passed         0.47636              2  my dataset #A    0.633271
(&apos;test_my_app_bench[A-2]&apos;, &apos;score&apos;)  passed         0.906467             2  my dataset #A  nan
(&apos;test_my_app_bench[B-1]&apos;, &apos;train&apos;)  passed         0.385046             1  my dataset #B    0.00305752
(&apos;test_my_app_bench[B-1]&apos;, &apos;score&apos;)  passed         0.355482             1  my dataset #B  nan
(&apos;test_my_app_bench[B-2]&apos;, &apos;train&apos;)  passed         0.495434             2  my dataset #B    0.95547
(&apos;test_my_app_bench[B-2]&apos;, &apos;score&apos;)  passed         0.342369             2  my dataset #B  nan
(&apos;test_my_app_bench[C-1]&apos;, &apos;train&apos;)  passed         0.32568              1  my dataset #C    0.894974
(&apos;test_my_app_bench[C-1]&apos;, &apos;score&apos;)  passed         0.854254             1  my dataset #C  nan
(&apos;test_my_app_bench[C-2]&apos;, &apos;train&apos;)  passed         0.929117             2  my dataset #C    0.897522
(&apos;test_my_app_bench[C-2]&apos;, &apos;score&apos;)  passed         0.951767             2  my dataset #C  nan
test_id                   algo_param  dataset        train/status      train/duration_ms    train/accuracy  score/status      score/duration_ms
----------------------  ------------  -------------  --------------  -------------------  ----------------  --------------  -------------------
test_my_app_bench[A-1]             1  my dataset #A  passed                     0.907183        0.837705    passed                     0.927687
test_my_app_bench[A-2]             2  my dataset #A  passed                     0.47636         0.633271    passed                     0.906467
test_my_app_bench[B-1]             1  my dataset #B  passed                     0.385046        0.00305752  passed                     0.355482
test_my_app_bench[B-2]             2  my dataset #B  passed                     0.495434        0.95547     passed                     0.342369
test_my_app_bench[C-1]             1  my dataset #C  passed                     0.32568         0.894974    passed                     0.854254
test_my_app_bench[C-2]             2  my dataset #C  passed                     0.929117        0.897522    passed                     0.951767
</system-out></testcase><testcase classname="pytest_steps.tests.test_steps_harvest" file="pytest_steps/tests/test_steps_harvest.py" line="64" name="test_my_app_bench[A-1-train]" time="0.002690553665161133"></testcase><testcase classname="pytest_steps.tests.test_steps_harvest" file="pytest_steps/tests/test_steps_harvest.py" line="64" name="test_my_app_bench[A-1-score]" time="0.0026912689208984375"></testcase><testcase classname="pytest_steps.tests.test_steps_harvest" file="pytest_steps/tests/test_steps_harvest.py" line="64" name="test_my_app_bench[A-2-train]" time="0.0027425289154052734"></testcase><testcase classname="pytest_steps.tests.test_steps_harvest" file="pytest_steps/tests/test_steps_harvest.py" line="64" name="test_my_app_bench[A-2-score]" time="0.002686023712158203"></testcase><testcase classname="pytest_steps.tests.test_steps_harvest" file="pytest_steps/tests/test_steps_harvest.py" line="64" name="test_my_app_bench[B-1-train]" time="0.0025010108947753906"></testcase><testcase classname="pytest_steps.tests.test_steps_harvest" file="pytest_steps/tests/test_steps_harvest.py" line="64" name="test_my_app_bench[B-1-score]" time="0.0034415721893310547"></testcase><testcase classname="pytest_steps.tests.test_steps_harvest" file="pytest_steps/tests/test_steps_harvest.py" line="64" name="test_my_app_bench[B-2-train]" time="0.002785921096801758"></testcase><testcase classname="pytest_steps.tests.test_steps_harvest" file="pytest_steps/tests/test_steps_harvest.py" line="64" name="test_my_app_bench[B-2-score]" time="0.002763032913208008"></testcase><testcase classname="pytest_steps.tests.test_steps_harvest" file="pytest_steps/tests/test_steps_harvest.py" line="64" name="test_my_app_bench[C-1-train]" time="0.0022759437561035156"></testcase><testcase classname="pytest_steps.tests.test_steps_harvest" file="pytest_steps/tests/test_steps_harvest.py" line="64" name="test_my_app_bench[C-1-score]" time="0.002343416213989258"></testcase><testcase classname="pytest_steps.tests.test_steps_harvest" file="pytest_steps/tests/test_steps_harvest.py" line="64" name="test_my_app_bench[C-2-train]" time="0.002950906753540039"></testcase><testcase classname="pytest_steps.tests.test_steps_harvest" file="pytest_steps/tests/test_steps_harvest.py" line="64" name="test_my_app_bench[C-2-score]" time="0.0028803348541259766"></testcase><testcase classname="pytest_steps.tests.test_steps_harvest" file="pytest_steps/tests/test_steps_harvest.py" line="85" name="test_basic" time="0.0013213157653808594"></testcase><testcase classname="pytest_steps.tests.test_steps_harvest" file="pytest_steps/tests/test_steps_harvest.py" line="90" name="test_synthesis" time="0.0708780288696289"><system-out>
Keys:
test_my_app_bench[A-1-train]
test_my_app_bench[A-1-score]
test_my_app_bench[A-2-train]
test_my_app_bench[A-2-score]
test_my_app_bench[B-1-train]
test_my_app_bench[B-1-score]
test_my_app_bench[B-2-train]
test_my_app_bench[B-2-score]
test_my_app_bench[C-1-train]
test_my_app_bench[C-1-score]
test_my_app_bench[C-2-train]
test_my_app_bench[C-2-score]
test_basic

First node:
&apos;pytest_obj&apos;: &lt;function test_my_app_bench at 0x7fce2cd5aae8&gt;
&apos;status&apos;: &apos;passed&apos;
&apos;duration_ms&apos;: 0.6189346313476562
&apos;________step_name_&apos;: &apos;train&apos;
&apos;algo_param&apos;: 1
&apos;dataset&apos;: &apos;my dataset #A&apos;
&apos;accuracy&apos;: 0.9536517001924553

Pivoted table:
test_id                   algo_param  dataset        train/status      train/duration_ms    train/accuracy  score/status      score/duration_ms  -/status      -/duration_ms
----------------------  ------------  -------------  --------------  -------------------  ----------------  --------------  -------------------  ----------  ---------------
test_my_app_bench[A-1]             1  my dataset #A  passed                     0.618935          0.953652  passed                     0.605106  nan              nan
test_my_app_bench[A-2]             2  my dataset #A  passed                     0.595331          0.817988  passed                     0.684261  nan              nan
test_my_app_bench[B-1]             1  my dataset #B  passed                     0.658512          0.150102  passed                     1.14751   nan              nan
test_my_app_bench[B-2]             2  my dataset #B  passed                     0.680923          0.702653  passed                     0.629187  nan              nan
test_my_app_bench[C-1]             1  my dataset #C  passed                     0.462532          0.621767  passed                     0.603914  nan              nan
test_my_app_bench[C-2]             2  my dataset #C  passed                     0.706911          0.450625  passed                     0.631809  nan              nan
test_basic                       nan  nan            nan                      nan               nan         nan                      nan         passed             0.431299

Pivoted table (2):
test_id                   algo_param  dataset        train/status      train/duration_ms    train/accuracy  score/status      score/duration_ms  -/status      -/duration_ms
----------------------  ------------  -------------  --------------  -------------------  ----------------  --------------  -------------------  ----------  ---------------
test_my_app_bench[A-1]             1  my dataset #A  passed                     0.618935          0.953652  passed                     0.605106  nan              nan
test_my_app_bench[A-2]             2  my dataset #A  passed                     0.595331          0.817988  passed                     0.684261  nan              nan
test_my_app_bench[B-1]             1  my dataset #B  passed                     0.658512          0.150102  passed                     1.14751   nan              nan
test_my_app_bench[B-2]             2  my dataset #B  passed                     0.680923          0.702653  passed                     0.629187  nan              nan
test_my_app_bench[C-1]             1  my dataset #C  passed                     0.462532          0.621767  passed                     0.603914  nan              nan
test_my_app_bench[C-2]             2  my dataset #C  passed                     0.706911          0.450625  passed                     0.631809  nan              nan
test_basic                       nan  nan            nan                      nan               nan         nan                      nan         passed             0.431299
</system-out></testcase></testsuite>