<?xml version="1.0" encoding="utf-8"?><testsuite errors="0" failures="0" name="pytest" skips="0" tests="68" time="0.536"><testcase classname="pytest_steps.tests.test_pytest_capabilities" file="pytest_steps/tests/test_pytest_capabilities.py" line="83" name="test_manual_pytest_equivalent[F-1a-step_a-2A]" time="0.0032939910888671875"><system-out>step a - 1a2AF
</system-out></testcase><testcase classname="pytest_steps.tests.test_pytest_capabilities" file="pytest_steps/tests/test_pytest_capabilities.py" line="83" name="test_manual_pytest_equivalent[F-1a-step_a-2B]" time="0.0024018287658691406"><system-out>step a - 1a2BF
</system-out></testcase><testcase classname="pytest_steps.tests.test_pytest_capabilities" file="pytest_steps/tests/test_pytest_capabilities.py" line="83" name="test_manual_pytest_equivalent[F-1a-step_b-2A]" time="0.002370595932006836"><system-out>step b - 1a2AF
some intermediate result created in step a for test 1a2AF ... augmented
</system-out></testcase><testcase classname="pytest_steps.tests.test_pytest_capabilities" file="pytest_steps/tests/test_pytest_capabilities.py" line="83" name="test_manual_pytest_equivalent[F-1a-step_b-2B]" time="0.0026633739471435547"><system-out>step b - 1a2BF
some intermediate result created in step a for test 1a2BF ... augmented
</system-out></testcase><testcase classname="pytest_steps.tests.test_pytest_capabilities" file="pytest_steps/tests/test_pytest_capabilities.py" line="83" name="test_manual_pytest_equivalent[F-1b-step_a-2A]" time="0.0023026466369628906"><system-out>step a - 1b2AF
</system-out></testcase><testcase classname="pytest_steps.tests.test_pytest_capabilities" file="pytest_steps/tests/test_pytest_capabilities.py" line="83" name="test_manual_pytest_equivalent[F-1b-step_a-2B]" time="0.002318859100341797"><system-out>step a - 1b2BF
</system-out></testcase><testcase classname="pytest_steps.tests.test_pytest_capabilities" file="pytest_steps/tests/test_pytest_capabilities.py" line="83" name="test_manual_pytest_equivalent[F-1b-step_b-2A]" time="0.0020227432250976562"><system-out>step b - 1b2AF
some intermediate result created in step a for test 1b2AF ... augmented
</system-out></testcase><testcase classname="pytest_steps.tests.test_pytest_capabilities" file="pytest_steps/tests/test_pytest_capabilities.py" line="83" name="test_manual_pytest_equivalent[F-1b-step_b-2B]" time="0.0022776126861572266"><system-out>step b - 1b2BF
some intermediate result created in step a for test 1b2BF ... augmented
</system-out></testcase><testcase classname="pytest_steps.tests.test_pytest_capabilities" file="pytest_steps/tests/test_pytest_capabilities.py" line="83" name="test_manual_pytest_equivalent[G-1a-step_a-2A]" time="0.002373218536376953"><system-out>step a - 1a2AG
</system-out></testcase><testcase classname="pytest_steps.tests.test_pytest_capabilities" file="pytest_steps/tests/test_pytest_capabilities.py" line="83" name="test_manual_pytest_equivalent[G-1a-step_a-2B]" time="0.0024001598358154297"><system-out>step a - 1a2BG
</system-out></testcase><testcase classname="pytest_steps.tests.test_pytest_capabilities" file="pytest_steps/tests/test_pytest_capabilities.py" line="83" name="test_manual_pytest_equivalent[G-1a-step_b-2A]" time="0.002656221389770508"><system-out>step b - 1a2AG
some intermediate result created in step a for test 1a2AG ... augmented
</system-out></testcase><testcase classname="pytest_steps.tests.test_pytest_capabilities" file="pytest_steps/tests/test_pytest_capabilities.py" line="83" name="test_manual_pytest_equivalent[G-1a-step_b-2B]" time="0.0020656585693359375"><system-out>step b - 1a2BG
some intermediate result created in step a for test 1a2BG ... augmented
</system-out></testcase><testcase classname="pytest_steps.tests.test_pytest_capabilities" file="pytest_steps/tests/test_pytest_capabilities.py" line="83" name="test_manual_pytest_equivalent[G-1b-step_a-2A]" time="0.0022094249725341797"><system-out>step a - 1b2AG
</system-out></testcase><testcase classname="pytest_steps.tests.test_pytest_capabilities" file="pytest_steps/tests/test_pytest_capabilities.py" line="83" name="test_manual_pytest_equivalent[G-1b-step_a-2B]" time="0.0023648738861083984"><system-out>step a - 1b2BG
</system-out></testcase><testcase classname="pytest_steps.tests.test_pytest_capabilities" file="pytest_steps/tests/test_pytest_capabilities.py" line="83" name="test_manual_pytest_equivalent[G-1b-step_b-2A]" time="0.0023856163024902344"><system-out>step b - 1b2AG
some intermediate result created in step a for test 1b2AG ... augmented
</system-out></testcase><testcase classname="pytest_steps.tests.test_pytest_capabilities" file="pytest_steps/tests/test_pytest_capabilities.py" line="83" name="test_manual_pytest_equivalent[G-1b-step_b-2B]" time="0.008274316787719727"><system-out>step b - 1b2BG
some intermediate result created in step a for test 1b2BG ... augmented
</system-out></testcase><testcase classname="pytest_steps.tests.test_stackoverflow" file="pytest_steps/tests/test_stackoverflow.py" line="29" name="test_suite_with_shared_results[step_first]" time="0.0018045902252197266"></testcase><testcase classname="pytest_steps.tests.test_stackoverflow" file="pytest_steps/tests/test_stackoverflow.py" line="29" name="test_suite_with_shared_results[step_conversion]" time="0.0017080307006835938"></testcase><testcase classname="pytest_steps.tests.test_stackoverflow" file="pytest_steps/tests/test_stackoverflow.py" line="29" name="test_suite_with_shared_results[step_a_works_with_b]" time="0.001710653305053711"></testcase><testcase classname="pytest_steps.tests.test_stackoverflow2" file="&lt;decorator-gen-3&gt;" line="0" name="test_suite[step_instance_start]" time="0.0017349720001220703"></testcase><testcase classname="pytest_steps.tests.test_stackoverflow2" file="&lt;decorator-gen-3&gt;" line="0" name="test_suite[step_instance_stop]" time="0.001544952392578125"></testcase><testcase classname="pytest_steps.tests.test_stackoverflow2" file="&lt;decorator-gen-3&gt;" line="0" name="test_suite[step_instance_delete]" time="0.0014944076538085938"></testcase><testcase classname="pytest_steps.tests.test_steps_dependencies" file="pytest_steps/tests/test_steps_dependencies.py" line="4" name="test_suite_1[step_a]" time="0.0015370845794677734"><system-out>step a
</system-out></testcase><testcase classname="pytest_steps.tests.test_steps_dependencies" file="pytest_steps/tests/test_steps_dependencies.py" line="4" name="test_suite_1[step_b]" time="0.001550436019897461"><system-out>step b
</system-out></testcase><testcase classname="pytest_steps.tests.test_steps_dependencies" file="pytest_steps/tests/test_steps_dependencies.py" line="4" name="test_suite_1[step_c]" time="0.0015540122985839844"><system-out>step c
</system-out></testcase><testcase classname="pytest_steps.tests.test_steps_dependencies" file="&lt;decorator-gen-4&gt;" line="0" name="test_suite_no_results[step_a]" time="0.0017325878143310547"><system-out>step a
</system-out></testcase><testcase classname="pytest_steps.tests.test_steps_dependencies" file="&lt;decorator-gen-4&gt;" line="0" name="test_suite_no_results[step_b]" time="0.0016400814056396484"><system-out>step b
</system-out></testcase><testcase classname="pytest_steps.tests.test_steps_dependencies" file="&lt;decorator-gen-4&gt;" line="0" name="test_suite_no_results[step_c]" time="0.0015485286712646484"><system-out>step c
</system-out></testcase><testcase classname="pytest_steps.tests.test_steps_new_with_generator" file="&lt;decorator-gen-10&gt;" line="0" name="test_suite_fixture[step_a]" time="0.0028045177459716797"><system-out>created new fixture 140620284339144
step a
140620284339144 called for the 1-th time
</system-out></testcase><testcase classname="pytest_steps.tests.test_steps_new_with_generator" file="&lt;decorator-gen-10&gt;" line="0" name="test_suite_fixture[step_b]" time="0.0019783973693847656"><system-out>created new fixture 140620284339032
step b
140620284339032 called for the 1-th time
</system-out></testcase><testcase classname="pytest_steps.tests.test_steps_new_with_generator" file="&lt;decorator-gen-5&gt;" line="0" name="test_suite_shared_results_no_yield_names[step_a]" time="0.0018985271453857422"><system-out>step a
</system-out></testcase><testcase classname="pytest_steps.tests.test_steps_new_with_generator" file="&lt;decorator-gen-5&gt;" line="0" name="test_suite_shared_results_no_yield_names[step_b]" time="0.0017044544219970703"><system-out>step b
</system-out></testcase><testcase classname="pytest_steps.tests.test_steps_new_with_generator" file="&lt;decorator-gen-5&gt;" line="0" name="test_suite_shared_results_no_yield_names[step_c]" time="0.0015254020690917969"><system-out>step c
some intermediate result created in step a ... augmented
</system-out></testcase><testcase classname="pytest_steps.tests.test_steps_new_with_generator" file="&lt;decorator-gen-6&gt;" line="0" name="test_suite_exception_on_mandatory_step[step_a]" time="0.0016841888427734375"><system-out>step a
</system-out></testcase><testcase classname="pytest_steps.tests.test_steps_new_with_generator" file="&lt;decorator-gen-6&gt;" line="0" name="test_suite_exception_on_mandatory_step[step_b]" time="0.0016841888427734375"><system-out>step b
</system-out></testcase><testcase classname="pytest_steps.tests.test_steps_new_with_generator" file="&lt;decorator-gen-6&gt;" line="0" name="test_suite_exception_on_mandatory_step[step_c]" time="0.001748800277709961"><system-out>step c
</system-out></testcase><testcase classname="pytest_steps.tests.test_steps_new_with_generator" file="&lt;decorator-gen-7&gt;" line="0" name="test_suite_optional_and_dependent_steps[step_a]" time="0.0019888877868652344"><system-out>step a
</system-out></testcase><testcase classname="pytest_steps.tests.test_steps_new_with_generator" file="&lt;decorator-gen-7&gt;" line="0" name="test_suite_optional_and_dependent_steps[step_b]" time="0.0016028881072998047"><system-out>step b
</system-out></testcase><testcase classname="pytest_steps.tests.test_steps_new_with_generator" file="&lt;decorator-gen-7&gt;" line="0" name="test_suite_optional_and_dependent_steps[step_c]" time="0.003573179244995117"><system-out>step c
</system-out></testcase><testcase classname="pytest_steps.tests.test_steps_new_with_generator" file="&lt;decorator-gen-7&gt;" line="0" name="test_suite_optional_and_dependent_steps[step_d]" time="0.0017774105072021484"><system-out>step d
</system-out></testcase><testcase classname="pytest_steps.tests.test_steps_new_with_generator" file="&lt;decorator-gen-8&gt;" line="0" name="test_suite_parametrized[i=0-step_a]" time="0.001991748809814453"><system-out>step a, i=0
</system-out></testcase><testcase classname="pytest_steps.tests.test_steps_new_with_generator" file="&lt;decorator-gen-8&gt;" line="0" name="test_suite_parametrized[i=0-step_b]" time="0.0019154548645019531"><system-out>step b, i=0
</system-out></testcase><testcase classname="pytest_steps.tests.test_steps_new_with_generator" file="&lt;decorator-gen-8&gt;" line="0" name="test_suite_parametrized[i=1-step_a]" time="0.0020225048065185547"><system-out>step a, i=1
</system-out></testcase><testcase classname="pytest_steps.tests.test_steps_new_with_generator" file="&lt;decorator-gen-8&gt;" line="0" name="test_suite_parametrized[i=1-step_b]" time="0.009076833724975586"><system-out>step b, i=1
</system-out></testcase><testcase classname="pytest_steps.tests.test_steps_no_results" file="pytest_steps/tests/test_steps_no_results.py" line="3" name="test_suite_no_results_str[step_a]" time="0.0013840198516845703"><system-out>step a
</system-out></testcase><testcase classname="pytest_steps.tests.test_steps_no_results" file="pytest_steps/tests/test_steps_no_results.py" line="3" name="test_suite_no_results_str[step_b]" time="0.0015408992767333984"><system-out>step b
</system-out></testcase><testcase classname="pytest_steps.tests.test_steps_no_results" file="pytest_steps/tests/test_steps_no_results.py" line="30" name="test_suite_no_results_fun[step_a]" time="0.0014731884002685547"><system-out>step a
</system-out></testcase><testcase classname="pytest_steps.tests.test_steps_no_results" file="pytest_steps/tests/test_steps_no_results.py" line="30" name="test_suite_no_results_fun[step_b]" time="0.0013761520385742188"><system-out>step b
</system-out></testcase><testcase classname="pytest_steps.tests.test_steps_with_results_basic" file="pytest_steps/tests/test_steps_with_results_basic.py" line="3" name="test_suite_with_shared_results[step_a]" time="0.0017547607421875"><system-out>step a
</system-out></testcase><testcase classname="pytest_steps.tests.test_steps_with_results_basic" file="pytest_steps/tests/test_steps_with_results_basic.py" line="3" name="test_suite_with_shared_results[step_b]" time="0.0017287731170654297"><system-out>step b
some intermediate result created in step a ... augmented
</system-out></testcase><testcase classname="pytest_steps.tests.test_steps_with_results_basic" file="pytest_steps/tests/test_steps_with_results_basic.py" line="45" name="test_suite_with_steps_data[step_a]" time="0.0018761157989501953"><system-out>step a
</system-out></testcase><testcase classname="pytest_steps.tests.test_steps_with_results_basic" file="pytest_steps/tests/test_steps_with_results_basic.py" line="45" name="test_suite_with_steps_data[step_b]" time="0.001840829849243164"><system-out>step b
some intermediate result created in step a ... augmented
</system-out></testcase><testcase classname="pytest_steps.tests.test_steps_with_results_complex" file="pytest_steps/tests/test_steps_with_results_complex.py" line="46" name="test_suite_with_results[F-1a-step_a-2A]" time="0.002329111099243164"><system-out>step a - 1a2AF
</system-out></testcase><testcase classname="pytest_steps.tests.test_steps_with_results_complex" file="pytest_steps/tests/test_steps_with_results_complex.py" line="46" name="test_suite_with_results[F-1a-step_a-2B]" time="0.002249002456665039"><system-out>step a - 1a2BF
</system-out></testcase><testcase classname="pytest_steps.tests.test_steps_with_results_complex" file="pytest_steps/tests/test_steps_with_results_complex.py" line="46" name="test_suite_with_results[F-1a-step_b-2A]" time="0.0023262500762939453"><system-out>step b - 1a2AF
some intermediate result created in step a for test 1a2AF ... augmented
</system-out></testcase><testcase classname="pytest_steps.tests.test_steps_with_results_complex" file="pytest_steps/tests/test_steps_with_results_complex.py" line="46" name="test_suite_with_results[F-1a-step_b-2B]" time="0.0023674964904785156"><system-out>step b - 1a2BF
some intermediate result created in step a for test 1a2BF ... augmented
</system-out></testcase><testcase classname="pytest_steps.tests.test_steps_with_results_complex" file="pytest_steps/tests/test_steps_with_results_complex.py" line="46" name="test_suite_with_results[F-1b-step_a-2A]" time="0.0023932456970214844"><system-out>step a - 1b2AF
</system-out></testcase><testcase classname="pytest_steps.tests.test_steps_with_results_complex" file="pytest_steps/tests/test_steps_with_results_complex.py" line="46" name="test_suite_with_results[F-1b-step_a-2B]" time="0.002124786376953125"><system-out>step a - 1b2BF
</system-out></testcase><testcase classname="pytest_steps.tests.test_steps_with_results_complex" file="pytest_steps/tests/test_steps_with_results_complex.py" line="46" name="test_suite_with_results[F-1b-step_b-2A]" time="0.0020363330841064453"><system-out>step b - 1b2AF
some intermediate result created in step a for test 1b2AF ... augmented
</system-out></testcase><testcase classname="pytest_steps.tests.test_steps_with_results_complex" file="pytest_steps/tests/test_steps_with_results_complex.py" line="46" name="test_suite_with_results[F-1b-step_b-2B]" time="0.0022902488708496094"><system-out>step b - 1b2BF
some intermediate result created in step a for test 1b2BF ... augmented
</system-out></testcase><testcase classname="pytest_steps.tests.test_steps_with_results_complex" file="pytest_steps/tests/test_steps_with_results_complex.py" line="46" name="test_suite_with_results[G-1a-step_a-2A]" time="0.0025577545166015625"><system-out>step a - 1a2AG
</system-out></testcase><testcase classname="pytest_steps.tests.test_steps_with_results_complex" file="pytest_steps/tests/test_steps_with_results_complex.py" line="46" name="test_suite_with_results[G-1a-step_a-2B]" time="0.002369403839111328"><system-out>step a - 1a2BG
</system-out></testcase><testcase classname="pytest_steps.tests.test_steps_with_results_complex" file="pytest_steps/tests/test_steps_with_results_complex.py" line="46" name="test_suite_with_results[G-1a-step_b-2A]" time="0.002389669418334961"><system-out>step b - 1a2AG
some intermediate result created in step a for test 1a2AG ... augmented
</system-out></testcase><testcase classname="pytest_steps.tests.test_steps_with_results_complex" file="pytest_steps/tests/test_steps_with_results_complex.py" line="46" name="test_suite_with_results[G-1a-step_b-2B]" time="0.002046823501586914"><system-out>step b - 1a2BG
some intermediate result created in step a for test 1a2BG ... augmented
</system-out></testcase><testcase classname="pytest_steps.tests.test_steps_with_results_complex" file="pytest_steps/tests/test_steps_with_results_complex.py" line="46" name="test_suite_with_results[G-1b-step_a-2A]" time="0.0023910999298095703"><system-out>step a - 1b2AG
</system-out></testcase><testcase classname="pytest_steps.tests.test_steps_with_results_complex" file="pytest_steps/tests/test_steps_with_results_complex.py" line="46" name="test_suite_with_results[G-1b-step_a-2B]" time="0.0024671554565429688"><system-out>step a - 1b2BG
</system-out></testcase><testcase classname="pytest_steps.tests.test_steps_with_results_complex" file="pytest_steps/tests/test_steps_with_results_complex.py" line="46" name="test_suite_with_results[G-1b-step_b-2A]" time="0.00250244140625"><system-out>step b - 1b2AG
some intermediate result created in step a for test 1b2AG ... augmented
</system-out></testcase><testcase classname="pytest_steps.tests.test_steps_with_results_complex" file="pytest_steps/tests/test_steps_with_results_complex.py" line="46" name="test_suite_with_results[G-1b-step_b-2B]" time="0.0023665428161621094"><system-out>step b - 1b2BG
some intermediate result created in step a for test 1b2BG ... augmented
</system-out></testcase></testsuite>