<?xml version="1.0" encoding="utf-8"?><testsuite errors="0" failures="0" name="pytest" skips="0" tests="39" time="0.324"><testcase classname="pytest_steps.tests.test_pytest_capabilities" file="pytest_steps/tests/test_pytest_capabilities.py" line="74" name="test_manual_pytest_equivalent[F-1a-step_a-2A]" time="0.0047969818115234375"><system-out>step a - 1a2AF
</system-out></testcase><testcase classname="pytest_steps.tests.test_pytest_capabilities" file="pytest_steps/tests/test_pytest_capabilities.py" line="74" name="test_manual_pytest_equivalent[F-1a-step_a-2B]" time="0.0029981136322021484"><system-out>step a - 1a2BF
</system-out></testcase><testcase classname="pytest_steps.tests.test_pytest_capabilities" file="pytest_steps/tests/test_pytest_capabilities.py" line="74" name="test_manual_pytest_equivalent[F-1a-step_b-2A]" time="0.0027098655700683594"><system-out>step b - 1a2AF
some intermediate result created in step a for test 1a2AF ... augmented
</system-out></testcase><testcase classname="pytest_steps.tests.test_pytest_capabilities" file="pytest_steps/tests/test_pytest_capabilities.py" line="74" name="test_manual_pytest_equivalent[F-1a-step_b-2B]" time="0.002756357192993164"><system-out>step b - 1a2BF
some intermediate result created in step a for test 1a2BF ... augmented
</system-out></testcase><testcase classname="pytest_steps.tests.test_pytest_capabilities" file="pytest_steps/tests/test_pytest_capabilities.py" line="74" name="test_manual_pytest_equivalent[F-1b-step_a-2A]" time="0.002669095993041992"><system-out>step a - 1b2AF
</system-out></testcase><testcase classname="pytest_steps.tests.test_pytest_capabilities" file="pytest_steps/tests/test_pytest_capabilities.py" line="74" name="test_manual_pytest_equivalent[F-1b-step_a-2B]" time="0.0028727054595947266"><system-out>step a - 1b2BF
</system-out></testcase><testcase classname="pytest_steps.tests.test_pytest_capabilities" file="pytest_steps/tests/test_pytest_capabilities.py" line="74" name="test_manual_pytest_equivalent[F-1b-step_b-2A]" time="0.0023832321166992188"><system-out>step b - 1b2AF
some intermediate result created in step a for test 1b2AF ... augmented
</system-out></testcase><testcase classname="pytest_steps.tests.test_pytest_capabilities" file="pytest_steps/tests/test_pytest_capabilities.py" line="74" name="test_manual_pytest_equivalent[F-1b-step_b-2B]" time="0.002719402313232422"><system-out>step b - 1b2BF
some intermediate result created in step a for test 1b2BF ... augmented
</system-out></testcase><testcase classname="pytest_steps.tests.test_pytest_capabilities" file="pytest_steps/tests/test_pytest_capabilities.py" line="74" name="test_manual_pytest_equivalent[G-1a-step_a-2A]" time="0.0030813217163085938"><system-out>step a - 1a2AG
</system-out></testcase><testcase classname="pytest_steps.tests.test_pytest_capabilities" file="pytest_steps/tests/test_pytest_capabilities.py" line="74" name="test_manual_pytest_equivalent[G-1a-step_a-2B]" time="0.002797365188598633"><system-out>step a - 1a2BG
</system-out></testcase><testcase classname="pytest_steps.tests.test_pytest_capabilities" file="pytest_steps/tests/test_pytest_capabilities.py" line="74" name="test_manual_pytest_equivalent[G-1a-step_b-2A]" time="0.0028324127197265625"><system-out>step b - 1a2AG
some intermediate result created in step a for test 1a2AG ... augmented
</system-out></testcase><testcase classname="pytest_steps.tests.test_pytest_capabilities" file="pytest_steps/tests/test_pytest_capabilities.py" line="74" name="test_manual_pytest_equivalent[G-1a-step_b-2B]" time="0.002708911895751953"><system-out>step b - 1a2BG
some intermediate result created in step a for test 1a2BG ... augmented
</system-out></testcase><testcase classname="pytest_steps.tests.test_pytest_capabilities" file="pytest_steps/tests/test_pytest_capabilities.py" line="74" name="test_manual_pytest_equivalent[G-1b-step_a-2A]" time="0.002510547637939453"><system-out>step a - 1b2AG
</system-out></testcase><testcase classname="pytest_steps.tests.test_pytest_capabilities" file="pytest_steps/tests/test_pytest_capabilities.py" line="74" name="test_manual_pytest_equivalent[G-1b-step_a-2B]" time="0.003068208694458008"><system-out>step a - 1b2BG
</system-out></testcase><testcase classname="pytest_steps.tests.test_pytest_capabilities" file="pytest_steps/tests/test_pytest_capabilities.py" line="74" name="test_manual_pytest_equivalent[G-1b-step_b-2A]" time="0.002897024154663086"><system-out>step b - 1b2AG
some intermediate result created in step a for test 1b2AG ... augmented
</system-out></testcase><testcase classname="pytest_steps.tests.test_pytest_capabilities" file="pytest_steps/tests/test_pytest_capabilities.py" line="74" name="test_manual_pytest_equivalent[G-1b-step_b-2B]" time="0.0028281211853027344"><system-out>step b - 1b2BG
some intermediate result created in step a for test 1b2BG ... augmented
</system-out></testcase><testcase classname="pytest_steps.tests.test_steps_dependencies" file="&lt;decorator-gen-1&gt;" line="0" name="test_suite_no_results[step_a]" time="0.0018472671508789062"><system-out>step a
</system-out></testcase><testcase classname="pytest_steps.tests.test_steps_dependencies" file="&lt;decorator-gen-1&gt;" line="0" name="test_suite_no_results[step_b]" time="0.0016498565673828125"><system-out>step b
</system-out></testcase><testcase classname="pytest_steps.tests.test_steps_dependencies" file="&lt;decorator-gen-1&gt;" line="0" name="test_suite_no_results[step_c]" time="0.0018935203552246094"><system-out>step c
</system-out></testcase><testcase classname="pytest_steps.tests.test_steps_no_results" file="pytest_steps/tests/test_steps_no_results.py" line="21" name="test_suite_no_results[step_a]" time="0.0016980171203613281"><system-out>step a
</system-out></testcase><testcase classname="pytest_steps.tests.test_steps_no_results" file="pytest_steps/tests/test_steps_no_results.py" line="21" name="test_suite_no_results[step_b]" time="0.0020973682403564453"><system-out>step b
</system-out></testcase><testcase classname="pytest_steps.tests.test_steps_with_results_basic" file="pytest_steps/tests/test_steps_with_results_basic.py" line="32" name="test_suite_with_steps_data[step_a]" time="0.0020596981048583984"><system-out>step a
</system-out></testcase><testcase classname="pytest_steps.tests.test_steps_with_results_basic" file="pytest_steps/tests/test_steps_with_results_basic.py" line="32" name="test_suite_with_steps_data[step_b]" time="0.0018236637115478516"><system-out>step b
some intermediate result created in step a ... augmented
</system-out></testcase><testcase classname="pytest_steps.tests.test_steps_with_results_complex" file="pytest_steps/tests/test_steps_with_results_complex.py" line="44" name="test_suite_with_results[F-1a-step_a-2A]" time="0.0025336742401123047"><system-out>step a - 1a2AF
</system-out></testcase><testcase classname="pytest_steps.tests.test_steps_with_results_complex" file="pytest_steps/tests/test_steps_with_results_complex.py" line="44" name="test_suite_with_results[F-1a-step_a-2B]" time="0.002959728240966797"><system-out>step a - 1a2BF
</system-out></testcase><testcase classname="pytest_steps.tests.test_steps_with_results_complex" file="pytest_steps/tests/test_steps_with_results_complex.py" line="44" name="test_suite_with_results[F-1a-step_b-2A]" time="0.0028121471405029297"><system-out>step b - 1a2AF
some intermediate result created in step a for test 1a2AF ... augmented
</system-out></testcase><testcase classname="pytest_steps.tests.test_steps_with_results_complex" file="pytest_steps/tests/test_steps_with_results_complex.py" line="44" name="test_suite_with_results[F-1a-step_b-2B]" time="0.0028946399688720703"><system-out>step b - 1a2BF
some intermediate result created in step a for test 1a2BF ... augmented
</system-out></testcase><testcase classname="pytest_steps.tests.test_steps_with_results_complex" file="pytest_steps/tests/test_steps_with_results_complex.py" line="44" name="test_suite_with_results[F-1b-step_a-2A]" time="0.0026390552520751953"><system-out>step a - 1b2AF
</system-out></testcase><testcase classname="pytest_steps.tests.test_steps_with_results_complex" file="pytest_steps/tests/test_steps_with_results_complex.py" line="44" name="test_suite_with_results[F-1b-step_a-2B]" time="0.003030061721801758"><system-out>step a - 1b2BF
</system-out></testcase><testcase classname="pytest_steps.tests.test_steps_with_results_complex" file="pytest_steps/tests/test_steps_with_results_complex.py" line="44" name="test_suite_with_results[F-1b-step_b-2A]" time="0.0030486583709716797"><system-out>step b - 1b2AF
some intermediate result created in step a for test 1b2AF ... augmented
</system-out></testcase><testcase classname="pytest_steps.tests.test_steps_with_results_complex" file="pytest_steps/tests/test_steps_with_results_complex.py" line="44" name="test_suite_with_results[F-1b-step_b-2B]" time="0.0040073394775390625"><system-out>step b - 1b2BF
some intermediate result created in step a for test 1b2BF ... augmented
</system-out></testcase><testcase classname="pytest_steps.tests.test_steps_with_results_complex" file="pytest_steps/tests/test_steps_with_results_complex.py" line="44" name="test_suite_with_results[G-1a-step_a-2A]" time="0.0031599998474121094"><system-out>step a - 1a2AG
</system-out></testcase><testcase classname="pytest_steps.tests.test_steps_with_results_complex" file="pytest_steps/tests/test_steps_with_results_complex.py" line="44" name="test_suite_with_results[G-1a-step_a-2B]" time="0.002838611602783203"><system-out>step a - 1a2BG
</system-out></testcase><testcase classname="pytest_steps.tests.test_steps_with_results_complex" file="pytest_steps/tests/test_steps_with_results_complex.py" line="44" name="test_suite_with_results[G-1a-step_b-2A]" time="0.0033926963806152344"><system-out>step b - 1a2AG
some intermediate result created in step a for test 1a2AG ... augmented
</system-out></testcase><testcase classname="pytest_steps.tests.test_steps_with_results_complex" file="pytest_steps/tests/test_steps_with_results_complex.py" line="44" name="test_suite_with_results[G-1a-step_b-2B]" time="0.003229856491088867"><system-out>step b - 1a2BG
some intermediate result created in step a for test 1a2BG ... augmented
</system-out></testcase><testcase classname="pytest_steps.tests.test_steps_with_results_complex" file="pytest_steps/tests/test_steps_with_results_complex.py" line="44" name="test_suite_with_results[G-1b-step_a-2A]" time="0.003258228302001953"><system-out>step a - 1b2AG
</system-out></testcase><testcase classname="pytest_steps.tests.test_steps_with_results_complex" file="pytest_steps/tests/test_steps_with_results_complex.py" line="44" name="test_suite_with_results[G-1b-step_a-2B]" time="0.002424001693725586"><system-out>step a - 1b2BG
</system-out></testcase><testcase classname="pytest_steps.tests.test_steps_with_results_complex" file="pytest_steps/tests/test_steps_with_results_complex.py" line="44" name="test_suite_with_results[G-1b-step_b-2A]" time="0.0028231143951416016"><system-out>step b - 1b2AG
some intermediate result created in step a for test 1b2AG ... augmented
</system-out></testcase><testcase classname="pytest_steps.tests.test_steps_with_results_complex" file="pytest_steps/tests/test_steps_with_results_complex.py" line="44" name="test_suite_with_results[G-1b-step_b-2B]" time="0.002857208251953125"><system-out>step b - 1b2BG
some intermediate result created in step a for test 1b2BG ... augmented
</system-out></testcase></testsuite>