<?xml version="1.0" encoding="utf-8"?><testsuite errors="0" failures="0" name="pytest" skips="0" tests="75" time="2.064"><testcase classname="pytest_steps.tests.test_all" file="pytest_steps/tests/test_all.py" line="21" name="test_run_all_tests[test_steps_with_results_complex.py]" time="0.10704565048217773"><system-out>
Testing that running pytest on file test_steps_with_results_complex.py results in {&apos;passed&apos;: 16, &apos;failed&apos;: 0, &apos;skipped&apos;: 0}
============================= test session starts ==============================
platform linux -- Python 3.5.6, pytest-3.10.1, py-1.7.0, pluggy-0.8.0
rootdir: /tmp/pytest-of-travis/pytest-0/test_run_all_tests0, inifile:
plugins: metadata-1.7.0, html-1.19.0, harvest-1.0.1, faulthandler-1.5.0, cov-2.6.0
collected 16 items

test_run_all_tests.py ................                                   [100%]

========================== 16 passed in 0.06 seconds ===========================
</system-out></testcase><testcase classname="pytest_steps.tests.test_all" file="pytest_steps/tests/test_all.py" line="21" name="test_run_all_tests[test_steps_generator_does_not_change_order.py]" time="0.06951522827148438"><system-out>
Testing that running pytest on file test_steps_generator_does_not_change_order.py results in {&apos;passed&apos;: 3, &apos;failed&apos;: 0, &apos;skipped&apos;: 0}
============================= test session starts ==============================
platform linux -- Python 3.5.6, pytest-3.10.1, py-1.7.0, pluggy-0.8.0
rootdir: /tmp/pytest-of-travis/pytest-0/test_run_all_tests1, inifile:
plugins: metadata-1.7.0, html-1.19.0, harvest-1.0.1, faulthandler-1.5.0, cov-2.6.0
collected 3 items

test_run_all_tests.py ...                                                [100%]

=============================== warnings summary ===============================
test_run_all_tests.py::test_synthesis
  /home/travis/miniconda/envs/test-environment/lib/python3.5/site-packages/pytest_harvest/results_session.py:341: UserWarning: [pytest-harvest] Test items status is not available. You should maybe install pytest-harvest with pip. If it is already the case, you case try to force-use it by adding `pytest_plugins = [&apos;harvest&apos;]` to your conftest.py. But for normal use this should not be required, installing with pip should be enough.
    warn(&quot;[pytest-harvest] Test items status is not available. You should maybe install pytest-harvest with &quot;

-- Docs: https://docs.pytest.org/en/latest/warnings.html
===================== 3 passed, 1 warnings in 0.02 seconds =====================
</system-out></testcase><testcase classname="pytest_steps.tests.test_all" file="pytest_steps/tests/test_all.py" line="21" name="test_run_all_tests[test_wrapped_in_class.py]" time="0.06345820426940918"><system-out>
Testing that running pytest on file test_wrapped_in_class.py results in {&apos;passed&apos;: 1, &apos;failed&apos;: 0, &apos;skipped&apos;: 0}
============================= test session starts ==============================
platform linux -- Python 3.5.6, pytest-3.10.1, py-1.7.0, pluggy-0.8.0
rootdir: /tmp/pytest-of-travis/pytest-0/test_run_all_tests2, inifile:
plugins: metadata-1.7.0, html-1.19.0, harvest-1.0.1, faulthandler-1.5.0, cov-2.6.0
collected 1 item

test_run_all_tests.py .                                                  [100%]

=========================== 1 passed in 0.02 seconds ===========================
</system-out></testcase><testcase classname="pytest_steps.tests.test_all" file="pytest_steps/tests/test_all.py" line="21" name="test_run_all_tests[test_stackoverflow.py]" time="0.10436844825744629"><system-out>
Testing that running pytest on file test_stackoverflow.py results in {&apos;passed&apos;: 3, &apos;failed&apos;: 0, &apos;skipped&apos;: 0}
============================= test session starts ==============================
platform linux -- Python 3.5.6, pytest-3.10.1, py-1.7.0, pluggy-0.8.0
rootdir: /tmp/pytest-of-travis/pytest-0/test_run_all_tests3, inifile:
plugins: metadata-1.7.0, html-1.19.0, harvest-1.0.1, faulthandler-1.5.0, cov-2.6.0
collected 3 items

test_run_all_tests.py ...                                                [100%]

=========================== 3 passed in 0.02 seconds ===========================
</system-out></testcase><testcase classname="pytest_steps.tests.test_all" file="pytest_steps/tests/test_all.py" line="21" name="test_run_all_tests[test_steps_new_with_generator.py]" time="0.21312880516052246"><system-out>
Testing that running pytest on file test_steps_new_with_generator.py results in {&apos;passed&apos;: 12, &apos;failed&apos;: 2, &apos;skipped&apos;: 2}
============================= test session starts ==============================
platform linux -- Python 3.5.6, pytest-3.10.1, py-1.7.0, pluggy-0.8.0
rootdir: /tmp/pytest-of-travis/pytest-0/test_run_all_tests4, inifile:
plugins: metadata-1.7.0, html-1.19.0, harvest-1.0.1, faulthandler-1.5.0, cov-2.6.0
collected 16 items

test_run_all_tests.py ....Fs.Fs.......                                   [100%]

=================================== FAILURES ===================================
________________ test_suite_exception_on_mandatory_step[step_b] ________________

________step_name_ = &apos;step_b&apos;
request = &lt;FixtureRequest for &lt;Function &apos;test_suite_exception_on_mandatory_step[step_b]&apos;&gt;&gt;

&gt;   ???

&lt;decorator-gen-17&gt;:2: 
_ _ _ _ _ _ _ _ _ _ _ _ _ _ _ _ _ _ _ _ _ _ _ _ _ _ _ _ _ _ _ _ _ _ _ _ _ _ _ _ 
/home/travis/build/smarie/python-pytest-steps/pytest_steps/decorator_hack.py:167: in caller
    **kwargs)
/home/travis/build/smarie/python-pytest-steps/pytest_steps/steps_generator.py:432: in step_function_wrapper
    steps_monitor.execute(step_name, *args, **kwargs)
/home/travis/build/smarie/python-pytest-steps/pytest_steps/steps_generator.py:270: in execute
    res = next(self.gen)
_ _ _ _ _ _ _ _ _ _ _ _ _ _ _ _ _ _ _ _ _ _ _ _ _ _ _ _ _ _ _ _ _ _ _ _ _ _ _ _ 

    @test_steps(&apos;step_a&apos;, &apos;step_b&apos;, &apos;step_c&apos;)
    def test_suite_exception_on_mandatory_step():
        &quot;&quot;&quot; &quot;&quot;&quot;
    
        # Step A
        print(&quot;step a&quot;)
        assert not False  # replace with your logic
        yield &apos;step_a&apos;
    
        # Step B
        print(&quot;step b&quot;)
&gt;       assert False  # replace with your logic
E       assert False

test_run_all_tests.py:43: AssertionError
----------------------------- Captured stdout call -----------------------------
step b
_______________ test_suite_optional_and_dependent_steps[step_b] ________________

________step_name_ = &apos;step_b&apos;
request = &lt;FixtureRequest for &lt;Function &apos;test_suite_optional_and_dependent_steps[step_b]&apos;&gt;&gt;

&gt;   ???

&lt;decorator-gen-18&gt;:2: 
_ _ _ _ _ _ _ _ _ _ _ _ _ _ _ _ _ _ _ _ _ _ _ _ _ _ _ _ _ _ _ _ _ _ _ _ _ _ _ _ 
/home/travis/build/smarie/python-pytest-steps/pytest_steps/decorator_hack.py:167: in caller
    **kwargs)
/home/travis/build/smarie/python-pytest-steps/pytest_steps/steps_generator.py:432: in step_function_wrapper
    steps_monitor.execute(step_name, *args, **kwargs)
/home/travis/build/smarie/python-pytest-steps/pytest_steps/steps_generator.py:292: in execute
    raise six.reraise(res.exec_result.exc_type, res.exec_result.exc_val, res.exec_result.tb)
/home/travis/miniconda/envs/test-environment/lib/python3.5/site-packages/six.py:693: in reraise
    raise value
_ _ _ _ _ _ _ _ _ _ _ _ _ _ _ _ _ _ _ _ _ _ _ _ _ _ _ _ _ _ _ _ _ _ _ _ _ _ _ _ 

    @test_steps(&apos;step_a&apos;, &apos;step_b&apos;, &apos;step_c&apos;, &apos;step_d&apos;)
    def test_suite_optional_and_dependent_steps():
        &quot;&quot;&quot; &quot;&quot;&quot;
    
        # Step A
        print(&quot;step a&quot;)
        assert not False
        yield &apos;step_a&apos;
    
        # Step B
        with optional_step(&apos;step_b&apos;) as step_b:
            print(&quot;step b&quot;)
&gt;           assert False
E           assert False

test_run_all_tests.py:64: AssertionError
----------------------------- Captured stdout call -----------------------------
step b
================ 2 failed, 12 passed, 2 skipped in 0.17 seconds ================
</system-out></testcase><testcase classname="pytest_steps.tests.test_all" file="pytest_steps/tests/test_all.py" line="21" name="test_run_all_tests[test_pytest_capabilities.py]" time="0.10471296310424805"><system-out>
Testing that running pytest on file test_pytest_capabilities.py results in {&apos;passed&apos;: 16, &apos;failed&apos;: 0, &apos;skipped&apos;: 0}
============================= test session starts ==============================
platform linux -- Python 3.5.6, pytest-3.10.1, py-1.7.0, pluggy-0.8.0
rootdir: /tmp/pytest-of-travis/pytest-0/test_run_all_tests5, inifile:
plugins: metadata-1.7.0, html-1.19.0, harvest-1.0.1, faulthandler-1.5.0, cov-2.6.0
collected 16 items

test_run_all_tests.py ................                                   [100%]

========================== 16 passed in 0.06 seconds ===========================
</system-out></testcase><testcase classname="pytest_steps.tests.test_all" file="pytest_steps/tests/test_all.py" line="21" name="test_run_all_tests[test_steps_with_results_basic.py]" time="0.07442378997802734"><system-out>
Testing that running pytest on file test_steps_with_results_basic.py results in {&apos;passed&apos;: 4, &apos;failed&apos;: 0, &apos;skipped&apos;: 0}
============================= test session starts ==============================
platform linux -- Python 3.5.6, pytest-3.10.1, py-1.7.0, pluggy-0.8.0
rootdir: /tmp/pytest-of-travis/pytest-0/test_run_all_tests6, inifile:
plugins: metadata-1.7.0, html-1.19.0, harvest-1.0.1, faulthandler-1.5.0, cov-2.6.0
collected 4 items

test_run_all_tests.py ....                                               [100%]

=========================== 4 passed in 0.03 seconds ===========================
</system-out></testcase><testcase classname="pytest_steps.tests.test_all" file="pytest_steps/tests/test_all.py" line="21" name="test_run_all_tests[test_steps_no_results.py]" time="0.07295012474060059"><system-out>
Testing that running pytest on file test_steps_no_results.py results in {&apos;passed&apos;: 4, &apos;failed&apos;: 0, &apos;skipped&apos;: 0}
============================= test session starts ==============================
platform linux -- Python 3.5.6, pytest-3.10.1, py-1.7.0, pluggy-0.8.0
rootdir: /tmp/pytest-of-travis/pytest-0/test_run_all_tests7, inifile:
plugins: metadata-1.7.0, html-1.19.0, harvest-1.0.1, faulthandler-1.5.0, cov-2.6.0
collected 4 items

test_run_all_tests.py ....                                               [100%]

=========================== 4 passed in 0.02 seconds ===========================
</system-out></testcase><testcase classname="pytest_steps.tests.test_all" file="pytest_steps/tests/test_all.py" line="21" name="test_run_all_tests[test_steps_dependencies.py]" time="0.09343171119689941"><system-out>
Testing that running pytest on file test_steps_dependencies.py results in {&apos;passed&apos;: 3, &apos;failed&apos;: 2, &apos;skipped&apos;: 1}
============================= test session starts ==============================
platform linux -- Python 3.5.6, pytest-3.10.1, py-1.7.0, pluggy-0.8.0
rootdir: /tmp/pytest-of-travis/pytest-0/test_run_all_tests8, inifile:
plugins: metadata-1.7.0, html-1.19.0, harvest-1.0.1, faulthandler-1.5.0, cov-2.6.0
collected 6 items

test_run_all_tests.py .Fs.F.                                             [100%]

=================================== FAILURES ===================================
________________________ test_suite_no_results[step_b] _________________________

test_step = &lt;function step_b at 0x7f201e9ec488&gt;
request = &lt;FixtureRequest for &lt;Function &apos;test_suite_no_results[step_b]&apos;&gt;&gt;

    @test_steps(step_a, step_b, step_c)
    def test_suite_no_results(test_step, request):
        &quot;&quot;&quot; In this test suite, the last step will be skipped because the second step failed (and there is a dependency) &quot;&quot;&quot;
    
        # Execute the step
&gt;       test_step()

test_run_all_tests.py:37: 
_ _ _ _ _ _ _ _ _ _ _ _ _ _ _ _ _ _ _ _ _ _ _ _ _ _ _ _ _ _ _ _ _ _ _ _ _ _ _ _ 

    def step_b():
        &quot;&quot;&quot; Step a of the test &quot;&quot;&quot;
    
        # perform this step
        print(&quot;step b&quot;)
&gt;       assert False
E       assert False

test_run_all_tests.py:20: AssertionError
----------------------------- Captured stdout call -----------------------------
step b
_____________________________ test_suite_1[step_b] _____________________________

test_step = &apos;step_b&apos;

    @test_steps(&apos;step_a&apos;, &apos;step_b&apos;, &apos;step_c&apos;)
    def test_suite_1(test_step):
        &quot;&quot;&quot; In this test suite the last step can &quot;see&quot; the dependency so it is still executed ...&quot;&quot;&quot;
        # Execute the step according to name
        if test_step == &apos;step_a&apos;:
            step_a()
        elif test_step == &apos;step_b&apos;:
&gt;           step_b()

test_run_all_tests.py:47: 
_ _ _ _ _ _ _ _ _ _ _ _ _ _ _ _ _ _ _ _ _ _ _ _ _ _ _ _ _ _ _ _ _ _ _ _ _ _ _ _ 

    def step_b():
        &quot;&quot;&quot; Step a of the test &quot;&quot;&quot;
    
        # perform this step
        print(&quot;step b&quot;)
&gt;       assert False
E       assert False

test_run_all_tests.py:20: AssertionError
----------------------------- Captured stdout call -----------------------------
step b
================ 2 failed, 3 passed, 1 skipped in 0.04 seconds =================
</system-out></testcase><testcase classname="pytest_steps.tests.test_all" file="pytest_steps/tests/test_all.py" line="21" name="test_run_all_tests[test_steps_and_dependency_tree.py]" time="0.13185477256774902"><system-out>
Testing that running pytest on file test_steps_and_dependency_tree.py results in {&apos;passed&apos;: 8, &apos;failed&apos;: 1, &apos;skipped&apos;: 5}
============================= test session starts ==============================
platform linux -- Python 3.5.6, pytest-3.10.1, py-1.7.0, pluggy-0.8.0
rootdir: /tmp/pytest-of-travis/pytest-0/test_run_all_tests9, inifile:
plugins: metadata-1.7.0, html-1.19.0, harvest-1.0.1, faulthandler-1.5.0, cov-2.6.0
collected 14 items

test_run_all_tests.py ....Fs....ssss                                     [100%]

=================================== FAILURES ===================================
_____________________________ test_3_4[p=b-step3] ______________________________

________step_name_ = &apos;step3&apos;
request = &lt;FixtureRequest for &lt;Function &apos;test_3_4[p=b-step3]&apos;&gt;&gt;, p = &apos;b&apos;
results_dct = {&apos;step1&apos;: 1, &apos;step2&apos;: &apos;hello&apos;, &apos;step3&apos;: {&apos;a&apos;: &apos;bla&apos;, &apos;b&apos;: &apos;bla&apos;}, &apos;step4&apos;: {&apos;a&apos;: &apos;blabla&apos;}}

&gt;   ???

&lt;decorator-gen-24&gt;:2: 
_ _ _ _ _ _ _ _ _ _ _ _ _ _ _ _ _ _ _ _ _ _ _ _ _ _ _ _ _ _ _ _ _ _ _ _ _ _ _ _ 
/home/travis/build/smarie/python-pytest-steps/pytest_steps/decorator_hack.py:167: in caller
    **kwargs)
/home/travis/build/smarie/python-pytest-steps/pytest_steps/steps_generator.py:432: in step_function_wrapper
    steps_monitor.execute(step_name, *args, **kwargs)
/home/travis/build/smarie/python-pytest-steps/pytest_steps/steps_generator.py:270: in execute
    res = next(self.gen)
_ _ _ _ _ _ _ _ _ _ _ _ _ _ _ _ _ _ _ _ _ _ _ _ _ _ _ _ _ _ _ _ _ _ _ _ _ _ _ _ 

p = &apos;b&apos;
results_dct = {&apos;step1&apos;: 1, &apos;step2&apos;: &apos;hello&apos;, &apos;step3&apos;: {&apos;a&apos;: &apos;bla&apos;, &apos;b&apos;: &apos;bla&apos;}, &apos;step4&apos;: {&apos;a&apos;: &apos;blabla&apos;}}

    @test_steps(&apos;step3&apos;, &apos;step4&apos;)
    @pytest.mark.parametrize(&apos;p&apos;, [&apos;a&apos;, &apos;b&apos;], ids=&quot;p={}&quot;.format)
    def test_3_4(p, results_dct):
        if &apos;step2&apos; not in results_dct:
            pytest.skip(&quot;Can not start step 3: step 2 has not run successfuly&quot;)
        # step 3
        results_dct.setdefault(&apos;step3&apos;, dict())[p] = &apos;bla&apos;
        if p == &apos;b&apos;:
&gt;           assert False
E           assert False

test_run_all_tests.py:33: AssertionError
================ 1 failed, 8 passed, 5 skipped in 0.08 seconds =================
</system-out></testcase><testcase classname="pytest_steps.tests.test_all" file="pytest_steps/tests/test_all.py" line="21" name="test_run_all_tests[test_stackoverflow2.py]" time="0.06792259216308594"><system-out>
Testing that running pytest on file test_stackoverflow2.py results in {&apos;passed&apos;: 3, &apos;failed&apos;: 0, &apos;skipped&apos;: 0}
============================= test session starts ==============================
platform linux -- Python 3.5.6, pytest-3.10.1, py-1.7.0, pluggy-0.8.0
rootdir: /tmp/pytest-of-travis/pytest-0/test_run_all_tests10, inifile:
plugins: metadata-1.7.0, html-1.19.0, harvest-1.0.1, faulthandler-1.5.0, cov-2.6.0
collected 3 items

test_run_all_tests.py ...                                                [100%]

=========================== 3 passed in 0.02 seconds ===========================
</system-out></testcase><testcase classname="pytest_steps.tests.test_decorator" file="pytest_steps/tests/test_decorator.py" line="32" name="test_normal_normal" time="0.0018999576568603516"><system-out>0
1
2
3
4
5
6
7
8
9
</system-out></testcase><testcase classname="pytest_steps.tests.test_decorator" file="pytest_steps/tests/test_decorator.py" line="42" name="test_normal_gen" time="0.002350330352783203"><system-out>0
1
2
3
4
5
6
7
8
9
</system-out></testcase><testcase classname="pytest_steps.tests.test_decorator" file="pytest_steps/tests/test_decorator.py" line="55" name="test_gen_gen" time="0.0020508766174316406"><system-out>0
</system-out></testcase><testcase classname="pytest_steps.tests.test_decorator" file="pytest_steps/tests/test_decorator.py" line="66" name="test_gen_normal" time="0.0021431446075439453"><system-out>0
1
2
3
4
5
6
7
8
9
</system-out></testcase><testcase classname="pytest_steps.tests.test_docs_example_with_harvest" file="pytest_steps/tests/test_docs_example_with_harvest.py" line="50" name="test_my_app_bench[A-1-train]" time="0.0032622814178466797"></testcase><testcase classname="pytest_steps.tests.test_docs_example_with_harvest" file="pytest_steps/tests/test_docs_example_with_harvest.py" line="50" name="test_my_app_bench[A-1-score]" time="0.002791881561279297"></testcase><testcase classname="pytest_steps.tests.test_docs_example_with_harvest" file="pytest_steps/tests/test_docs_example_with_harvest.py" line="50" name="test_my_app_bench[A-2-train]" time="0.0027608871459960938"></testcase><testcase classname="pytest_steps.tests.test_docs_example_with_harvest" file="pytest_steps/tests/test_docs_example_with_harvest.py" line="50" name="test_my_app_bench[A-2-score]" time="0.0023512840270996094"></testcase><testcase classname="pytest_steps.tests.test_docs_example_with_harvest" file="pytest_steps/tests/test_docs_example_with_harvest.py" line="50" name="test_my_app_bench[B-1-train]" time="0.0027167797088623047"></testcase><testcase classname="pytest_steps.tests.test_docs_example_with_harvest" file="pytest_steps/tests/test_docs_example_with_harvest.py" line="50" name="test_my_app_bench[B-1-score]" time="0.0031511783599853516"></testcase><testcase classname="pytest_steps.tests.test_docs_example_with_harvest" file="pytest_steps/tests/test_docs_example_with_harvest.py" line="50" name="test_my_app_bench[B-2-train]" time="0.0023691654205322266"></testcase><testcase classname="pytest_steps.tests.test_docs_example_with_harvest" file="pytest_steps/tests/test_docs_example_with_harvest.py" line="50" name="test_my_app_bench[B-2-score]" time="0.002490520477294922"></testcase><testcase classname="pytest_steps.tests.test_docs_example_with_harvest" file="pytest_steps/tests/test_docs_example_with_harvest.py" line="50" name="test_my_app_bench[C-1-train]" time="0.002279520034790039"></testcase><testcase classname="pytest_steps.tests.test_docs_example_with_harvest" file="pytest_steps/tests/test_docs_example_with_harvest.py" line="50" name="test_my_app_bench[C-1-score]" time="0.0024945735931396484"></testcase><testcase classname="pytest_steps.tests.test_docs_example_with_harvest" file="pytest_steps/tests/test_docs_example_with_harvest.py" line="50" name="test_my_app_bench[C-2-train]" time="0.002574443817138672"></testcase><testcase classname="pytest_steps.tests.test_docs_example_with_harvest" file="pytest_steps/tests/test_docs_example_with_harvest.py" line="50" name="test_my_app_bench[C-2-score]" time="0.002595663070678711"></testcase><testcase classname="pytest_steps.tests.test_docs_example_with_harvest" file="pytest_steps/tests/test_docs_example_with_harvest.py" line="71" name="test_synthesis" time="0.036614179611206055"><system-out>
Keys:
(&apos;test_my_app_bench[A-1]&apos;, &apos;train&apos;)
(&apos;test_my_app_bench[A-1]&apos;, &apos;score&apos;)
(&apos;test_my_app_bench[A-2]&apos;, &apos;train&apos;)
(&apos;test_my_app_bench[A-2]&apos;, &apos;score&apos;)
(&apos;test_my_app_bench[B-1]&apos;, &apos;train&apos;)
(&apos;test_my_app_bench[B-1]&apos;, &apos;score&apos;)
(&apos;test_my_app_bench[B-2]&apos;, &apos;train&apos;)
(&apos;test_my_app_bench[B-2]&apos;, &apos;score&apos;)
(&apos;test_my_app_bench[C-1]&apos;, &apos;train&apos;)
(&apos;test_my_app_bench[C-1]&apos;, &apos;score&apos;)
(&apos;test_my_app_bench[C-2]&apos;, &apos;train&apos;)
(&apos;test_my_app_bench[C-2]&apos;, &apos;score&apos;)

First node:
&apos;pytest_obj&apos;: &lt;function test_my_app_bench at 0x7f201ec94a60&gt;
&apos;status&apos;: &apos;passed&apos;
&apos;duration_ms&apos;: 0.4317760467529297
&apos;algo_param&apos;: 1
&apos;dataset&apos;: &apos;my dataset #A&apos;
&apos;accuracy&apos;: 0.1984140993220509
                                     status      duration_ms    algo_param  dataset          accuracy
-----------------------------------  --------  -------------  ------------  -------------  ----------
(&apos;test_my_app_bench[A-1]&apos;, &apos;train&apos;)  passed         0.431776             1  my dataset #A    0.198414
(&apos;test_my_app_bench[A-1]&apos;, &apos;score&apos;)  passed         0.684738             1  my dataset #A  nan
(&apos;test_my_app_bench[A-2]&apos;, &apos;train&apos;)  passed         0.643253             2  my dataset #A    0.70991
(&apos;test_my_app_bench[A-2]&apos;, &apos;score&apos;)  passed         0.456333             2  my dataset #A  nan
(&apos;test_my_app_bench[B-1]&apos;, &apos;train&apos;)  passed         0.636101             1  my dataset #B    0.118392
(&apos;test_my_app_bench[B-1]&apos;, &apos;score&apos;)  passed         0.792027             1  my dataset #B  nan
(&apos;test_my_app_bench[B-2]&apos;, &apos;train&apos;)  passed         0.357866             2  my dataset #B    0.374585
(&apos;test_my_app_bench[B-2]&apos;, &apos;score&apos;)  passed         0.317097             2  my dataset #B  nan
(&apos;test_my_app_bench[C-1]&apos;, &apos;train&apos;)  passed         0.651121             1  my dataset #C    0.753862
(&apos;test_my_app_bench[C-1]&apos;, &apos;score&apos;)  passed         0.355005             1  my dataset #C  nan
(&apos;test_my_app_bench[C-2]&apos;, &apos;train&apos;)  passed         0.339746             2  my dataset #C    0.36079
(&apos;test_my_app_bench[C-2]&apos;, &apos;score&apos;)  passed         0.355244             2  my dataset #C  nan
test_id                   algo_param  dataset        train/status      train/duration_ms    train/accuracy  score/status      score/duration_ms
----------------------  ------------  -------------  --------------  -------------------  ----------------  --------------  -------------------
test_my_app_bench[A-1]             1  my dataset #A  passed                     0.431776          0.198414  passed                     0.684738
test_my_app_bench[A-2]             2  my dataset #A  passed                     0.643253          0.70991   passed                     0.456333
test_my_app_bench[B-1]             1  my dataset #B  passed                     0.636101          0.118392  passed                     0.792027
test_my_app_bench[B-2]             2  my dataset #B  passed                     0.357866          0.374585  passed                     0.317097
test_my_app_bench[C-1]             1  my dataset #C  passed                     0.651121          0.753862  passed                     0.355005
test_my_app_bench[C-2]             2  my dataset #C  passed                     0.339746          0.36079   passed                     0.355244
</system-out></testcase><testcase classname="pytest_steps.tests.test_step_id_conflicts" file="pytest_steps/tests/test_step_id_conflicts.py" line="26" name="test_step_id_gen_mode_approx_conflict_params[p=a-a]" time="0.0024056434631347656"></testcase><testcase classname="pytest_steps.tests.test_step_id_conflicts" file="pytest_steps/tests/test_step_id_conflicts.py" line="26" name="test_step_id_gen_mode_approx_conflict_params[p=a-b]" time="0.002414226531982422"></testcase><testcase classname="pytest_steps.tests.test_step_id_conflicts" file="pytest_steps/tests/test_step_id_conflicts.py" line="26" name="test_step_id_gen_mode_approx_conflict_params[p=b-a]" time="0.0023355484008789062"></testcase><testcase classname="pytest_steps.tests.test_step_id_conflicts" file="pytest_steps/tests/test_step_id_conflicts.py" line="26" name="test_step_id_gen_mode_approx_conflict_params[p=b-b]" time="0.002133607864379883"></testcase><testcase classname="pytest_steps.tests.test_step_id_conflicts" file="pytest_steps/tests/test_step_id_conflicts.py" line="33" name="test_step_id_gen_mode_approx_conflict_fixture[hello-b-foo-a]" time="0.0012447834014892578"></testcase><testcase classname="pytest_steps.tests.test_step_id_conflicts" file="pytest_steps/tests/test_step_id_conflicts.py" line="33" name="test_step_id_gen_mode_approx_conflict_fixture[hello-b-foo-b]" time="0.0013582706451416016"></testcase><testcase classname="pytest_steps.tests.test_step_id_conflicts" file="pytest_steps/tests/test_step_id_conflicts.py" line="39" name="test_step_id_gen_mode_approx_conflict_params_and_no_conflict_fixture[1-p=a-a]" time="0.0017247200012207031"><system-out>a
</system-out></testcase><testcase classname="pytest_steps.tests.test_step_id_conflicts" file="pytest_steps/tests/test_step_id_conflicts.py" line="39" name="test_step_id_gen_mode_approx_conflict_params_and_no_conflict_fixture[1-p=a-b]" time="0.0018029212951660156"><system-out>b
</system-out></testcase><testcase classname="pytest_steps.tests.test_step_id_conflicts" file="pytest_steps/tests/test_step_id_conflicts.py" line="39" name="test_step_id_gen_mode_approx_conflict_params_and_no_conflict_fixture[1-p=b-a]" time="0.002833843231201172"><system-out>a
</system-out></testcase><testcase classname="pytest_steps.tests.test_step_id_conflicts" file="pytest_steps/tests/test_step_id_conflicts.py" line="39" name="test_step_id_gen_mode_approx_conflict_params_and_no_conflict_fixture[1-p=b-b]" time="0.002741098403930664"><system-out>b
</system-out></testcase><testcase classname="pytest_steps.tests.test_step_id_conflicts" file="pytest_steps/tests/test_step_id_conflicts.py" line="50" name="test_step_id_gen_mode_exact_conflict_with_param[a-a]" time="0.0015881061553955078"><system-out>a
</system-out></testcase><testcase classname="pytest_steps.tests.test_step_id_conflicts" file="pytest_steps/tests/test_step_id_conflicts.py" line="50" name="test_step_id_gen_mode_exact_conflict_with_param[a-b]" time="0.0025453567504882812"><system-out>b
</system-out></testcase><testcase classname="pytest_steps.tests.test_step_id_conflicts" file="pytest_steps/tests/test_step_id_conflicts.py" line="50" name="test_step_id_gen_mode_exact_conflict_with_param[b-a]" time="0.002269268035888672"><system-out>a
</system-out></testcase><testcase classname="pytest_steps.tests.test_step_id_conflicts" file="pytest_steps/tests/test_step_id_conflicts.py" line="50" name="test_step_id_gen_mode_exact_conflict_with_param[b-b]" time="0.0014636516571044922"><system-out>b
</system-out></testcase><testcase classname="pytest_steps.tests.test_step_id_conflicts" file="pytest_steps/tests/test_step_id_conflicts.py" line="59" name="test_step_id_gen_mode_exact_conflict_with_fixture[b-a]" time="0.0024166107177734375"><system-out>a
</system-out></testcase><testcase classname="pytest_steps.tests.test_step_id_conflicts" file="pytest_steps/tests/test_step_id_conflicts.py" line="59" name="test_step_id_gen_mode_exact_conflict_with_fixture[b-b]" time="0.002142190933227539"><system-out>b
</system-out></testcase><testcase classname="pytest_steps.tests.test_step_id_conflicts" file="pytest_steps/tests/test_step_id_conflicts.py" line="67" name="test_step_id_gen_mode_exact_conflict_with_param_and_fixture[b-a-a]" time="0.0022423267364501953"><system-out>a
</system-out></testcase><testcase classname="pytest_steps.tests.test_step_id_conflicts" file="pytest_steps/tests/test_step_id_conflicts.py" line="67" name="test_step_id_gen_mode_exact_conflict_with_param_and_fixture[b-a-b]" time="0.0026013851165771484"><system-out>b
</system-out></testcase><testcase classname="pytest_steps.tests.test_step_id_conflicts" file="pytest_steps/tests/test_step_id_conflicts.py" line="67" name="test_step_id_gen_mode_exact_conflict_with_param_and_fixture[b-b-a]" time="0.003020048141479492"><system-out>a
</system-out></testcase><testcase classname="pytest_steps.tests.test_step_id_conflicts" file="pytest_steps/tests/test_step_id_conflicts.py" line="67" name="test_step_id_gen_mode_exact_conflict_with_param_and_fixture[b-b-b]" time="0.00202178955078125"><system-out>b
</system-out></testcase><testcase classname="pytest_steps.tests.test_step_id_conflicts" file="pytest_steps/tests/test_step_id_conflicts.py" line="79" name="test_step_id_parametrize_mode_approx_conflict[p=a-a]" time="0.0028388500213623047"><system-out>a
</system-out></testcase><testcase classname="pytest_steps.tests.test_step_id_conflicts" file="pytest_steps/tests/test_step_id_conflicts.py" line="79" name="test_step_id_parametrize_mode_approx_conflict[p=a-b]" time="0.0017724037170410156"><system-out>b
</system-out></testcase><testcase classname="pytest_steps.tests.test_step_id_conflicts" file="pytest_steps/tests/test_step_id_conflicts.py" line="79" name="test_step_id_parametrize_mode_approx_conflict[p=b-a]" time="0.0016071796417236328"><system-out>a
</system-out></testcase><testcase classname="pytest_steps.tests.test_step_id_conflicts" file="pytest_steps/tests/test_step_id_conflicts.py" line="79" name="test_step_id_parametrize_mode_approx_conflict[p=b-b]" time="0.0013744831085205078"><system-out>b
</system-out></testcase><testcase classname="pytest_steps.tests.test_step_id_conflicts" file="pytest_steps/tests/test_step_id_conflicts.py" line="88" name="test_step_id_conflicts_parametrized2[1-p=a-a]" time="0.0019102096557617188"><system-out>a
</system-out></testcase><testcase classname="pytest_steps.tests.test_step_id_conflicts" file="pytest_steps/tests/test_step_id_conflicts.py" line="88" name="test_step_id_conflicts_parametrized2[1-p=a-b]" time="0.0018286705017089844"><system-out>b
</system-out></testcase><testcase classname="pytest_steps.tests.test_step_id_conflicts" file="pytest_steps/tests/test_step_id_conflicts.py" line="88" name="test_step_id_conflicts_parametrized2[1-p=b-a]" time="0.002026081085205078"><system-out>a
</system-out></testcase><testcase classname="pytest_steps.tests.test_step_id_conflicts" file="pytest_steps/tests/test_step_id_conflicts.py" line="88" name="test_step_id_conflicts_parametrized2[1-p=b-b]" time="0.0027573108673095703"><system-out>b
</system-out></testcase><testcase classname="pytest_steps.tests.test_step_id_conflicts" file="pytest_steps/tests/test_step_id_conflicts.py" line="97" name="test_step_id_conflicts_parametrized3[b-p=a-a]" time="0.0018987655639648438"><system-out>a
</system-out></testcase><testcase classname="pytest_steps.tests.test_step_id_conflicts" file="pytest_steps/tests/test_step_id_conflicts.py" line="97" name="test_step_id_conflicts_parametrized3[b-p=a-b]" time="0.0024144649505615234"><system-out>b
</system-out></testcase><testcase classname="pytest_steps.tests.test_step_id_conflicts" file="pytest_steps/tests/test_step_id_conflicts.py" line="97" name="test_step_id_conflicts_parametrized3[b-p=b-a]" time="0.002445220947265625"><system-out>a
</system-out></testcase><testcase classname="pytest_steps.tests.test_step_id_conflicts" file="pytest_steps/tests/test_step_id_conflicts.py" line="97" name="test_step_id_conflicts_parametrized3[b-p=b-b]" time="0.0019464492797851562"><system-out>b
</system-out></testcase><testcase classname="pytest_steps.tests.test_steps_harvest" file="pytest_steps/tests/test_steps_harvest.py" line="64" name="test_my_app_bench[A-1-train]" time="0.001873016357421875"></testcase><testcase classname="pytest_steps.tests.test_steps_harvest" file="pytest_steps/tests/test_steps_harvest.py" line="64" name="test_my_app_bench[A-1-score]" time="0.0017299652099609375"></testcase><testcase classname="pytest_steps.tests.test_steps_harvest" file="pytest_steps/tests/test_steps_harvest.py" line="64" name="test_my_app_bench[A-2-train]" time="0.0022847652435302734"></testcase><testcase classname="pytest_steps.tests.test_steps_harvest" file="pytest_steps/tests/test_steps_harvest.py" line="64" name="test_my_app_bench[A-2-score]" time="0.0017895698547363281"></testcase><testcase classname="pytest_steps.tests.test_steps_harvest" file="pytest_steps/tests/test_steps_harvest.py" line="64" name="test_my_app_bench[B-1-train]" time="0.002914905548095703"></testcase><testcase classname="pytest_steps.tests.test_steps_harvest" file="pytest_steps/tests/test_steps_harvest.py" line="64" name="test_my_app_bench[B-1-score]" time="0.00276947021484375"></testcase><testcase classname="pytest_steps.tests.test_steps_harvest" file="pytest_steps/tests/test_steps_harvest.py" line="64" name="test_my_app_bench[B-2-train]" time="0.0027008056640625"></testcase><testcase classname="pytest_steps.tests.test_steps_harvest" file="pytest_steps/tests/test_steps_harvest.py" line="64" name="test_my_app_bench[B-2-score]" time="0.0024313926696777344"></testcase><testcase classname="pytest_steps.tests.test_steps_harvest" file="pytest_steps/tests/test_steps_harvest.py" line="64" name="test_my_app_bench[C-1-train]" time="0.002694845199584961"></testcase><testcase classname="pytest_steps.tests.test_steps_harvest" file="pytest_steps/tests/test_steps_harvest.py" line="64" name="test_my_app_bench[C-1-score]" time="0.002896547317504883"></testcase><testcase classname="pytest_steps.tests.test_steps_harvest" file="pytest_steps/tests/test_steps_harvest.py" line="64" name="test_my_app_bench[C-2-train]" time="0.00250244140625"></testcase><testcase classname="pytest_steps.tests.test_steps_harvest" file="pytest_steps/tests/test_steps_harvest.py" line="64" name="test_my_app_bench[C-2-score]" time="0.00238037109375"></testcase><testcase classname="pytest_steps.tests.test_steps_harvest" file="pytest_steps/tests/test_steps_harvest.py" line="85" name="test_basic" time="0.0016231536865234375"></testcase><testcase classname="pytest_steps.tests.test_steps_harvest" file="pytest_steps/tests/test_steps_harvest.py" line="90" name="test_synthesis" time="0.06741142272949219"><system-out>
Keys:
test_my_app_bench[A-1-train]
test_my_app_bench[A-1-score]
test_my_app_bench[A-2-train]
test_my_app_bench[A-2-score]
test_my_app_bench[B-1-train]
test_my_app_bench[B-1-score]
test_my_app_bench[B-2-train]
test_my_app_bench[B-2-score]
test_my_app_bench[C-1-train]
test_my_app_bench[C-1-score]
test_my_app_bench[C-2-train]
test_my_app_bench[C-2-score]
test_basic

First node:
&apos;pytest_obj&apos;: &lt;function test_my_app_bench at 0x7f201ec73c80&gt;
&apos;status&apos;: &apos;passed&apos;
&apos;duration_ms&apos;: 0.3783702850341797
&apos;________step_name_&apos;: &apos;train&apos;
&apos;algo_param&apos;: 1
&apos;dataset&apos;: &apos;my dataset #A&apos;
&apos;accuracy&apos;: 0.1542083968909892

Pivoted table:
test_id                   algo_param  dataset        train/status      train/duration_ms    train/accuracy  score/status      score/duration_ms  -/status      -/duration_ms
----------------------  ------------  -------------  --------------  -------------------  ----------------  --------------  -------------------  ----------  ---------------
test_my_app_bench[A-1]             1  my dataset #A  passed                     0.37837         0.154208    passed                     0.319958  nan              nan
test_my_app_bench[A-2]             2  my dataset #A  passed                     0.309944        0.362523    passed                     0.362635  nan              nan
test_my_app_bench[B-1]             1  my dataset #B  passed                     0.421047        0.631788    passed                     0.33474   nan              nan
test_my_app_bench[B-2]             2  my dataset #B  passed                     0.348806        0.491629    passed                     0.326395  nan              nan
test_my_app_bench[C-1]             1  my dataset #C  passed                     0.36788         0.00200487  passed                     0.446796  nan              nan
test_my_app_bench[C-2]             2  my dataset #C  passed                     0.361204        0.0965068   passed                     0.311375  nan              nan
test_basic                       nan  nan            nan                      nan             nan           nan                      nan         passed             0.242949

Pivoted table (2):
test_id                   algo_param  dataset        train/status      train/duration_ms    train/accuracy  score/status      score/duration_ms  -/status      -/duration_ms
----------------------  ------------  -------------  --------------  -------------------  ----------------  --------------  -------------------  ----------  ---------------
test_my_app_bench[A-1]             1  my dataset #A  passed                     0.37837         0.154208    passed                     0.319958  nan              nan
test_my_app_bench[A-2]             2  my dataset #A  passed                     0.309944        0.362523    passed                     0.362635  nan              nan
test_my_app_bench[B-1]             1  my dataset #B  passed                     0.421047        0.631788    passed                     0.33474   nan              nan
test_my_app_bench[B-2]             2  my dataset #B  passed                     0.348806        0.491629    passed                     0.326395  nan              nan
test_my_app_bench[C-1]             1  my dataset #C  passed                     0.36788         0.00200487  passed                     0.446796  nan              nan
test_my_app_bench[C-2]             2  my dataset #C  passed                     0.361204        0.0965068   passed                     0.311375  nan              nan
test_basic                       nan  nan            nan                      nan             nan           nan                      nan         passed             0.242949
</system-out></testcase><testcase classname="pytest_steps.tests.test_steps_harvest" file="pytest_steps/tests/test_steps_harvest.py" line="185" name="test_synthesis_not_flat" time="0.0033249855041503906"></testcase></testsuite>