<?xml version="1.0" encoding="utf-8"?><testsuite errors="0" failures="0" name="pytest" skips="0" tests="88" time="1.625"><testcase classname="pytest_steps.tests.test_all" file="pytest_steps/tests/test_all.py" line="21" name="test_run_all_tests[test_wrapped_in_class.py]" time="0.04010176658630371"><system-out>
Testing that running pytest on file test_wrapped_in_class.py results in {&apos;skipped&apos;: 0, &apos;failed&apos;: 0, &apos;passed&apos;: 1}
============================= test session starts ==============================
platform linux -- Python 3.5.6, pytest-2.9.2, py-1.7.0, pluggy-0.3.1
rootdir: /tmp/pytest-of-travis/pytest-0/testdir/test_run_all_tests0, inifile: 
plugins: steps-1.5.0, logging-2015.11.4, html-1.9.0, harvest-1.4.2, faulthandler-1.5.0, cov-2.6.0
collected 1 items

test_run_all_tests.py .

=========================== 1 passed in 0.01 seconds ===========================
</system-out></testcase><testcase classname="pytest_steps.tests.test_all" file="pytest_steps/tests/test_all.py" line="21" name="test_run_all_tests[test_steps_parammode_with_results_complex.py]" time="0.060506343841552734"><system-out>
Testing that running pytest on file test_steps_parammode_with_results_complex.py results in {&apos;skipped&apos;: 0, &apos;failed&apos;: 0, &apos;passed&apos;: 16}
============================= test session starts ==============================
platform linux -- Python 3.5.6, pytest-2.9.2, py-1.7.0, pluggy-0.3.1
rootdir: /tmp/pytest-of-travis/pytest-0/testdir/test_run_all_tests1, inifile: 
plugins: steps-1.5.0, logging-2015.11.4, html-1.9.0, harvest-1.4.2, faulthandler-1.5.0, cov-2.6.0
collected 16 items

test_run_all_tests.py ................

========================== 16 passed in 0.03 seconds ===========================
</system-out></testcase><testcase classname="pytest_steps.tests.test_all" file="pytest_steps/tests/test_all.py" line="21" name="test_run_all_tests[test_steps_parammode_dependencies.py]" time="0.0977027416229248"><system-out>
Testing that running pytest on file test_steps_parammode_dependencies.py results in {&apos;skipped&apos;: 1, &apos;failed&apos;: 2, &apos;passed&apos;: 4}
============================= test session starts ==============================
platform linux -- Python 3.5.6, pytest-2.9.2, py-1.7.0, pluggy-0.3.1
rootdir: /tmp/pytest-of-travis/pytest-0/testdir/test_run_all_tests2, inifile: 
plugins: steps-1.5.0, logging-2015.11.4, html-1.9.0, harvest-1.4.2, faulthandler-1.5.0, cov-2.6.0
collected 7 items

test_run_all_tests.py .Fs..F.

=================================== FAILURES ===================================
________________________ test_suite_no_results[step_b] _________________________

request = &lt;FixtureRequest for &lt;Function &apos;test_suite_no_results[step_b]&apos;&gt;&gt;
test_step = &lt;function step_b at 0x7fb3ea416620&gt;

    @test_steps(step_a, step_b, step_c)
    def test_suite_no_results(request, test_step):
        &quot;&quot;&quot; In this test suite, the last step will be skipped because the second step failed (and there is a dependency) &quot;&quot;&quot;
    
        # Execute the step
&gt;       test_step()

test_run_all_tests.py:44: 
_ _ _ _ _ _ _ _ _ _ _ _ _ _ _ _ _ _ _ _ _ _ _ _ _ _ _ _ _ _ _ _ _ _ _ _ _ _ _ _ 

    def step_b():
        &quot;&quot;&quot; Step a of the test &quot;&quot;&quot;
    
        # perform this step
        print(&quot;step b&quot;)
&gt;       assert False
E       assert False

test_run_all_tests.py:27: AssertionError
----------------------------- Captured stdout call -----------------------------
step b
_____________________________ test_suite_1[step_b] _____________________________

request = &lt;FixtureRequest for &lt;Function &apos;test_suite_1[step_b]&apos;&gt;&gt;
test_step = &apos;step_b&apos;

&gt;   ???

&lt;decorator-gen-26&gt;:2: 
_ _ _ _ _ _ _ _ _ _ _ _ _ _ _ _ _ _ _ _ _ _ _ _ _ _ _ _ _ _ _ _ _ _ _ _ _ _ _ _ 
/home/travis/build/smarie/python-pytest-steps/pytest_steps/decorator_hack.py:167: in caller
    **kwargs)
/home/travis/build/smarie/python-pytest-steps/pytest_steps/steps_parametrizer.py:117: in our_wrapper
    return f(*args, **kwargs)
test_run_all_tests.py:73: in test_suite_1
    step_b()
_ _ _ _ _ _ _ _ _ _ _ _ _ _ _ _ _ _ _ _ _ _ _ _ _ _ _ _ _ _ _ _ _ _ _ _ _ _ _ _ 

    def step_b():
        &quot;&quot;&quot; Step a of the test &quot;&quot;&quot;
    
        # perform this step
        print(&quot;step b&quot;)
&gt;       assert False
E       assert False

test_run_all_tests.py:27: AssertionError
----------------------------- Captured stdout call -----------------------------
step b
================ 2 failed, 4 passed, 1 skipped in 0.07 seconds =================
</system-out></testcase><testcase classname="pytest_steps.tests.test_all" file="pytest_steps/tests/test_all.py" line="21" name="test_run_all_tests[test_steps_parammode_no_results.py]" time="0.03789496421813965"><system-out>
Testing that running pytest on file test_steps_parammode_no_results.py results in {&apos;skipped&apos;: 0, &apos;failed&apos;: 0, &apos;passed&apos;: 4}
============================= test session starts ==============================
platform linux -- Python 3.5.6, pytest-2.9.2, py-1.7.0, pluggy-0.3.1
rootdir: /tmp/pytest-of-travis/pytest-0/testdir/test_run_all_tests3, inifile: 
plugins: steps-1.5.0, logging-2015.11.4, html-1.9.0, harvest-1.4.2, faulthandler-1.5.0, cov-2.6.0
collected 4 items

test_run_all_tests.py ....

=========================== 4 passed in 0.01 seconds ===========================
</system-out></testcase><testcase classname="pytest_steps.tests.test_all" file="pytest_steps/tests/test_all.py" line="21" name="test_run_all_tests[test_steps_genmode.py]" time="0.19008708000183105"><system-out>
Testing that running pytest on file test_steps_genmode.py results in {&apos;skipped&apos;: 2, &apos;failed&apos;: 2, &apos;passed&apos;: 15}
============================= test session starts ==============================
platform linux -- Python 3.5.6, pytest-2.9.2, py-1.7.0, pluggy-0.3.1
rootdir: /tmp/pytest-of-travis/pytest-0/testdir/test_run_all_tests4, inifile: 
plugins: steps-1.5.0, logging-2015.11.4, html-1.9.0, harvest-1.4.2, faulthandler-1.5.0, cov-2.6.0
collected 19 items

test_run_all_tests.py .....Fs.Fs.........

=================================== FAILURES ===================================
________________ test_suite_exception_on_mandatory_step[step_b] ________________

request = &lt;FixtureRequest for &lt;Function &apos;test_suite_exception_on_mandatory_step[step_b]&apos;&gt;&gt;
________step_name_ = &apos;step_b&apos;

&gt;   ???

&lt;decorator-gen-30&gt;:2: 
_ _ _ _ _ _ _ _ _ _ _ _ _ _ _ _ _ _ _ _ _ _ _ _ _ _ _ _ _ _ _ _ _ _ _ _ _ _ _ _ 
/home/travis/build/smarie/python-pytest-steps/pytest_steps/decorator_hack.py:167: in caller
    **kwargs)
/home/travis/build/smarie/python-pytest-steps/pytest_steps/steps_generator.py:466: in step_function_wrapper
    steps_monitor.execute(step_name, *args, **kwargs)
/home/travis/build/smarie/python-pytest-steps/pytest_steps/steps_generator.py:284: in execute
    res = next(self.gen)
_ _ _ _ _ _ _ _ _ _ _ _ _ _ _ _ _ _ _ _ _ _ _ _ _ _ _ _ _ _ _ _ _ _ _ _ _ _ _ _ 

    @test_steps(&apos;step_a&apos;, &apos;step_b&apos;, &apos;step_c&apos;)
    def test_suite_exception_on_mandatory_step():
        &quot;&quot;&quot; &quot;&quot;&quot;
    
        # Step A
        print(&quot;step a&quot;)
        assert not False  # replace with your logic
        yield &apos;step_a&apos;
    
        # Step B
        print(&quot;step b&quot;)
&gt;       assert False  # replace with your logic
E       assert False

test_run_all_tests.py:59: AssertionError
----------------------------- Captured stdout call -----------------------------
step b
_______________ test_suite_optional_and_dependent_steps[step_b] ________________

request = &lt;FixtureRequest for &lt;Function &apos;test_suite_optional_and_dependent_steps[step_b]&apos;&gt;&gt;
________step_name_ = &apos;step_b&apos;

&gt;   ???

&lt;decorator-gen-31&gt;:2: 
_ _ _ _ _ _ _ _ _ _ _ _ _ _ _ _ _ _ _ _ _ _ _ _ _ _ _ _ _ _ _ _ _ _ _ _ _ _ _ _ 
/home/travis/build/smarie/python-pytest-steps/pytest_steps/decorator_hack.py:167: in caller
    **kwargs)
/home/travis/build/smarie/python-pytest-steps/pytest_steps/steps_generator.py:466: in step_function_wrapper
    steps_monitor.execute(step_name, *args, **kwargs)
/home/travis/build/smarie/python-pytest-steps/pytest_steps/steps_generator.py:306: in execute
    raise six.reraise(res.exec_result.exc_type, res.exec_result.exc_val, res.exec_result.tb)
/home/travis/miniconda/envs/test-environment/lib/python3.5/site-packages/six.py:693: in reraise
    raise value
_ _ _ _ _ _ _ _ _ _ _ _ _ _ _ _ _ _ _ _ _ _ _ _ _ _ _ _ _ _ _ _ _ _ _ _ _ _ _ _ 

    @test_steps(&apos;step_a&apos;, &apos;step_b&apos;, &apos;step_c&apos;, &apos;step_d&apos;)
    def test_suite_optional_and_dependent_steps():
        &quot;&quot;&quot; &quot;&quot;&quot;
    
        # Step A
        print(&quot;step a&quot;)
        assert not False
        yield &apos;step_a&apos;
    
        # Step B
        with optional_step(&apos;step_b&apos;) as step_b:
            print(&quot;step b&quot;)
&gt;           assert False
E           assert False

test_run_all_tests.py:80: AssertionError
----------------------------- Captured stdout call -----------------------------
step b
================ 2 failed, 15 passed, 2 skipped in 0.16 seconds ================
</system-out></testcase><testcase classname="pytest_steps.tests.test_all" file="pytest_steps/tests/test_all.py" line="21" name="test_run_all_tests[test_steps_parammode_stackoverflow2.py]" time="0.03645515441894531"><system-out>
Testing that running pytest on file test_steps_parammode_stackoverflow2.py results in {&apos;skipped&apos;: 0, &apos;failed&apos;: 0, &apos;passed&apos;: 3}
============================= test session starts ==============================
platform linux -- Python 3.5.6, pytest-2.9.2, py-1.7.0, pluggy-0.3.1
rootdir: /tmp/pytest-of-travis/pytest-0/testdir/test_run_all_tests5, inifile: 
plugins: steps-1.5.0, logging-2015.11.4, html-1.9.0, harvest-1.4.2, faulthandler-1.5.0, cov-2.6.0
collected 3 items

test_run_all_tests.py ...

=========================== 3 passed in 0.01 seconds ===========================
</system-out></testcase><testcase classname="pytest_steps.tests.test_all" file="pytest_steps/tests/test_all.py" line="21" name="test_run_all_tests[test_steps_parammode_with_results_basic.py]" time="0.04119157791137695"><system-out>
Testing that running pytest on file test_steps_parammode_with_results_basic.py results in {&apos;skipped&apos;: 0, &apos;failed&apos;: 0, &apos;passed&apos;: 4}
============================= test session starts ==============================
platform linux -- Python 3.5.6, pytest-2.9.2, py-1.7.0, pluggy-0.3.1
rootdir: /tmp/pytest-of-travis/pytest-0/testdir/test_run_all_tests6, inifile: 
plugins: steps-1.5.0, logging-2015.11.4, html-1.9.0, harvest-1.4.2, faulthandler-1.5.0, cov-2.6.0
collected 4 items

test_run_all_tests.py ....

=========================== 4 passed in 0.01 seconds ===========================
</system-out></testcase><testcase classname="pytest_steps.tests.test_all" file="pytest_steps/tests/test_all.py" line="21" name="test_run_all_tests[test_steps_genmode_does_not_change_order.py]" time="0.036144256591796875"><system-out>
Testing that running pytest on file test_steps_genmode_does_not_change_order.py results in {&apos;skipped&apos;: 0, &apos;failed&apos;: 0, &apos;passed&apos;: 3}
============================= test session starts ==============================
platform linux -- Python 3.5.6, pytest-2.9.2, py-1.7.0, pluggy-0.3.1
rootdir: /tmp/pytest-of-travis/pytest-0/testdir/test_run_all_tests7, inifile: 
plugins: steps-1.5.0, logging-2015.11.4, html-1.9.0, harvest-1.4.2, faulthandler-1.5.0, cov-2.6.0
collected 3 items

test_run_all_tests.py ...

=========================== 3 passed in 0.01 seconds ===========================
</system-out></testcase><testcase classname="pytest_steps.tests.test_all" file="pytest_steps/tests/test_all.py" line="21" name="test_run_all_tests[test_steps_parammode_stackoverflow.py]" time="0.03701448440551758"><system-out>
Testing that running pytest on file test_steps_parammode_stackoverflow.py results in {&apos;skipped&apos;: 0, &apos;failed&apos;: 0, &apos;passed&apos;: 3}
============================= test session starts ==============================
platform linux -- Python 3.5.6, pytest-2.9.2, py-1.7.0, pluggy-0.3.1
rootdir: /tmp/pytest-of-travis/pytest-0/testdir/test_run_all_tests8, inifile: 
plugins: steps-1.5.0, logging-2015.11.4, html-1.9.0, harvest-1.4.2, faulthandler-1.5.0, cov-2.6.0
collected 3 items

test_run_all_tests.py ...

=========================== 3 passed in 0.01 seconds ===========================
</system-out></testcase><testcase classname="pytest_steps.tests.test_all" file="pytest_steps/tests/test_all.py" line="21" name="test_run_all_tests[test_pytest_parametrization_capabilities.py]" time="0.059333086013793945"><system-out>
Testing that running pytest on file test_pytest_parametrization_capabilities.py results in {&apos;skipped&apos;: 0, &apos;failed&apos;: 0, &apos;passed&apos;: 16}
============================= test session starts ==============================
platform linux -- Python 3.5.6, pytest-2.9.2, py-1.7.0, pluggy-0.3.1
rootdir: /tmp/pytest-of-travis/pytest-0/testdir/test_run_all_tests9, inifile: 
plugins: steps-1.5.0, logging-2015.11.4, html-1.9.0, harvest-1.4.2, faulthandler-1.5.0, cov-2.6.0
collected 16 items

test_run_all_tests.py ................

========================== 16 passed in 0.03 seconds ===========================
</system-out></testcase><testcase classname="pytest_steps.tests.test_all" file="pytest_steps/tests/test_all.py" line="21" name="test_run_all_tests[test_steps_genmode_dependency_tree.py]" time="0.08691215515136719"><system-out>
Testing that running pytest on file test_steps_genmode_dependency_tree.py results in {&apos;skipped&apos;: 5, &apos;failed&apos;: 1, &apos;passed&apos;: 8}
============================= test session starts ==============================
platform linux -- Python 3.5.6, pytest-2.9.2, py-1.7.0, pluggy-0.3.1
rootdir: /tmp/pytest-of-travis/pytest-0/testdir/test_run_all_tests10, inifile: 
plugins: steps-1.5.0, logging-2015.11.4, html-1.9.0, harvest-1.4.2, faulthandler-1.5.0, cov-2.6.0
collected 14 items

test_run_all_tests.py ....Fs....ssss

=================================== FAILURES ===================================
_____________________________ test_3_4[p=b-step3] ______________________________

request = &lt;FixtureRequest for &lt;Function &apos;test_3_4[p=b-step3]&apos;&gt;&gt;
________step_name_ = &apos;step3&apos;, p = &apos;b&apos;
results_dct = {&apos;step1&apos;: 1, &apos;step2&apos;: &apos;hello&apos;, &apos;step3&apos;: {&apos;a&apos;: &apos;bla&apos;, &apos;b&apos;: &apos;bla&apos;}, &apos;step4&apos;: {&apos;a&apos;: &apos;blabla&apos;}}

&gt;   ???

&lt;decorator-gen-44&gt;:2: 
_ _ _ _ _ _ _ _ _ _ _ _ _ _ _ _ _ _ _ _ _ _ _ _ _ _ _ _ _ _ _ _ _ _ _ _ _ _ _ _ 
/home/travis/build/smarie/python-pytest-steps/pytest_steps/decorator_hack.py:167: in caller
    **kwargs)
/home/travis/build/smarie/python-pytest-steps/pytest_steps/steps_generator.py:466: in step_function_wrapper
    steps_monitor.execute(step_name, *args, **kwargs)
/home/travis/build/smarie/python-pytest-steps/pytest_steps/steps_generator.py:284: in execute
    res = next(self.gen)
_ _ _ _ _ _ _ _ _ _ _ _ _ _ _ _ _ _ _ _ _ _ _ _ _ _ _ _ _ _ _ _ _ _ _ _ _ _ _ _ 

p = &apos;b&apos;
results_dct = {&apos;step1&apos;: 1, &apos;step2&apos;: &apos;hello&apos;, &apos;step3&apos;: {&apos;a&apos;: &apos;bla&apos;, &apos;b&apos;: &apos;bla&apos;}, &apos;step4&apos;: {&apos;a&apos;: &apos;blabla&apos;}}

    @test_steps(&apos;step3&apos;, &apos;step4&apos;)
    @pytest.mark.parametrize(&apos;p&apos;, [&apos;a&apos;, &apos;b&apos;], ids=&quot;p={}&quot;.format)
    def test_3_4(p, results_dct):
        if &apos;step2&apos; not in results_dct:
            pytest.skip(&quot;Can not start step 3: step 2 has not run successfuly&quot;)
        # step 3
        results_dct.setdefault(&apos;step3&apos;, dict())[p] = &apos;bla&apos;
        if p == &apos;b&apos;:
&gt;           assert False
E           assert False

test_run_all_tests.py:33: AssertionError
================ 1 failed, 8 passed, 5 skipped in 0.06 seconds =================
</system-out></testcase><testcase classname="pytest_steps.tests.test_cross_steps_fixture" file="pytest_steps/tests/test_cross_steps_fixture.py" line="17" name="test_gen_mode[0-a]" time="0.0015866756439208984"><system-out>hello
</system-out></testcase><testcase classname="pytest_steps.tests.test_cross_steps_fixture" file="pytest_steps/tests/test_cross_steps_fixture.py" line="17" name="test_gen_mode[0-b]" time="0.0016078948974609375"><system-out>world
</system-out></testcase><testcase classname="pytest_steps.tests.test_cross_steps_fixture" file="pytest_steps/tests/test_cross_steps_fixture.py" line="34" name="test_params_mode[0-step_a]" time="0.0017325878143310547"><system-out>hello
</system-out></testcase><testcase classname="pytest_steps.tests.test_cross_steps_fixture" file="pytest_steps/tests/test_cross_steps_fixture.py" line="34" name="test_params_mode[0-step_b]" time="0.0016505718231201172"><system-out>world
</system-out></testcase><testcase classname="pytest_steps.tests.test_cross_steps_fixture" file="pytest_steps/tests/test_cross_steps_fixture.py" line="40" name="test_fixture_has_been_called_once_per_fun" time="0.0008895397186279297"></testcase><testcase classname="pytest_steps.tests.test_decorator" file="pytest_steps/tests/test_decorator.py" line="28" name="test_normal_normal" time="0.0016608238220214844"><system-out>0
1
2
3
4
5
6
7
8
9
</system-out></testcase><testcase classname="pytest_steps.tests.test_decorator" file="pytest_steps/tests/test_decorator.py" line="38" name="test_normal_gen" time="0.0015895366668701172"><system-out>0
1
2
3
4
5
6
7
8
9
</system-out></testcase><testcase classname="pytest_steps.tests.test_decorator" file="pytest_steps/tests/test_decorator.py" line="51" name="test_gen_gen" time="0.0009188652038574219"><system-out>0
</system-out></testcase><testcase classname="pytest_steps.tests.test_decorator" file="pytest_steps/tests/test_decorator.py" line="62" name="test_gen_normal" time="0.0009765625"><system-out>0
1
2
3
4
5
6
7
8
9
</system-out></testcase><testcase classname="pytest_steps.tests.test_docs_example_manual_call" file="pytest_steps/tests/test_docs_example_manual_call.py" line="5" name="test_dummy_gen[first]" time="0.0013337135314941406"><system-out>hello
</system-out></testcase><testcase classname="pytest_steps.tests.test_docs_example_manual_call" file="pytest_steps/tests/test_docs_example_manual_call.py" line="5" name="test_dummy_gen[second]" time="0.0016865730285644531"><system-out>world
</system-out></testcase><testcase classname="pytest_steps.tests.test_docs_example_manual_call" file="pytest_steps/tests/test_docs_example_manual_call.py" line="22" name="test_dummy_param_deps[first]" time="0.0020380020141601562"><system-out>hello
</system-out></testcase><testcase classname="pytest_steps.tests.test_docs_example_manual_call" file="pytest_steps/tests/test_docs_example_manual_call.py" line="22" name="test_dummy_param_deps[second]" time="0.0011017322540283203"><system-out>world
</system-out></testcase><testcase classname="pytest_steps.tests.test_docs_example_manual_call" file="pytest_steps/tests/test_docs_example_manual_call.py" line="27" name="test_dummy_param[first]" time="0.0011925697326660156"><system-out>hello
</system-out></testcase><testcase classname="pytest_steps.tests.test_docs_example_manual_call" file="pytest_steps/tests/test_docs_example_manual_call.py" line="27" name="test_dummy_param[second]" time="0.0012445449829101562"><system-out>world
</system-out></testcase><testcase classname="pytest_steps.tests.test_docs_example_manual_call" file="pytest_steps/tests/test_docs_example_manual_call.py" line="35" name="test_manual_call[test_dummy_gen]" time="0.006536722183227539"><system-out>Help on function test_dummy_gen in module pytest_steps.tests.test_docs_example_manual_call:

test_dummy_gen(request, ________step_name_)

None
hello
world
hello
hello
world
</system-out></testcase><testcase classname="pytest_steps.tests.test_docs_example_manual_call" file="pytest_steps/tests/test_docs_example_manual_call.py" line="35" name="test_manual_call[test_dummy_param_deps]" time="0.0024750232696533203"><system-out>Help on function test_dummy_param_deps in module pytest_steps.tests.test_docs_example_manual_call:

test_dummy_param_deps(request, test_step)

None
hello
world
hello
hello
world
world
</system-out></testcase><testcase classname="pytest_steps.tests.test_docs_example_manual_call" file="pytest_steps/tests/test_docs_example_manual_call.py" line="35" name="test_manual_call[test_dummy_param]" time="0.0029287338256835938"><system-out>Help on function test_dummy_param in module pytest_steps.tests.test_docs_example_manual_call:

test_dummy_param(request, test_step)

None
hello
world
hello
hello
world
world
</system-out></testcase><testcase classname="pytest_steps.tests.test_docs_example_with_harvest" file="pytest_steps/tests/test_docs_example_with_harvest.py" line="32" name="test_my_app_bench[A-1-train]" time="0.0024459362030029297"></testcase><testcase classname="pytest_steps.tests.test_docs_example_with_harvest" file="pytest_steps/tests/test_docs_example_with_harvest.py" line="32" name="test_my_app_bench[A-1-score]" time="0.002287626266479492"></testcase><testcase classname="pytest_steps.tests.test_docs_example_with_harvest" file="pytest_steps/tests/test_docs_example_with_harvest.py" line="32" name="test_my_app_bench[A-2-train]" time="0.001500844955444336"></testcase><testcase classname="pytest_steps.tests.test_docs_example_with_harvest" file="pytest_steps/tests/test_docs_example_with_harvest.py" line="32" name="test_my_app_bench[A-2-score]" time="0.0012378692626953125"></testcase><testcase classname="pytest_steps.tests.test_docs_example_with_harvest" file="pytest_steps/tests/test_docs_example_with_harvest.py" line="32" name="test_my_app_bench[B-1-train]" time="0.0017900466918945312"></testcase><testcase classname="pytest_steps.tests.test_docs_example_with_harvest" file="pytest_steps/tests/test_docs_example_with_harvest.py" line="32" name="test_my_app_bench[B-1-score]" time="0.001672506332397461"></testcase><testcase classname="pytest_steps.tests.test_docs_example_with_harvest" file="pytest_steps/tests/test_docs_example_with_harvest.py" line="32" name="test_my_app_bench[B-2-train]" time="0.0023772716522216797"></testcase><testcase classname="pytest_steps.tests.test_docs_example_with_harvest" file="pytest_steps/tests/test_docs_example_with_harvest.py" line="32" name="test_my_app_bench[B-2-score]" time="0.0015902519226074219"></testcase><testcase classname="pytest_steps.tests.test_docs_example_with_harvest" file="pytest_steps/tests/test_docs_example_with_harvest.py" line="32" name="test_my_app_bench[C-1-train]" time="0.001569986343383789"></testcase><testcase classname="pytest_steps.tests.test_docs_example_with_harvest" file="pytest_steps/tests/test_docs_example_with_harvest.py" line="32" name="test_my_app_bench[C-1-score]" time="0.0017230510711669922"></testcase><testcase classname="pytest_steps.tests.test_docs_example_with_harvest" file="pytest_steps/tests/test_docs_example_with_harvest.py" line="32" name="test_my_app_bench[C-2-train]" time="0.0013997554779052734"></testcase><testcase classname="pytest_steps.tests.test_docs_example_with_harvest" file="pytest_steps/tests/test_docs_example_with_harvest.py" line="32" name="test_my_app_bench[C-2-score]" time="0.0018389225006103516"></testcase><testcase classname="pytest_steps.tests.test_docs_example_with_harvest" file="pytest_steps/tests/test_docs_example_with_harvest.py" line="53" name="test_synthesis_df" time="0.07921075820922852"><system-out>
   `module_results_df` dataframe:

                                status    ...     accuracy
test_id                step_id            ...             
test_my_app_bench[A-1] train    passed    ...          NaN
                       score    passed    ...     0.480814
test_my_app_bench[A-2] train    passed    ...          NaN
                       score    passed    ...     0.140204
test_my_app_bench[B-1] train    passed    ...          NaN
                       score    passed    ...     0.080370
test_my_app_bench[B-2] train    passed    ...          NaN
                       score    passed    ...     0.616022
test_my_app_bench[C-1] train    passed    ...          NaN
                       score    passed    ...     0.363745
test_my_app_bench[C-2] train    passed    ...          NaN
                       score    passed    ...     0.764876

[12 rows x 6 columns]
                                     status      duration_ms    algo_param  dataset_param    dataset           accuracy
-----------------------------------  --------  -------------  ------------  ---------------  -------------  -----------
(&apos;test_my_app_bench[A-1]&apos;, &apos;train&apos;)  passed         0.474453             1  A                my dataset #A  nan
(&apos;test_my_app_bench[A-1]&apos;, &apos;score&apos;)  passed         0.951767             1  A                my dataset #A    0.480814
(&apos;test_my_app_bench[A-2]&apos;, &apos;train&apos;)  passed         0.541925             2  A                my dataset #A  nan
(&apos;test_my_app_bench[A-2]&apos;, &apos;score&apos;)  passed         0.287294             2  A                my dataset #A    0.140204
(&apos;test_my_app_bench[B-1]&apos;, &apos;train&apos;)  passed         0.359535             1  B                my dataset #B  nan
(&apos;test_my_app_bench[B-1]&apos;, &apos;score&apos;)  passed         0.348806             1  B                my dataset #B    0.0803697
(&apos;test_my_app_bench[B-2]&apos;, &apos;train&apos;)  passed         1.06215              2  B                my dataset #B  nan
(&apos;test_my_app_bench[B-2]&apos;, &apos;score&apos;)  passed         0.420809             2  B                my dataset #B    0.616022
(&apos;test_my_app_bench[C-1]&apos;, &apos;train&apos;)  passed         0.365973             1  C                my dataset #C  nan
(&apos;test_my_app_bench[C-1]&apos;, &apos;score&apos;)  passed         0.430822             1  C                my dataset #C    0.363745
(&apos;test_my_app_bench[C-2]&apos;, &apos;train&apos;)  passed         0.313759             2  C                my dataset #C  nan
(&apos;test_my_app_bench[C-2]&apos;, &apos;score&apos;)  passed         0.422001             2  C                my dataset #C    0.764876

   `module_results_df_steps_pivoted` dataframe:

                        algo_param      ...       score/accuracy
test_id                                 ...                     
test_my_app_bench[A-1]           1      ...             0.480814
test_my_app_bench[A-2]           2      ...             0.140204
test_my_app_bench[B-1]           1      ...             0.080370
test_my_app_bench[B-2]           2      ...             0.616022
test_my_app_bench[C-1]           1      ...             0.363745
test_my_app_bench[C-2]           2      ...             0.764876

[6 rows x 8 columns]
test_id                   algo_param  dataset_param    dataset        train/status      train/duration_ms  score/status      score/duration_ms    score/accuracy
----------------------  ------------  ---------------  -------------  --------------  -------------------  --------------  -------------------  ----------------
test_my_app_bench[A-1]             1  A                my dataset #A  passed                     0.474453  passed                     0.951767         0.480814
test_my_app_bench[A-2]             2  A                my dataset #A  passed                     0.541925  passed                     0.287294         0.140204
test_my_app_bench[B-1]             1  B                my dataset #B  passed                     0.359535  passed                     0.348806         0.0803697
test_my_app_bench[B-2]             2  B                my dataset #B  passed                     1.06215   passed                     0.420809         0.616022
test_my_app_bench[C-1]             1  C                my dataset #C  passed                     0.365973  passed                     0.430822         0.363745
test_my_app_bench[C-2]             2  C                my dataset #C  passed                     0.313759  passed                     0.422001         0.764876
</system-out><system-err>/home/travis/miniconda/envs/test-environment/lib/python3.5/site-packages/pandas/core/reshape/merge.py:544: UserWarning: merging between different levels can give an unintended result (1 levels on the left, 2 on the right)
  warnings.warn(msg, UserWarning)
</system-err></testcase><testcase classname="pytest_steps.tests.test_step_id_conflicts" file="pytest_steps/tests/test_step_id_conflicts.py" line="26" name="test_step_id_gen_mode_approx_conflict_params[p=a-a]" time="0.0021164417266845703"></testcase><testcase classname="pytest_steps.tests.test_step_id_conflicts" file="pytest_steps/tests/test_step_id_conflicts.py" line="26" name="test_step_id_gen_mode_approx_conflict_params[p=a-b]" time="0.002293109893798828"></testcase><testcase classname="pytest_steps.tests.test_step_id_conflicts" file="pytest_steps/tests/test_step_id_conflicts.py" line="26" name="test_step_id_gen_mode_approx_conflict_params[p=b-a]" time="0.0014796257019042969"></testcase><testcase classname="pytest_steps.tests.test_step_id_conflicts" file="pytest_steps/tests/test_step_id_conflicts.py" line="26" name="test_step_id_gen_mode_approx_conflict_params[p=b-b]" time="0.0015120506286621094"></testcase><testcase classname="pytest_steps.tests.test_step_id_conflicts" file="pytest_steps/tests/test_step_id_conflicts.py" line="33" name="test_step_id_gen_mode_approx_conflict_fixture[hello-b-foo-a]" time="0.0018908977508544922"></testcase><testcase classname="pytest_steps.tests.test_step_id_conflicts" file="pytest_steps/tests/test_step_id_conflicts.py" line="33" name="test_step_id_gen_mode_approx_conflict_fixture[hello-b-foo-b]" time="0.0013532638549804688"></testcase><testcase classname="pytest_steps.tests.test_step_id_conflicts" file="pytest_steps/tests/test_step_id_conflicts.py" line="39" name="test_step_id_gen_mode_approx_conflict_params_and_no_conflict_fixture[1-p=a-a]" time="0.001125335693359375"><system-out>a
</system-out></testcase><testcase classname="pytest_steps.tests.test_step_id_conflicts" file="pytest_steps/tests/test_step_id_conflicts.py" line="39" name="test_step_id_gen_mode_approx_conflict_params_and_no_conflict_fixture[1-p=a-b]" time="0.000972747802734375"><system-out>b
</system-out></testcase><testcase classname="pytest_steps.tests.test_step_id_conflicts" file="pytest_steps/tests/test_step_id_conflicts.py" line="39" name="test_step_id_gen_mode_approx_conflict_params_and_no_conflict_fixture[1-p=b-a]" time="0.0011289119720458984"><system-out>a
</system-out></testcase><testcase classname="pytest_steps.tests.test_step_id_conflicts" file="pytest_steps/tests/test_step_id_conflicts.py" line="39" name="test_step_id_gen_mode_approx_conflict_params_and_no_conflict_fixture[1-p=b-b]" time="0.0012173652648925781"><system-out>b
</system-out></testcase><testcase classname="pytest_steps.tests.test_step_id_conflicts" file="pytest_steps/tests/test_step_id_conflicts.py" line="50" name="test_step_id_gen_mode_exact_conflict_with_param[a-a]" time="0.0014646053314208984"><system-out>a
</system-out></testcase><testcase classname="pytest_steps.tests.test_step_id_conflicts" file="pytest_steps/tests/test_step_id_conflicts.py" line="50" name="test_step_id_gen_mode_exact_conflict_with_param[a-b]" time="0.0015311241149902344"><system-out>b
</system-out></testcase><testcase classname="pytest_steps.tests.test_step_id_conflicts" file="pytest_steps/tests/test_step_id_conflicts.py" line="50" name="test_step_id_gen_mode_exact_conflict_with_param[b-a]" time="0.0013976097106933594"><system-out>a
</system-out></testcase><testcase classname="pytest_steps.tests.test_step_id_conflicts" file="pytest_steps/tests/test_step_id_conflicts.py" line="50" name="test_step_id_gen_mode_exact_conflict_with_param[b-b]" time="0.0015745162963867188"><system-out>b
</system-out></testcase><testcase classname="pytest_steps.tests.test_step_id_conflicts" file="pytest_steps/tests/test_step_id_conflicts.py" line="59" name="test_step_id_gen_mode_exact_conflict_with_fixture[b-a]" time="0.0010139942169189453"><system-out>a
</system-out></testcase><testcase classname="pytest_steps.tests.test_step_id_conflicts" file="pytest_steps/tests/test_step_id_conflicts.py" line="59" name="test_step_id_gen_mode_exact_conflict_with_fixture[b-b]" time="0.0008897781372070312"><system-out>b
</system-out></testcase><testcase classname="pytest_steps.tests.test_step_id_conflicts" file="pytest_steps/tests/test_step_id_conflicts.py" line="67" name="test_step_id_gen_mode_exact_conflict_with_param_and_fixture[b-a-a]" time="0.0010335445404052734"><system-out>a
</system-out></testcase><testcase classname="pytest_steps.tests.test_step_id_conflicts" file="pytest_steps/tests/test_step_id_conflicts.py" line="67" name="test_step_id_gen_mode_exact_conflict_with_param_and_fixture[b-a-b]" time="0.0018115043640136719"><system-out>b
</system-out></testcase><testcase classname="pytest_steps.tests.test_step_id_conflicts" file="pytest_steps/tests/test_step_id_conflicts.py" line="67" name="test_step_id_gen_mode_exact_conflict_with_param_and_fixture[b-b-a]" time="0.0016613006591796875"><system-out>a
</system-out></testcase><testcase classname="pytest_steps.tests.test_step_id_conflicts" file="pytest_steps/tests/test_step_id_conflicts.py" line="67" name="test_step_id_gen_mode_exact_conflict_with_param_and_fixture[b-b-b]" time="0.0013997554779052734"><system-out>b
</system-out></testcase><testcase classname="pytest_steps.tests.test_step_id_conflicts" file="pytest_steps/tests/test_step_id_conflicts.py" line="79" name="test_step_id_parametrize_mode_approx_conflict[p=a-a]" time="0.0012924671173095703"><system-out>a
</system-out></testcase><testcase classname="pytest_steps.tests.test_step_id_conflicts" file="pytest_steps/tests/test_step_id_conflicts.py" line="79" name="test_step_id_parametrize_mode_approx_conflict[p=a-b]" time="0.0016753673553466797"><system-out>b
</system-out></testcase><testcase classname="pytest_steps.tests.test_step_id_conflicts" file="pytest_steps/tests/test_step_id_conflicts.py" line="79" name="test_step_id_parametrize_mode_approx_conflict[p=b-a]" time="0.001024484634399414"><system-out>a
</system-out></testcase><testcase classname="pytest_steps.tests.test_step_id_conflicts" file="pytest_steps/tests/test_step_id_conflicts.py" line="79" name="test_step_id_parametrize_mode_approx_conflict[p=b-b]" time="0.0009849071502685547"><system-out>b
</system-out></testcase><testcase classname="pytest_steps.tests.test_step_id_conflicts" file="pytest_steps/tests/test_step_id_conflicts.py" line="88" name="test_step_id_conflicts_parametrized2[1-p=a-a]" time="0.001135110855102539"><system-out>a
</system-out></testcase><testcase classname="pytest_steps.tests.test_step_id_conflicts" file="pytest_steps/tests/test_step_id_conflicts.py" line="88" name="test_step_id_conflicts_parametrized2[1-p=a-b]" time="0.0013344287872314453"><system-out>b
</system-out></testcase><testcase classname="pytest_steps.tests.test_step_id_conflicts" file="pytest_steps/tests/test_step_id_conflicts.py" line="88" name="test_step_id_conflicts_parametrized2[1-p=b-a]" time="0.0014493465423583984"><system-out>a
</system-out></testcase><testcase classname="pytest_steps.tests.test_step_id_conflicts" file="pytest_steps/tests/test_step_id_conflicts.py" line="88" name="test_step_id_conflicts_parametrized2[1-p=b-b]" time="0.0014421939849853516"><system-out>b
</system-out></testcase><testcase classname="pytest_steps.tests.test_step_id_conflicts" file="pytest_steps/tests/test_step_id_conflicts.py" line="97" name="test_step_id_conflicts_parametrized3[b-p=a-a]" time="0.0012903213500976562"><system-out>a
</system-out></testcase><testcase classname="pytest_steps.tests.test_step_id_conflicts" file="pytest_steps/tests/test_step_id_conflicts.py" line="97" name="test_step_id_conflicts_parametrized3[b-p=a-b]" time="0.0019125938415527344"><system-out>b
</system-out></testcase><testcase classname="pytest_steps.tests.test_step_id_conflicts" file="pytest_steps/tests/test_step_id_conflicts.py" line="97" name="test_step_id_conflicts_parametrized3[b-p=b-a]" time="0.0015218257904052734"><system-out>a
</system-out></testcase><testcase classname="pytest_steps.tests.test_step_id_conflicts" file="pytest_steps/tests/test_step_id_conflicts.py" line="97" name="test_step_id_conflicts_parametrized3[b-p=b-b]" time="0.0010027885437011719"><system-out>b
</system-out></testcase><testcase classname="pytest_steps.tests.test_steps_harvest" file="pytest_steps/tests/test_steps_harvest.py" line="32" name="test_my_app_bench[A-1-train]" time="0.001382589340209961"></testcase><testcase classname="pytest_steps.tests.test_steps_harvest" file="pytest_steps/tests/test_steps_harvest.py" line="32" name="test_my_app_bench[A-1-score]" time="0.0016241073608398438"></testcase><testcase classname="pytest_steps.tests.test_steps_harvest" file="pytest_steps/tests/test_steps_harvest.py" line="32" name="test_my_app_bench[A-2-train]" time="0.002301931381225586"></testcase><testcase classname="pytest_steps.tests.test_steps_harvest" file="pytest_steps/tests/test_steps_harvest.py" line="32" name="test_my_app_bench[A-2-score]" time="0.0013957023620605469"></testcase><testcase classname="pytest_steps.tests.test_steps_harvest" file="pytest_steps/tests/test_steps_harvest.py" line="32" name="test_my_app_bench[B-1-train]" time="0.001485586166381836"></testcase><testcase classname="pytest_steps.tests.test_steps_harvest" file="pytest_steps/tests/test_steps_harvest.py" line="32" name="test_my_app_bench[B-1-score]" time="0.0014781951904296875"></testcase><testcase classname="pytest_steps.tests.test_steps_harvest" file="pytest_steps/tests/test_steps_harvest.py" line="32" name="test_my_app_bench[B-2-train]" time="0.0015456676483154297"></testcase><testcase classname="pytest_steps.tests.test_steps_harvest" file="pytest_steps/tests/test_steps_harvest.py" line="32" name="test_my_app_bench[B-2-score]" time="0.001422882080078125"></testcase><testcase classname="pytest_steps.tests.test_steps_harvest" file="pytest_steps/tests/test_steps_harvest.py" line="32" name="test_my_app_bench[C-1-train]" time="0.0011911392211914062"></testcase><testcase classname="pytest_steps.tests.test_steps_harvest" file="pytest_steps/tests/test_steps_harvest.py" line="32" name="test_my_app_bench[C-1-score]" time="0.0021944046020507812"></testcase><testcase classname="pytest_steps.tests.test_steps_harvest" file="pytest_steps/tests/test_steps_harvest.py" line="32" name="test_my_app_bench[C-2-train]" time="0.0019774436950683594"></testcase><testcase classname="pytest_steps.tests.test_steps_harvest" file="pytest_steps/tests/test_steps_harvest.py" line="32" name="test_my_app_bench[C-2-score]" time="0.0016369819641113281"></testcase><testcase classname="pytest_steps.tests.test_steps_harvest" file="pytest_steps/tests/test_steps_harvest.py" line="53" name="test_basic" time="0.0007462501525878906"></testcase><testcase classname="pytest_steps.tests.test_steps_harvest" file="pytest_steps/tests/test_steps_harvest.py" line="58" name="test_synthesis" time="0.03420066833496094"><system-out>test_id                   algo_param  dataset_param    dataset        train/status      train/duration_ms  score/status      score/duration_ms    score/accuracy  -/status      -/duration_ms
----------------------  ------------  ---------------  -------------  --------------  -------------------  --------------  -------------------  ----------------  ----------  ---------------
test_my_app_bench[A-1]             1  A                my dataset #A  passed                     0.337839  passed                     0.389576        0.3011      nan              nan
test_my_app_bench[A-2]             2  A                my dataset #A  passed                     0.478745  passed                     0.252962        0.335944    nan              nan
test_my_app_bench[B-1]             1  B                my dataset #B  passed                     0.22769   passed                     0.315189        0.413873    nan              nan
test_my_app_bench[B-2]             2  B                my dataset #B  passed                     0.181675  passed                     0.258684        0.0950557   nan              nan
test_my_app_bench[C-1]             1  C                my dataset #C  passed                     0.27132   passed                     0.501871        0.00952353  nan              nan
test_my_app_bench[C-2]             2  C                my dataset #C  passed                     0.515461  passed                     0.176668        0.72431     nan              nan
test_basic                       nan  nan              nan            nan                      nan         nan                      nan             nan           passed             0.180483
</system-out></testcase></testsuite>