<?xml version="1.0" encoding="utf-8"?><testsuite errors="0" failures="0" name="pytest" skips="0" tests="88" time="2.275"><testcase classname="pytest_steps.tests.test_all" file="pytest_steps/tests/test_all.py" line="21" name="test_run_all_tests[test_wrapped_in_class.py]" time="0.06842875480651855"><system-out>
Testing that running pytest on file test_wrapped_in_class.py results in {&apos;skipped&apos;: 0, &apos;passed&apos;: 1, &apos;failed&apos;: 0}
============================= test session starts ==============================
platform linux -- Python 3.5.6, pytest-3.10.1, py-1.7.0, pluggy-0.8.0
rootdir: /tmp/pytest-of-travis/pytest-0/test_run_all_tests0, inifile:
plugins: steps-1.5.2, metadata-1.8.0, html-1.19.0, harvest-1.4.3, faulthandler-1.5.0, cov-2.6.0
collected 1 item

test_run_all_tests.py .                                                  [100%]

=========================== 1 passed in 0.02 seconds ===========================
</system-out></testcase><testcase classname="pytest_steps.tests.test_all" file="pytest_steps/tests/test_all.py" line="21" name="test_run_all_tests[test_steps_parammode_with_results_complex.py]" time="0.10745739936828613"><system-out>
Testing that running pytest on file test_steps_parammode_with_results_complex.py results in {&apos;skipped&apos;: 0, &apos;passed&apos;: 16, &apos;failed&apos;: 0}
============================= test session starts ==============================
platform linux -- Python 3.5.6, pytest-3.10.1, py-1.7.0, pluggy-0.8.0
rootdir: /tmp/pytest-of-travis/pytest-0/test_run_all_tests1, inifile:
plugins: steps-1.5.2, metadata-1.8.0, html-1.19.0, harvest-1.4.3, faulthandler-1.5.0, cov-2.6.0
collected 16 items

test_run_all_tests.py ................                                   [100%]

========================== 16 passed in 0.06 seconds ===========================
</system-out></testcase><testcase classname="pytest_steps.tests.test_all" file="pytest_steps/tests/test_all.py" line="21" name="test_run_all_tests[test_steps_parammode_dependencies.py]" time="0.16864728927612305"><system-out>
Testing that running pytest on file test_steps_parammode_dependencies.py results in {&apos;skipped&apos;: 1, &apos;passed&apos;: 4, &apos;failed&apos;: 2}
============================= test session starts ==============================
platform linux -- Python 3.5.6, pytest-3.10.1, py-1.7.0, pluggy-0.8.0
rootdir: /tmp/pytest-of-travis/pytest-0/test_run_all_tests2, inifile:
plugins: steps-1.5.2, metadata-1.8.0, html-1.19.0, harvest-1.4.3, faulthandler-1.5.0, cov-2.6.0
collected 7 items

test_run_all_tests.py .Fs..F.                                            [100%]

=================================== FAILURES ===================================
________________________ test_suite_no_results[step_b] _________________________

request = &lt;FixtureRequest for &lt;Function &apos;test_suite_no_results[step_b]&apos;&gt;&gt;
test_step = &lt;function step_b at 0x7f6a7be58510&gt;

    @test_steps(step_a, step_b, step_c)
    def test_suite_no_results(request, test_step):
        &quot;&quot;&quot; In this test suite, the last step will be skipped because the second step failed (and there is a dependency) &quot;&quot;&quot;
    
        # Execute the step
&gt;       test_step()

test_run_all_tests.py:44: 
_ _ _ _ _ _ _ _ _ _ _ _ _ _ _ _ _ _ _ _ _ _ _ _ _ _ _ _ _ _ _ _ _ _ _ _ _ _ _ _ 

    def step_b():
        &quot;&quot;&quot; Step a of the test &quot;&quot;&quot;
    
        # perform this step
        print(&quot;step b&quot;)
&gt;       assert False
E       assert False

test_run_all_tests.py:27: AssertionError
----------------------------- Captured stdout call -----------------------------
step b
_____________________________ test_suite_1[step_b] _____________________________

request = &lt;FixtureRequest for &lt;Function &apos;test_suite_1[step_b]&apos;&gt;&gt;
test_step = &apos;step_b&apos;

&gt;   ???

&lt;decorator-gen-26&gt;:2: 
_ _ _ _ _ _ _ _ _ _ _ _ _ _ _ _ _ _ _ _ _ _ _ _ _ _ _ _ _ _ _ _ _ _ _ _ _ _ _ _ 
/home/travis/build/smarie/python-pytest-steps/pytest_steps/decorator_hack.py:167: in caller
    **kwargs)
/home/travis/build/smarie/python-pytest-steps/pytest_steps/steps_parametrizer.py:117: in our_wrapper
    return f(*args, **kwargs)
test_run_all_tests.py:73: in test_suite_1
    step_b()
_ _ _ _ _ _ _ _ _ _ _ _ _ _ _ _ _ _ _ _ _ _ _ _ _ _ _ _ _ _ _ _ _ _ _ _ _ _ _ _ 

    def step_b():
        &quot;&quot;&quot; Step a of the test &quot;&quot;&quot;
    
        # perform this step
        print(&quot;step b&quot;)
&gt;       assert False
E       assert False

test_run_all_tests.py:27: AssertionError
----------------------------- Captured stdout call -----------------------------
step b
================ 2 failed, 4 passed, 1 skipped in 0.12 seconds =================
</system-out></testcase><testcase classname="pytest_steps.tests.test_all" file="pytest_steps/tests/test_all.py" line="21" name="test_run_all_tests[test_steps_parammode_no_results.py]" time="0.07082939147949219"><system-out>
Testing that running pytest on file test_steps_parammode_no_results.py results in {&apos;skipped&apos;: 0, &apos;passed&apos;: 4, &apos;failed&apos;: 0}
============================= test session starts ==============================
platform linux -- Python 3.5.6, pytest-3.10.1, py-1.7.0, pluggy-0.8.0
rootdir: /tmp/pytest-of-travis/pytest-0/test_run_all_tests3, inifile:
plugins: steps-1.5.2, metadata-1.8.0, html-1.19.0, harvest-1.4.3, faulthandler-1.5.0, cov-2.6.0
collected 4 items

test_run_all_tests.py ....                                               [100%]

=========================== 4 passed in 0.02 seconds ===========================
</system-out></testcase><testcase classname="pytest_steps.tests.test_all" file="pytest_steps/tests/test_all.py" line="21" name="test_run_all_tests[test_steps_genmode.py]" time="0.1933426856994629"><system-out>
Testing that running pytest on file test_steps_genmode.py results in {&apos;skipped&apos;: 2, &apos;passed&apos;: 15, &apos;failed&apos;: 2}
============================= test session starts ==============================
platform linux -- Python 3.5.6, pytest-3.10.1, py-1.7.0, pluggy-0.8.0
rootdir: /tmp/pytest-of-travis/pytest-0/test_run_all_tests4, inifile:
plugins: steps-1.5.2, metadata-1.8.0, html-1.19.0, harvest-1.4.3, faulthandler-1.5.0, cov-2.6.0
collected 19 items

test_run_all_tests.py .....Fs.Fs.........                                [100%]

=================================== FAILURES ===================================
________________ test_suite_exception_on_mandatory_step[step_b] ________________

request = &lt;FixtureRequest for &lt;Function &apos;test_suite_exception_on_mandatory_step[step_b]&apos;&gt;&gt;
________step_name_ = &apos;step_b&apos;

&gt;   ???

&lt;decorator-gen-30&gt;:2: 
_ _ _ _ _ _ _ _ _ _ _ _ _ _ _ _ _ _ _ _ _ _ _ _ _ _ _ _ _ _ _ _ _ _ _ _ _ _ _ _ 
/home/travis/build/smarie/python-pytest-steps/pytest_steps/decorator_hack.py:167: in caller
    **kwargs)
/home/travis/build/smarie/python-pytest-steps/pytest_steps/steps_generator.py:468: in step_function_wrapper
    steps_monitor.execute(step_name, *args, **kwargs)
/home/travis/build/smarie/python-pytest-steps/pytest_steps/steps_generator.py:286: in execute
    res = next(self.gen)
_ _ _ _ _ _ _ _ _ _ _ _ _ _ _ _ _ _ _ _ _ _ _ _ _ _ _ _ _ _ _ _ _ _ _ _ _ _ _ _ 

    @test_steps(&apos;step_a&apos;, &apos;step_b&apos;, &apos;step_c&apos;)
    def test_suite_exception_on_mandatory_step():
        &quot;&quot;&quot; &quot;&quot;&quot;
    
        # Step A
        print(&quot;step a&quot;)
        assert not False  # replace with your logic
        yield &apos;step_a&apos;
    
        # Step B
        print(&quot;step b&quot;)
&gt;       assert False  # replace with your logic
E       assert False

test_run_all_tests.py:59: AssertionError
----------------------------- Captured stdout call -----------------------------
step b
_______________ test_suite_optional_and_dependent_steps[step_b] ________________

request = &lt;FixtureRequest for &lt;Function &apos;test_suite_optional_and_dependent_steps[step_b]&apos;&gt;&gt;
________step_name_ = &apos;step_b&apos;

&gt;   ???

&lt;decorator-gen-31&gt;:2: 
_ _ _ _ _ _ _ _ _ _ _ _ _ _ _ _ _ _ _ _ _ _ _ _ _ _ _ _ _ _ _ _ _ _ _ _ _ _ _ _ 
/home/travis/build/smarie/python-pytest-steps/pytest_steps/decorator_hack.py:167: in caller
    **kwargs)
/home/travis/build/smarie/python-pytest-steps/pytest_steps/steps_generator.py:468: in step_function_wrapper
    steps_monitor.execute(step_name, *args, **kwargs)
/home/travis/build/smarie/python-pytest-steps/pytest_steps/steps_generator.py:308: in execute
    raise six.reraise(res.exec_result.exc_type, res.exec_result.exc_val, res.exec_result.tb)
/home/travis/miniconda/envs/test-environment/lib/python3.5/site-packages/six.py:693: in reraise
    raise value
_ _ _ _ _ _ _ _ _ _ _ _ _ _ _ _ _ _ _ _ _ _ _ _ _ _ _ _ _ _ _ _ _ _ _ _ _ _ _ _ 

    @test_steps(&apos;step_a&apos;, &apos;step_b&apos;, &apos;step_c&apos;, &apos;step_d&apos;)
    def test_suite_optional_and_dependent_steps():
        &quot;&quot;&quot; &quot;&quot;&quot;
    
        # Step A
        print(&quot;step a&quot;)
        assert not False
        yield &apos;step_a&apos;
    
        # Step B
        with optional_step(&apos;step_b&apos;) as step_b:
            print(&quot;step b&quot;)
&gt;           assert False
E           assert False

test_run_all_tests.py:80: AssertionError
----------------------------- Captured stdout call -----------------------------
step b
================ 2 failed, 15 passed, 2 skipped in 0.15 seconds ================
</system-out></testcase><testcase classname="pytest_steps.tests.test_all" file="pytest_steps/tests/test_all.py" line="21" name="test_run_all_tests[test_steps_parammode_stackoverflow2.py]" time="0.06705093383789062"><system-out>
Testing that running pytest on file test_steps_parammode_stackoverflow2.py results in {&apos;skipped&apos;: 0, &apos;passed&apos;: 3, &apos;failed&apos;: 0}
============================= test session starts ==============================
platform linux -- Python 3.5.6, pytest-3.10.1, py-1.7.0, pluggy-0.8.0
rootdir: /tmp/pytest-of-travis/pytest-0/test_run_all_tests5, inifile:
plugins: steps-1.5.2, metadata-1.8.0, html-1.19.0, harvest-1.4.3, faulthandler-1.5.0, cov-2.6.0
collected 3 items

test_run_all_tests.py ...                                                [100%]

=========================== 3 passed in 0.02 seconds ===========================
</system-out></testcase><testcase classname="pytest_steps.tests.test_all" file="pytest_steps/tests/test_all.py" line="21" name="test_run_all_tests[test_steps_parammode_with_results_basic.py]" time="0.07483339309692383"><system-out>
Testing that running pytest on file test_steps_parammode_with_results_basic.py results in {&apos;skipped&apos;: 0, &apos;passed&apos;: 4, &apos;failed&apos;: 0}
============================= test session starts ==============================
platform linux -- Python 3.5.6, pytest-3.10.1, py-1.7.0, pluggy-0.8.0
rootdir: /tmp/pytest-of-travis/pytest-0/test_run_all_tests6, inifile:
plugins: steps-1.5.2, metadata-1.8.0, html-1.19.0, harvest-1.4.3, faulthandler-1.5.0, cov-2.6.0
collected 4 items

test_run_all_tests.py ....                                               [100%]

=========================== 4 passed in 0.03 seconds ===========================
</system-out></testcase><testcase classname="pytest_steps.tests.test_all" file="pytest_steps/tests/test_all.py" line="21" name="test_run_all_tests[test_steps_genmode_does_not_change_order.py]" time="0.0702352523803711"><system-out>
Testing that running pytest on file test_steps_genmode_does_not_change_order.py results in {&apos;skipped&apos;: 0, &apos;passed&apos;: 3, &apos;failed&apos;: 0}
============================= test session starts ==============================
platform linux -- Python 3.5.6, pytest-3.10.1, py-1.7.0, pluggy-0.8.0
rootdir: /tmp/pytest-of-travis/pytest-0/test_run_all_tests7, inifile:
plugins: steps-1.5.2, metadata-1.8.0, html-1.19.0, harvest-1.4.3, faulthandler-1.5.0, cov-2.6.0
collected 3 items

test_run_all_tests.py ...                                                [100%]

=========================== 3 passed in 0.02 seconds ===========================
</system-out></testcase><testcase classname="pytest_steps.tests.test_all" file="pytest_steps/tests/test_all.py" line="21" name="test_run_all_tests[test_steps_parammode_stackoverflow.py]" time="0.07095718383789062"><system-out>
Testing that running pytest on file test_steps_parammode_stackoverflow.py results in {&apos;skipped&apos;: 0, &apos;passed&apos;: 3, &apos;failed&apos;: 0}
============================= test session starts ==============================
platform linux -- Python 3.5.6, pytest-3.10.1, py-1.7.0, pluggy-0.8.0
rootdir: /tmp/pytest-of-travis/pytest-0/test_run_all_tests8, inifile:
plugins: steps-1.5.2, metadata-1.8.0, html-1.19.0, harvest-1.4.3, faulthandler-1.5.0, cov-2.6.0
collected 3 items

test_run_all_tests.py ...                                                [100%]

=========================== 3 passed in 0.02 seconds ===========================
</system-out></testcase><testcase classname="pytest_steps.tests.test_all" file="pytest_steps/tests/test_all.py" line="21" name="test_run_all_tests[test_pytest_parametrization_capabilities.py]" time="0.10526847839355469"><system-out>
Testing that running pytest on file test_pytest_parametrization_capabilities.py results in {&apos;skipped&apos;: 0, &apos;passed&apos;: 16, &apos;failed&apos;: 0}
============================= test session starts ==============================
platform linux -- Python 3.5.6, pytest-3.10.1, py-1.7.0, pluggy-0.8.0
rootdir: /tmp/pytest-of-travis/pytest-0/test_run_all_tests9, inifile:
plugins: steps-1.5.2, metadata-1.8.0, html-1.19.0, harvest-1.4.3, faulthandler-1.5.0, cov-2.6.0
collected 16 items

test_run_all_tests.py ................                                   [100%]

========================== 16 passed in 0.06 seconds ===========================
</system-out></testcase><testcase classname="pytest_steps.tests.test_all" file="pytest_steps/tests/test_all.py" line="21" name="test_run_all_tests[test_steps_genmode_dependency_tree.py]" time="0.12686586380004883"><system-out>
Testing that running pytest on file test_steps_genmode_dependency_tree.py results in {&apos;skipped&apos;: 5, &apos;passed&apos;: 8, &apos;failed&apos;: 1}
============================= test session starts ==============================
platform linux -- Python 3.5.6, pytest-3.10.1, py-1.7.0, pluggy-0.8.0
rootdir: /tmp/pytest-of-travis/pytest-0/test_run_all_tests10, inifile:
plugins: steps-1.5.2, metadata-1.8.0, html-1.19.0, harvest-1.4.3, faulthandler-1.5.0, cov-2.6.0
collected 14 items

test_run_all_tests.py ....Fs....ssss                                     [100%]

=================================== FAILURES ===================================
_____________________________ test_3_4[p=b-step3] ______________________________

request = &lt;FixtureRequest for &lt;Function &apos;test_3_4[p=b-step3]&apos;&gt;&gt;
________step_name_ = &apos;step3&apos;, p = &apos;b&apos;
results_dct = {&apos;step1&apos;: 1, &apos;step2&apos;: &apos;hello&apos;, &apos;step3&apos;: {&apos;a&apos;: &apos;bla&apos;, &apos;b&apos;: &apos;bla&apos;}, &apos;step4&apos;: {&apos;a&apos;: &apos;blabla&apos;}}

&gt;   ???

&lt;decorator-gen-44&gt;:2: 
_ _ _ _ _ _ _ _ _ _ _ _ _ _ _ _ _ _ _ _ _ _ _ _ _ _ _ _ _ _ _ _ _ _ _ _ _ _ _ _ 
/home/travis/build/smarie/python-pytest-steps/pytest_steps/decorator_hack.py:167: in caller
    **kwargs)
/home/travis/build/smarie/python-pytest-steps/pytest_steps/steps_generator.py:468: in step_function_wrapper
    steps_monitor.execute(step_name, *args, **kwargs)
/home/travis/build/smarie/python-pytest-steps/pytest_steps/steps_generator.py:286: in execute
    res = next(self.gen)
_ _ _ _ _ _ _ _ _ _ _ _ _ _ _ _ _ _ _ _ _ _ _ _ _ _ _ _ _ _ _ _ _ _ _ _ _ _ _ _ 

p = &apos;b&apos;
results_dct = {&apos;step1&apos;: 1, &apos;step2&apos;: &apos;hello&apos;, &apos;step3&apos;: {&apos;a&apos;: &apos;bla&apos;, &apos;b&apos;: &apos;bla&apos;}, &apos;step4&apos;: {&apos;a&apos;: &apos;blabla&apos;}}

    @test_steps(&apos;step3&apos;, &apos;step4&apos;)
    @pytest.mark.parametrize(&apos;p&apos;, [&apos;a&apos;, &apos;b&apos;], ids=&quot;p={}&quot;.format)
    def test_3_4(p, results_dct):
        if &apos;step2&apos; not in results_dct:
            pytest.skip(&quot;Can not start step 3: step 2 has not run successfuly&quot;)
        # step 3
        results_dct.setdefault(&apos;step3&apos;, dict())[p] = &apos;bla&apos;
        if p == &apos;b&apos;:
&gt;           assert False
E           assert False

test_run_all_tests.py:33: AssertionError
================ 1 failed, 8 passed, 5 skipped in 0.08 seconds =================
</system-out></testcase><testcase classname="pytest_steps.tests.test_cross_steps_fixture" file="pytest_steps/tests/test_cross_steps_fixture.py" line="17" name="test_gen_mode[0-a]" time="0.001963376998901367"><system-out>hello
</system-out></testcase><testcase classname="pytest_steps.tests.test_cross_steps_fixture" file="pytest_steps/tests/test_cross_steps_fixture.py" line="17" name="test_gen_mode[0-b]" time="0.002146482467651367"><system-out>world
</system-out></testcase><testcase classname="pytest_steps.tests.test_cross_steps_fixture" file="pytest_steps/tests/test_cross_steps_fixture.py" line="34" name="test_params_mode[0-step_a]" time="0.001880645751953125"><system-out>hello
</system-out></testcase><testcase classname="pytest_steps.tests.test_cross_steps_fixture" file="pytest_steps/tests/test_cross_steps_fixture.py" line="34" name="test_params_mode[0-step_b]" time="0.0018172264099121094"><system-out>world
</system-out></testcase><testcase classname="pytest_steps.tests.test_cross_steps_fixture" file="pytest_steps/tests/test_cross_steps_fixture.py" line="40" name="test_fixture_has_been_called_once_per_fun" time="0.0012378692626953125"></testcase><testcase classname="pytest_steps.tests.test_decorator" file="pytest_steps/tests/test_decorator.py" line="28" name="test_normal_normal" time="0.001703500747680664"><system-out>0
1
2
3
4
5
6
7
8
9
</system-out></testcase><testcase classname="pytest_steps.tests.test_decorator" file="pytest_steps/tests/test_decorator.py" line="38" name="test_normal_gen" time="0.0014274120330810547"><system-out>0
1
2
3
4
5
6
7
8
9
</system-out></testcase><testcase classname="pytest_steps.tests.test_decorator" file="pytest_steps/tests/test_decorator.py" line="51" name="test_gen_gen" time="0.0014731884002685547"><system-out>0
</system-out></testcase><testcase classname="pytest_steps.tests.test_decorator" file="pytest_steps/tests/test_decorator.py" line="62" name="test_gen_normal" time="0.0016756057739257812"><system-out>0
1
2
3
4
5
6
7
8
9
</system-out></testcase><testcase classname="pytest_steps.tests.test_docs_example_manual_call" file="pytest_steps/tests/test_docs_example_manual_call.py" line="5" name="test_dummy_gen[first]" time="0.0018966197967529297"><system-out>hello
</system-out></testcase><testcase classname="pytest_steps.tests.test_docs_example_manual_call" file="pytest_steps/tests/test_docs_example_manual_call.py" line="5" name="test_dummy_gen[second]" time="0.0015873908996582031"><system-out>world
</system-out></testcase><testcase classname="pytest_steps.tests.test_docs_example_manual_call" file="pytest_steps/tests/test_docs_example_manual_call.py" line="22" name="test_dummy_param_deps[first]" time="0.001577615737915039"><system-out>hello
</system-out></testcase><testcase classname="pytest_steps.tests.test_docs_example_manual_call" file="pytest_steps/tests/test_docs_example_manual_call.py" line="22" name="test_dummy_param_deps[second]" time="0.0014841556549072266"><system-out>world
</system-out></testcase><testcase classname="pytest_steps.tests.test_docs_example_manual_call" file="pytest_steps/tests/test_docs_example_manual_call.py" line="27" name="test_dummy_param[first]" time="0.0015213489532470703"><system-out>hello
</system-out></testcase><testcase classname="pytest_steps.tests.test_docs_example_manual_call" file="pytest_steps/tests/test_docs_example_manual_call.py" line="27" name="test_dummy_param[second]" time="0.0016798973083496094"><system-out>world
</system-out></testcase><testcase classname="pytest_steps.tests.test_docs_example_manual_call" file="pytest_steps/tests/test_docs_example_manual_call.py" line="35" name="test_manual_call[test_dummy_gen]" time="0.006175518035888672"><system-out>Help on function test_dummy_gen in module pytest_steps.tests.test_docs_example_manual_call:

test_dummy_gen(request, ________step_name_)

None
hello
world
hello
hello
world
</system-out></testcase><testcase classname="pytest_steps.tests.test_docs_example_manual_call" file="pytest_steps/tests/test_docs_example_manual_call.py" line="35" name="test_manual_call[test_dummy_param_deps]" time="0.0023622512817382812"><system-out>Help on function test_dummy_param_deps in module pytest_steps.tests.test_docs_example_manual_call:

test_dummy_param_deps(request, test_step)

None
hello
world
hello
hello
world
world
</system-out></testcase><testcase classname="pytest_steps.tests.test_docs_example_manual_call" file="pytest_steps/tests/test_docs_example_manual_call.py" line="35" name="test_manual_call[test_dummy_param]" time="0.002135038375854492"><system-out>Help on function test_dummy_param in module pytest_steps.tests.test_docs_example_manual_call:

test_dummy_param(request, test_step)

None
hello
world
hello
hello
world
world
</system-out></testcase><testcase classname="pytest_steps.tests.test_docs_example_with_harvest" file="pytest_steps/tests/test_docs_example_with_harvest.py" line="32" name="test_my_app_bench[A-1-train]" time="0.003248453140258789"></testcase><testcase classname="pytest_steps.tests.test_docs_example_with_harvest" file="pytest_steps/tests/test_docs_example_with_harvest.py" line="32" name="test_my_app_bench[A-1-score]" time="0.0026116371154785156"></testcase><testcase classname="pytest_steps.tests.test_docs_example_with_harvest" file="pytest_steps/tests/test_docs_example_with_harvest.py" line="32" name="test_my_app_bench[A-2-train]" time="0.0026009082794189453"></testcase><testcase classname="pytest_steps.tests.test_docs_example_with_harvest" file="pytest_steps/tests/test_docs_example_with_harvest.py" line="32" name="test_my_app_bench[A-2-score]" time="0.002576589584350586"></testcase><testcase classname="pytest_steps.tests.test_docs_example_with_harvest" file="pytest_steps/tests/test_docs_example_with_harvest.py" line="32" name="test_my_app_bench[B-1-train]" time="0.002269268035888672"></testcase><testcase classname="pytest_steps.tests.test_docs_example_with_harvest" file="pytest_steps/tests/test_docs_example_with_harvest.py" line="32" name="test_my_app_bench[B-1-score]" time="0.0024344921112060547"></testcase><testcase classname="pytest_steps.tests.test_docs_example_with_harvest" file="pytest_steps/tests/test_docs_example_with_harvest.py" line="32" name="test_my_app_bench[B-2-train]" time="0.002568960189819336"></testcase><testcase classname="pytest_steps.tests.test_docs_example_with_harvest" file="pytest_steps/tests/test_docs_example_with_harvest.py" line="32" name="test_my_app_bench[B-2-score]" time="0.0027773380279541016"></testcase><testcase classname="pytest_steps.tests.test_docs_example_with_harvest" file="pytest_steps/tests/test_docs_example_with_harvest.py" line="32" name="test_my_app_bench[C-1-train]" time="0.002637147903442383"></testcase><testcase classname="pytest_steps.tests.test_docs_example_with_harvest" file="pytest_steps/tests/test_docs_example_with_harvest.py" line="32" name="test_my_app_bench[C-1-score]" time="0.0024805068969726562"></testcase><testcase classname="pytest_steps.tests.test_docs_example_with_harvest" file="pytest_steps/tests/test_docs_example_with_harvest.py" line="32" name="test_my_app_bench[C-2-train]" time="0.002349376678466797"></testcase><testcase classname="pytest_steps.tests.test_docs_example_with_harvest" file="pytest_steps/tests/test_docs_example_with_harvest.py" line="32" name="test_my_app_bench[C-2-score]" time="0.0025186538696289062"></testcase><testcase classname="pytest_steps.tests.test_docs_example_with_harvest" file="pytest_steps/tests/test_docs_example_with_harvest.py" line="53" name="test_synthesis_df" time="0.09173989295959473"><system-out>
   `module_results_df` dataframe:

                                status    ...     accuracy
test_id                step_id            ...             
test_my_app_bench[A-1] train    passed    ...          NaN
                       score    passed    ...     0.154556
test_my_app_bench[A-2] train    passed    ...          NaN
                       score    passed    ...     0.753036
test_my_app_bench[B-1] train    passed    ...          NaN
                       score    passed    ...     0.416315
test_my_app_bench[B-2] train    passed    ...          NaN
                       score    passed    ...     0.647796
test_my_app_bench[C-1] train    passed    ...          NaN
                       score    passed    ...     0.730839
test_my_app_bench[C-2] train    passed    ...          NaN
                       score    passed    ...     0.290732

[12 rows x 6 columns]
                                     status      duration_ms    algo_param  dataset_param    dataset          accuracy
-----------------------------------  --------  -------------  ------------  ---------------  -------------  ----------
(&apos;test_my_app_bench[A-1]&apos;, &apos;train&apos;)  passed         0.543356             1  A                my dataset #A  nan
(&apos;test_my_app_bench[A-1]&apos;, &apos;score&apos;)  passed         0.522375             1  A                my dataset #A    0.154556
(&apos;test_my_app_bench[A-2]&apos;, &apos;train&apos;)  passed         0.522614             2  A                my dataset #A  nan
(&apos;test_my_app_bench[A-2]&apos;, &apos;score&apos;)  passed         0.52309              2  A                my dataset #A    0.753036
(&apos;test_my_app_bench[B-1]&apos;, &apos;train&apos;)  passed         0.468016             1  B                my dataset #B  nan
(&apos;test_my_app_bench[B-1]&apos;, &apos;score&apos;)  passed         0.552416             1  B                my dataset #B    0.416315
(&apos;test_my_app_bench[B-2]&apos;, &apos;train&apos;)  passed         0.546217             2  B                my dataset #B  nan
(&apos;test_my_app_bench[B-2]&apos;, &apos;score&apos;)  passed         0.543356             2  B                my dataset #B    0.647796
(&apos;test_my_app_bench[C-1]&apos;, &apos;train&apos;)  passed         0.580549             1  C                my dataset #C  nan
(&apos;test_my_app_bench[C-1]&apos;, &apos;score&apos;)  passed         0.483751             1  C                my dataset #C    0.730839
(&apos;test_my_app_bench[C-2]&apos;, &apos;train&apos;)  passed         0.550032             2  C                my dataset #C  nan
(&apos;test_my_app_bench[C-2]&apos;, &apos;score&apos;)  passed         0.546217             2  C                my dataset #C    0.290732

   `module_results_df_steps_pivoted` dataframe:

                        algo_param      ...       score/accuracy
test_id                                 ...                     
test_my_app_bench[A-1]           1      ...             0.154556
test_my_app_bench[A-2]           2      ...             0.753036
test_my_app_bench[B-1]           1      ...             0.416315
test_my_app_bench[B-2]           2      ...             0.647796
test_my_app_bench[C-1]           1      ...             0.730839
test_my_app_bench[C-2]           2      ...             0.290732

[6 rows x 9 columns]
test_id                   algo_param  dataset_param    train/status      train/duration_ms  train/dataset    score/status      score/duration_ms  score/dataset      score/accuracy
----------------------  ------------  ---------------  --------------  -------------------  ---------------  --------------  -------------------  ---------------  ----------------
test_my_app_bench[A-1]             1  A                passed                     0.543356  my dataset #A    passed                     0.522375  my dataset #A            0.154556
test_my_app_bench[A-2]             2  A                passed                     0.522614  my dataset #A    passed                     0.52309   my dataset #A            0.753036
test_my_app_bench[B-1]             1  B                passed                     0.468016  my dataset #B    passed                     0.552416  my dataset #B            0.416315
test_my_app_bench[B-2]             2  B                passed                     0.546217  my dataset #B    passed                     0.543356  my dataset #B            0.647796
test_my_app_bench[C-1]             1  C                passed                     0.580549  my dataset #C    passed                     0.483751  my dataset #C            0.730839
test_my_app_bench[C-2]             2  C                passed                     0.550032  my dataset #C    passed                     0.546217  my dataset #C            0.290732
</system-out></testcase><testcase classname="pytest_steps.tests.test_step_id_conflicts" file="pytest_steps/tests/test_step_id_conflicts.py" line="26" name="test_step_id_gen_mode_approx_conflict_params[p=a-a]" time="0.0020051002502441406"></testcase><testcase classname="pytest_steps.tests.test_step_id_conflicts" file="pytest_steps/tests/test_step_id_conflicts.py" line="26" name="test_step_id_gen_mode_approx_conflict_params[p=a-b]" time="0.0017061233520507812"></testcase><testcase classname="pytest_steps.tests.test_step_id_conflicts" file="pytest_steps/tests/test_step_id_conflicts.py" line="26" name="test_step_id_gen_mode_approx_conflict_params[p=b-a]" time="0.0018322467803955078"></testcase><testcase classname="pytest_steps.tests.test_step_id_conflicts" file="pytest_steps/tests/test_step_id_conflicts.py" line="26" name="test_step_id_gen_mode_approx_conflict_params[p=b-b]" time="0.0017437934875488281"></testcase><testcase classname="pytest_steps.tests.test_step_id_conflicts" file="pytest_steps/tests/test_step_id_conflicts.py" line="33" name="test_step_id_gen_mode_approx_conflict_fixture[hello-b-foo-a]" time="0.001750946044921875"></testcase><testcase classname="pytest_steps.tests.test_step_id_conflicts" file="pytest_steps/tests/test_step_id_conflicts.py" line="33" name="test_step_id_gen_mode_approx_conflict_fixture[hello-b-foo-b]" time="0.0020492076873779297"></testcase><testcase classname="pytest_steps.tests.test_step_id_conflicts" file="pytest_steps/tests/test_step_id_conflicts.py" line="39" name="test_step_id_gen_mode_approx_conflict_params_and_no_conflict_fixture[1-p=a-a]" time="0.001955747604370117"><system-out>a
</system-out></testcase><testcase classname="pytest_steps.tests.test_step_id_conflicts" file="pytest_steps/tests/test_step_id_conflicts.py" line="39" name="test_step_id_gen_mode_approx_conflict_params_and_no_conflict_fixture[1-p=a-b]" time="0.0017104148864746094"><system-out>b
</system-out></testcase><testcase classname="pytest_steps.tests.test_step_id_conflicts" file="pytest_steps/tests/test_step_id_conflicts.py" line="39" name="test_step_id_gen_mode_approx_conflict_params_and_no_conflict_fixture[1-p=b-a]" time="0.0018973350524902344"><system-out>a
</system-out></testcase><testcase classname="pytest_steps.tests.test_step_id_conflicts" file="pytest_steps/tests/test_step_id_conflicts.py" line="39" name="test_step_id_gen_mode_approx_conflict_params_and_no_conflict_fixture[1-p=b-b]" time="0.0019884109497070312"><system-out>b
</system-out></testcase><testcase classname="pytest_steps.tests.test_step_id_conflicts" file="pytest_steps/tests/test_step_id_conflicts.py" line="50" name="test_step_id_gen_mode_exact_conflict_with_param[a-a]" time="0.0019500255584716797"><system-out>a
</system-out></testcase><testcase classname="pytest_steps.tests.test_step_id_conflicts" file="pytest_steps/tests/test_step_id_conflicts.py" line="50" name="test_step_id_gen_mode_exact_conflict_with_param[a-b]" time="0.0018630027770996094"><system-out>b
</system-out></testcase><testcase classname="pytest_steps.tests.test_step_id_conflicts" file="pytest_steps/tests/test_step_id_conflicts.py" line="50" name="test_step_id_gen_mode_exact_conflict_with_param[b-a]" time="0.0019185543060302734"><system-out>a
</system-out></testcase><testcase classname="pytest_steps.tests.test_step_id_conflicts" file="pytest_steps/tests/test_step_id_conflicts.py" line="50" name="test_step_id_gen_mode_exact_conflict_with_param[b-b]" time="0.0019211769104003906"><system-out>b
</system-out></testcase><testcase classname="pytest_steps.tests.test_step_id_conflicts" file="pytest_steps/tests/test_step_id_conflicts.py" line="59" name="test_step_id_gen_mode_exact_conflict_with_fixture[b-a]" time="0.001893758773803711"><system-out>a
</system-out></testcase><testcase classname="pytest_steps.tests.test_step_id_conflicts" file="pytest_steps/tests/test_step_id_conflicts.py" line="59" name="test_step_id_gen_mode_exact_conflict_with_fixture[b-b]" time="0.0017514228820800781"><system-out>b
</system-out></testcase><testcase classname="pytest_steps.tests.test_step_id_conflicts" file="pytest_steps/tests/test_step_id_conflicts.py" line="67" name="test_step_id_gen_mode_exact_conflict_with_param_and_fixture[b-a-a]" time="0.002089262008666992"><system-out>a
</system-out></testcase><testcase classname="pytest_steps.tests.test_step_id_conflicts" file="pytest_steps/tests/test_step_id_conflicts.py" line="67" name="test_step_id_gen_mode_exact_conflict_with_param_and_fixture[b-a-b]" time="0.0020148754119873047"><system-out>b
</system-out></testcase><testcase classname="pytest_steps.tests.test_step_id_conflicts" file="pytest_steps/tests/test_step_id_conflicts.py" line="67" name="test_step_id_gen_mode_exact_conflict_with_param_and_fixture[b-b-a]" time="0.0020296573638916016"><system-out>a
</system-out></testcase><testcase classname="pytest_steps.tests.test_step_id_conflicts" file="pytest_steps/tests/test_step_id_conflicts.py" line="67" name="test_step_id_gen_mode_exact_conflict_with_param_and_fixture[b-b-b]" time="0.0018603801727294922"><system-out>b
</system-out></testcase><testcase classname="pytest_steps.tests.test_step_id_conflicts" file="pytest_steps/tests/test_step_id_conflicts.py" line="79" name="test_step_id_parametrize_mode_approx_conflict[p=a-a]" time="0.002022981643676758"><system-out>a
</system-out></testcase><testcase classname="pytest_steps.tests.test_step_id_conflicts" file="pytest_steps/tests/test_step_id_conflicts.py" line="79" name="test_step_id_parametrize_mode_approx_conflict[p=a-b]" time="0.0023298263549804688"><system-out>b
</system-out></testcase><testcase classname="pytest_steps.tests.test_step_id_conflicts" file="pytest_steps/tests/test_step_id_conflicts.py" line="79" name="test_step_id_parametrize_mode_approx_conflict[p=b-a]" time="0.001970052719116211"><system-out>a
</system-out></testcase><testcase classname="pytest_steps.tests.test_step_id_conflicts" file="pytest_steps/tests/test_step_id_conflicts.py" line="79" name="test_step_id_parametrize_mode_approx_conflict[p=b-b]" time="0.002069711685180664"><system-out>b
</system-out></testcase><testcase classname="pytest_steps.tests.test_step_id_conflicts" file="pytest_steps/tests/test_step_id_conflicts.py" line="88" name="test_step_id_conflicts_parametrized2[1-p=a-a]" time="0.002016305923461914"><system-out>a
</system-out></testcase><testcase classname="pytest_steps.tests.test_step_id_conflicts" file="pytest_steps/tests/test_step_id_conflicts.py" line="88" name="test_step_id_conflicts_parametrized2[1-p=a-b]" time="0.001924753189086914"><system-out>b
</system-out></testcase><testcase classname="pytest_steps.tests.test_step_id_conflicts" file="pytest_steps/tests/test_step_id_conflicts.py" line="88" name="test_step_id_conflicts_parametrized2[1-p=b-a]" time="0.002237558364868164"><system-out>a
</system-out></testcase><testcase classname="pytest_steps.tests.test_step_id_conflicts" file="pytest_steps/tests/test_step_id_conflicts.py" line="88" name="test_step_id_conflicts_parametrized2[1-p=b-b]" time="0.0022363662719726562"><system-out>b
</system-out></testcase><testcase classname="pytest_steps.tests.test_step_id_conflicts" file="pytest_steps/tests/test_step_id_conflicts.py" line="97" name="test_step_id_conflicts_parametrized3[b-p=a-a]" time="0.0021219253540039062"><system-out>a
</system-out></testcase><testcase classname="pytest_steps.tests.test_step_id_conflicts" file="pytest_steps/tests/test_step_id_conflicts.py" line="97" name="test_step_id_conflicts_parametrized3[b-p=a-b]" time="0.002402067184448242"><system-out>b
</system-out></testcase><testcase classname="pytest_steps.tests.test_step_id_conflicts" file="pytest_steps/tests/test_step_id_conflicts.py" line="97" name="test_step_id_conflicts_parametrized3[b-p=b-a]" time="0.0018634796142578125"><system-out>a
</system-out></testcase><testcase classname="pytest_steps.tests.test_step_id_conflicts" file="pytest_steps/tests/test_step_id_conflicts.py" line="97" name="test_step_id_conflicts_parametrized3[b-p=b-b]" time="0.002007007598876953"><system-out>b
</system-out></testcase><testcase classname="pytest_steps.tests.test_steps_harvest" file="pytest_steps/tests/test_steps_harvest.py" line="32" name="test_my_app_bench[A-1-train]" time="0.0026824474334716797"></testcase><testcase classname="pytest_steps.tests.test_steps_harvest" file="pytest_steps/tests/test_steps_harvest.py" line="32" name="test_my_app_bench[A-1-score]" time="0.0026938915252685547"></testcase><testcase classname="pytest_steps.tests.test_steps_harvest" file="pytest_steps/tests/test_steps_harvest.py" line="32" name="test_my_app_bench[A-2-train]" time="0.002651691436767578"></testcase><testcase classname="pytest_steps.tests.test_steps_harvest" file="pytest_steps/tests/test_steps_harvest.py" line="32" name="test_my_app_bench[A-2-score]" time="0.0022690296173095703"></testcase><testcase classname="pytest_steps.tests.test_steps_harvest" file="pytest_steps/tests/test_steps_harvest.py" line="32" name="test_my_app_bench[B-1-train]" time="0.002634286880493164"></testcase><testcase classname="pytest_steps.tests.test_steps_harvest" file="pytest_steps/tests/test_steps_harvest.py" line="32" name="test_my_app_bench[B-1-score]" time="0.0026242733001708984"></testcase><testcase classname="pytest_steps.tests.test_steps_harvest" file="pytest_steps/tests/test_steps_harvest.py" line="32" name="test_my_app_bench[B-2-train]" time="0.0025365352630615234"></testcase><testcase classname="pytest_steps.tests.test_steps_harvest" file="pytest_steps/tests/test_steps_harvest.py" line="32" name="test_my_app_bench[B-2-score]" time="0.0025718212127685547"></testcase><testcase classname="pytest_steps.tests.test_steps_harvest" file="pytest_steps/tests/test_steps_harvest.py" line="32" name="test_my_app_bench[C-1-train]" time="0.0023310184478759766"></testcase><testcase classname="pytest_steps.tests.test_steps_harvest" file="pytest_steps/tests/test_steps_harvest.py" line="32" name="test_my_app_bench[C-1-score]" time="0.0022945404052734375"></testcase><testcase classname="pytest_steps.tests.test_steps_harvest" file="pytest_steps/tests/test_steps_harvest.py" line="32" name="test_my_app_bench[C-2-train]" time="0.002566099166870117"></testcase><testcase classname="pytest_steps.tests.test_steps_harvest" file="pytest_steps/tests/test_steps_harvest.py" line="32" name="test_my_app_bench[C-2-score]" time="0.0025365352630615234"></testcase><testcase classname="pytest_steps.tests.test_steps_harvest" file="pytest_steps/tests/test_steps_harvest.py" line="53" name="test_basic" time="0.0013267993927001953"></testcase><testcase classname="pytest_steps.tests.test_steps_harvest" file="pytest_steps/tests/test_steps_harvest.py" line="58" name="test_synthesis" time="0.06586575508117676"><system-out>test_id                   algo_param  dataset_param    train/status      train/duration_ms  train/dataset    score/status      score/duration_ms  score/dataset      score/accuracy  -/status      -/duration_ms
----------------------  ------------  ---------------  --------------  -------------------  ---------------  --------------  -------------------  ---------------  ----------------  ----------  ---------------
test_my_app_bench[A-1]             1  A                passed                     0.541449  my dataset #A    passed                     0.554323  my dataset #A            0.85756   nan              nan
test_my_app_bench[A-2]             2  A                passed                     0.556231  my dataset #A    passed                     0.459909  my dataset #A            0.970764  nan              nan
test_my_app_bench[B-1]             1  B                passed                     0.578165  my dataset #B    passed                     0.558138  my dataset #B            0.857735  nan              nan
test_my_app_bench[B-2]             2  B                passed                     0.567675  my dataset #B    passed                     0.551224  my dataset #B            0.697221  nan              nan
test_my_app_bench[C-1]             1  C                passed                     0.449896  my dataset #C    passed                     0.512123  my dataset #C            0.539573  nan              nan
test_my_app_bench[C-2]             2  C                passed                     0.543356  my dataset #C    passed                     0.507116  my dataset #C            0.936066  nan              nan
test_basic                       nan  nan              nan                      nan         nan              nan                      nan         nan                    nan         passed             0.560045
</system-out></testcase></testsuite>