<?xml version="1.0" encoding="utf-8"?><testsuite errors="0" failures="0" name="pytest" skips="0" tests="75" time="2.061"><testcase classname="pytest_steps.tests.test_all" file="pytest_steps/tests/test_all.py" line="21" name="test_run_all_tests[test_steps_with_results_complex.py]" time="0.1075599193572998"><system-out>
Testing that running pytest on file test_steps_with_results_complex.py results in {&apos;failed&apos;: 0, &apos;passed&apos;: 16, &apos;skipped&apos;: 0}
============================= test session starts ==============================
platform linux -- Python 3.5.6, pytest-3.10.1, py-1.7.0, pluggy-0.8.0
rootdir: /tmp/pytest-of-travis/pytest-0/test_run_all_tests0, inifile:
plugins: metadata-1.7.0, html-1.19.0, harvest-1.0.1, faulthandler-1.5.0, cov-2.6.0
collected 16 items

test_run_all_tests.py ................                                   [100%]

========================== 16 passed in 0.06 seconds ===========================
</system-out></testcase><testcase classname="pytest_steps.tests.test_all" file="pytest_steps/tests/test_all.py" line="21" name="test_run_all_tests[test_steps_generator_does_not_change_order.py]" time="0.06867742538452148"><system-out>
Testing that running pytest on file test_steps_generator_does_not_change_order.py results in {&apos;failed&apos;: 0, &apos;passed&apos;: 3, &apos;skipped&apos;: 0}
============================= test session starts ==============================
platform linux -- Python 3.5.6, pytest-3.10.1, py-1.7.0, pluggy-0.8.0
rootdir: /tmp/pytest-of-travis/pytest-0/test_run_all_tests1, inifile:
plugins: metadata-1.7.0, html-1.19.0, harvest-1.0.1, faulthandler-1.5.0, cov-2.6.0
collected 3 items

test_run_all_tests.py ...                                                [100%]

=============================== warnings summary ===============================
test_run_all_tests.py::test_synthesis
  /home/travis/miniconda/envs/test-environment/lib/python3.5/site-packages/pytest_harvest/results_session.py:341: UserWarning: [pytest-harvest] Test items status is not available. You should maybe install pytest-harvest with pip. If it is already the case, you case try to force-use it by adding `pytest_plugins = [&apos;harvest&apos;]` to your conftest.py. But for normal use this should not be required, installing with pip should be enough.
    warn(&quot;[pytest-harvest] Test items status is not available. You should maybe install pytest-harvest with &quot;

-- Docs: https://docs.pytest.org/en/latest/warnings.html
===================== 3 passed, 1 warnings in 0.02 seconds =====================
</system-out></testcase><testcase classname="pytest_steps.tests.test_all" file="pytest_steps/tests/test_all.py" line="21" name="test_run_all_tests[test_wrapped_in_class.py]" time="0.06203627586364746"><system-out>
Testing that running pytest on file test_wrapped_in_class.py results in {&apos;failed&apos;: 0, &apos;passed&apos;: 1, &apos;skipped&apos;: 0}
============================= test session starts ==============================
platform linux -- Python 3.5.6, pytest-3.10.1, py-1.7.0, pluggy-0.8.0
rootdir: /tmp/pytest-of-travis/pytest-0/test_run_all_tests2, inifile:
plugins: metadata-1.7.0, html-1.19.0, harvest-1.0.1, faulthandler-1.5.0, cov-2.6.0
collected 1 item

test_run_all_tests.py .                                                  [100%]

=========================== 1 passed in 0.01 seconds ===========================
</system-out></testcase><testcase classname="pytest_steps.tests.test_all" file="pytest_steps/tests/test_all.py" line="21" name="test_run_all_tests[test_stackoverflow.py]" time="0.10644650459289551"><system-out>
Testing that running pytest on file test_stackoverflow.py results in {&apos;failed&apos;: 0, &apos;passed&apos;: 3, &apos;skipped&apos;: 0}
============================= test session starts ==============================
platform linux -- Python 3.5.6, pytest-3.10.1, py-1.7.0, pluggy-0.8.0
rootdir: /tmp/pytest-of-travis/pytest-0/test_run_all_tests3, inifile:
plugins: metadata-1.7.0, html-1.19.0, harvest-1.0.1, faulthandler-1.5.0, cov-2.6.0
collected 3 items

test_run_all_tests.py ...                                                [100%]

=========================== 3 passed in 0.02 seconds ===========================
</system-out></testcase><testcase classname="pytest_steps.tests.test_all" file="pytest_steps/tests/test_all.py" line="21" name="test_run_all_tests[test_steps_new_with_generator.py]" time="0.20975494384765625"><system-out>
Testing that running pytest on file test_steps_new_with_generator.py results in {&apos;failed&apos;: 2, &apos;passed&apos;: 12, &apos;skipped&apos;: 2}
============================= test session starts ==============================
platform linux -- Python 3.5.6, pytest-3.10.1, py-1.7.0, pluggy-0.8.0
rootdir: /tmp/pytest-of-travis/pytest-0/test_run_all_tests4, inifile:
plugins: metadata-1.7.0, html-1.19.0, harvest-1.0.1, faulthandler-1.5.0, cov-2.6.0
collected 16 items

test_run_all_tests.py ....Fs.Fs.......                                   [100%]

=================================== FAILURES ===================================
________________ test_suite_exception_on_mandatory_step[step_b] ________________

________step_name_ = &apos;step_b&apos;
request = &lt;FixtureRequest for &lt;Function &apos;test_suite_exception_on_mandatory_step[step_b]&apos;&gt;&gt;

&gt;   ???

&lt;decorator-gen-17&gt;:2: 
_ _ _ _ _ _ _ _ _ _ _ _ _ _ _ _ _ _ _ _ _ _ _ _ _ _ _ _ _ _ _ _ _ _ _ _ _ _ _ _ 
/home/travis/build/smarie/python-pytest-steps/pytest_steps/decorator_hack.py:167: in caller
    **kwargs)
/home/travis/build/smarie/python-pytest-steps/pytest_steps/steps_generator.py:432: in step_function_wrapper
    steps_monitor.execute(step_name, *args, **kwargs)
/home/travis/build/smarie/python-pytest-steps/pytest_steps/steps_generator.py:270: in execute
    res = next(self.gen)
_ _ _ _ _ _ _ _ _ _ _ _ _ _ _ _ _ _ _ _ _ _ _ _ _ _ _ _ _ _ _ _ _ _ _ _ _ _ _ _ 

    @test_steps(&apos;step_a&apos;, &apos;step_b&apos;, &apos;step_c&apos;)
    def test_suite_exception_on_mandatory_step():
        &quot;&quot;&quot; &quot;&quot;&quot;
    
        # Step A
        print(&quot;step a&quot;)
        assert not False  # replace with your logic
        yield &apos;step_a&apos;
    
        # Step B
        print(&quot;step b&quot;)
&gt;       assert False  # replace with your logic
E       assert False

test_run_all_tests.py:43: AssertionError
----------------------------- Captured stdout call -----------------------------
step b
_______________ test_suite_optional_and_dependent_steps[step_b] ________________

________step_name_ = &apos;step_b&apos;
request = &lt;FixtureRequest for &lt;Function &apos;test_suite_optional_and_dependent_steps[step_b]&apos;&gt;&gt;

&gt;   ???

&lt;decorator-gen-18&gt;:2: 
_ _ _ _ _ _ _ _ _ _ _ _ _ _ _ _ _ _ _ _ _ _ _ _ _ _ _ _ _ _ _ _ _ _ _ _ _ _ _ _ 
/home/travis/build/smarie/python-pytest-steps/pytest_steps/decorator_hack.py:167: in caller
    **kwargs)
/home/travis/build/smarie/python-pytest-steps/pytest_steps/steps_generator.py:432: in step_function_wrapper
    steps_monitor.execute(step_name, *args, **kwargs)
/home/travis/build/smarie/python-pytest-steps/pytest_steps/steps_generator.py:292: in execute
    raise six.reraise(res.exec_result.exc_type, res.exec_result.exc_val, res.exec_result.tb)
/home/travis/miniconda/envs/test-environment/lib/python3.5/site-packages/six.py:693: in reraise
    raise value
_ _ _ _ _ _ _ _ _ _ _ _ _ _ _ _ _ _ _ _ _ _ _ _ _ _ _ _ _ _ _ _ _ _ _ _ _ _ _ _ 

    @test_steps(&apos;step_a&apos;, &apos;step_b&apos;, &apos;step_c&apos;, &apos;step_d&apos;)
    def test_suite_optional_and_dependent_steps():
        &quot;&quot;&quot; &quot;&quot;&quot;
    
        # Step A
        print(&quot;step a&quot;)
        assert not False
        yield &apos;step_a&apos;
    
        # Step B
        with optional_step(&apos;step_b&apos;) as step_b:
            print(&quot;step b&quot;)
&gt;           assert False
E           assert False

test_run_all_tests.py:64: AssertionError
----------------------------- Captured stdout call -----------------------------
step b
================ 2 failed, 12 passed, 2 skipped in 0.16 seconds ================
</system-out></testcase><testcase classname="pytest_steps.tests.test_all" file="pytest_steps/tests/test_all.py" line="21" name="test_run_all_tests[test_pytest_capabilities.py]" time="0.10283660888671875"><system-out>
Testing that running pytest on file test_pytest_capabilities.py results in {&apos;failed&apos;: 0, &apos;passed&apos;: 16, &apos;skipped&apos;: 0}
============================= test session starts ==============================
platform linux -- Python 3.5.6, pytest-3.10.1, py-1.7.0, pluggy-0.8.0
rootdir: /tmp/pytest-of-travis/pytest-0/test_run_all_tests5, inifile:
plugins: metadata-1.7.0, html-1.19.0, harvest-1.0.1, faulthandler-1.5.0, cov-2.6.0
collected 16 items

test_run_all_tests.py ................                                   [100%]

========================== 16 passed in 0.06 seconds ===========================
</system-out></testcase><testcase classname="pytest_steps.tests.test_all" file="pytest_steps/tests/test_all.py" line="21" name="test_run_all_tests[test_steps_with_results_basic.py]" time="0.07101655006408691"><system-out>
Testing that running pytest on file test_steps_with_results_basic.py results in {&apos;failed&apos;: 0, &apos;passed&apos;: 4, &apos;skipped&apos;: 0}
============================= test session starts ==============================
platform linux -- Python 3.5.6, pytest-3.10.1, py-1.7.0, pluggy-0.8.0
rootdir: /tmp/pytest-of-travis/pytest-0/test_run_all_tests6, inifile:
plugins: metadata-1.7.0, html-1.19.0, harvest-1.0.1, faulthandler-1.5.0, cov-2.6.0
collected 4 items

test_run_all_tests.py ....                                               [100%]

=========================== 4 passed in 0.02 seconds ===========================
</system-out></testcase><testcase classname="pytest_steps.tests.test_all" file="pytest_steps/tests/test_all.py" line="21" name="test_run_all_tests[test_steps_no_results.py]" time="0.07194042205810547"><system-out>
Testing that running pytest on file test_steps_no_results.py results in {&apos;failed&apos;: 0, &apos;passed&apos;: 4, &apos;skipped&apos;: 0}
============================= test session starts ==============================
platform linux -- Python 3.5.6, pytest-3.10.1, py-1.7.0, pluggy-0.8.0
rootdir: /tmp/pytest-of-travis/pytest-0/test_run_all_tests7, inifile:
plugins: metadata-1.7.0, html-1.19.0, harvest-1.0.1, faulthandler-1.5.0, cov-2.6.0
collected 4 items

test_run_all_tests.py ....                                               [100%]

=========================== 4 passed in 0.02 seconds ===========================
</system-out></testcase><testcase classname="pytest_steps.tests.test_all" file="pytest_steps/tests/test_all.py" line="21" name="test_run_all_tests[test_steps_dependencies.py]" time="0.0850682258605957"><system-out>
Testing that running pytest on file test_steps_dependencies.py results in {&apos;failed&apos;: 2, &apos;passed&apos;: 3, &apos;skipped&apos;: 1}
============================= test session starts ==============================
platform linux -- Python 3.5.6, pytest-3.10.1, py-1.7.0, pluggy-0.8.0
rootdir: /tmp/pytest-of-travis/pytest-0/test_run_all_tests8, inifile:
plugins: metadata-1.7.0, html-1.19.0, harvest-1.0.1, faulthandler-1.5.0, cov-2.6.0
collected 6 items

test_run_all_tests.py .Fs.F.                                             [100%]

=================================== FAILURES ===================================
________________________ test_suite_no_results[step_b] _________________________

test_step = &lt;function step_b at 0x7fa519767488&gt;
request = &lt;FixtureRequest for &lt;Function &apos;test_suite_no_results[step_b]&apos;&gt;&gt;

    @test_steps(step_a, step_b, step_c)
    def test_suite_no_results(test_step, request):
        &quot;&quot;&quot; In this test suite, the last step will be skipped because the second step failed (and there is a dependency) &quot;&quot;&quot;
    
        # Execute the step
&gt;       test_step()

test_run_all_tests.py:37: 
_ _ _ _ _ _ _ _ _ _ _ _ _ _ _ _ _ _ _ _ _ _ _ _ _ _ _ _ _ _ _ _ _ _ _ _ _ _ _ _ 

    def step_b():
        &quot;&quot;&quot; Step a of the test &quot;&quot;&quot;
    
        # perform this step
        print(&quot;step b&quot;)
&gt;       assert False
E       assert False

test_run_all_tests.py:20: AssertionError
----------------------------- Captured stdout call -----------------------------
step b
_____________________________ test_suite_1[step_b] _____________________________

test_step = &apos;step_b&apos;

    @test_steps(&apos;step_a&apos;, &apos;step_b&apos;, &apos;step_c&apos;)
    def test_suite_1(test_step):
        &quot;&quot;&quot; In this test suite the last step can &quot;see&quot; the dependency so it is still executed ...&quot;&quot;&quot;
        # Execute the step according to name
        if test_step == &apos;step_a&apos;:
            step_a()
        elif test_step == &apos;step_b&apos;:
&gt;           step_b()

test_run_all_tests.py:47: 
_ _ _ _ _ _ _ _ _ _ _ _ _ _ _ _ _ _ _ _ _ _ _ _ _ _ _ _ _ _ _ _ _ _ _ _ _ _ _ _ 

    def step_b():
        &quot;&quot;&quot; Step a of the test &quot;&quot;&quot;
    
        # perform this step
        print(&quot;step b&quot;)
&gt;       assert False
E       assert False

test_run_all_tests.py:20: AssertionError
----------------------------- Captured stdout call -----------------------------
step b
================ 2 failed, 3 passed, 1 skipped in 0.04 seconds =================
</system-out></testcase><testcase classname="pytest_steps.tests.test_all" file="pytest_steps/tests/test_all.py" line="21" name="test_run_all_tests[test_steps_and_dependency_tree.py]" time="0.1258547306060791"><system-out>
Testing that running pytest on file test_steps_and_dependency_tree.py results in {&apos;failed&apos;: 1, &apos;passed&apos;: 8, &apos;skipped&apos;: 5}
============================= test session starts ==============================
platform linux -- Python 3.5.6, pytest-3.10.1, py-1.7.0, pluggy-0.8.0
rootdir: /tmp/pytest-of-travis/pytest-0/test_run_all_tests9, inifile:
plugins: metadata-1.7.0, html-1.19.0, harvest-1.0.1, faulthandler-1.5.0, cov-2.6.0
collected 14 items

test_run_all_tests.py ....Fs....ssss                                     [100%]

=================================== FAILURES ===================================
_____________________________ test_3_4[p=b-step3] ______________________________

________step_name_ = &apos;step3&apos;
request = &lt;FixtureRequest for &lt;Function &apos;test_3_4[p=b-step3]&apos;&gt;&gt;, p = &apos;b&apos;
results_dct = {&apos;step1&apos;: 1, &apos;step2&apos;: &apos;hello&apos;, &apos;step3&apos;: {&apos;a&apos;: &apos;bla&apos;, &apos;b&apos;: &apos;bla&apos;}, &apos;step4&apos;: {&apos;a&apos;: &apos;blabla&apos;}}

&gt;   ???

&lt;decorator-gen-24&gt;:2: 
_ _ _ _ _ _ _ _ _ _ _ _ _ _ _ _ _ _ _ _ _ _ _ _ _ _ _ _ _ _ _ _ _ _ _ _ _ _ _ _ 
/home/travis/build/smarie/python-pytest-steps/pytest_steps/decorator_hack.py:167: in caller
    **kwargs)
/home/travis/build/smarie/python-pytest-steps/pytest_steps/steps_generator.py:432: in step_function_wrapper
    steps_monitor.execute(step_name, *args, **kwargs)
/home/travis/build/smarie/python-pytest-steps/pytest_steps/steps_generator.py:270: in execute
    res = next(self.gen)
_ _ _ _ _ _ _ _ _ _ _ _ _ _ _ _ _ _ _ _ _ _ _ _ _ _ _ _ _ _ _ _ _ _ _ _ _ _ _ _ 

p = &apos;b&apos;
results_dct = {&apos;step1&apos;: 1, &apos;step2&apos;: &apos;hello&apos;, &apos;step3&apos;: {&apos;a&apos;: &apos;bla&apos;, &apos;b&apos;: &apos;bla&apos;}, &apos;step4&apos;: {&apos;a&apos;: &apos;blabla&apos;}}

    @test_steps(&apos;step3&apos;, &apos;step4&apos;)
    @pytest.mark.parametrize(&apos;p&apos;, [&apos;a&apos;, &apos;b&apos;], ids=&quot;p={}&quot;.format)
    def test_3_4(p, results_dct):
        if &apos;step2&apos; not in results_dct:
            pytest.skip(&quot;Can not start step 3: step 2 has not run successfuly&quot;)
        # step 3
        results_dct.setdefault(&apos;step3&apos;, dict())[p] = &apos;bla&apos;
        if p == &apos;b&apos;:
&gt;           assert False
E           assert False

test_run_all_tests.py:33: AssertionError
================ 1 failed, 8 passed, 5 skipped in 0.08 seconds =================
</system-out></testcase><testcase classname="pytest_steps.tests.test_all" file="pytest_steps/tests/test_all.py" line="21" name="test_run_all_tests[test_stackoverflow2.py]" time="0.06607794761657715"><system-out>
Testing that running pytest on file test_stackoverflow2.py results in {&apos;failed&apos;: 0, &apos;passed&apos;: 3, &apos;skipped&apos;: 0}
============================= test session starts ==============================
platform linux -- Python 3.5.6, pytest-3.10.1, py-1.7.0, pluggy-0.8.0
rootdir: /tmp/pytest-of-travis/pytest-0/test_run_all_tests10, inifile:
plugins: metadata-1.7.0, html-1.19.0, harvest-1.0.1, faulthandler-1.5.0, cov-2.6.0
collected 3 items

test_run_all_tests.py ...                                                [100%]

=========================== 3 passed in 0.02 seconds ===========================
</system-out></testcase><testcase classname="pytest_steps.tests.test_decorator" file="pytest_steps/tests/test_decorator.py" line="32" name="test_normal_normal" time="0.0015914440155029297"><system-out>0
1
2
3
4
5
6
7
8
9
</system-out></testcase><testcase classname="pytest_steps.tests.test_decorator" file="pytest_steps/tests/test_decorator.py" line="42" name="test_normal_gen" time="0.0015633106231689453"><system-out>0
1
2
3
4
5
6
7
8
9
</system-out></testcase><testcase classname="pytest_steps.tests.test_decorator" file="pytest_steps/tests/test_decorator.py" line="55" name="test_gen_gen" time="0.0015778541564941406"><system-out>0
</system-out></testcase><testcase classname="pytest_steps.tests.test_decorator" file="pytest_steps/tests/test_decorator.py" line="66" name="test_gen_normal" time="0.0015263557434082031"><system-out>0
1
2
3
4
5
6
7
8
9
</system-out></testcase><testcase classname="pytest_steps.tests.test_docs_example_with_harvest" file="pytest_steps/tests/test_docs_example_with_harvest.py" line="50" name="test_my_app_bench[A-1-train]" time="0.0028553009033203125"></testcase><testcase classname="pytest_steps.tests.test_docs_example_with_harvest" file="pytest_steps/tests/test_docs_example_with_harvest.py" line="50" name="test_my_app_bench[A-1-score]" time="0.0022161006927490234"></testcase><testcase classname="pytest_steps.tests.test_docs_example_with_harvest" file="pytest_steps/tests/test_docs_example_with_harvest.py" line="50" name="test_my_app_bench[A-2-train]" time="0.0022554397583007812"></testcase><testcase classname="pytest_steps.tests.test_docs_example_with_harvest" file="pytest_steps/tests/test_docs_example_with_harvest.py" line="50" name="test_my_app_bench[A-2-score]" time="0.0021414756774902344"></testcase><testcase classname="pytest_steps.tests.test_docs_example_with_harvest" file="pytest_steps/tests/test_docs_example_with_harvest.py" line="50" name="test_my_app_bench[B-1-train]" time="0.002125263214111328"></testcase><testcase classname="pytest_steps.tests.test_docs_example_with_harvest" file="pytest_steps/tests/test_docs_example_with_harvest.py" line="50" name="test_my_app_bench[B-1-score]" time="0.002135038375854492"></testcase><testcase classname="pytest_steps.tests.test_docs_example_with_harvest" file="pytest_steps/tests/test_docs_example_with_harvest.py" line="50" name="test_my_app_bench[B-2-train]" time="0.002396106719970703"></testcase><testcase classname="pytest_steps.tests.test_docs_example_with_harvest" file="pytest_steps/tests/test_docs_example_with_harvest.py" line="50" name="test_my_app_bench[B-2-score]" time="0.002433300018310547"></testcase><testcase classname="pytest_steps.tests.test_docs_example_with_harvest" file="pytest_steps/tests/test_docs_example_with_harvest.py" line="50" name="test_my_app_bench[C-1-train]" time="0.002382040023803711"></testcase><testcase classname="pytest_steps.tests.test_docs_example_with_harvest" file="pytest_steps/tests/test_docs_example_with_harvest.py" line="50" name="test_my_app_bench[C-1-score]" time="0.0023450851440429688"></testcase><testcase classname="pytest_steps.tests.test_docs_example_with_harvest" file="pytest_steps/tests/test_docs_example_with_harvest.py" line="50" name="test_my_app_bench[C-2-train]" time="0.0021169185638427734"></testcase><testcase classname="pytest_steps.tests.test_docs_example_with_harvest" file="pytest_steps/tests/test_docs_example_with_harvest.py" line="50" name="test_my_app_bench[C-2-score]" time="0.00220489501953125"></testcase><testcase classname="pytest_steps.tests.test_docs_example_with_harvest" file="pytest_steps/tests/test_docs_example_with_harvest.py" line="71" name="test_synthesis" time="0.041841745376586914"><system-out>
Keys:
(&apos;test_my_app_bench[A-1]&apos;, &apos;train&apos;)
(&apos;test_my_app_bench[A-1]&apos;, &apos;score&apos;)
(&apos;test_my_app_bench[A-2]&apos;, &apos;train&apos;)
(&apos;test_my_app_bench[A-2]&apos;, &apos;score&apos;)
(&apos;test_my_app_bench[B-1]&apos;, &apos;train&apos;)
(&apos;test_my_app_bench[B-1]&apos;, &apos;score&apos;)
(&apos;test_my_app_bench[B-2]&apos;, &apos;train&apos;)
(&apos;test_my_app_bench[B-2]&apos;, &apos;score&apos;)
(&apos;test_my_app_bench[C-1]&apos;, &apos;train&apos;)
(&apos;test_my_app_bench[C-1]&apos;, &apos;score&apos;)
(&apos;test_my_app_bench[C-2]&apos;, &apos;train&apos;)
(&apos;test_my_app_bench[C-2]&apos;, &apos;score&apos;)

First node:
&apos;pytest_obj&apos;: &lt;function test_my_app_bench at 0x7fa519a5f9d8&gt;
&apos;status&apos;: &apos;passed&apos;
&apos;duration_ms&apos;: 0.5309581756591797
&apos;algo_param&apos;: 1
&apos;dataset&apos;: &apos;my dataset #A&apos;
&apos;accuracy&apos;: 0.9795830557543289
                                     status      duration_ms    algo_param  dataset           accuracy
-----------------------------------  --------  -------------  ------------  -------------  -----------
(&apos;test_my_app_bench[A-1]&apos;, &apos;train&apos;)  passed         0.530958             1  my dataset #A    0.979583
(&apos;test_my_app_bench[A-1]&apos;, &apos;score&apos;)  passed         0.482798             1  my dataset #A  nan
(&apos;test_my_app_bench[A-2]&apos;, &apos;train&apos;)  passed         0.531912             2  my dataset #A    0.198211
(&apos;test_my_app_bench[A-2]&apos;, &apos;score&apos;)  passed         0.510693             2  my dataset #A  nan
(&apos;test_my_app_bench[B-1]&apos;, &apos;train&apos;)  passed         0.509739             1  my dataset #B    0.181807
(&apos;test_my_app_bench[B-1]&apos;, &apos;score&apos;)  passed         0.519753             1  my dataset #B  nan
(&apos;test_my_app_bench[B-2]&apos;, &apos;train&apos;)  passed         0.50354              2  my dataset #B    0.913879
(&apos;test_my_app_bench[B-2]&apos;, &apos;score&apos;)  passed         0.602245             2  my dataset #B  nan
(&apos;test_my_app_bench[C-1]&apos;, &apos;train&apos;)  passed         0.733852             1  my dataset #C    0.431761
(&apos;test_my_app_bench[C-1]&apos;, &apos;score&apos;)  passed         0.513792             1  my dataset #C  nan
(&apos;test_my_app_bench[C-2]&apos;, &apos;train&apos;)  passed         0.480652             2  my dataset #C    0.0856664
(&apos;test_my_app_bench[C-2]&apos;, &apos;score&apos;)  passed         0.488281             2  my dataset #C  nan
test_id                   algo_param  dataset        train/status      train/duration_ms    train/accuracy  score/status      score/duration_ms
----------------------  ------------  -------------  --------------  -------------------  ----------------  --------------  -------------------
test_my_app_bench[A-1]             1  my dataset #A  passed                     0.530958         0.979583   passed                     0.482798
test_my_app_bench[A-2]             2  my dataset #A  passed                     0.531912         0.198211   passed                     0.510693
test_my_app_bench[B-1]             1  my dataset #B  passed                     0.509739         0.181807   passed                     0.519753
test_my_app_bench[B-2]             2  my dataset #B  passed                     0.50354          0.913879   passed                     0.602245
test_my_app_bench[C-1]             1  my dataset #C  passed                     0.733852         0.431761   passed                     0.513792
test_my_app_bench[C-2]             2  my dataset #C  passed                     0.480652         0.0856664  passed                     0.488281
</system-out></testcase><testcase classname="pytest_steps.tests.test_step_id_conflicts" file="pytest_steps/tests/test_step_id_conflicts.py" line="26" name="test_step_id_gen_mode_approx_conflict_params[p=a-a]" time="0.002084970474243164"></testcase><testcase classname="pytest_steps.tests.test_step_id_conflicts" file="pytest_steps/tests/test_step_id_conflicts.py" line="26" name="test_step_id_gen_mode_approx_conflict_params[p=a-b]" time="0.001851797103881836"></testcase><testcase classname="pytest_steps.tests.test_step_id_conflicts" file="pytest_steps/tests/test_step_id_conflicts.py" line="26" name="test_step_id_gen_mode_approx_conflict_params[p=b-a]" time="0.0017774105072021484"></testcase><testcase classname="pytest_steps.tests.test_step_id_conflicts" file="pytest_steps/tests/test_step_id_conflicts.py" line="26" name="test_step_id_gen_mode_approx_conflict_params[p=b-b]" time="0.0016160011291503906"></testcase><testcase classname="pytest_steps.tests.test_step_id_conflicts" file="pytest_steps/tests/test_step_id_conflicts.py" line="33" name="test_step_id_gen_mode_approx_conflict_fixture[hello-b-foo-a]" time="0.0017189979553222656"></testcase><testcase classname="pytest_steps.tests.test_step_id_conflicts" file="pytest_steps/tests/test_step_id_conflicts.py" line="33" name="test_step_id_gen_mode_approx_conflict_fixture[hello-b-foo-b]" time="0.0016758441925048828"></testcase><testcase classname="pytest_steps.tests.test_step_id_conflicts" file="pytest_steps/tests/test_step_id_conflicts.py" line="39" name="test_step_id_gen_mode_approx_conflict_params_and_no_conflict_fixture[1-p=a-a]" time="0.0019683837890625"><system-out>a
</system-out></testcase><testcase classname="pytest_steps.tests.test_step_id_conflicts" file="pytest_steps/tests/test_step_id_conflicts.py" line="39" name="test_step_id_gen_mode_approx_conflict_params_and_no_conflict_fixture[1-p=a-b]" time="0.0019545555114746094"><system-out>b
</system-out></testcase><testcase classname="pytest_steps.tests.test_step_id_conflicts" file="pytest_steps/tests/test_step_id_conflicts.py" line="39" name="test_step_id_gen_mode_approx_conflict_params_and_no_conflict_fixture[1-p=b-a]" time="0.0018377304077148438"><system-out>a
</system-out></testcase><testcase classname="pytest_steps.tests.test_step_id_conflicts" file="pytest_steps/tests/test_step_id_conflicts.py" line="39" name="test_step_id_gen_mode_approx_conflict_params_and_no_conflict_fixture[1-p=b-b]" time="0.001802682876586914"><system-out>b
</system-out></testcase><testcase classname="pytest_steps.tests.test_step_id_conflicts" file="pytest_steps/tests/test_step_id_conflicts.py" line="50" name="test_step_id_gen_mode_exact_conflict_with_param[a-a]" time="0.0018253326416015625"><system-out>a
</system-out></testcase><testcase classname="pytest_steps.tests.test_step_id_conflicts" file="pytest_steps/tests/test_step_id_conflicts.py" line="50" name="test_step_id_gen_mode_exact_conflict_with_param[a-b]" time="0.0017895698547363281"><system-out>b
</system-out></testcase><testcase classname="pytest_steps.tests.test_step_id_conflicts" file="pytest_steps/tests/test_step_id_conflicts.py" line="50" name="test_step_id_gen_mode_exact_conflict_with_param[b-a]" time="0.0018072128295898438"><system-out>a
</system-out></testcase><testcase classname="pytest_steps.tests.test_step_id_conflicts" file="pytest_steps/tests/test_step_id_conflicts.py" line="50" name="test_step_id_gen_mode_exact_conflict_with_param[b-b]" time="0.001752614974975586"><system-out>b
</system-out></testcase><testcase classname="pytest_steps.tests.test_step_id_conflicts" file="pytest_steps/tests/test_step_id_conflicts.py" line="59" name="test_step_id_gen_mode_exact_conflict_with_fixture[b-a]" time="0.0016436576843261719"><system-out>a
</system-out></testcase><testcase classname="pytest_steps.tests.test_step_id_conflicts" file="pytest_steps/tests/test_step_id_conflicts.py" line="59" name="test_step_id_gen_mode_exact_conflict_with_fixture[b-b]" time="0.0017173290252685547"><system-out>b
</system-out></testcase><testcase classname="pytest_steps.tests.test_step_id_conflicts" file="pytest_steps/tests/test_step_id_conflicts.py" line="67" name="test_step_id_gen_mode_exact_conflict_with_param_and_fixture[b-a-a]" time="0.001888275146484375"><system-out>a
</system-out></testcase><testcase classname="pytest_steps.tests.test_step_id_conflicts" file="pytest_steps/tests/test_step_id_conflicts.py" line="67" name="test_step_id_gen_mode_exact_conflict_with_param_and_fixture[b-a-b]" time="0.0019483566284179688"><system-out>b
</system-out></testcase><testcase classname="pytest_steps.tests.test_step_id_conflicts" file="pytest_steps/tests/test_step_id_conflicts.py" line="67" name="test_step_id_gen_mode_exact_conflict_with_param_and_fixture[b-b-a]" time="0.002202749252319336"><system-out>a
</system-out></testcase><testcase classname="pytest_steps.tests.test_step_id_conflicts" file="pytest_steps/tests/test_step_id_conflicts.py" line="67" name="test_step_id_gen_mode_exact_conflict_with_param_and_fixture[b-b-b]" time="0.0019061565399169922"><system-out>b
</system-out></testcase><testcase classname="pytest_steps.tests.test_step_id_conflicts" file="pytest_steps/tests/test_step_id_conflicts.py" line="79" name="test_step_id_parametrize_mode_approx_conflict[p=a-a]" time="0.0016582012176513672"><system-out>a
</system-out></testcase><testcase classname="pytest_steps.tests.test_step_id_conflicts" file="pytest_steps/tests/test_step_id_conflicts.py" line="79" name="test_step_id_parametrize_mode_approx_conflict[p=a-b]" time="0.0018088817596435547"><system-out>b
</system-out></testcase><testcase classname="pytest_steps.tests.test_step_id_conflicts" file="pytest_steps/tests/test_step_id_conflicts.py" line="79" name="test_step_id_parametrize_mode_approx_conflict[p=b-a]" time="0.0018117427825927734"><system-out>a
</system-out></testcase><testcase classname="pytest_steps.tests.test_step_id_conflicts" file="pytest_steps/tests/test_step_id_conflicts.py" line="79" name="test_step_id_parametrize_mode_approx_conflict[p=b-b]" time="0.0018219947814941406"><system-out>b
</system-out></testcase><testcase classname="pytest_steps.tests.test_step_id_conflicts" file="pytest_steps/tests/test_step_id_conflicts.py" line="88" name="test_step_id_conflicts_parametrized2[1-p=a-a]" time="0.0019516944885253906"><system-out>a
</system-out></testcase><testcase classname="pytest_steps.tests.test_step_id_conflicts" file="pytest_steps/tests/test_step_id_conflicts.py" line="88" name="test_step_id_conflicts_parametrized2[1-p=a-b]" time="0.0018851757049560547"><system-out>b
</system-out></testcase><testcase classname="pytest_steps.tests.test_step_id_conflicts" file="pytest_steps/tests/test_step_id_conflicts.py" line="88" name="test_step_id_conflicts_parametrized2[1-p=b-a]" time="0.0016553401947021484"><system-out>a
</system-out></testcase><testcase classname="pytest_steps.tests.test_step_id_conflicts" file="pytest_steps/tests/test_step_id_conflicts.py" line="88" name="test_step_id_conflicts_parametrized2[1-p=b-b]" time="0.0018925666809082031"><system-out>b
</system-out></testcase><testcase classname="pytest_steps.tests.test_step_id_conflicts" file="pytest_steps/tests/test_step_id_conflicts.py" line="97" name="test_step_id_conflicts_parametrized3[b-p=a-a]" time="0.001956939697265625"><system-out>a
</system-out></testcase><testcase classname="pytest_steps.tests.test_step_id_conflicts" file="pytest_steps/tests/test_step_id_conflicts.py" line="97" name="test_step_id_conflicts_parametrized3[b-p=a-b]" time="0.0019578933715820312"><system-out>b
</system-out></testcase><testcase classname="pytest_steps.tests.test_step_id_conflicts" file="pytest_steps/tests/test_step_id_conflicts.py" line="97" name="test_step_id_conflicts_parametrized3[b-p=b-a]" time="0.00189208984375"><system-out>a
</system-out></testcase><testcase classname="pytest_steps.tests.test_step_id_conflicts" file="pytest_steps/tests/test_step_id_conflicts.py" line="97" name="test_step_id_conflicts_parametrized3[b-p=b-b]" time="0.001888275146484375"><system-out>b
</system-out></testcase><testcase classname="pytest_steps.tests.test_steps_harvest" file="pytest_steps/tests/test_steps_harvest.py" line="64" name="test_my_app_bench[A-1-train]" time="0.0021865367889404297"></testcase><testcase classname="pytest_steps.tests.test_steps_harvest" file="pytest_steps/tests/test_steps_harvest.py" line="64" name="test_my_app_bench[A-1-score]" time="0.0024433135986328125"></testcase><testcase classname="pytest_steps.tests.test_steps_harvest" file="pytest_steps/tests/test_steps_harvest.py" line="64" name="test_my_app_bench[A-2-train]" time="0.0024607181549072266"></testcase><testcase classname="pytest_steps.tests.test_steps_harvest" file="pytest_steps/tests/test_steps_harvest.py" line="64" name="test_my_app_bench[A-2-score]" time="0.0023398399353027344"></testcase><testcase classname="pytest_steps.tests.test_steps_harvest" file="pytest_steps/tests/test_steps_harvest.py" line="64" name="test_my_app_bench[B-1-train]" time="0.002629518508911133"></testcase><testcase classname="pytest_steps.tests.test_steps_harvest" file="pytest_steps/tests/test_steps_harvest.py" line="64" name="test_my_app_bench[B-1-score]" time="0.001995563507080078"></testcase><testcase classname="pytest_steps.tests.test_steps_harvest" file="pytest_steps/tests/test_steps_harvest.py" line="64" name="test_my_app_bench[B-2-train]" time="0.0021810531616210938"></testcase><testcase classname="pytest_steps.tests.test_steps_harvest" file="pytest_steps/tests/test_steps_harvest.py" line="64" name="test_my_app_bench[B-2-score]" time="0.002336263656616211"></testcase><testcase classname="pytest_steps.tests.test_steps_harvest" file="pytest_steps/tests/test_steps_harvest.py" line="64" name="test_my_app_bench[C-1-train]" time="0.002370595932006836"></testcase><testcase classname="pytest_steps.tests.test_steps_harvest" file="pytest_steps/tests/test_steps_harvest.py" line="64" name="test_my_app_bench[C-1-score]" time="0.002282381057739258"></testcase><testcase classname="pytest_steps.tests.test_steps_harvest" file="pytest_steps/tests/test_steps_harvest.py" line="64" name="test_my_app_bench[C-2-train]" time="0.0022864341735839844"></testcase><testcase classname="pytest_steps.tests.test_steps_harvest" file="pytest_steps/tests/test_steps_harvest.py" line="64" name="test_my_app_bench[C-2-score]" time="0.0020093917846679688"></testcase><testcase classname="pytest_steps.tests.test_steps_harvest" file="pytest_steps/tests/test_steps_harvest.py" line="85" name="test_basic" time="0.0014193058013916016"></testcase><testcase classname="pytest_steps.tests.test_steps_harvest" file="pytest_steps/tests/test_steps_harvest.py" line="90" name="test_synthesis" time="0.0981910228729248"><system-out>
Keys:
test_my_app_bench[A-1-train]
test_my_app_bench[A-1-score]
test_my_app_bench[A-2-train]
test_my_app_bench[A-2-score]
test_my_app_bench[B-1-train]
test_my_app_bench[B-1-score]
test_my_app_bench[B-2-train]
test_my_app_bench[B-2-score]
test_my_app_bench[C-1-train]
test_my_app_bench[C-1-score]
test_my_app_bench[C-2-train]
test_my_app_bench[C-2-score]
test_basic

First node:
&apos;pytest_obj&apos;: &lt;function test_my_app_bench at 0x7fa519a2bbf8&gt;
&apos;status&apos;: &apos;passed&apos;
&apos;duration_ms&apos;: 0.5192756652832031
&apos;________step_name_&apos;: &apos;train&apos;
&apos;algo_param&apos;: 1
&apos;dataset&apos;: &apos;my dataset #A&apos;
&apos;accuracy&apos;: 0.19547920252793116

Pivoted table:
test_id                   algo_param  dataset        train/status      train/duration_ms    train/accuracy  score/status      score/duration_ms  -/status      -/duration_ms
----------------------  ------------  -------------  --------------  -------------------  ----------------  --------------  -------------------  ----------  ---------------
test_my_app_bench[A-1]             1  my dataset #A  passed                     0.519276         0.195479   passed                     0.535965  nan              nan
test_my_app_bench[A-2]             2  my dataset #A  passed                     0.533581         0.729157   passed                     0.52619   nan              nan
test_my_app_bench[B-1]             1  my dataset #B  passed                     0.531912         0.511864   passed                     0.430584  nan              nan
test_my_app_bench[B-2]             2  my dataset #B  passed                     0.52309          0.3605     passed                     0.55027   nan              nan
test_my_app_bench[C-1]             1  my dataset #C  passed                     0.529289         0.378118   passed                     0.498056  nan              nan
test_my_app_bench[C-2]             2  my dataset #C  passed                     0.545502         0.0105328  passed                     0.443459  nan              nan
test_basic                       nan  nan            nan                      nan              nan          nan                      nan         passed             0.352859

Pivoted table (2):
test_id                   algo_param  dataset        train/status      train/duration_ms    train/accuracy  score/status      score/duration_ms  -/status      -/duration_ms
----------------------  ------------  -------------  --------------  -------------------  ----------------  --------------  -------------------  ----------  ---------------
test_my_app_bench[A-1]             1  my dataset #A  passed                     0.519276         0.195479   passed                     0.535965  nan              nan
test_my_app_bench[A-2]             2  my dataset #A  passed                     0.533581         0.729157   passed                     0.52619   nan              nan
test_my_app_bench[B-1]             1  my dataset #B  passed                     0.531912         0.511864   passed                     0.430584  nan              nan
test_my_app_bench[B-2]             2  my dataset #B  passed                     0.52309          0.3605     passed                     0.55027   nan              nan
test_my_app_bench[C-1]             1  my dataset #C  passed                     0.529289         0.378118   passed                     0.498056  nan              nan
test_my_app_bench[C-2]             2  my dataset #C  passed                     0.545502         0.0105328  passed                     0.443459  nan              nan
test_basic                       nan  nan            nan                      nan              nan          nan                      nan         passed             0.352859
</system-out></testcase><testcase classname="pytest_steps.tests.test_steps_harvest" file="pytest_steps/tests/test_steps_harvest.py" line="185" name="test_synthesis_not_flat" time="0.004400730133056641"></testcase></testsuite>