<?xml version="1.0" encoding="utf-8"?><testsuite errors="0" failures="0" name="pytest" skips="0" tests="68" time="0.650"><testcase classname="pytest_steps.tests.test_pytest_capabilities" file="pytest_steps/tests/test_pytest_capabilities.py" line="83" name="test_manual_pytest_equivalent[F-1a-step_a-2A]" time="0.0038864612579345703"><system-out>step a - 1a2AF
</system-out></testcase><testcase classname="pytest_steps.tests.test_pytest_capabilities" file="pytest_steps/tests/test_pytest_capabilities.py" line="83" name="test_manual_pytest_equivalent[F-1a-step_a-2B]" time="0.0027289390563964844"><system-out>step a - 1a2BF
</system-out></testcase><testcase classname="pytest_steps.tests.test_pytest_capabilities" file="pytest_steps/tests/test_pytest_capabilities.py" line="83" name="test_manual_pytest_equivalent[F-1a-step_b-2A]" time="0.0025849342346191406"><system-out>step b - 1a2AF
some intermediate result created in step a for test 1a2AF ... augmented
</system-out></testcase><testcase classname="pytest_steps.tests.test_pytest_capabilities" file="pytest_steps/tests/test_pytest_capabilities.py" line="83" name="test_manual_pytest_equivalent[F-1a-step_b-2B]" time="0.00217437744140625"><system-out>step b - 1a2BF
some intermediate result created in step a for test 1a2BF ... augmented
</system-out></testcase><testcase classname="pytest_steps.tests.test_pytest_capabilities" file="pytest_steps/tests/test_pytest_capabilities.py" line="83" name="test_manual_pytest_equivalent[F-1b-step_a-2A]" time="0.002770662307739258"><system-out>step a - 1b2AF
</system-out></testcase><testcase classname="pytest_steps.tests.test_pytest_capabilities" file="pytest_steps/tests/test_pytest_capabilities.py" line="83" name="test_manual_pytest_equivalent[F-1b-step_a-2B]" time="0.0027832984924316406"><system-out>step a - 1b2BF
</system-out></testcase><testcase classname="pytest_steps.tests.test_pytest_capabilities" file="pytest_steps/tests/test_pytest_capabilities.py" line="83" name="test_manual_pytest_equivalent[F-1b-step_b-2A]" time="0.002838611602783203"><system-out>step b - 1b2AF
some intermediate result created in step a for test 1b2AF ... augmented
</system-out></testcase><testcase classname="pytest_steps.tests.test_pytest_capabilities" file="pytest_steps/tests/test_pytest_capabilities.py" line="83" name="test_manual_pytest_equivalent[F-1b-step_b-2B]" time="0.0029468536376953125"><system-out>step b - 1b2BF
some intermediate result created in step a for test 1b2BF ... augmented
</system-out></testcase><testcase classname="pytest_steps.tests.test_pytest_capabilities" file="pytest_steps/tests/test_pytest_capabilities.py" line="83" name="test_manual_pytest_equivalent[G-1a-step_a-2A]" time="0.0019314289093017578"><system-out>step a - 1a2AG
</system-out></testcase><testcase classname="pytest_steps.tests.test_pytest_capabilities" file="pytest_steps/tests/test_pytest_capabilities.py" line="83" name="test_manual_pytest_equivalent[G-1a-step_a-2B]" time="0.0025565624237060547"><system-out>step a - 1a2BG
</system-out></testcase><testcase classname="pytest_steps.tests.test_pytest_capabilities" file="pytest_steps/tests/test_pytest_capabilities.py" line="83" name="test_manual_pytest_equivalent[G-1a-step_b-2A]" time="0.0024967193603515625"><system-out>step b - 1a2AG
some intermediate result created in step a for test 1a2AG ... augmented
</system-out></testcase><testcase classname="pytest_steps.tests.test_pytest_capabilities" file="pytest_steps/tests/test_pytest_capabilities.py" line="83" name="test_manual_pytest_equivalent[G-1a-step_b-2B]" time="0.0027115345001220703"><system-out>step b - 1a2BG
some intermediate result created in step a for test 1a2BG ... augmented
</system-out></testcase><testcase classname="pytest_steps.tests.test_pytest_capabilities" file="pytest_steps/tests/test_pytest_capabilities.py" line="83" name="test_manual_pytest_equivalent[G-1b-step_a-2A]" time="0.0025098323822021484"><system-out>step a - 1b2AG
</system-out></testcase><testcase classname="pytest_steps.tests.test_pytest_capabilities" file="pytest_steps/tests/test_pytest_capabilities.py" line="83" name="test_manual_pytest_equivalent[G-1b-step_a-2B]" time="0.0022296905517578125"><system-out>step a - 1b2BG
</system-out></testcase><testcase classname="pytest_steps.tests.test_pytest_capabilities" file="pytest_steps/tests/test_pytest_capabilities.py" line="83" name="test_manual_pytest_equivalent[G-1b-step_b-2A]" time="0.002742767333984375"><system-out>step b - 1b2AG
some intermediate result created in step a for test 1b2AG ... augmented
</system-out></testcase><testcase classname="pytest_steps.tests.test_pytest_capabilities" file="pytest_steps/tests/test_pytest_capabilities.py" line="83" name="test_manual_pytest_equivalent[G-1b-step_b-2B]" time="0.0027070045471191406"><system-out>step b - 1b2BG
some intermediate result created in step a for test 1b2BG ... augmented
</system-out></testcase><testcase classname="pytest_steps.tests.test_stackoverflow" file="pytest_steps/tests/test_stackoverflow.py" line="29" name="test_suite_with_shared_results[step_first]" time="0.002178668975830078"></testcase><testcase classname="pytest_steps.tests.test_stackoverflow" file="pytest_steps/tests/test_stackoverflow.py" line="29" name="test_suite_with_shared_results[step_conversion]" time="0.0014886856079101562"></testcase><testcase classname="pytest_steps.tests.test_stackoverflow" file="pytest_steps/tests/test_stackoverflow.py" line="29" name="test_suite_with_shared_results[step_a_works_with_b]" time="0.0015952587127685547"></testcase><testcase classname="pytest_steps.tests.test_stackoverflow2" file="&lt;decorator-gen-3&gt;" line="0" name="test_suite[step_instance_start]" time="0.0020325183868408203"></testcase><testcase classname="pytest_steps.tests.test_stackoverflow2" file="&lt;decorator-gen-3&gt;" line="0" name="test_suite[step_instance_stop]" time="0.0019452571868896484"></testcase><testcase classname="pytest_steps.tests.test_stackoverflow2" file="&lt;decorator-gen-3&gt;" line="0" name="test_suite[step_instance_delete]" time="0.0019237995147705078"></testcase><testcase classname="pytest_steps.tests.test_steps_dependencies" file="pytest_steps/tests/test_steps_dependencies.py" line="4" name="test_suite_1[step_a]" time="0.00164031982421875"><system-out>step a
</system-out></testcase><testcase classname="pytest_steps.tests.test_steps_dependencies" file="pytest_steps/tests/test_steps_dependencies.py" line="4" name="test_suite_1[step_b]" time="0.001257181167602539"><system-out>step b
</system-out></testcase><testcase classname="pytest_steps.tests.test_steps_dependencies" file="pytest_steps/tests/test_steps_dependencies.py" line="4" name="test_suite_1[step_c]" time="0.0016341209411621094"><system-out>step c
</system-out></testcase><testcase classname="pytest_steps.tests.test_steps_dependencies" file="&lt;decorator-gen-4&gt;" line="0" name="test_suite_no_results[step_a]" time="0.0033674240112304688"><system-out>step a
</system-out></testcase><testcase classname="pytest_steps.tests.test_steps_dependencies" file="&lt;decorator-gen-4&gt;" line="0" name="test_suite_no_results[step_b]" time="0.001994609832763672"><system-out>step b
</system-out></testcase><testcase classname="pytest_steps.tests.test_steps_dependencies" file="&lt;decorator-gen-4&gt;" line="0" name="test_suite_no_results[step_c]" time="0.0020418167114257812"><system-out>step c
</system-out></testcase><testcase classname="pytest_steps.tests.test_steps_new_with_generator" file="&lt;decorator-gen-10&gt;" line="0" name="test_suite_fixture[step_a]" time="0.002274036407470703"><system-out>created new fixture 140217385013376
step a
140217385013376 called for the 1-th time
</system-out></testcase><testcase classname="pytest_steps.tests.test_steps_new_with_generator" file="&lt;decorator-gen-10&gt;" line="0" name="test_suite_fixture[step_b]" time="0.0021584033966064453"><system-out>created new fixture 140217385014944
step b
140217385014944 called for the 1-th time
</system-out></testcase><testcase classname="pytest_steps.tests.test_steps_new_with_generator" file="&lt;decorator-gen-5&gt;" line="0" name="test_suite_shared_results_no_yield_names[step_a]" time="0.002042531967163086"><system-out>step a
</system-out></testcase><testcase classname="pytest_steps.tests.test_steps_new_with_generator" file="&lt;decorator-gen-5&gt;" line="0" name="test_suite_shared_results_no_yield_names[step_b]" time="0.0020439624786376953"><system-out>step b
</system-out></testcase><testcase classname="pytest_steps.tests.test_steps_new_with_generator" file="&lt;decorator-gen-5&gt;" line="0" name="test_suite_shared_results_no_yield_names[step_c]" time="0.0019664764404296875"><system-out>step c
some intermediate result created in step a ... augmented
</system-out></testcase><testcase classname="pytest_steps.tests.test_steps_new_with_generator" file="&lt;decorator-gen-6&gt;" line="0" name="test_suite_exception_on_mandatory_step[step_a]" time="0.033498287200927734"><system-out>step a
</system-out></testcase><testcase classname="pytest_steps.tests.test_steps_new_with_generator" file="&lt;decorator-gen-6&gt;" line="0" name="test_suite_exception_on_mandatory_step[step_b]" time="0.0024797916412353516"><system-out>step b
</system-out></testcase><testcase classname="pytest_steps.tests.test_steps_new_with_generator" file="&lt;decorator-gen-6&gt;" line="0" name="test_suite_exception_on_mandatory_step[step_c]" time="0.002391338348388672"><system-out>step c
</system-out></testcase><testcase classname="pytest_steps.tests.test_steps_new_with_generator" file="&lt;decorator-gen-7&gt;" line="0" name="test_suite_optional_and_dependent_steps[step_a]" time="0.0020208358764648438"><system-out>step a
</system-out></testcase><testcase classname="pytest_steps.tests.test_steps_new_with_generator" file="&lt;decorator-gen-7&gt;" line="0" name="test_suite_optional_and_dependent_steps[step_b]" time="0.0015573501586914062"><system-out>step b
</system-out></testcase><testcase classname="pytest_steps.tests.test_steps_new_with_generator" file="&lt;decorator-gen-7&gt;" line="0" name="test_suite_optional_and_dependent_steps[step_c]" time="0.004027366638183594"><system-out>step c
</system-out></testcase><testcase classname="pytest_steps.tests.test_steps_new_with_generator" file="&lt;decorator-gen-7&gt;" line="0" name="test_suite_optional_and_dependent_steps[step_d]" time="0.0019843578338623047"><system-out>step d
</system-out></testcase><testcase classname="pytest_steps.tests.test_steps_new_with_generator" file="&lt;decorator-gen-8&gt;" line="0" name="test_suite_parametrized[i=0-step_a]" time="0.0021352767944335938"><system-out>step a, i=0
</system-out></testcase><testcase classname="pytest_steps.tests.test_steps_new_with_generator" file="&lt;decorator-gen-8&gt;" line="0" name="test_suite_parametrized[i=0-step_b]" time="0.0021059513092041016"><system-out>step b, i=0
</system-out></testcase><testcase classname="pytest_steps.tests.test_steps_new_with_generator" file="&lt;decorator-gen-8&gt;" line="0" name="test_suite_parametrized[i=1-step_a]" time="0.001630544662475586"><system-out>step a, i=1
</system-out></testcase><testcase classname="pytest_steps.tests.test_steps_new_with_generator" file="&lt;decorator-gen-8&gt;" line="0" name="test_suite_parametrized[i=1-step_b]" time="0.002853870391845703"><system-out>step b, i=1
</system-out></testcase><testcase classname="pytest_steps.tests.test_steps_no_results" file="pytest_steps/tests/test_steps_no_results.py" line="3" name="test_suite_no_results_str[step_a]" time="0.0022144317626953125"><system-out>step a
</system-out></testcase><testcase classname="pytest_steps.tests.test_steps_no_results" file="pytest_steps/tests/test_steps_no_results.py" line="3" name="test_suite_no_results_str[step_b]" time="0.0018703937530517578"><system-out>step b
</system-out></testcase><testcase classname="pytest_steps.tests.test_steps_no_results" file="pytest_steps/tests/test_steps_no_results.py" line="30" name="test_suite_no_results_fun[step_a]" time="0.001964569091796875"><system-out>step a
</system-out></testcase><testcase classname="pytest_steps.tests.test_steps_no_results" file="pytest_steps/tests/test_steps_no_results.py" line="30" name="test_suite_no_results_fun[step_b]" time="0.0015244483947753906"><system-out>step b
</system-out></testcase><testcase classname="pytest_steps.tests.test_steps_with_results_basic" file="pytest_steps/tests/test_steps_with_results_basic.py" line="3" name="test_suite_with_shared_results[step_a]" time="0.002943754196166992"><system-out>step a
</system-out></testcase><testcase classname="pytest_steps.tests.test_steps_with_results_basic" file="pytest_steps/tests/test_steps_with_results_basic.py" line="3" name="test_suite_with_shared_results[step_b]" time="0.0026350021362304688"><system-out>step b
some intermediate result created in step a ... augmented
</system-out></testcase><testcase classname="pytest_steps.tests.test_steps_with_results_basic" file="pytest_steps/tests/test_steps_with_results_basic.py" line="45" name="test_suite_with_steps_data[step_a]" time="0.0028493404388427734"><system-out>step a
</system-out></testcase><testcase classname="pytest_steps.tests.test_steps_with_results_basic" file="pytest_steps/tests/test_steps_with_results_basic.py" line="45" name="test_suite_with_steps_data[step_b]" time="0.0015943050384521484"><system-out>step b
some intermediate result created in step a ... augmented
</system-out></testcase><testcase classname="pytest_steps.tests.test_steps_with_results_complex" file="pytest_steps/tests/test_steps_with_results_complex.py" line="46" name="test_suite_with_results[F-1a-step_a-2A]" time="0.0021347999572753906"><system-out>step a - 1a2AF
</system-out></testcase><testcase classname="pytest_steps.tests.test_steps_with_results_complex" file="pytest_steps/tests/test_steps_with_results_complex.py" line="46" name="test_suite_with_results[F-1a-step_a-2B]" time="0.004120826721191406"><system-out>step a - 1a2BF
</system-out></testcase><testcase classname="pytest_steps.tests.test_steps_with_results_complex" file="pytest_steps/tests/test_steps_with_results_complex.py" line="46" name="test_suite_with_results[F-1a-step_b-2A]" time="0.003766298294067383"><system-out>step b - 1a2AF
some intermediate result created in step a for test 1a2AF ... augmented
</system-out></testcase><testcase classname="pytest_steps.tests.test_steps_with_results_complex" file="pytest_steps/tests/test_steps_with_results_complex.py" line="46" name="test_suite_with_results[F-1a-step_b-2B]" time="0.003073453903198242"><system-out>step b - 1a2BF
some intermediate result created in step a for test 1a2BF ... augmented
</system-out></testcase><testcase classname="pytest_steps.tests.test_steps_with_results_complex" file="pytest_steps/tests/test_steps_with_results_complex.py" line="46" name="test_suite_with_results[F-1b-step_a-2A]" time="0.002184629440307617"><system-out>step a - 1b2AF
</system-out></testcase><testcase classname="pytest_steps.tests.test_steps_with_results_complex" file="pytest_steps/tests/test_steps_with_results_complex.py" line="46" name="test_suite_with_results[F-1b-step_a-2B]" time="0.00370025634765625"><system-out>step a - 1b2BF
</system-out></testcase><testcase classname="pytest_steps.tests.test_steps_with_results_complex" file="pytest_steps/tests/test_steps_with_results_complex.py" line="46" name="test_suite_with_results[F-1b-step_b-2A]" time="0.004071950912475586"><system-out>step b - 1b2AF
some intermediate result created in step a for test 1b2AF ... augmented
</system-out></testcase><testcase classname="pytest_steps.tests.test_steps_with_results_complex" file="pytest_steps/tests/test_steps_with_results_complex.py" line="46" name="test_suite_with_results[F-1b-step_b-2B]" time="0.0025527477264404297"><system-out>step b - 1b2BF
some intermediate result created in step a for test 1b2BF ... augmented
</system-out></testcase><testcase classname="pytest_steps.tests.test_steps_with_results_complex" file="pytest_steps/tests/test_steps_with_results_complex.py" line="46" name="test_suite_with_results[G-1a-step_a-2A]" time="0.0019328594207763672"><system-out>step a - 1a2AG
</system-out></testcase><testcase classname="pytest_steps.tests.test_steps_with_results_complex" file="pytest_steps/tests/test_steps_with_results_complex.py" line="46" name="test_suite_with_results[G-1a-step_a-2B]" time="0.0024755001068115234"><system-out>step a - 1a2BG
</system-out></testcase><testcase classname="pytest_steps.tests.test_steps_with_results_complex" file="pytest_steps/tests/test_steps_with_results_complex.py" line="46" name="test_suite_with_results[G-1a-step_b-2A]" time="0.0028214454650878906"><system-out>step b - 1a2AG
some intermediate result created in step a for test 1a2AG ... augmented
</system-out></testcase><testcase classname="pytest_steps.tests.test_steps_with_results_complex" file="pytest_steps/tests/test_steps_with_results_complex.py" line="46" name="test_suite_with_results[G-1a-step_b-2B]" time="0.003455638885498047"><system-out>step b - 1a2BG
some intermediate result created in step a for test 1a2BG ... augmented
</system-out></testcase><testcase classname="pytest_steps.tests.test_steps_with_results_complex" file="pytest_steps/tests/test_steps_with_results_complex.py" line="46" name="test_suite_with_results[G-1b-step_a-2A]" time="0.0025451183319091797"><system-out>step a - 1b2AG
</system-out></testcase><testcase classname="pytest_steps.tests.test_steps_with_results_complex" file="pytest_steps/tests/test_steps_with_results_complex.py" line="46" name="test_suite_with_results[G-1b-step_a-2B]" time="0.0021936893463134766"><system-out>step a - 1b2BG
</system-out></testcase><testcase classname="pytest_steps.tests.test_steps_with_results_complex" file="pytest_steps/tests/test_steps_with_results_complex.py" line="46" name="test_suite_with_results[G-1b-step_b-2A]" time="0.002917766571044922"><system-out>step b - 1b2AG
some intermediate result created in step a for test 1b2AG ... augmented
</system-out></testcase><testcase classname="pytest_steps.tests.test_steps_with_results_complex" file="pytest_steps/tests/test_steps_with_results_complex.py" line="46" name="test_suite_with_results[G-1b-step_b-2B]" time="0.002996683120727539"><system-out>step b - 1b2BG
some intermediate result created in step a for test 1b2BG ... augmented
</system-out></testcase></testsuite>