<?xml version="1.0" encoding="utf-8"?><testsuite errors="0" failures="0" name="pytest" skips="0" tests="88" time="2.262"><testcase classname="pytest_steps.tests.test_all" file="pytest_steps/tests/test_all.py" line="21" name="test_run_all_tests[test_wrapped_in_class.py]" time="0.06769037246704102"><system-out>
Testing that running pytest on file test_wrapped_in_class.py results in {&apos;skipped&apos;: 0, &apos;failed&apos;: 0, &apos;passed&apos;: 1}
============================= test session starts ==============================
platform linux -- Python 3.5.6, pytest-3.10.1, py-1.7.0, pluggy-0.8.0
rootdir: /tmp/pytest-of-travis/pytest-0/test_run_all_tests0, inifile:
plugins: steps-1.5.2.dev1+g0eb0a67, metadata-1.7.0, html-1.19.0, harvest-1.4.3, faulthandler-1.5.0, cov-2.6.0
collected 1 item

test_run_all_tests.py .                                                  [100%]

=========================== 1 passed in 0.02 seconds ===========================
</system-out></testcase><testcase classname="pytest_steps.tests.test_all" file="pytest_steps/tests/test_all.py" line="21" name="test_run_all_tests[test_steps_parammode_with_results_complex.py]" time="0.10585522651672363"><system-out>
Testing that running pytest on file test_steps_parammode_with_results_complex.py results in {&apos;skipped&apos;: 0, &apos;failed&apos;: 0, &apos;passed&apos;: 16}
============================= test session starts ==============================
platform linux -- Python 3.5.6, pytest-3.10.1, py-1.7.0, pluggy-0.8.0
rootdir: /tmp/pytest-of-travis/pytest-0/test_run_all_tests1, inifile:
plugins: steps-1.5.2.dev1+g0eb0a67, metadata-1.7.0, html-1.19.0, harvest-1.4.3, faulthandler-1.5.0, cov-2.6.0
collected 16 items

test_run_all_tests.py ................                                   [100%]

========================== 16 passed in 0.06 seconds ===========================
</system-out></testcase><testcase classname="pytest_steps.tests.test_all" file="pytest_steps/tests/test_all.py" line="21" name="test_run_all_tests[test_steps_parammode_dependencies.py]" time="0.17149686813354492"><system-out>
Testing that running pytest on file test_steps_parammode_dependencies.py results in {&apos;skipped&apos;: 1, &apos;failed&apos;: 2, &apos;passed&apos;: 4}
============================= test session starts ==============================
platform linux -- Python 3.5.6, pytest-3.10.1, py-1.7.0, pluggy-0.8.0
rootdir: /tmp/pytest-of-travis/pytest-0/test_run_all_tests2, inifile:
plugins: steps-1.5.2.dev1+g0eb0a67, metadata-1.7.0, html-1.19.0, harvest-1.4.3, faulthandler-1.5.0, cov-2.6.0
collected 7 items

test_run_all_tests.py .Fs..F.                                            [100%]

=================================== FAILURES ===================================
________________________ test_suite_no_results[step_b] _________________________

request = &lt;FixtureRequest for &lt;Function &apos;test_suite_no_results[step_b]&apos;&gt;&gt;
test_step = &lt;function step_b at 0x7f2f0077d378&gt;

    @test_steps(step_a, step_b, step_c)
    def test_suite_no_results(request, test_step):
        &quot;&quot;&quot; In this test suite, the last step will be skipped because the second step failed (and there is a dependency) &quot;&quot;&quot;
    
        # Execute the step
&gt;       test_step()

test_run_all_tests.py:44: 
_ _ _ _ _ _ _ _ _ _ _ _ _ _ _ _ _ _ _ _ _ _ _ _ _ _ _ _ _ _ _ _ _ _ _ _ _ _ _ _ 

    def step_b():
        &quot;&quot;&quot; Step a of the test &quot;&quot;&quot;
    
        # perform this step
        print(&quot;step b&quot;)
&gt;       assert False
E       assert False

test_run_all_tests.py:27: AssertionError
----------------------------- Captured stdout call -----------------------------
step b
_____________________________ test_suite_1[step_b] _____________________________

request = &lt;FixtureRequest for &lt;Function &apos;test_suite_1[step_b]&apos;&gt;&gt;
test_step = &apos;step_b&apos;

&gt;   ???

&lt;decorator-gen-26&gt;:2: 
_ _ _ _ _ _ _ _ _ _ _ _ _ _ _ _ _ _ _ _ _ _ _ _ _ _ _ _ _ _ _ _ _ _ _ _ _ _ _ _ 
/home/travis/build/smarie/python-pytest-steps/pytest_steps/decorator_hack.py:167: in caller
    **kwargs)
/home/travis/build/smarie/python-pytest-steps/pytest_steps/steps_parametrizer.py:117: in our_wrapper
    return f(*args, **kwargs)
test_run_all_tests.py:73: in test_suite_1
    step_b()
_ _ _ _ _ _ _ _ _ _ _ _ _ _ _ _ _ _ _ _ _ _ _ _ _ _ _ _ _ _ _ _ _ _ _ _ _ _ _ _ 

    def step_b():
        &quot;&quot;&quot; Step a of the test &quot;&quot;&quot;
    
        # perform this step
        print(&quot;step b&quot;)
&gt;       assert False
E       assert False

test_run_all_tests.py:27: AssertionError
----------------------------- Captured stdout call -----------------------------
step b
================ 2 failed, 4 passed, 1 skipped in 0.12 seconds =================
</system-out></testcase><testcase classname="pytest_steps.tests.test_all" file="pytest_steps/tests/test_all.py" line="21" name="test_run_all_tests[test_steps_parammode_no_results.py]" time="0.07300853729248047"><system-out>
Testing that running pytest on file test_steps_parammode_no_results.py results in {&apos;skipped&apos;: 0, &apos;failed&apos;: 0, &apos;passed&apos;: 4}
============================= test session starts ==============================
platform linux -- Python 3.5.6, pytest-3.10.1, py-1.7.0, pluggy-0.8.0
rootdir: /tmp/pytest-of-travis/pytest-0/test_run_all_tests3, inifile:
plugins: steps-1.5.2.dev1+g0eb0a67, metadata-1.7.0, html-1.19.0, harvest-1.4.3, faulthandler-1.5.0, cov-2.6.0
collected 4 items

test_run_all_tests.py ....                                               [100%]

=========================== 4 passed in 0.02 seconds ===========================
</system-out></testcase><testcase classname="pytest_steps.tests.test_all" file="pytest_steps/tests/test_all.py" line="21" name="test_run_all_tests[test_steps_genmode.py]" time="0.20319819450378418"><system-out>
Testing that running pytest on file test_steps_genmode.py results in {&apos;skipped&apos;: 2, &apos;failed&apos;: 2, &apos;passed&apos;: 15}
============================= test session starts ==============================
platform linux -- Python 3.5.6, pytest-3.10.1, py-1.7.0, pluggy-0.8.0
rootdir: /tmp/pytest-of-travis/pytest-0/test_run_all_tests4, inifile:
plugins: steps-1.5.2.dev1+g0eb0a67, metadata-1.7.0, html-1.19.0, harvest-1.4.3, faulthandler-1.5.0, cov-2.6.0
collected 19 items

test_run_all_tests.py .....Fs.Fs.........                                [100%]

=================================== FAILURES ===================================
________________ test_suite_exception_on_mandatory_step[step_b] ________________

request = &lt;FixtureRequest for &lt;Function &apos;test_suite_exception_on_mandatory_step[step_b]&apos;&gt;&gt;
________step_name_ = &apos;step_b&apos;

&gt;   ???

&lt;decorator-gen-30&gt;:2: 
_ _ _ _ _ _ _ _ _ _ _ _ _ _ _ _ _ _ _ _ _ _ _ _ _ _ _ _ _ _ _ _ _ _ _ _ _ _ _ _ 
/home/travis/build/smarie/python-pytest-steps/pytest_steps/decorator_hack.py:167: in caller
    **kwargs)
/home/travis/build/smarie/python-pytest-steps/pytest_steps/steps_generator.py:468: in step_function_wrapper
    steps_monitor.execute(step_name, *args, **kwargs)
/home/travis/build/smarie/python-pytest-steps/pytest_steps/steps_generator.py:286: in execute
    res = next(self.gen)
_ _ _ _ _ _ _ _ _ _ _ _ _ _ _ _ _ _ _ _ _ _ _ _ _ _ _ _ _ _ _ _ _ _ _ _ _ _ _ _ 

    @test_steps(&apos;step_a&apos;, &apos;step_b&apos;, &apos;step_c&apos;)
    def test_suite_exception_on_mandatory_step():
        &quot;&quot;&quot; &quot;&quot;&quot;
    
        # Step A
        print(&quot;step a&quot;)
        assert not False  # replace with your logic
        yield &apos;step_a&apos;
    
        # Step B
        print(&quot;step b&quot;)
&gt;       assert False  # replace with your logic
E       assert False

test_run_all_tests.py:59: AssertionError
----------------------------- Captured stdout call -----------------------------
step b
_______________ test_suite_optional_and_dependent_steps[step_b] ________________

request = &lt;FixtureRequest for &lt;Function &apos;test_suite_optional_and_dependent_steps[step_b]&apos;&gt;&gt;
________step_name_ = &apos;step_b&apos;

&gt;   ???

&lt;decorator-gen-31&gt;:2: 
_ _ _ _ _ _ _ _ _ _ _ _ _ _ _ _ _ _ _ _ _ _ _ _ _ _ _ _ _ _ _ _ _ _ _ _ _ _ _ _ 
/home/travis/build/smarie/python-pytest-steps/pytest_steps/decorator_hack.py:167: in caller
    **kwargs)
/home/travis/build/smarie/python-pytest-steps/pytest_steps/steps_generator.py:468: in step_function_wrapper
    steps_monitor.execute(step_name, *args, **kwargs)
/home/travis/build/smarie/python-pytest-steps/pytest_steps/steps_generator.py:308: in execute
    raise six.reraise(res.exec_result.exc_type, res.exec_result.exc_val, res.exec_result.tb)
/home/travis/miniconda/envs/test-environment/lib/python3.5/site-packages/six.py:693: in reraise
    raise value
_ _ _ _ _ _ _ _ _ _ _ _ _ _ _ _ _ _ _ _ _ _ _ _ _ _ _ _ _ _ _ _ _ _ _ _ _ _ _ _ 

    @test_steps(&apos;step_a&apos;, &apos;step_b&apos;, &apos;step_c&apos;, &apos;step_d&apos;)
    def test_suite_optional_and_dependent_steps():
        &quot;&quot;&quot; &quot;&quot;&quot;
    
        # Step A
        print(&quot;step a&quot;)
        assert not False
        yield &apos;step_a&apos;
    
        # Step B
        with optional_step(&apos;step_b&apos;) as step_b:
            print(&quot;step b&quot;)
&gt;           assert False
E           assert False

test_run_all_tests.py:80: AssertionError
----------------------------- Captured stdout call -----------------------------
step b
================ 2 failed, 15 passed, 2 skipped in 0.16 seconds ================
</system-out></testcase><testcase classname="pytest_steps.tests.test_all" file="pytest_steps/tests/test_all.py" line="21" name="test_run_all_tests[test_steps_parammode_stackoverflow2.py]" time="0.06769847869873047"><system-out>
Testing that running pytest on file test_steps_parammode_stackoverflow2.py results in {&apos;skipped&apos;: 0, &apos;failed&apos;: 0, &apos;passed&apos;: 3}
============================= test session starts ==============================
platform linux -- Python 3.5.6, pytest-3.10.1, py-1.7.0, pluggy-0.8.0
rootdir: /tmp/pytest-of-travis/pytest-0/test_run_all_tests5, inifile:
plugins: steps-1.5.2.dev1+g0eb0a67, metadata-1.7.0, html-1.19.0, harvest-1.4.3, faulthandler-1.5.0, cov-2.6.0
collected 3 items

test_run_all_tests.py ...                                                [100%]

=========================== 3 passed in 0.02 seconds ===========================
</system-out></testcase><testcase classname="pytest_steps.tests.test_all" file="pytest_steps/tests/test_all.py" line="21" name="test_run_all_tests[test_steps_parammode_with_results_basic.py]" time="0.07503366470336914"><system-out>
Testing that running pytest on file test_steps_parammode_with_results_basic.py results in {&apos;skipped&apos;: 0, &apos;failed&apos;: 0, &apos;passed&apos;: 4}
============================= test session starts ==============================
platform linux -- Python 3.5.6, pytest-3.10.1, py-1.7.0, pluggy-0.8.0
rootdir: /tmp/pytest-of-travis/pytest-0/test_run_all_tests6, inifile:
plugins: steps-1.5.2.dev1+g0eb0a67, metadata-1.7.0, html-1.19.0, harvest-1.4.3, faulthandler-1.5.0, cov-2.6.0
collected 4 items

test_run_all_tests.py ....                                               [100%]

=========================== 4 passed in 0.03 seconds ===========================
</system-out></testcase><testcase classname="pytest_steps.tests.test_all" file="pytest_steps/tests/test_all.py" line="21" name="test_run_all_tests[test_steps_genmode_does_not_change_order.py]" time="0.07004046440124512"><system-out>
Testing that running pytest on file test_steps_genmode_does_not_change_order.py results in {&apos;skipped&apos;: 0, &apos;failed&apos;: 0, &apos;passed&apos;: 3}
============================= test session starts ==============================
platform linux -- Python 3.5.6, pytest-3.10.1, py-1.7.0, pluggy-0.8.0
rootdir: /tmp/pytest-of-travis/pytest-0/test_run_all_tests7, inifile:
plugins: steps-1.5.2.dev1+g0eb0a67, metadata-1.7.0, html-1.19.0, harvest-1.4.3, faulthandler-1.5.0, cov-2.6.0
collected 3 items

test_run_all_tests.py ...                                                [100%]

=========================== 3 passed in 0.02 seconds ===========================
</system-out></testcase><testcase classname="pytest_steps.tests.test_all" file="pytest_steps/tests/test_all.py" line="21" name="test_run_all_tests[test_steps_parammode_stackoverflow.py]" time="0.07044386863708496"><system-out>
Testing that running pytest on file test_steps_parammode_stackoverflow.py results in {&apos;skipped&apos;: 0, &apos;failed&apos;: 0, &apos;passed&apos;: 3}
============================= test session starts ==============================
platform linux -- Python 3.5.6, pytest-3.10.1, py-1.7.0, pluggy-0.8.0
rootdir: /tmp/pytest-of-travis/pytest-0/test_run_all_tests8, inifile:
plugins: steps-1.5.2.dev1+g0eb0a67, metadata-1.7.0, html-1.19.0, harvest-1.4.3, faulthandler-1.5.0, cov-2.6.0
collected 3 items

test_run_all_tests.py ...                                                [100%]

=========================== 3 passed in 0.02 seconds ===========================
</system-out></testcase><testcase classname="pytest_steps.tests.test_all" file="pytest_steps/tests/test_all.py" line="21" name="test_run_all_tests[test_pytest_parametrization_capabilities.py]" time="0.1100764274597168"><system-out>
Testing that running pytest on file test_pytest_parametrization_capabilities.py results in {&apos;skipped&apos;: 0, &apos;failed&apos;: 0, &apos;passed&apos;: 16}
============================= test session starts ==============================
platform linux -- Python 3.5.6, pytest-3.10.1, py-1.7.0, pluggy-0.8.0
rootdir: /tmp/pytest-of-travis/pytest-0/test_run_all_tests9, inifile:
plugins: steps-1.5.2.dev1+g0eb0a67, metadata-1.7.0, html-1.19.0, harvest-1.4.3, faulthandler-1.5.0, cov-2.6.0
collected 16 items

test_run_all_tests.py ................                                   [100%]

========================== 16 passed in 0.06 seconds ===========================
</system-out></testcase><testcase classname="pytest_steps.tests.test_all" file="pytest_steps/tests/test_all.py" line="21" name="test_run_all_tests[test_steps_genmode_dependency_tree.py]" time="0.1258237361907959"><system-out>
Testing that running pytest on file test_steps_genmode_dependency_tree.py results in {&apos;skipped&apos;: 5, &apos;failed&apos;: 1, &apos;passed&apos;: 8}
============================= test session starts ==============================
platform linux -- Python 3.5.6, pytest-3.10.1, py-1.7.0, pluggy-0.8.0
rootdir: /tmp/pytest-of-travis/pytest-0/test_run_all_tests10, inifile:
plugins: steps-1.5.2.dev1+g0eb0a67, metadata-1.7.0, html-1.19.0, harvest-1.4.3, faulthandler-1.5.0, cov-2.6.0
collected 14 items

test_run_all_tests.py ....Fs....ssss                                     [100%]

=================================== FAILURES ===================================
_____________________________ test_3_4[p=b-step3] ______________________________

request = &lt;FixtureRequest for &lt;Function &apos;test_3_4[p=b-step3]&apos;&gt;&gt;
________step_name_ = &apos;step3&apos;, p = &apos;b&apos;
results_dct = {&apos;step1&apos;: 1, &apos;step2&apos;: &apos;hello&apos;, &apos;step3&apos;: {&apos;a&apos;: &apos;bla&apos;, &apos;b&apos;: &apos;bla&apos;}, &apos;step4&apos;: {&apos;a&apos;: &apos;blabla&apos;}}

&gt;   ???

&lt;decorator-gen-44&gt;:2: 
_ _ _ _ _ _ _ _ _ _ _ _ _ _ _ _ _ _ _ _ _ _ _ _ _ _ _ _ _ _ _ _ _ _ _ _ _ _ _ _ 
/home/travis/build/smarie/python-pytest-steps/pytest_steps/decorator_hack.py:167: in caller
    **kwargs)
/home/travis/build/smarie/python-pytest-steps/pytest_steps/steps_generator.py:468: in step_function_wrapper
    steps_monitor.execute(step_name, *args, **kwargs)
/home/travis/build/smarie/python-pytest-steps/pytest_steps/steps_generator.py:286: in execute
    res = next(self.gen)
_ _ _ _ _ _ _ _ _ _ _ _ _ _ _ _ _ _ _ _ _ _ _ _ _ _ _ _ _ _ _ _ _ _ _ _ _ _ _ _ 

p = &apos;b&apos;
results_dct = {&apos;step1&apos;: 1, &apos;step2&apos;: &apos;hello&apos;, &apos;step3&apos;: {&apos;a&apos;: &apos;bla&apos;, &apos;b&apos;: &apos;bla&apos;}, &apos;step4&apos;: {&apos;a&apos;: &apos;blabla&apos;}}

    @test_steps(&apos;step3&apos;, &apos;step4&apos;)
    @pytest.mark.parametrize(&apos;p&apos;, [&apos;a&apos;, &apos;b&apos;], ids=&quot;p={}&quot;.format)
    def test_3_4(p, results_dct):
        if &apos;step2&apos; not in results_dct:
            pytest.skip(&quot;Can not start step 3: step 2 has not run successfuly&quot;)
        # step 3
        results_dct.setdefault(&apos;step3&apos;, dict())[p] = &apos;bla&apos;
        if p == &apos;b&apos;:
&gt;           assert False
E           assert False

test_run_all_tests.py:33: AssertionError
================ 1 failed, 8 passed, 5 skipped in 0.08 seconds =================
</system-out></testcase><testcase classname="pytest_steps.tests.test_cross_steps_fixture" file="pytest_steps/tests/test_cross_steps_fixture.py" line="17" name="test_gen_mode[0-a]" time="0.0019621849060058594"><system-out>hello
</system-out></testcase><testcase classname="pytest_steps.tests.test_cross_steps_fixture" file="pytest_steps/tests/test_cross_steps_fixture.py" line="17" name="test_gen_mode[0-b]" time="0.0026235580444335938"><system-out>world
</system-out></testcase><testcase classname="pytest_steps.tests.test_cross_steps_fixture" file="pytest_steps/tests/test_cross_steps_fixture.py" line="34" name="test_params_mode[0-step_a]" time="0.0023152828216552734"><system-out>hello
</system-out></testcase><testcase classname="pytest_steps.tests.test_cross_steps_fixture" file="pytest_steps/tests/test_cross_steps_fixture.py" line="34" name="test_params_mode[0-step_b]" time="0.0021402835845947266"><system-out>world
</system-out></testcase><testcase classname="pytest_steps.tests.test_cross_steps_fixture" file="pytest_steps/tests/test_cross_steps_fixture.py" line="40" name="test_fixture_has_been_called_once_per_fun" time="0.0011148452758789062"></testcase><testcase classname="pytest_steps.tests.test_decorator" file="pytest_steps/tests/test_decorator.py" line="28" name="test_normal_normal" time="0.001973390579223633"><system-out>0
1
2
3
4
5
6
7
8
9
</system-out></testcase><testcase classname="pytest_steps.tests.test_decorator" file="pytest_steps/tests/test_decorator.py" line="38" name="test_normal_gen" time="0.002460002899169922"><system-out>0
1
2
3
4
5
6
7
8
9
</system-out></testcase><testcase classname="pytest_steps.tests.test_decorator" file="pytest_steps/tests/test_decorator.py" line="51" name="test_gen_gen" time="0.001744985580444336"><system-out>0
</system-out></testcase><testcase classname="pytest_steps.tests.test_decorator" file="pytest_steps/tests/test_decorator.py" line="62" name="test_gen_normal" time="0.0017418861389160156"><system-out>0
1
2
3
4
5
6
7
8
9
</system-out></testcase><testcase classname="pytest_steps.tests.test_docs_example_manual_call" file="pytest_steps/tests/test_docs_example_manual_call.py" line="5" name="test_dummy_gen[first]" time="0.0023615360260009766"><system-out>hello
</system-out></testcase><testcase classname="pytest_steps.tests.test_docs_example_manual_call" file="pytest_steps/tests/test_docs_example_manual_call.py" line="5" name="test_dummy_gen[second]" time="0.00189971923828125"><system-out>world
</system-out></testcase><testcase classname="pytest_steps.tests.test_docs_example_manual_call" file="pytest_steps/tests/test_docs_example_manual_call.py" line="22" name="test_dummy_param_deps[first]" time="0.002027273178100586"><system-out>hello
</system-out></testcase><testcase classname="pytest_steps.tests.test_docs_example_manual_call" file="pytest_steps/tests/test_docs_example_manual_call.py" line="22" name="test_dummy_param_deps[second]" time="0.0021250247955322266"><system-out>world
</system-out></testcase><testcase classname="pytest_steps.tests.test_docs_example_manual_call" file="pytest_steps/tests/test_docs_example_manual_call.py" line="27" name="test_dummy_param[first]" time="0.0012545585632324219"><system-out>hello
</system-out></testcase><testcase classname="pytest_steps.tests.test_docs_example_manual_call" file="pytest_steps/tests/test_docs_example_manual_call.py" line="27" name="test_dummy_param[second]" time="0.0020401477813720703"><system-out>world
</system-out></testcase><testcase classname="pytest_steps.tests.test_docs_example_manual_call" file="pytest_steps/tests/test_docs_example_manual_call.py" line="35" name="test_manual_call[test_dummy_gen]" time="0.0054531097412109375"><system-out>Help on function test_dummy_gen in module pytest_steps.tests.test_docs_example_manual_call:

test_dummy_gen(request, ________step_name_)

None
hello
world
hello
hello
world
</system-out></testcase><testcase classname="pytest_steps.tests.test_docs_example_manual_call" file="pytest_steps/tests/test_docs_example_manual_call.py" line="35" name="test_manual_call[test_dummy_param_deps]" time="0.002612590789794922"><system-out>Help on function test_dummy_param_deps in module pytest_steps.tests.test_docs_example_manual_call:

test_dummy_param_deps(request, test_step)

None
hello
world
hello
hello
world
world
</system-out></testcase><testcase classname="pytest_steps.tests.test_docs_example_manual_call" file="pytest_steps/tests/test_docs_example_manual_call.py" line="35" name="test_manual_call[test_dummy_param]" time="0.002652406692504883"><system-out>Help on function test_dummy_param in module pytest_steps.tests.test_docs_example_manual_call:

test_dummy_param(request, test_step)

None
hello
world
hello
hello
world
world
</system-out></testcase><testcase classname="pytest_steps.tests.test_docs_example_with_harvest" file="pytest_steps/tests/test_docs_example_with_harvest.py" line="32" name="test_my_app_bench[A-1-train]" time="0.0031855106353759766"></testcase><testcase classname="pytest_steps.tests.test_docs_example_with_harvest" file="pytest_steps/tests/test_docs_example_with_harvest.py" line="32" name="test_my_app_bench[A-1-score]" time="0.0031218528747558594"></testcase><testcase classname="pytest_steps.tests.test_docs_example_with_harvest" file="pytest_steps/tests/test_docs_example_with_harvest.py" line="32" name="test_my_app_bench[A-2-train]" time="0.002840280532836914"></testcase><testcase classname="pytest_steps.tests.test_docs_example_with_harvest" file="pytest_steps/tests/test_docs_example_with_harvest.py" line="32" name="test_my_app_bench[A-2-score]" time="0.0026018619537353516"></testcase><testcase classname="pytest_steps.tests.test_docs_example_with_harvest" file="pytest_steps/tests/test_docs_example_with_harvest.py" line="32" name="test_my_app_bench[B-1-train]" time="0.0028467178344726562"></testcase><testcase classname="pytest_steps.tests.test_docs_example_with_harvest" file="pytest_steps/tests/test_docs_example_with_harvest.py" line="32" name="test_my_app_bench[B-1-score]" time="0.0027265548706054688"></testcase><testcase classname="pytest_steps.tests.test_docs_example_with_harvest" file="pytest_steps/tests/test_docs_example_with_harvest.py" line="32" name="test_my_app_bench[B-2-train]" time="0.0017325878143310547"></testcase><testcase classname="pytest_steps.tests.test_docs_example_with_harvest" file="pytest_steps/tests/test_docs_example_with_harvest.py" line="32" name="test_my_app_bench[B-2-score]" time="0.002790212631225586"></testcase><testcase classname="pytest_steps.tests.test_docs_example_with_harvest" file="pytest_steps/tests/test_docs_example_with_harvest.py" line="32" name="test_my_app_bench[C-1-train]" time="0.0028429031372070312"></testcase><testcase classname="pytest_steps.tests.test_docs_example_with_harvest" file="pytest_steps/tests/test_docs_example_with_harvest.py" line="32" name="test_my_app_bench[C-1-score]" time="0.0026357173919677734"></testcase><testcase classname="pytest_steps.tests.test_docs_example_with_harvest" file="pytest_steps/tests/test_docs_example_with_harvest.py" line="32" name="test_my_app_bench[C-2-train]" time="0.003107786178588867"></testcase><testcase classname="pytest_steps.tests.test_docs_example_with_harvest" file="pytest_steps/tests/test_docs_example_with_harvest.py" line="32" name="test_my_app_bench[C-2-score]" time="0.0026700496673583984"></testcase><testcase classname="pytest_steps.tests.test_docs_example_with_harvest" file="pytest_steps/tests/test_docs_example_with_harvest.py" line="53" name="test_synthesis_df" time="0.08442878723144531"><system-out>
   `module_results_df` dataframe:

                                status    ...     accuracy
test_id                step_id            ...             
test_my_app_bench[A-1] train    passed    ...          NaN
                       score    passed    ...     0.139712
test_my_app_bench[A-2] train    passed    ...          NaN
                       score    passed    ...     0.254733
test_my_app_bench[B-1] train    passed    ...          NaN
                       score    passed    ...     0.386232
test_my_app_bench[B-2] train    passed    ...          NaN
                       score    passed    ...     0.901257
test_my_app_bench[C-1] train    passed    ...          NaN
                       score    passed    ...     0.179799
test_my_app_bench[C-2] train    passed    ...          NaN
                       score    passed    ...     0.855487

[12 rows x 6 columns]
                                     status      duration_ms    algo_param  dataset_param    dataset          accuracy
-----------------------------------  --------  -------------  ------------  ---------------  -------------  ----------
(&apos;test_my_app_bench[A-1]&apos;, &apos;train&apos;)  passed         0.33927              1  A                my dataset #A  nan
(&apos;test_my_app_bench[A-1]&apos;, &apos;score&apos;)  passed         1.29032              1  A                my dataset #A    0.139712
(&apos;test_my_app_bench[A-2]&apos;, &apos;train&apos;)  passed         0.334263             2  A                my dataset #A  nan
(&apos;test_my_app_bench[A-2]&apos;, &apos;score&apos;)  passed         0.337601             2  A                my dataset #A    0.254733
(&apos;test_my_app_bench[B-1]&apos;, &apos;train&apos;)  passed         0.320911             1  B                my dataset #B  nan
(&apos;test_my_app_bench[B-1]&apos;, &apos;score&apos;)  passed         0.338793             1  B                my dataset #B    0.386232
(&apos;test_my_app_bench[B-2]&apos;, &apos;train&apos;)  passed         0.332832             2  B                my dataset #B  nan
(&apos;test_my_app_bench[B-2]&apos;, &apos;score&apos;)  passed         0.328302             2  B                my dataset #B    0.901257
(&apos;test_my_app_bench[C-1]&apos;, &apos;train&apos;)  passed         0.347614             1  C                my dataset #C  nan
(&apos;test_my_app_bench[C-1]&apos;, &apos;score&apos;)  passed         0.361919             1  C                my dataset #C    0.179799
(&apos;test_my_app_bench[C-2]&apos;, &apos;train&apos;)  passed         0.457764             2  C                my dataset #C  nan
(&apos;test_my_app_bench[C-2]&apos;, &apos;score&apos;)  passed         0.321388             2  C                my dataset #C    0.855487

   `module_results_df_steps_pivoted` dataframe:

                        algo_param      ...       score/accuracy
test_id                                 ...                     
test_my_app_bench[A-1]           1      ...             0.139712
test_my_app_bench[A-2]           2      ...             0.254733
test_my_app_bench[B-1]           1      ...             0.386232
test_my_app_bench[B-2]           2      ...             0.901257
test_my_app_bench[C-1]           1      ...             0.179799
test_my_app_bench[C-2]           2      ...             0.855487

[6 rows x 9 columns]
test_id                   algo_param  dataset_param    train/status      train/duration_ms  train/dataset    score/status      score/duration_ms  score/dataset      score/accuracy
----------------------  ------------  ---------------  --------------  -------------------  ---------------  --------------  -------------------  ---------------  ----------------
test_my_app_bench[A-1]             1  A                passed                     0.33927   my dataset #A    passed                     1.29032   my dataset #A            0.139712
test_my_app_bench[A-2]             2  A                passed                     0.334263  my dataset #A    passed                     0.337601  my dataset #A            0.254733
test_my_app_bench[B-1]             1  B                passed                     0.320911  my dataset #B    passed                     0.338793  my dataset #B            0.386232
test_my_app_bench[B-2]             2  B                passed                     0.332832  my dataset #B    passed                     0.328302  my dataset #B            0.901257
test_my_app_bench[C-1]             1  C                passed                     0.347614  my dataset #C    passed                     0.361919  my dataset #C            0.179799
test_my_app_bench[C-2]             2  C                passed                     0.457764  my dataset #C    passed                     0.321388  my dataset #C            0.855487
</system-out></testcase><testcase classname="pytest_steps.tests.test_step_id_conflicts" file="pytest_steps/tests/test_step_id_conflicts.py" line="26" name="test_step_id_gen_mode_approx_conflict_params[p=a-a]" time="0.0025787353515625"></testcase><testcase classname="pytest_steps.tests.test_step_id_conflicts" file="pytest_steps/tests/test_step_id_conflicts.py" line="26" name="test_step_id_gen_mode_approx_conflict_params[p=a-b]" time="0.002477884292602539"></testcase><testcase classname="pytest_steps.tests.test_step_id_conflicts" file="pytest_steps/tests/test_step_id_conflicts.py" line="26" name="test_step_id_gen_mode_approx_conflict_params[p=b-a]" time="0.002425670623779297"></testcase><testcase classname="pytest_steps.tests.test_step_id_conflicts" file="pytest_steps/tests/test_step_id_conflicts.py" line="26" name="test_step_id_gen_mode_approx_conflict_params[p=b-b]" time="0.0027039051055908203"></testcase><testcase classname="pytest_steps.tests.test_step_id_conflicts" file="pytest_steps/tests/test_step_id_conflicts.py" line="33" name="test_step_id_gen_mode_approx_conflict_fixture[hello-b-foo-a]" time="0.002544879913330078"></testcase><testcase classname="pytest_steps.tests.test_step_id_conflicts" file="pytest_steps/tests/test_step_id_conflicts.py" line="33" name="test_step_id_gen_mode_approx_conflict_fixture[hello-b-foo-b]" time="0.002455472946166992"></testcase><testcase classname="pytest_steps.tests.test_step_id_conflicts" file="pytest_steps/tests/test_step_id_conflicts.py" line="39" name="test_step_id_gen_mode_approx_conflict_params_and_no_conflict_fixture[1-p=a-a]" time="0.002805471420288086"><system-out>a
</system-out></testcase><testcase classname="pytest_steps.tests.test_step_id_conflicts" file="pytest_steps/tests/test_step_id_conflicts.py" line="39" name="test_step_id_gen_mode_approx_conflict_params_and_no_conflict_fixture[1-p=a-b]" time="0.0029091835021972656"><system-out>b
</system-out></testcase><testcase classname="pytest_steps.tests.test_step_id_conflicts" file="pytest_steps/tests/test_step_id_conflicts.py" line="39" name="test_step_id_gen_mode_approx_conflict_params_and_no_conflict_fixture[1-p=b-a]" time="0.0016942024230957031"><system-out>a
</system-out></testcase><testcase classname="pytest_steps.tests.test_step_id_conflicts" file="pytest_steps/tests/test_step_id_conflicts.py" line="39" name="test_step_id_gen_mode_approx_conflict_params_and_no_conflict_fixture[1-p=b-b]" time="0.003097057342529297"><system-out>b
</system-out></testcase><testcase classname="pytest_steps.tests.test_step_id_conflicts" file="pytest_steps/tests/test_step_id_conflicts.py" line="50" name="test_step_id_gen_mode_exact_conflict_with_param[a-a]" time="0.0014231204986572266"><system-out>a
</system-out></testcase><testcase classname="pytest_steps.tests.test_step_id_conflicts" file="pytest_steps/tests/test_step_id_conflicts.py" line="50" name="test_step_id_gen_mode_exact_conflict_with_param[a-b]" time="0.002254486083984375"><system-out>b
</system-out></testcase><testcase classname="pytest_steps.tests.test_step_id_conflicts" file="pytest_steps/tests/test_step_id_conflicts.py" line="50" name="test_step_id_gen_mode_exact_conflict_with_param[b-a]" time="0.0024890899658203125"><system-out>a
</system-out></testcase><testcase classname="pytest_steps.tests.test_step_id_conflicts" file="pytest_steps/tests/test_step_id_conflicts.py" line="50" name="test_step_id_gen_mode_exact_conflict_with_param[b-b]" time="0.002733945846557617"><system-out>b
</system-out></testcase><testcase classname="pytest_steps.tests.test_step_id_conflicts" file="pytest_steps/tests/test_step_id_conflicts.py" line="59" name="test_step_id_gen_mode_exact_conflict_with_fixture[b-a]" time="0.0024650096893310547"><system-out>a
</system-out></testcase><testcase classname="pytest_steps.tests.test_step_id_conflicts" file="pytest_steps/tests/test_step_id_conflicts.py" line="59" name="test_step_id_gen_mode_exact_conflict_with_fixture[b-b]" time="0.0019521713256835938"><system-out>b
</system-out></testcase><testcase classname="pytest_steps.tests.test_step_id_conflicts" file="pytest_steps/tests/test_step_id_conflicts.py" line="67" name="test_step_id_gen_mode_exact_conflict_with_param_and_fixture[b-a-a]" time="0.002825498580932617"><system-out>a
</system-out></testcase><testcase classname="pytest_steps.tests.test_step_id_conflicts" file="pytest_steps/tests/test_step_id_conflicts.py" line="67" name="test_step_id_gen_mode_exact_conflict_with_param_and_fixture[b-a-b]" time="0.0027697086334228516"><system-out>b
</system-out></testcase><testcase classname="pytest_steps.tests.test_step_id_conflicts" file="pytest_steps/tests/test_step_id_conflicts.py" line="67" name="test_step_id_gen_mode_exact_conflict_with_param_and_fixture[b-b-a]" time="0.0026748180389404297"><system-out>a
</system-out></testcase><testcase classname="pytest_steps.tests.test_step_id_conflicts" file="pytest_steps/tests/test_step_id_conflicts.py" line="67" name="test_step_id_gen_mode_exact_conflict_with_param_and_fixture[b-b-b]" time="0.00257110595703125"><system-out>b
</system-out></testcase><testcase classname="pytest_steps.tests.test_step_id_conflicts" file="pytest_steps/tests/test_step_id_conflicts.py" line="79" name="test_step_id_parametrize_mode_approx_conflict[p=a-a]" time="0.0025606155395507812"><system-out>a
</system-out></testcase><testcase classname="pytest_steps.tests.test_step_id_conflicts" file="pytest_steps/tests/test_step_id_conflicts.py" line="79" name="test_step_id_parametrize_mode_approx_conflict[p=a-b]" time="0.002608776092529297"><system-out>b
</system-out></testcase><testcase classname="pytest_steps.tests.test_step_id_conflicts" file="pytest_steps/tests/test_step_id_conflicts.py" line="79" name="test_step_id_parametrize_mode_approx_conflict[p=b-a]" time="0.0027360916137695312"><system-out>a
</system-out></testcase><testcase classname="pytest_steps.tests.test_step_id_conflicts" file="pytest_steps/tests/test_step_id_conflicts.py" line="79" name="test_step_id_parametrize_mode_approx_conflict[p=b-b]" time="0.003238201141357422"><system-out>b
</system-out></testcase><testcase classname="pytest_steps.tests.test_step_id_conflicts" file="pytest_steps/tests/test_step_id_conflicts.py" line="88" name="test_step_id_conflicts_parametrized2[1-p=a-a]" time="0.0025627613067626953"><system-out>a
</system-out></testcase><testcase classname="pytest_steps.tests.test_step_id_conflicts" file="pytest_steps/tests/test_step_id_conflicts.py" line="88" name="test_step_id_conflicts_parametrized2[1-p=a-b]" time="0.0025174617767333984"><system-out>b
</system-out></testcase><testcase classname="pytest_steps.tests.test_step_id_conflicts" file="pytest_steps/tests/test_step_id_conflicts.py" line="88" name="test_step_id_conflicts_parametrized2[1-p=b-a]" time="0.002577543258666992"><system-out>a
</system-out></testcase><testcase classname="pytest_steps.tests.test_step_id_conflicts" file="pytest_steps/tests/test_step_id_conflicts.py" line="88" name="test_step_id_conflicts_parametrized2[1-p=b-b]" time="0.002735614776611328"><system-out>b
</system-out></testcase><testcase classname="pytest_steps.tests.test_step_id_conflicts" file="pytest_steps/tests/test_step_id_conflicts.py" line="97" name="test_step_id_conflicts_parametrized3[b-p=a-a]" time="0.0025641918182373047"><system-out>a
</system-out></testcase><testcase classname="pytest_steps.tests.test_step_id_conflicts" file="pytest_steps/tests/test_step_id_conflicts.py" line="97" name="test_step_id_conflicts_parametrized3[b-p=a-b]" time="0.002580881118774414"><system-out>b
</system-out></testcase><testcase classname="pytest_steps.tests.test_step_id_conflicts" file="pytest_steps/tests/test_step_id_conflicts.py" line="97" name="test_step_id_conflicts_parametrized3[b-p=b-a]" time="0.0024580955505371094"><system-out>a
</system-out></testcase><testcase classname="pytest_steps.tests.test_step_id_conflicts" file="pytest_steps/tests/test_step_id_conflicts.py" line="97" name="test_step_id_conflicts_parametrized3[b-p=b-b]" time="0.002794981002807617"><system-out>b
</system-out></testcase><testcase classname="pytest_steps.tests.test_steps_harvest" file="pytest_steps/tests/test_steps_harvest.py" line="32" name="test_my_app_bench[A-1-train]" time="0.002974987030029297"></testcase><testcase classname="pytest_steps.tests.test_steps_harvest" file="pytest_steps/tests/test_steps_harvest.py" line="32" name="test_my_app_bench[A-1-score]" time="0.0016314983367919922"></testcase><testcase classname="pytest_steps.tests.test_steps_harvest" file="pytest_steps/tests/test_steps_harvest.py" line="32" name="test_my_app_bench[A-2-train]" time="0.0026504993438720703"></testcase><testcase classname="pytest_steps.tests.test_steps_harvest" file="pytest_steps/tests/test_steps_harvest.py" line="32" name="test_my_app_bench[A-2-score]" time="0.002507448196411133"></testcase><testcase classname="pytest_steps.tests.test_steps_harvest" file="pytest_steps/tests/test_steps_harvest.py" line="32" name="test_my_app_bench[B-1-train]" time="0.003255605697631836"></testcase><testcase classname="pytest_steps.tests.test_steps_harvest" file="pytest_steps/tests/test_steps_harvest.py" line="32" name="test_my_app_bench[B-1-score]" time="0.0026781558990478516"></testcase><testcase classname="pytest_steps.tests.test_steps_harvest" file="pytest_steps/tests/test_steps_harvest.py" line="32" name="test_my_app_bench[B-2-train]" time="0.0019371509552001953"></testcase><testcase classname="pytest_steps.tests.test_steps_harvest" file="pytest_steps/tests/test_steps_harvest.py" line="32" name="test_my_app_bench[B-2-score]" time="0.002789735794067383"></testcase><testcase classname="pytest_steps.tests.test_steps_harvest" file="pytest_steps/tests/test_steps_harvest.py" line="32" name="test_my_app_bench[C-1-train]" time="0.00266265869140625"></testcase><testcase classname="pytest_steps.tests.test_steps_harvest" file="pytest_steps/tests/test_steps_harvest.py" line="32" name="test_my_app_bench[C-1-score]" time="0.0018267631530761719"></testcase><testcase classname="pytest_steps.tests.test_steps_harvest" file="pytest_steps/tests/test_steps_harvest.py" line="32" name="test_my_app_bench[C-2-train]" time="0.002106189727783203"></testcase><testcase classname="pytest_steps.tests.test_steps_harvest" file="pytest_steps/tests/test_steps_harvest.py" line="32" name="test_my_app_bench[C-2-score]" time="0.002455472946166992"></testcase><testcase classname="pytest_steps.tests.test_steps_harvest" file="pytest_steps/tests/test_steps_harvest.py" line="53" name="test_basic" time="0.0016665458679199219"></testcase><testcase classname="pytest_steps.tests.test_steps_harvest" file="pytest_steps/tests/test_steps_harvest.py" line="58" name="test_synthesis" time="0.03986811637878418"><system-out>test_id                   algo_param  dataset_param    train/status      train/duration_ms  train/dataset    score/status      score/duration_ms  score/dataset      score/accuracy  -/status      -/duration_ms
----------------------  ------------  ---------------  --------------  -------------------  ---------------  --------------  -------------------  ---------------  ----------------  ----------  ---------------
test_my_app_bench[A-1]             1  A                passed                     0.510216  my dataset #A    passed                     0.320673  my dataset #A            0.798042  nan              nan
test_my_app_bench[A-2]             2  A                passed                     0.339508  my dataset #A    passed                     0.327349  my dataset #A            0.892917  nan              nan
test_my_app_bench[B-1]             1  B                passed                     0.33021   my dataset #B    passed                     0.467062  my dataset #B            0.974032  nan              nan
test_my_app_bench[B-2]             2  B                passed                     0.321627  my dataset #B    passed                     0.406265  my dataset #B            0.326188  nan              nan
test_my_app_bench[C-1]             1  C                passed                     0.359297  my dataset #C    passed                     0.334978  my dataset #C            0.391068  nan              nan
test_my_app_bench[C-2]             2  C                passed                     0.437737  my dataset #C    passed                     0.325918  my dataset #C            0.377626  nan              nan
test_basic                       nan  nan              nan                      nan         nan              nan                      nan         nan                    nan         passed             0.915527
</system-out></testcase></testsuite>