<?xml version="1.0" encoding="utf-8"?><testsuite errors="0" failures="0" name="pytest" skips="0" tests="51" time="0.404"><testcase classname="pytest_steps.tests.test_pytest_capabilities" file="pytest_steps/tests/test_pytest_capabilities.py" line="81" name="test_manual_pytest_equivalent[F-1a-step_a-2A]" time="0.0047092437744140625"><system-out>step a - 1a2AF
</system-out></testcase><testcase classname="pytest_steps.tests.test_pytest_capabilities" file="pytest_steps/tests/test_pytest_capabilities.py" line="81" name="test_manual_pytest_equivalent[F-1a-step_a-2B]" time="0.003159761428833008"><system-out>step a - 1a2BF
</system-out></testcase><testcase classname="pytest_steps.tests.test_pytest_capabilities" file="pytest_steps/tests/test_pytest_capabilities.py" line="81" name="test_manual_pytest_equivalent[F-1a-step_b-2A]" time="0.003088712692260742"><system-out>step b - 1a2AF
some intermediate result created in step a for test 1a2AF ... augmented
</system-out></testcase><testcase classname="pytest_steps.tests.test_pytest_capabilities" file="pytest_steps/tests/test_pytest_capabilities.py" line="81" name="test_manual_pytest_equivalent[F-1a-step_b-2B]" time="0.00408625602722168"><system-out>step b - 1a2BF
some intermediate result created in step a for test 1a2BF ... augmented
</system-out></testcase><testcase classname="pytest_steps.tests.test_pytest_capabilities" file="pytest_steps/tests/test_pytest_capabilities.py" line="81" name="test_manual_pytest_equivalent[F-1b-step_a-2A]" time="0.003343343734741211"><system-out>step a - 1b2AF
</system-out></testcase><testcase classname="pytest_steps.tests.test_pytest_capabilities" file="pytest_steps/tests/test_pytest_capabilities.py" line="81" name="test_manual_pytest_equivalent[F-1b-step_a-2B]" time="0.002629995346069336"><system-out>step a - 1b2BF
</system-out></testcase><testcase classname="pytest_steps.tests.test_pytest_capabilities" file="pytest_steps/tests/test_pytest_capabilities.py" line="81" name="test_manual_pytest_equivalent[F-1b-step_b-2A]" time="0.0030646324157714844"><system-out>step b - 1b2AF
some intermediate result created in step a for test 1b2AF ... augmented
</system-out></testcase><testcase classname="pytest_steps.tests.test_pytest_capabilities" file="pytest_steps/tests/test_pytest_capabilities.py" line="81" name="test_manual_pytest_equivalent[F-1b-step_b-2B]" time="0.0029134750366210938"><system-out>step b - 1b2BF
some intermediate result created in step a for test 1b2BF ... augmented
</system-out></testcase><testcase classname="pytest_steps.tests.test_pytest_capabilities" file="pytest_steps/tests/test_pytest_capabilities.py" line="81" name="test_manual_pytest_equivalent[G-1a-step_a-2A]" time="0.0032761096954345703"><system-out>step a - 1a2AG
</system-out></testcase><testcase classname="pytest_steps.tests.test_pytest_capabilities" file="pytest_steps/tests/test_pytest_capabilities.py" line="81" name="test_manual_pytest_equivalent[G-1a-step_a-2B]" time="0.0028629302978515625"><system-out>step a - 1a2BG
</system-out></testcase><testcase classname="pytest_steps.tests.test_pytest_capabilities" file="pytest_steps/tests/test_pytest_capabilities.py" line="81" name="test_manual_pytest_equivalent[G-1a-step_b-2A]" time="0.003183126449584961"><system-out>step b - 1a2AG
some intermediate result created in step a for test 1a2AG ... augmented
</system-out></testcase><testcase classname="pytest_steps.tests.test_pytest_capabilities" file="pytest_steps/tests/test_pytest_capabilities.py" line="81" name="test_manual_pytest_equivalent[G-1a-step_b-2B]" time="0.0029942989349365234"><system-out>step b - 1a2BG
some intermediate result created in step a for test 1a2BG ... augmented
</system-out></testcase><testcase classname="pytest_steps.tests.test_pytest_capabilities" file="pytest_steps/tests/test_pytest_capabilities.py" line="81" name="test_manual_pytest_equivalent[G-1b-step_a-2A]" time="0.003240823745727539"><system-out>step a - 1b2AG
</system-out></testcase><testcase classname="pytest_steps.tests.test_pytest_capabilities" file="pytest_steps/tests/test_pytest_capabilities.py" line="81" name="test_manual_pytest_equivalent[G-1b-step_a-2B]" time="0.002787351608276367"><system-out>step a - 1b2BG
</system-out></testcase><testcase classname="pytest_steps.tests.test_pytest_capabilities" file="pytest_steps/tests/test_pytest_capabilities.py" line="81" name="test_manual_pytest_equivalent[G-1b-step_b-2A]" time="0.0031752586364746094"><system-out>step b - 1b2AG
some intermediate result created in step a for test 1b2AG ... augmented
</system-out></testcase><testcase classname="pytest_steps.tests.test_pytest_capabilities" file="pytest_steps/tests/test_pytest_capabilities.py" line="81" name="test_manual_pytest_equivalent[G-1b-step_b-2B]" time="0.0031816959381103516"><system-out>step b - 1b2BG
some intermediate result created in step a for test 1b2BG ... augmented
</system-out></testcase><testcase classname="pytest_steps.tests.test_stackoverflow" file="pytest_steps/steps_py3_api.py" line="38" name="test_steps" time="0.001956939697265625"></testcase><testcase classname="pytest_steps.tests.test_stackoverflow" file="pytest_steps/tests/test_stackoverflow.py" line="29" name="test_suite_with_shared_results[step_first]" time="0.0023870468139648438"></testcase><testcase classname="pytest_steps.tests.test_stackoverflow" file="pytest_steps/tests/test_stackoverflow.py" line="29" name="test_suite_with_shared_results[step_conversion]" time="0.0026094913482666016"></testcase><testcase classname="pytest_steps.tests.test_stackoverflow" file="pytest_steps/tests/test_stackoverflow.py" line="29" name="test_suite_with_shared_results[step_a_works_with_b]" time="0.0023071765899658203"></testcase><testcase classname="pytest_steps.tests.test_stackoverflow2" file="pytest_steps/steps_py3_api.py" line="38" name="test_steps" time="0.002104043960571289"></testcase><testcase classname="pytest_steps.tests.test_stackoverflow2" file="&lt;decorator-gen-3&gt;" line="0" name="test_suite[step_instance_start]" time="0.0024573802947998047"></testcase><testcase classname="pytest_steps.tests.test_stackoverflow2" file="&lt;decorator-gen-3&gt;" line="0" name="test_suite[step_instance_stop]" time="0.0025298595428466797"></testcase><testcase classname="pytest_steps.tests.test_stackoverflow2" file="&lt;decorator-gen-3&gt;" line="0" name="test_suite[step_instance_delete]" time="0.002765655517578125"></testcase><testcase classname="pytest_steps.tests.test_steps_dependencies" file="pytest_steps/steps_py3_api.py" line="38" name="test_steps" time="0.0014972686767578125"></testcase><testcase classname="pytest_steps.tests.test_steps_dependencies" file="&lt;decorator-gen-4&gt;" line="0" name="test_suite_no_results[step_a]" time="0.0024001598358154297"><system-out>step a
</system-out></testcase><testcase classname="pytest_steps.tests.test_steps_dependencies" file="&lt;decorator-gen-4&gt;" line="0" name="test_suite_no_results[step_b]" time="0.002571582794189453"><system-out>step b
</system-out></testcase><testcase classname="pytest_steps.tests.test_steps_dependencies" file="&lt;decorator-gen-4&gt;" line="0" name="test_suite_no_results[step_c]" time="0.00173187255859375"><system-out>step c
</system-out></testcase><testcase classname="pytest_steps.tests.test_steps_no_results" file="pytest_steps/steps_py3_api.py" line="38" name="test_steps" time="0.0014836788177490234"></testcase><testcase classname="pytest_steps.tests.test_steps_no_results" file="pytest_steps/tests/test_steps_no_results.py" line="21" name="test_suite_no_results[step_a]" time="0.0022101402282714844"><system-out>step a
</system-out></testcase><testcase classname="pytest_steps.tests.test_steps_no_results" file="pytest_steps/tests/test_steps_no_results.py" line="21" name="test_suite_no_results[step_b]" time="0.002067089080810547"><system-out>step b
</system-out></testcase><testcase classname="pytest_steps.tests.test_steps_with_results_basic" file="pytest_steps/steps_py3_api.py" line="38" name="test_steps" time="0.0014557838439941406"></testcase><testcase classname="pytest_steps.tests.test_steps_with_results_basic" file="pytest_steps/tests/test_steps_with_results_basic.py" line="34" name="test_suite_with_steps_data[step_a]" time="0.0018024444580078125"><system-out>step a
</system-out></testcase><testcase classname="pytest_steps.tests.test_steps_with_results_basic" file="pytest_steps/tests/test_steps_with_results_basic.py" line="34" name="test_suite_with_steps_data[step_b]" time="0.0024175643920898438"><system-out>step b
some intermediate result created in step a ... augmented
</system-out></testcase><testcase classname="pytest_steps.tests.test_steps_with_results_complex" file="pytest_steps/steps_py3_api.py" line="38" name="test_steps" time="0.0017206668853759766"></testcase><testcase classname="pytest_steps.tests.test_steps_with_results_complex" file="pytest_steps/tests/test_steps_with_results_complex.py" line="46" name="test_suite_with_results[F-1a-step_a-2A]" time="0.0037658214569091797"><system-out>step a - 1a2AF
</system-out></testcase><testcase classname="pytest_steps.tests.test_steps_with_results_complex" file="pytest_steps/tests/test_steps_with_results_complex.py" line="46" name="test_suite_with_results[F-1a-step_a-2B]" time="0.003168821334838867"><system-out>step a - 1a2BF
</system-out></testcase><testcase classname="pytest_steps.tests.test_steps_with_results_complex" file="pytest_steps/tests/test_steps_with_results_complex.py" line="46" name="test_suite_with_results[F-1a-step_b-2A]" time="0.002432107925415039"><system-out>step b - 1a2AF
some intermediate result created in step a for test 1a2AF ... augmented
</system-out></testcase><testcase classname="pytest_steps.tests.test_steps_with_results_complex" file="pytest_steps/tests/test_steps_with_results_complex.py" line="46" name="test_suite_with_results[F-1a-step_b-2B]" time="0.0034253597259521484"><system-out>step b - 1a2BF
some intermediate result created in step a for test 1a2BF ... augmented
</system-out></testcase><testcase classname="pytest_steps.tests.test_steps_with_results_complex" file="pytest_steps/tests/test_steps_with_results_complex.py" line="46" name="test_suite_with_results[F-1b-step_a-2A]" time="0.0035300254821777344"><system-out>step a - 1b2AF
</system-out></testcase><testcase classname="pytest_steps.tests.test_steps_with_results_complex" file="pytest_steps/tests/test_steps_with_results_complex.py" line="46" name="test_suite_with_results[F-1b-step_a-2B]" time="0.003469228744506836"><system-out>step a - 1b2BF
</system-out></testcase><testcase classname="pytest_steps.tests.test_steps_with_results_complex" file="pytest_steps/tests/test_steps_with_results_complex.py" line="46" name="test_suite_with_results[F-1b-step_b-2A]" time="0.002970457077026367"><system-out>step b - 1b2AF
some intermediate result created in step a for test 1b2AF ... augmented
</system-out></testcase><testcase classname="pytest_steps.tests.test_steps_with_results_complex" file="pytest_steps/tests/test_steps_with_results_complex.py" line="46" name="test_suite_with_results[F-1b-step_b-2B]" time="0.003392457962036133"><system-out>step b - 1b2BF
some intermediate result created in step a for test 1b2BF ... augmented
</system-out></testcase><testcase classname="pytest_steps.tests.test_steps_with_results_complex" file="pytest_steps/tests/test_steps_with_results_complex.py" line="46" name="test_suite_with_results[G-1a-step_a-2A]" time="0.0035963058471679688"><system-out>step a - 1a2AG
</system-out></testcase><testcase classname="pytest_steps.tests.test_steps_with_results_complex" file="pytest_steps/tests/test_steps_with_results_complex.py" line="46" name="test_suite_with_results[G-1a-step_a-2B]" time="0.003588438034057617"><system-out>step a - 1a2BG
</system-out></testcase><testcase classname="pytest_steps.tests.test_steps_with_results_complex" file="pytest_steps/tests/test_steps_with_results_complex.py" line="46" name="test_suite_with_results[G-1a-step_b-2A]" time="0.0028808116912841797"><system-out>step b - 1a2AG
some intermediate result created in step a for test 1a2AG ... augmented
</system-out></testcase><testcase classname="pytest_steps.tests.test_steps_with_results_complex" file="pytest_steps/tests/test_steps_with_results_complex.py" line="46" name="test_suite_with_results[G-1a-step_b-2B]" time="0.0030629634857177734"><system-out>step b - 1a2BG
some intermediate result created in step a for test 1a2BG ... augmented
</system-out></testcase><testcase classname="pytest_steps.tests.test_steps_with_results_complex" file="pytest_steps/tests/test_steps_with_results_complex.py" line="46" name="test_suite_with_results[G-1b-step_a-2A]" time="0.0034897327423095703"><system-out>step a - 1b2AG
</system-out></testcase><testcase classname="pytest_steps.tests.test_steps_with_results_complex" file="pytest_steps/tests/test_steps_with_results_complex.py" line="46" name="test_suite_with_results[G-1b-step_a-2B]" time="0.003469705581665039"><system-out>step a - 1b2BG
</system-out></testcase><testcase classname="pytest_steps.tests.test_steps_with_results_complex" file="pytest_steps/tests/test_steps_with_results_complex.py" line="46" name="test_suite_with_results[G-1b-step_b-2A]" time="0.0033495426177978516"><system-out>step b - 1b2AG
some intermediate result created in step a for test 1b2AG ... augmented
</system-out></testcase><testcase classname="pytest_steps.tests.test_steps_with_results_complex" file="pytest_steps/tests/test_steps_with_results_complex.py" line="46" name="test_suite_with_results[G-1b-step_b-2B]" time="0.002443075180053711"><system-out>step b - 1b2BG
some intermediate result created in step a for test 1b2BG ... augmented
</system-out></testcase></testsuite>